[2023-04-23T03:13:53.281+0000] {taskinstance.py:1090} INFO - Dependencies all met for dep_context=non-requeueable deps ti=<TaskInstance: notifier.read scheduled__2023-04-22T00:00:00+00:00 [queued]>
[2023-04-23T03:13:53.291+0000] {taskinstance.py:1090} INFO - Dependencies all met for dep_context=requeueable deps ti=<TaskInstance: notifier.read scheduled__2023-04-22T00:00:00+00:00 [queued]>
[2023-04-23T03:13:53.291+0000] {taskinstance.py:1288} INFO - 
--------------------------------------------------------------------------------
[2023-04-23T03:13:53.292+0000] {taskinstance.py:1289} INFO - Starting attempt 1 of 2
[2023-04-23T03:13:53.292+0000] {taskinstance.py:1290} INFO - 
--------------------------------------------------------------------------------
[2023-04-23T03:13:53.306+0000] {taskinstance.py:1309} INFO - Executing <Task(PythonOperator): read> on 2023-04-22 00:00:00+00:00
[2023-04-23T03:13:53.310+0000] {standard_task_runner.py:55} INFO - Started process 333 to run task
[2023-04-23T03:13:53.313+0000] {standard_task_runner.py:82} INFO - Running: ['***', 'tasks', 'run', 'notifier', 'read', 'scheduled__2023-04-22T00:00:00+00:00', '--job-id', '9', '--raw', '--subdir', 'DAGS_FOLDER/notifierdag.py', '--cfg-path', '/tmp/tmpxklirrxa']
[2023-04-23T03:13:53.314+0000] {standard_task_runner.py:83} INFO - Job 9: Subtask read
[2023-04-23T03:13:53.372+0000] {task_command.py:389} INFO - Running <TaskInstance: notifier.read scheduled__2023-04-22T00:00:00+00:00 [running]> on host aad8bdb3a0ab
[2023-04-23T03:13:53.454+0000] {taskinstance.py:1518} INFO - Exporting the following env vars:
AIRFLOW_CTX_DAG_OWNER=***
AIRFLOW_CTX_DAG_ID=notifier
AIRFLOW_CTX_TASK_ID=read
AIRFLOW_CTX_EXECUTION_DATE=2023-04-22T00:00:00+00:00
AIRFLOW_CTX_TRY_NUMBER=1
AIRFLOW_CTX_DAG_RUN_ID=scheduled__2023-04-22T00:00:00+00:00
[2023-04-23T03:13:53.467+0000] {logging_mixin.py:137} INFO - csv read
[2023-04-23T03:13:53.494+0000] {logging_mixin.py:137} INFO -            name                email       phone ticker        notification
0  Manjil Karki  kmanzil10@gmail.com  9840749198   MSFT                 SMS
1   Ram krishna        ramu@gmai.com    3453454w   MSFT  email_notification
2          Hari        hari@gmai.com    23424231    BUD  email_notification
3         frank   franklin@gmail.com      234232    PEP                 SMS
[2023-04-23T03:13:53.495+0000] {python.py:177} INFO - Done. Returned value was: None
[2023-04-23T03:13:53.508+0000] {taskinstance.py:1332} INFO - Marking task as SUCCESS. dag_id=notifier, task_id=read, execution_date=20230422T000000, start_date=20230423T031353, end_date=20230423T031353
[2023-04-23T03:13:53.524+0000] {local_task_job.py:212} INFO - Task exited with return code 0
[2023-04-23T03:13:53.542+0000] {taskinstance.py:2596} INFO - 0 downstream tasks scheduled from follow-on schedule check
