[2023-04-23T05:52:05.262+0000] {taskinstance.py:1090} INFO - Dependencies all met for dep_context=non-requeueable deps ti=<TaskInstance: notifier_hourly.Check_threshold scheduled__2023-04-22T05:00:00+00:00 [queued]>
[2023-04-23T05:52:05.327+0000] {taskinstance.py:1090} INFO - Dependencies all met for dep_context=requeueable deps ti=<TaskInstance: notifier_hourly.Check_threshold scheduled__2023-04-22T05:00:00+00:00 [queued]>
[2023-04-23T05:52:05.327+0000] {taskinstance.py:1288} INFO - 
--------------------------------------------------------------------------------
[2023-04-23T05:52:05.327+0000] {taskinstance.py:1289} INFO - Starting attempt 1 of 2
[2023-04-23T05:52:05.327+0000] {taskinstance.py:1290} INFO - 
--------------------------------------------------------------------------------
[2023-04-23T05:52:05.394+0000] {taskinstance.py:1309} INFO - Executing <Task(PythonOperator): Check_threshold> on 2023-04-22 05:00:00+00:00
[2023-04-23T05:52:05.417+0000] {standard_task_runner.py:55} INFO - Started process 739 to run task
[2023-04-23T05:52:05.438+0000] {standard_task_runner.py:82} INFO - Running: ['***', 'tasks', 'run', 'notifier_hourly', 'Check_threshold', 'scheduled__2023-04-22T05:00:00+00:00', '--job-id', '35', '--raw', '--subdir', 'DAGS_FOLDER/notifierdag.py', '--cfg-path', '/tmp/tmp_xac8w5k']
[2023-04-23T05:52:05.440+0000] {standard_task_runner.py:83} INFO - Job 35: Subtask Check_threshold
[2023-04-23T05:52:05.838+0000] {task_command.py:389} INFO - Running <TaskInstance: notifier_hourly.Check_threshold scheduled__2023-04-22T05:00:00+00:00 [running]> on host 030724a7a4e3
[2023-04-23T05:52:06.337+0000] {taskinstance.py:1518} INFO - Exporting the following env vars:
AIRFLOW_CTX_DAG_OWNER=***
AIRFLOW_CTX_DAG_ID=notifier_hourly
AIRFLOW_CTX_TASK_ID=Check_threshold
AIRFLOW_CTX_EXECUTION_DATE=2023-04-22T05:00:00+00:00
AIRFLOW_CTX_TRY_NUMBER=1
AIRFLOW_CTX_DAG_RUN_ID=scheduled__2023-04-22T05:00:00+00:00
[2023-04-23T05:52:06.366+0000] {python.py:177} INFO - Done. Returned value was: None
[2023-04-23T05:52:06.457+0000] {taskinstance.py:1332} INFO - Marking task as SUCCESS. dag_id=notifier_hourly, task_id=Check_threshold, execution_date=20230422T050000, start_date=20230423T055205, end_date=20230423T055206
[2023-04-23T05:52:06.604+0000] {local_task_job.py:212} INFO - Task exited with return code 0
[2023-04-23T05:52:06.688+0000] {taskinstance.py:2596} INFO - 0 downstream tasks scheduled from follow-on schedule check
