[2023-04-23T05:52:18.107+0000] {taskinstance.py:1090} INFO - Dependencies all met for dep_context=non-requeueable deps ti=<TaskInstance: notifier_hourly.read_users_info scheduled__2023-04-23T04:00:00+00:00 [queued]>
[2023-04-23T05:52:18.183+0000] {taskinstance.py:1090} INFO - Dependencies all met for dep_context=requeueable deps ti=<TaskInstance: notifier_hourly.read_users_info scheduled__2023-04-23T04:00:00+00:00 [queued]>
[2023-04-23T05:52:18.184+0000] {taskinstance.py:1288} INFO - 
--------------------------------------------------------------------------------
[2023-04-23T05:52:18.198+0000] {taskinstance.py:1289} INFO - Starting attempt 1 of 2
[2023-04-23T05:52:18.199+0000] {taskinstance.py:1290} INFO - 
--------------------------------------------------------------------------------
[2023-04-23T05:52:18.337+0000] {taskinstance.py:1309} INFO - Executing <Task(PythonOperator): read_users_info> on 2023-04-23 04:00:00+00:00
[2023-04-23T05:52:18.357+0000] {standard_task_runner.py:55} INFO - Started process 809 to run task
[2023-04-23T05:52:18.386+0000] {standard_task_runner.py:82} INFO - Running: ['***', 'tasks', 'run', 'notifier_hourly', 'read_users_info', 'scheduled__2023-04-23T04:00:00+00:00', '--job-id', '58', '--raw', '--subdir', 'DAGS_FOLDER/notifierdag.py', '--cfg-path', '/tmp/tmpf252sv3h']
[2023-04-23T05:52:18.394+0000] {standard_task_runner.py:83} INFO - Job 58: Subtask read_users_info
[2023-04-23T05:52:18.732+0000] {task_command.py:389} INFO - Running <TaskInstance: notifier_hourly.read_users_info scheduled__2023-04-23T04:00:00+00:00 [running]> on host 030724a7a4e3
[2023-04-23T05:52:19.107+0000] {taskinstance.py:1518} INFO - Exporting the following env vars:
AIRFLOW_CTX_DAG_OWNER=***
AIRFLOW_CTX_DAG_ID=notifier_hourly
AIRFLOW_CTX_TASK_ID=read_users_info
AIRFLOW_CTX_EXECUTION_DATE=2023-04-23T04:00:00+00:00
AIRFLOW_CTX_TRY_NUMBER=1
AIRFLOW_CTX_DAG_RUN_ID=scheduled__2023-04-23T04:00:00+00:00
[2023-04-23T05:52:19.124+0000] {python.py:177} INFO - Done. Returned value was: None
[2023-04-23T05:52:19.160+0000] {taskinstance.py:1332} INFO - Marking task as SUCCESS. dag_id=notifier_hourly, task_id=read_users_info, execution_date=20230423T040000, start_date=20230423T055218, end_date=20230423T055219
[2023-04-23T05:52:19.264+0000] {local_task_job.py:212} INFO - Task exited with return code 0
[2023-04-23T05:52:19.335+0000] {taskinstance.py:2596} INFO - 1 downstream tasks scheduled from follow-on schedule check
