[2023-04-23T00:39:37.601+0000] {processor.py:153} INFO - Started process (PID=67) to work on /home/airflow/.local/lib/python3.7/site-packages/airflow/example_dags/example_short_circuit_decorator.py
[2023-04-23T00:39:37.601+0000] {processor.py:743} INFO - Processing file /home/airflow/.local/lib/python3.7/site-packages/airflow/example_dags/example_short_circuit_decorator.py for tasks to queue
[2023-04-23T00:39:37.602+0000] {logging_mixin.py:137} INFO - [2023-04-23T00:39:37.602+0000] {dagbag.py:532} INFO - Filling up the DagBag from /home/airflow/.local/lib/python3.7/site-packages/airflow/example_dags/example_short_circuit_decorator.py
[2023-04-23T00:39:37.630+0000] {processor.py:753} INFO - DAG(s) dict_keys(['example_short_circuit_decorator']) retrieved from /home/airflow/.local/lib/python3.7/site-packages/airflow/example_dags/example_short_circuit_decorator.py
[2023-04-23T00:39:37.757+0000] {logging_mixin.py:137} INFO - [2023-04-23T00:39:37.757+0000] {manager.py:504} INFO - Created Permission View: can edit on DAG:example_short_circuit_decorator
[2023-04-23T00:39:37.767+0000] {logging_mixin.py:137} INFO - [2023-04-23T00:39:37.767+0000] {manager.py:504} INFO - Created Permission View: can read on DAG:example_short_circuit_decorator
[2023-04-23T00:39:37.775+0000] {logging_mixin.py:137} INFO - [2023-04-23T00:39:37.775+0000] {manager.py:504} INFO - Created Permission View: can delete on DAG:example_short_circuit_decorator
[2023-04-23T00:39:37.775+0000] {logging_mixin.py:137} INFO - [2023-04-23T00:39:37.775+0000] {dag.py:2705} INFO - Sync 1 DAGs
[2023-04-23T00:39:37.789+0000] {logging_mixin.py:137} INFO - [2023-04-23T00:39:37.789+0000] {dag.py:2726} INFO - Creating ORM DAG for example_short_circuit_decorator
[2023-04-23T00:39:37.803+0000] {logging_mixin.py:137} INFO - [2023-04-23T00:39:37.802+0000] {dag.py:3456} INFO - Setting next_dagrun for example_short_circuit_decorator to 2023-04-22T00:39:37.802759+00:00, run_after=2023-04-23T00:39:37.802759+00:00
[2023-04-23T00:39:37.822+0000] {processor.py:175} INFO - Processing /home/airflow/.local/lib/python3.7/site-packages/airflow/example_dags/example_short_circuit_decorator.py took 0.225 seconds
[2023-04-23T00:40:08.686+0000] {processor.py:153} INFO - Started process (PID=117) to work on /home/airflow/.local/lib/python3.7/site-packages/airflow/example_dags/example_short_circuit_decorator.py
[2023-04-23T00:40:08.691+0000] {processor.py:743} INFO - Processing file /home/airflow/.local/lib/python3.7/site-packages/airflow/example_dags/example_short_circuit_decorator.py for tasks to queue
[2023-04-23T00:40:08.692+0000] {logging_mixin.py:137} INFO - [2023-04-23T00:40:08.692+0000] {dagbag.py:532} INFO - Filling up the DagBag from /home/airflow/.local/lib/python3.7/site-packages/airflow/example_dags/example_short_circuit_decorator.py
[2023-04-23T00:40:08.727+0000] {processor.py:753} INFO - DAG(s) dict_keys(['example_short_circuit_decorator']) retrieved from /home/airflow/.local/lib/python3.7/site-packages/airflow/example_dags/example_short_circuit_decorator.py
[2023-04-23T00:40:08.779+0000] {logging_mixin.py:137} INFO - [2023-04-23T00:40:08.779+0000] {dag.py:2705} INFO - Sync 1 DAGs
[2023-04-23T00:40:08.824+0000] {logging_mixin.py:137} INFO - [2023-04-23T00:40:08.824+0000] {dag.py:3456} INFO - Setting next_dagrun for example_short_circuit_decorator to 2023-04-22T00:40:08.823698+00:00, run_after=2023-04-23T00:40:08.823698+00:00
[2023-04-23T00:40:08.856+0000] {processor.py:175} INFO - Processing /home/airflow/.local/lib/python3.7/site-packages/airflow/example_dags/example_short_circuit_decorator.py took 0.178 seconds
[2023-04-23T00:40:39.328+0000] {processor.py:153} INFO - Started process (PID=167) to work on /home/airflow/.local/lib/python3.7/site-packages/airflow/example_dags/example_short_circuit_decorator.py
[2023-04-23T00:40:39.329+0000] {processor.py:743} INFO - Processing file /home/airflow/.local/lib/python3.7/site-packages/airflow/example_dags/example_short_circuit_decorator.py for tasks to queue
[2023-04-23T00:40:39.331+0000] {logging_mixin.py:137} INFO - [2023-04-23T00:40:39.330+0000] {dagbag.py:532} INFO - Filling up the DagBag from /home/airflow/.local/lib/python3.7/site-packages/airflow/example_dags/example_short_circuit_decorator.py
[2023-04-23T00:40:39.378+0000] {processor.py:753} INFO - DAG(s) dict_keys(['example_short_circuit_decorator']) retrieved from /home/airflow/.local/lib/python3.7/site-packages/airflow/example_dags/example_short_circuit_decorator.py
[2023-04-23T00:40:39.405+0000] {logging_mixin.py:137} INFO - [2023-04-23T00:40:39.405+0000] {dag.py:2705} INFO - Sync 1 DAGs
[2023-04-23T00:40:39.437+0000] {logging_mixin.py:137} INFO - [2023-04-23T00:40:39.437+0000] {dag.py:3456} INFO - Setting next_dagrun for example_short_circuit_decorator to 2023-04-22T00:40:39.437386+00:00, run_after=2023-04-23T00:40:39.437386+00:00
[2023-04-23T00:40:39.458+0000] {processor.py:175} INFO - Processing /home/airflow/.local/lib/python3.7/site-packages/airflow/example_dags/example_short_circuit_decorator.py took 0.135 seconds
[2023-04-23T00:41:10.164+0000] {processor.py:153} INFO - Started process (PID=223) to work on /home/airflow/.local/lib/python3.7/site-packages/airflow/example_dags/example_short_circuit_decorator.py
[2023-04-23T00:41:10.168+0000] {processor.py:743} INFO - Processing file /home/airflow/.local/lib/python3.7/site-packages/airflow/example_dags/example_short_circuit_decorator.py for tasks to queue
[2023-04-23T00:41:10.169+0000] {logging_mixin.py:137} INFO - [2023-04-23T00:41:10.169+0000] {dagbag.py:532} INFO - Filling up the DagBag from /home/airflow/.local/lib/python3.7/site-packages/airflow/example_dags/example_short_circuit_decorator.py
[2023-04-23T00:41:10.213+0000] {processor.py:753} INFO - DAG(s) dict_keys(['example_short_circuit_decorator']) retrieved from /home/airflow/.local/lib/python3.7/site-packages/airflow/example_dags/example_short_circuit_decorator.py
[2023-04-23T00:41:10.268+0000] {logging_mixin.py:137} INFO - [2023-04-23T00:41:10.267+0000] {dag.py:2705} INFO - Sync 1 DAGs
[2023-04-23T00:41:10.316+0000] {logging_mixin.py:137} INFO - [2023-04-23T00:41:10.316+0000] {dag.py:3456} INFO - Setting next_dagrun for example_short_circuit_decorator to 2023-04-22T00:41:10.315773+00:00, run_after=2023-04-23T00:41:10.315773+00:00
[2023-04-23T00:41:10.346+0000] {processor.py:175} INFO - Processing /home/airflow/.local/lib/python3.7/site-packages/airflow/example_dags/example_short_circuit_decorator.py took 0.187 seconds
[2023-04-23T00:41:40.723+0000] {processor.py:153} INFO - Started process (PID=275) to work on /home/airflow/.local/lib/python3.7/site-packages/airflow/example_dags/example_short_circuit_decorator.py
[2023-04-23T00:41:40.724+0000] {processor.py:743} INFO - Processing file /home/airflow/.local/lib/python3.7/site-packages/airflow/example_dags/example_short_circuit_decorator.py for tasks to queue
[2023-04-23T00:41:40.735+0000] {logging_mixin.py:137} INFO - [2023-04-23T00:41:40.725+0000] {dagbag.py:532} INFO - Filling up the DagBag from /home/airflow/.local/lib/python3.7/site-packages/airflow/example_dags/example_short_circuit_decorator.py
[2023-04-23T00:41:40.777+0000] {processor.py:753} INFO - DAG(s) dict_keys(['example_short_circuit_decorator']) retrieved from /home/airflow/.local/lib/python3.7/site-packages/airflow/example_dags/example_short_circuit_decorator.py
[2023-04-23T00:41:40.819+0000] {logging_mixin.py:137} INFO - [2023-04-23T00:41:40.819+0000] {dag.py:2705} INFO - Sync 1 DAGs
[2023-04-23T00:41:40.874+0000] {logging_mixin.py:137} INFO - [2023-04-23T00:41:40.874+0000] {dag.py:3456} INFO - Setting next_dagrun for example_short_circuit_decorator to 2023-04-22T00:41:40.873871+00:00, run_after=2023-04-23T00:41:40.873871+00:00
[2023-04-23T00:41:40.905+0000] {processor.py:175} INFO - Processing /home/airflow/.local/lib/python3.7/site-packages/airflow/example_dags/example_short_circuit_decorator.py took 0.188 seconds
[2023-04-23T00:42:11.740+0000] {processor.py:153} INFO - Started process (PID=324) to work on /home/airflow/.local/lib/python3.7/site-packages/airflow/example_dags/example_short_circuit_decorator.py
[2023-04-23T00:42:11.803+0000] {processor.py:743} INFO - Processing file /home/airflow/.local/lib/python3.7/site-packages/airflow/example_dags/example_short_circuit_decorator.py for tasks to queue
[2023-04-23T00:42:11.804+0000] {logging_mixin.py:137} INFO - [2023-04-23T00:42:11.804+0000] {dagbag.py:532} INFO - Filling up the DagBag from /home/airflow/.local/lib/python3.7/site-packages/airflow/example_dags/example_short_circuit_decorator.py
[2023-04-23T00:42:11.874+0000] {processor.py:753} INFO - DAG(s) dict_keys(['example_short_circuit_decorator']) retrieved from /home/airflow/.local/lib/python3.7/site-packages/airflow/example_dags/example_short_circuit_decorator.py
[2023-04-23T00:42:11.927+0000] {logging_mixin.py:137} INFO - [2023-04-23T00:42:11.926+0000] {dag.py:2705} INFO - Sync 1 DAGs
[2023-04-23T00:42:11.957+0000] {logging_mixin.py:137} INFO - [2023-04-23T00:42:11.957+0000] {dag.py:3456} INFO - Setting next_dagrun for example_short_circuit_decorator to 2023-04-22T00:42:11.957050+00:00, run_after=2023-04-23T00:42:11.957050+00:00
[2023-04-23T00:42:11.979+0000] {processor.py:175} INFO - Processing /home/airflow/.local/lib/python3.7/site-packages/airflow/example_dags/example_short_circuit_decorator.py took 0.253 seconds
[2023-04-23T00:42:42.390+0000] {processor.py:153} INFO - Started process (PID=375) to work on /home/airflow/.local/lib/python3.7/site-packages/airflow/example_dags/example_short_circuit_decorator.py
[2023-04-23T00:42:42.427+0000] {processor.py:743} INFO - Processing file /home/airflow/.local/lib/python3.7/site-packages/airflow/example_dags/example_short_circuit_decorator.py for tasks to queue
[2023-04-23T00:42:42.428+0000] {logging_mixin.py:137} INFO - [2023-04-23T00:42:42.428+0000] {dagbag.py:532} INFO - Filling up the DagBag from /home/airflow/.local/lib/python3.7/site-packages/airflow/example_dags/example_short_circuit_decorator.py
[2023-04-23T00:42:42.456+0000] {processor.py:753} INFO - DAG(s) dict_keys(['example_short_circuit_decorator']) retrieved from /home/airflow/.local/lib/python3.7/site-packages/airflow/example_dags/example_short_circuit_decorator.py
[2023-04-23T00:42:42.495+0000] {logging_mixin.py:137} INFO - [2023-04-23T00:42:42.495+0000] {dag.py:2705} INFO - Sync 1 DAGs
[2023-04-23T00:42:42.522+0000] {logging_mixin.py:137} INFO - [2023-04-23T00:42:42.521+0000] {dag.py:3456} INFO - Setting next_dagrun for example_short_circuit_decorator to 2023-04-22T00:42:42.521644+00:00, run_after=2023-04-23T00:42:42.521644+00:00
[2023-04-23T00:42:42.543+0000] {processor.py:175} INFO - Processing /home/airflow/.local/lib/python3.7/site-packages/airflow/example_dags/example_short_circuit_decorator.py took 0.161 seconds
[2023-04-23T00:43:13.216+0000] {processor.py:153} INFO - Started process (PID=425) to work on /home/airflow/.local/lib/python3.7/site-packages/airflow/example_dags/example_short_circuit_decorator.py
[2023-04-23T00:43:13.217+0000] {processor.py:743} INFO - Processing file /home/airflow/.local/lib/python3.7/site-packages/airflow/example_dags/example_short_circuit_decorator.py for tasks to queue
[2023-04-23T00:43:13.218+0000] {logging_mixin.py:137} INFO - [2023-04-23T00:43:13.218+0000] {dagbag.py:532} INFO - Filling up the DagBag from /home/airflow/.local/lib/python3.7/site-packages/airflow/example_dags/example_short_circuit_decorator.py
[2023-04-23T00:43:13.255+0000] {processor.py:753} INFO - DAG(s) dict_keys(['example_short_circuit_decorator']) retrieved from /home/airflow/.local/lib/python3.7/site-packages/airflow/example_dags/example_short_circuit_decorator.py
[2023-04-23T00:43:13.304+0000] {logging_mixin.py:137} INFO - [2023-04-23T00:43:13.304+0000] {dag.py:2705} INFO - Sync 1 DAGs
[2023-04-23T00:43:13.355+0000] {logging_mixin.py:137} INFO - [2023-04-23T00:43:13.355+0000] {dag.py:3456} INFO - Setting next_dagrun for example_short_circuit_decorator to 2023-04-22T00:43:13.355118+00:00, run_after=2023-04-23T00:43:13.355118+00:00
[2023-04-23T00:43:13.399+0000] {processor.py:175} INFO - Processing /home/airflow/.local/lib/python3.7/site-packages/airflow/example_dags/example_short_circuit_decorator.py took 0.186 seconds
[2023-04-23T00:43:43.899+0000] {processor.py:153} INFO - Started process (PID=475) to work on /home/airflow/.local/lib/python3.7/site-packages/airflow/example_dags/example_short_circuit_decorator.py
[2023-04-23T00:43:43.912+0000] {processor.py:743} INFO - Processing file /home/airflow/.local/lib/python3.7/site-packages/airflow/example_dags/example_short_circuit_decorator.py for tasks to queue
[2023-04-23T00:43:43.913+0000] {logging_mixin.py:137} INFO - [2023-04-23T00:43:43.913+0000] {dagbag.py:532} INFO - Filling up the DagBag from /home/airflow/.local/lib/python3.7/site-packages/airflow/example_dags/example_short_circuit_decorator.py
[2023-04-23T00:43:43.947+0000] {processor.py:753} INFO - DAG(s) dict_keys(['example_short_circuit_decorator']) retrieved from /home/airflow/.local/lib/python3.7/site-packages/airflow/example_dags/example_short_circuit_decorator.py
[2023-04-23T00:43:44.000+0000] {logging_mixin.py:137} INFO - [2023-04-23T00:43:43.999+0000] {dag.py:2705} INFO - Sync 1 DAGs
[2023-04-23T00:43:44.056+0000] {logging_mixin.py:137} INFO - [2023-04-23T00:43:44.055+0000] {dag.py:3456} INFO - Setting next_dagrun for example_short_circuit_decorator to 2023-04-22T00:43:44.055721+00:00, run_after=2023-04-23T00:43:44.055721+00:00
[2023-04-23T00:43:44.082+0000] {processor.py:175} INFO - Processing /home/airflow/.local/lib/python3.7/site-packages/airflow/example_dags/example_short_circuit_decorator.py took 0.199 seconds
[2023-04-23T00:44:14.927+0000] {processor.py:153} INFO - Started process (PID=525) to work on /home/airflow/.local/lib/python3.7/site-packages/airflow/example_dags/example_short_circuit_decorator.py
[2023-04-23T00:44:14.961+0000] {processor.py:743} INFO - Processing file /home/airflow/.local/lib/python3.7/site-packages/airflow/example_dags/example_short_circuit_decorator.py for tasks to queue
[2023-04-23T00:44:14.962+0000] {logging_mixin.py:137} INFO - [2023-04-23T00:44:14.962+0000] {dagbag.py:532} INFO - Filling up the DagBag from /home/airflow/.local/lib/python3.7/site-packages/airflow/example_dags/example_short_circuit_decorator.py
[2023-04-23T00:44:15.007+0000] {processor.py:753} INFO - DAG(s) dict_keys(['example_short_circuit_decorator']) retrieved from /home/airflow/.local/lib/python3.7/site-packages/airflow/example_dags/example_short_circuit_decorator.py
[2023-04-23T00:44:15.055+0000] {logging_mixin.py:137} INFO - [2023-04-23T00:44:15.055+0000] {dag.py:2705} INFO - Sync 1 DAGs
[2023-04-23T00:44:15.102+0000] {logging_mixin.py:137} INFO - [2023-04-23T00:44:15.102+0000] {dag.py:3456} INFO - Setting next_dagrun for example_short_circuit_decorator to 2023-04-22T00:44:15.102335+00:00, run_after=2023-04-23T00:44:15.102335+00:00
[2023-04-23T00:44:15.143+0000] {processor.py:175} INFO - Processing /home/airflow/.local/lib/python3.7/site-packages/airflow/example_dags/example_short_circuit_decorator.py took 0.223 seconds
[2023-04-23T00:44:46.123+0000] {processor.py:153} INFO - Started process (PID=576) to work on /home/airflow/.local/lib/python3.7/site-packages/airflow/example_dags/example_short_circuit_decorator.py
[2023-04-23T00:44:46.126+0000] {processor.py:743} INFO - Processing file /home/airflow/.local/lib/python3.7/site-packages/airflow/example_dags/example_short_circuit_decorator.py for tasks to queue
[2023-04-23T00:44:46.127+0000] {logging_mixin.py:137} INFO - [2023-04-23T00:44:46.126+0000] {dagbag.py:532} INFO - Filling up the DagBag from /home/airflow/.local/lib/python3.7/site-packages/airflow/example_dags/example_short_circuit_decorator.py
[2023-04-23T00:44:46.166+0000] {processor.py:753} INFO - DAG(s) dict_keys(['example_short_circuit_decorator']) retrieved from /home/airflow/.local/lib/python3.7/site-packages/airflow/example_dags/example_short_circuit_decorator.py
[2023-04-23T00:44:46.194+0000] {logging_mixin.py:137} INFO - [2023-04-23T00:44:46.194+0000] {dag.py:2705} INFO - Sync 1 DAGs
[2023-04-23T00:44:46.222+0000] {logging_mixin.py:137} INFO - [2023-04-23T00:44:46.222+0000] {dag.py:3456} INFO - Setting next_dagrun for example_short_circuit_decorator to 2023-04-22T00:44:46.222055+00:00, run_after=2023-04-23T00:44:46.222055+00:00
[2023-04-23T00:44:46.244+0000] {processor.py:175} INFO - Processing /home/airflow/.local/lib/python3.7/site-packages/airflow/example_dags/example_short_circuit_decorator.py took 0.126 seconds
[2023-04-23T00:45:17.079+0000] {processor.py:153} INFO - Started process (PID=627) to work on /home/airflow/.local/lib/python3.7/site-packages/airflow/example_dags/example_short_circuit_decorator.py
[2023-04-23T00:45:17.081+0000] {processor.py:743} INFO - Processing file /home/airflow/.local/lib/python3.7/site-packages/airflow/example_dags/example_short_circuit_decorator.py for tasks to queue
[2023-04-23T00:45:17.082+0000] {logging_mixin.py:137} INFO - [2023-04-23T00:45:17.082+0000] {dagbag.py:532} INFO - Filling up the DagBag from /home/airflow/.local/lib/python3.7/site-packages/airflow/example_dags/example_short_circuit_decorator.py
[2023-04-23T00:45:17.115+0000] {processor.py:753} INFO - DAG(s) dict_keys(['example_short_circuit_decorator']) retrieved from /home/airflow/.local/lib/python3.7/site-packages/airflow/example_dags/example_short_circuit_decorator.py
[2023-04-23T00:45:17.144+0000] {logging_mixin.py:137} INFO - [2023-04-23T00:45:17.144+0000] {dag.py:2705} INFO - Sync 1 DAGs
[2023-04-23T00:45:17.171+0000] {logging_mixin.py:137} INFO - [2023-04-23T00:45:17.171+0000] {dag.py:3456} INFO - Setting next_dagrun for example_short_circuit_decorator to 2023-04-22T00:45:17.170999+00:00, run_after=2023-04-23T00:45:17.170999+00:00
[2023-04-23T00:45:17.192+0000] {processor.py:175} INFO - Processing /home/airflow/.local/lib/python3.7/site-packages/airflow/example_dags/example_short_circuit_decorator.py took 0.123 seconds
[2023-04-23T00:45:47.877+0000] {processor.py:153} INFO - Started process (PID=678) to work on /home/airflow/.local/lib/python3.7/site-packages/airflow/example_dags/example_short_circuit_decorator.py
[2023-04-23T00:45:48.237+0000] {processor.py:743} INFO - Processing file /home/airflow/.local/lib/python3.7/site-packages/airflow/example_dags/example_short_circuit_decorator.py for tasks to queue
[2023-04-23T00:45:48.238+0000] {logging_mixin.py:137} INFO - [2023-04-23T00:45:48.237+0000] {dagbag.py:532} INFO - Filling up the DagBag from /home/airflow/.local/lib/python3.7/site-packages/airflow/example_dags/example_short_circuit_decorator.py
[2023-04-23T00:45:48.296+0000] {processor.py:753} INFO - DAG(s) dict_keys(['example_short_circuit_decorator']) retrieved from /home/airflow/.local/lib/python3.7/site-packages/airflow/example_dags/example_short_circuit_decorator.py
[2023-04-23T00:45:48.368+0000] {logging_mixin.py:137} INFO - [2023-04-23T00:45:48.368+0000] {dag.py:2705} INFO - Sync 1 DAGs
[2023-04-23T00:45:48.414+0000] {logging_mixin.py:137} INFO - [2023-04-23T00:45:48.414+0000] {dag.py:3456} INFO - Setting next_dagrun for example_short_circuit_decorator to 2023-04-22T00:45:48.414023+00:00, run_after=2023-04-23T00:45:48.414023+00:00
[2023-04-23T00:45:48.447+0000] {processor.py:175} INFO - Processing /home/airflow/.local/lib/python3.7/site-packages/airflow/example_dags/example_short_circuit_decorator.py took 0.583 seconds
[2023-04-23T00:46:18.744+0000] {processor.py:153} INFO - Started process (PID=729) to work on /home/airflow/.local/lib/python3.7/site-packages/airflow/example_dags/example_short_circuit_decorator.py
[2023-04-23T00:46:18.773+0000] {processor.py:743} INFO - Processing file /home/airflow/.local/lib/python3.7/site-packages/airflow/example_dags/example_short_circuit_decorator.py for tasks to queue
[2023-04-23T00:46:18.827+0000] {logging_mixin.py:137} INFO - [2023-04-23T00:46:18.827+0000] {dagbag.py:532} INFO - Filling up the DagBag from /home/airflow/.local/lib/python3.7/site-packages/airflow/example_dags/example_short_circuit_decorator.py
[2023-04-23T00:46:18.947+0000] {processor.py:753} INFO - DAG(s) dict_keys(['example_short_circuit_decorator']) retrieved from /home/airflow/.local/lib/python3.7/site-packages/airflow/example_dags/example_short_circuit_decorator.py
[2023-04-23T00:46:19.079+0000] {logging_mixin.py:137} INFO - [2023-04-23T00:46:19.079+0000] {dag.py:2705} INFO - Sync 1 DAGs
[2023-04-23T00:46:19.162+0000] {logging_mixin.py:137} INFO - [2023-04-23T00:46:19.162+0000] {dag.py:3456} INFO - Setting next_dagrun for example_short_circuit_decorator to 2023-04-22T00:46:19.161722+00:00, run_after=2023-04-23T00:46:19.161722+00:00
[2023-04-23T00:46:19.238+0000] {processor.py:175} INFO - Processing /home/airflow/.local/lib/python3.7/site-packages/airflow/example_dags/example_short_circuit_decorator.py took 0.499 seconds
