[2023-04-23T00:39:31.003+0000] {processor.py:153} INFO - Started process (PID=38) to work on /home/airflow/.local/lib/python3.7/site-packages/airflow/example_dags/example_short_circuit_operator.py
[2023-04-23T00:39:31.003+0000] {processor.py:743} INFO - Processing file /home/airflow/.local/lib/python3.7/site-packages/airflow/example_dags/example_short_circuit_operator.py for tasks to queue
[2023-04-23T00:39:31.004+0000] {logging_mixin.py:137} INFO - [2023-04-23T00:39:31.004+0000] {dagbag.py:532} INFO - Filling up the DagBag from /home/airflow/.local/lib/python3.7/site-packages/airflow/example_dags/example_short_circuit_operator.py
[2023-04-23T00:39:31.045+0000] {processor.py:753} INFO - DAG(s) dict_keys(['example_short_circuit_operator']) retrieved from /home/airflow/.local/lib/python3.7/site-packages/airflow/example_dags/example_short_circuit_operator.py
[2023-04-23T00:39:31.281+0000] {logging_mixin.py:137} INFO - [2023-04-23T00:39:31.280+0000] {manager.py:504} INFO - Created Permission View: can edit on DAG:example_short_circuit_operator
[2023-04-23T00:39:31.301+0000] {logging_mixin.py:137} INFO - [2023-04-23T00:39:31.301+0000] {manager.py:504} INFO - Created Permission View: can read on DAG:example_short_circuit_operator
[2023-04-23T00:39:31.313+0000] {logging_mixin.py:137} INFO - [2023-04-23T00:39:31.313+0000] {manager.py:504} INFO - Created Permission View: can delete on DAG:example_short_circuit_operator
[2023-04-23T00:39:31.313+0000] {logging_mixin.py:137} INFO - [2023-04-23T00:39:31.313+0000] {dag.py:2705} INFO - Sync 1 DAGs
[2023-04-23T00:39:31.342+0000] {logging_mixin.py:137} INFO - [2023-04-23T00:39:31.342+0000] {dag.py:2726} INFO - Creating ORM DAG for example_short_circuit_operator
[2023-04-23T00:39:31.360+0000] {logging_mixin.py:137} INFO - [2023-04-23T00:39:31.360+0000] {dag.py:3456} INFO - Setting next_dagrun for example_short_circuit_operator to 2023-04-22T00:39:31.360036+00:00, run_after=2023-04-23T00:39:31.360036+00:00
[2023-04-23T00:39:31.403+0000] {processor.py:175} INFO - Processing /home/airflow/.local/lib/python3.7/site-packages/airflow/example_dags/example_short_circuit_operator.py took 0.407 seconds
[2023-04-23T00:40:02.303+0000] {processor.py:153} INFO - Started process (PID=88) to work on /home/airflow/.local/lib/python3.7/site-packages/airflow/example_dags/example_short_circuit_operator.py
[2023-04-23T00:40:02.304+0000] {processor.py:743} INFO - Processing file /home/airflow/.local/lib/python3.7/site-packages/airflow/example_dags/example_short_circuit_operator.py for tasks to queue
[2023-04-23T00:40:02.304+0000] {logging_mixin.py:137} INFO - [2023-04-23T00:40:02.304+0000] {dagbag.py:532} INFO - Filling up the DagBag from /home/airflow/.local/lib/python3.7/site-packages/airflow/example_dags/example_short_circuit_operator.py
[2023-04-23T00:40:02.323+0000] {processor.py:753} INFO - DAG(s) dict_keys(['example_short_circuit_operator']) retrieved from /home/airflow/.local/lib/python3.7/site-packages/airflow/example_dags/example_short_circuit_operator.py
[2023-04-23T00:40:02.362+0000] {logging_mixin.py:137} INFO - [2023-04-23T00:40:02.361+0000] {dag.py:2705} INFO - Sync 1 DAGs
[2023-04-23T00:40:02.401+0000] {logging_mixin.py:137} INFO - [2023-04-23T00:40:02.401+0000] {dag.py:3456} INFO - Setting next_dagrun for example_short_circuit_operator to 2023-04-22T00:40:02.400737+00:00, run_after=2023-04-23T00:40:02.400737+00:00
[2023-04-23T00:40:02.426+0000] {processor.py:175} INFO - Processing /home/airflow/.local/lib/python3.7/site-packages/airflow/example_dags/example_short_circuit_operator.py took 0.127 seconds
[2023-04-23T00:40:32.785+0000] {processor.py:153} INFO - Started process (PID=138) to work on /home/airflow/.local/lib/python3.7/site-packages/airflow/example_dags/example_short_circuit_operator.py
[2023-04-23T00:40:32.859+0000] {processor.py:743} INFO - Processing file /home/airflow/.local/lib/python3.7/site-packages/airflow/example_dags/example_short_circuit_operator.py for tasks to queue
[2023-04-23T00:40:32.860+0000] {logging_mixin.py:137} INFO - [2023-04-23T00:40:32.859+0000] {dagbag.py:532} INFO - Filling up the DagBag from /home/airflow/.local/lib/python3.7/site-packages/airflow/example_dags/example_short_circuit_operator.py
[2023-04-23T00:40:32.895+0000] {processor.py:753} INFO - DAG(s) dict_keys(['example_short_circuit_operator']) retrieved from /home/airflow/.local/lib/python3.7/site-packages/airflow/example_dags/example_short_circuit_operator.py
[2023-04-23T00:40:32.955+0000] {logging_mixin.py:137} INFO - [2023-04-23T00:40:32.955+0000] {dag.py:2705} INFO - Sync 1 DAGs
[2023-04-23T00:40:33.047+0000] {logging_mixin.py:137} INFO - [2023-04-23T00:40:33.047+0000] {dag.py:3456} INFO - Setting next_dagrun for example_short_circuit_operator to 2023-04-22T00:40:33.046532+00:00, run_after=2023-04-23T00:40:33.046532+00:00
[2023-04-23T00:40:33.117+0000] {processor.py:175} INFO - Processing /home/airflow/.local/lib/python3.7/site-packages/airflow/example_dags/example_short_circuit_operator.py took 0.338 seconds
[2023-04-23T00:41:03.407+0000] {processor.py:153} INFO - Started process (PID=188) to work on /home/airflow/.local/lib/python3.7/site-packages/airflow/example_dags/example_short_circuit_operator.py
[2023-04-23T00:41:03.408+0000] {processor.py:743} INFO - Processing file /home/airflow/.local/lib/python3.7/site-packages/airflow/example_dags/example_short_circuit_operator.py for tasks to queue
[2023-04-23T00:41:03.410+0000] {logging_mixin.py:137} INFO - [2023-04-23T00:41:03.410+0000] {dagbag.py:532} INFO - Filling up the DagBag from /home/airflow/.local/lib/python3.7/site-packages/airflow/example_dags/example_short_circuit_operator.py
[2023-04-23T00:41:03.441+0000] {processor.py:753} INFO - DAG(s) dict_keys(['example_short_circuit_operator']) retrieved from /home/airflow/.local/lib/python3.7/site-packages/airflow/example_dags/example_short_circuit_operator.py
[2023-04-23T00:41:03.487+0000] {logging_mixin.py:137} INFO - [2023-04-23T00:41:03.487+0000] {dag.py:2705} INFO - Sync 1 DAGs
[2023-04-23T00:41:03.530+0000] {logging_mixin.py:137} INFO - [2023-04-23T00:41:03.529+0000] {dag.py:3456} INFO - Setting next_dagrun for example_short_circuit_operator to 2023-04-22T00:41:03.529523+00:00, run_after=2023-04-23T00:41:03.529523+00:00
[2023-04-23T00:41:03.567+0000] {processor.py:175} INFO - Processing /home/airflow/.local/lib/python3.7/site-packages/airflow/example_dags/example_short_circuit_operator.py took 0.171 seconds
[2023-04-23T00:41:33.938+0000] {processor.py:153} INFO - Started process (PID=238) to work on /home/airflow/.local/lib/python3.7/site-packages/airflow/example_dags/example_short_circuit_operator.py
[2023-04-23T00:41:33.992+0000] {processor.py:743} INFO - Processing file /home/airflow/.local/lib/python3.7/site-packages/airflow/example_dags/example_short_circuit_operator.py for tasks to queue
[2023-04-23T00:41:33.993+0000] {logging_mixin.py:137} INFO - [2023-04-23T00:41:33.992+0000] {dagbag.py:532} INFO - Filling up the DagBag from /home/airflow/.local/lib/python3.7/site-packages/airflow/example_dags/example_short_circuit_operator.py
[2023-04-23T00:41:34.040+0000] {processor.py:753} INFO - DAG(s) dict_keys(['example_short_circuit_operator']) retrieved from /home/airflow/.local/lib/python3.7/site-packages/airflow/example_dags/example_short_circuit_operator.py
[2023-04-23T00:41:34.094+0000] {logging_mixin.py:137} INFO - [2023-04-23T00:41:34.093+0000] {dag.py:2705} INFO - Sync 1 DAGs
[2023-04-23T00:41:34.143+0000] {logging_mixin.py:137} INFO - [2023-04-23T00:41:34.143+0000] {dag.py:3456} INFO - Setting next_dagrun for example_short_circuit_operator to 2023-04-22T00:41:34.143504+00:00, run_after=2023-04-23T00:41:34.143504+00:00
[2023-04-23T00:41:34.181+0000] {processor.py:175} INFO - Processing /home/airflow/.local/lib/python3.7/site-packages/airflow/example_dags/example_short_circuit_operator.py took 0.249 seconds
[2023-04-23T00:42:04.603+0000] {processor.py:153} INFO - Started process (PID=289) to work on /home/airflow/.local/lib/python3.7/site-packages/airflow/example_dags/example_short_circuit_operator.py
[2023-04-23T00:42:04.605+0000] {processor.py:743} INFO - Processing file /home/airflow/.local/lib/python3.7/site-packages/airflow/example_dags/example_short_circuit_operator.py for tasks to queue
[2023-04-23T00:42:04.607+0000] {logging_mixin.py:137} INFO - [2023-04-23T00:42:04.606+0000] {dagbag.py:532} INFO - Filling up the DagBag from /home/airflow/.local/lib/python3.7/site-packages/airflow/example_dags/example_short_circuit_operator.py
[2023-04-23T00:42:04.640+0000] {processor.py:753} INFO - DAG(s) dict_keys(['example_short_circuit_operator']) retrieved from /home/airflow/.local/lib/python3.7/site-packages/airflow/example_dags/example_short_circuit_operator.py
[2023-04-23T00:42:04.675+0000] {logging_mixin.py:137} INFO - [2023-04-23T00:42:04.674+0000] {dag.py:2705} INFO - Sync 1 DAGs
[2023-04-23T00:42:04.723+0000] {logging_mixin.py:137} INFO - [2023-04-23T00:42:04.723+0000] {dag.py:3456} INFO - Setting next_dagrun for example_short_circuit_operator to 2023-04-22T00:42:04.722758+00:00, run_after=2023-04-23T00:42:04.722758+00:00
[2023-04-23T00:42:04.751+0000] {processor.py:175} INFO - Processing /home/airflow/.local/lib/python3.7/site-packages/airflow/example_dags/example_short_circuit_operator.py took 0.163 seconds
[2023-04-23T00:42:35.178+0000] {processor.py:153} INFO - Started process (PID=338) to work on /home/airflow/.local/lib/python3.7/site-packages/airflow/example_dags/example_short_circuit_operator.py
[2023-04-23T00:42:35.205+0000] {processor.py:743} INFO - Processing file /home/airflow/.local/lib/python3.7/site-packages/airflow/example_dags/example_short_circuit_operator.py for tasks to queue
[2023-04-23T00:42:35.206+0000] {logging_mixin.py:137} INFO - [2023-04-23T00:42:35.206+0000] {dagbag.py:532} INFO - Filling up the DagBag from /home/airflow/.local/lib/python3.7/site-packages/airflow/example_dags/example_short_circuit_operator.py
[2023-04-23T00:42:35.228+0000] {processor.py:753} INFO - DAG(s) dict_keys(['example_short_circuit_operator']) retrieved from /home/airflow/.local/lib/python3.7/site-packages/airflow/example_dags/example_short_circuit_operator.py
[2023-04-23T00:42:35.269+0000] {logging_mixin.py:137} INFO - [2023-04-23T00:42:35.268+0000] {dag.py:2705} INFO - Sync 1 DAGs
[2023-04-23T00:42:35.307+0000] {logging_mixin.py:137} INFO - [2023-04-23T00:42:35.307+0000] {dag.py:3456} INFO - Setting next_dagrun for example_short_circuit_operator to 2023-04-22T00:42:35.306815+00:00, run_after=2023-04-23T00:42:35.306815+00:00
[2023-04-23T00:42:35.333+0000] {processor.py:175} INFO - Processing /home/airflow/.local/lib/python3.7/site-packages/airflow/example_dags/example_short_circuit_operator.py took 0.169 seconds
[2023-04-23T00:43:05.377+0000] {processor.py:153} INFO - Started process (PID=389) to work on /home/airflow/.local/lib/python3.7/site-packages/airflow/example_dags/example_short_circuit_operator.py
[2023-04-23T00:43:05.378+0000] {processor.py:743} INFO - Processing file /home/airflow/.local/lib/python3.7/site-packages/airflow/example_dags/example_short_circuit_operator.py for tasks to queue
[2023-04-23T00:43:05.379+0000] {logging_mixin.py:137} INFO - [2023-04-23T00:43:05.379+0000] {dagbag.py:532} INFO - Filling up the DagBag from /home/airflow/.local/lib/python3.7/site-packages/airflow/example_dags/example_short_circuit_operator.py
[2023-04-23T00:43:05.407+0000] {processor.py:753} INFO - DAG(s) dict_keys(['example_short_circuit_operator']) retrieved from /home/airflow/.local/lib/python3.7/site-packages/airflow/example_dags/example_short_circuit_operator.py
[2023-04-23T00:43:05.455+0000] {logging_mixin.py:137} INFO - [2023-04-23T00:43:05.455+0000] {dag.py:2705} INFO - Sync 1 DAGs
[2023-04-23T00:43:05.506+0000] {logging_mixin.py:137} INFO - [2023-04-23T00:43:05.506+0000] {dag.py:3456} INFO - Setting next_dagrun for example_short_circuit_operator to 2023-04-22T00:43:05.505674+00:00, run_after=2023-04-23T00:43:05.505674+00:00
[2023-04-23T00:43:05.546+0000] {processor.py:175} INFO - Processing /home/airflow/.local/lib/python3.7/site-packages/airflow/example_dags/example_short_circuit_operator.py took 0.175 seconds
[2023-04-23T00:43:36.168+0000] {processor.py:153} INFO - Started process (PID=439) to work on /home/airflow/.local/lib/python3.7/site-packages/airflow/example_dags/example_short_circuit_operator.py
[2023-04-23T00:43:36.170+0000] {processor.py:743} INFO - Processing file /home/airflow/.local/lib/python3.7/site-packages/airflow/example_dags/example_short_circuit_operator.py for tasks to queue
[2023-04-23T00:43:36.171+0000] {logging_mixin.py:137} INFO - [2023-04-23T00:43:36.171+0000] {dagbag.py:532} INFO - Filling up the DagBag from /home/airflow/.local/lib/python3.7/site-packages/airflow/example_dags/example_short_circuit_operator.py
[2023-04-23T00:43:36.200+0000] {processor.py:753} INFO - DAG(s) dict_keys(['example_short_circuit_operator']) retrieved from /home/airflow/.local/lib/python3.7/site-packages/airflow/example_dags/example_short_circuit_operator.py
[2023-04-23T00:43:36.252+0000] {logging_mixin.py:137} INFO - [2023-04-23T00:43:36.251+0000] {dag.py:2705} INFO - Sync 1 DAGs
[2023-04-23T00:43:36.286+0000] {logging_mixin.py:137} INFO - [2023-04-23T00:43:36.286+0000] {dag.py:3456} INFO - Setting next_dagrun for example_short_circuit_operator to 2023-04-22T00:43:36.286429+00:00, run_after=2023-04-23T00:43:36.286429+00:00
[2023-04-23T00:43:36.318+0000] {processor.py:175} INFO - Processing /home/airflow/.local/lib/python3.7/site-packages/airflow/example_dags/example_short_circuit_operator.py took 0.155 seconds
[2023-04-23T00:44:06.688+0000] {processor.py:153} INFO - Started process (PID=489) to work on /home/airflow/.local/lib/python3.7/site-packages/airflow/example_dags/example_short_circuit_operator.py
[2023-04-23T00:44:06.719+0000] {processor.py:743} INFO - Processing file /home/airflow/.local/lib/python3.7/site-packages/airflow/example_dags/example_short_circuit_operator.py for tasks to queue
[2023-04-23T00:44:06.720+0000] {logging_mixin.py:137} INFO - [2023-04-23T00:44:06.720+0000] {dagbag.py:532} INFO - Filling up the DagBag from /home/airflow/.local/lib/python3.7/site-packages/airflow/example_dags/example_short_circuit_operator.py
[2023-04-23T00:44:06.745+0000] {processor.py:753} INFO - DAG(s) dict_keys(['example_short_circuit_operator']) retrieved from /home/airflow/.local/lib/python3.7/site-packages/airflow/example_dags/example_short_circuit_operator.py
[2023-04-23T00:44:06.785+0000] {logging_mixin.py:137} INFO - [2023-04-23T00:44:06.784+0000] {dag.py:2705} INFO - Sync 1 DAGs
[2023-04-23T00:44:06.828+0000] {logging_mixin.py:137} INFO - [2023-04-23T00:44:06.828+0000] {dag.py:3456} INFO - Setting next_dagrun for example_short_circuit_operator to 2023-04-22T00:44:06.827926+00:00, run_after=2023-04-23T00:44:06.827926+00:00
[2023-04-23T00:44:06.857+0000] {processor.py:175} INFO - Processing /home/airflow/.local/lib/python3.7/site-packages/airflow/example_dags/example_short_circuit_operator.py took 0.172 seconds
[2023-04-23T00:44:37.246+0000] {processor.py:153} INFO - Started process (PID=540) to work on /home/airflow/.local/lib/python3.7/site-packages/airflow/example_dags/example_short_circuit_operator.py
[2023-04-23T00:44:37.247+0000] {processor.py:743} INFO - Processing file /home/airflow/.local/lib/python3.7/site-packages/airflow/example_dags/example_short_circuit_operator.py for tasks to queue
[2023-04-23T00:44:37.248+0000] {logging_mixin.py:137} INFO - [2023-04-23T00:44:37.248+0000] {dagbag.py:532} INFO - Filling up the DagBag from /home/airflow/.local/lib/python3.7/site-packages/airflow/example_dags/example_short_circuit_operator.py
[2023-04-23T00:44:37.265+0000] {processor.py:753} INFO - DAG(s) dict_keys(['example_short_circuit_operator']) retrieved from /home/airflow/.local/lib/python3.7/site-packages/airflow/example_dags/example_short_circuit_operator.py
[2023-04-23T00:44:37.299+0000] {logging_mixin.py:137} INFO - [2023-04-23T00:44:37.299+0000] {dag.py:2705} INFO - Sync 1 DAGs
[2023-04-23T00:44:37.330+0000] {logging_mixin.py:137} INFO - [2023-04-23T00:44:37.330+0000] {dag.py:3456} INFO - Setting next_dagrun for example_short_circuit_operator to 2023-04-22T00:44:37.330351+00:00, run_after=2023-04-23T00:44:37.330351+00:00
[2023-04-23T00:44:37.351+0000] {processor.py:175} INFO - Processing /home/airflow/.local/lib/python3.7/site-packages/airflow/example_dags/example_short_circuit_operator.py took 0.109 seconds
[2023-04-23T00:45:07.584+0000] {processor.py:153} INFO - Started process (PID=591) to work on /home/airflow/.local/lib/python3.7/site-packages/airflow/example_dags/example_short_circuit_operator.py
[2023-04-23T00:45:07.608+0000] {processor.py:743} INFO - Processing file /home/airflow/.local/lib/python3.7/site-packages/airflow/example_dags/example_short_circuit_operator.py for tasks to queue
[2023-04-23T00:45:07.611+0000] {logging_mixin.py:137} INFO - [2023-04-23T00:45:07.610+0000] {dagbag.py:532} INFO - Filling up the DagBag from /home/airflow/.local/lib/python3.7/site-packages/airflow/example_dags/example_short_circuit_operator.py
[2023-04-23T00:45:07.642+0000] {processor.py:753} INFO - DAG(s) dict_keys(['example_short_circuit_operator']) retrieved from /home/airflow/.local/lib/python3.7/site-packages/airflow/example_dags/example_short_circuit_operator.py
[2023-04-23T00:45:07.670+0000] {logging_mixin.py:137} INFO - [2023-04-23T00:45:07.670+0000] {dag.py:2705} INFO - Sync 1 DAGs
[2023-04-23T00:45:07.697+0000] {logging_mixin.py:137} INFO - [2023-04-23T00:45:07.696+0000] {dag.py:3456} INFO - Setting next_dagrun for example_short_circuit_operator to 2023-04-22T00:45:07.696711+00:00, run_after=2023-04-23T00:45:07.696711+00:00
[2023-04-23T00:45:07.717+0000] {processor.py:175} INFO - Processing /home/airflow/.local/lib/python3.7/site-packages/airflow/example_dags/example_short_circuit_operator.py took 0.139 seconds
[2023-04-23T00:45:38.099+0000] {processor.py:153} INFO - Started process (PID=642) to work on /home/airflow/.local/lib/python3.7/site-packages/airflow/example_dags/example_short_circuit_operator.py
[2023-04-23T00:45:38.100+0000] {processor.py:743} INFO - Processing file /home/airflow/.local/lib/python3.7/site-packages/airflow/example_dags/example_short_circuit_operator.py for tasks to queue
[2023-04-23T00:45:38.101+0000] {logging_mixin.py:137} INFO - [2023-04-23T00:45:38.101+0000] {dagbag.py:532} INFO - Filling up the DagBag from /home/airflow/.local/lib/python3.7/site-packages/airflow/example_dags/example_short_circuit_operator.py
[2023-04-23T00:45:38.160+0000] {processor.py:753} INFO - DAG(s) dict_keys(['example_short_circuit_operator']) retrieved from /home/airflow/.local/lib/python3.7/site-packages/airflow/example_dags/example_short_circuit_operator.py
[2023-04-23T00:45:38.219+0000] {logging_mixin.py:137} INFO - [2023-04-23T00:45:38.219+0000] {dag.py:2705} INFO - Sync 1 DAGs
[2023-04-23T00:45:38.275+0000] {logging_mixin.py:137} INFO - [2023-04-23T00:45:38.275+0000] {dag.py:3456} INFO - Setting next_dagrun for example_short_circuit_operator to 2023-04-22T00:45:38.275396+00:00, run_after=2023-04-23T00:45:38.275396+00:00
[2023-04-23T00:45:38.318+0000] {processor.py:175} INFO - Processing /home/airflow/.local/lib/python3.7/site-packages/airflow/example_dags/example_short_circuit_operator.py took 0.227 seconds
[2023-04-23T00:46:08.563+0000] {processor.py:153} INFO - Started process (PID=693) to work on /home/airflow/.local/lib/python3.7/site-packages/airflow/example_dags/example_short_circuit_operator.py
[2023-04-23T00:46:08.612+0000] {processor.py:743} INFO - Processing file /home/airflow/.local/lib/python3.7/site-packages/airflow/example_dags/example_short_circuit_operator.py for tasks to queue
[2023-04-23T00:46:08.613+0000] {logging_mixin.py:137} INFO - [2023-04-23T00:46:08.613+0000] {dagbag.py:532} INFO - Filling up the DagBag from /home/airflow/.local/lib/python3.7/site-packages/airflow/example_dags/example_short_circuit_operator.py
[2023-04-23T00:46:08.634+0000] {processor.py:753} INFO - DAG(s) dict_keys(['example_short_circuit_operator']) retrieved from /home/airflow/.local/lib/python3.7/site-packages/airflow/example_dags/example_short_circuit_operator.py
[2023-04-23T00:46:08.672+0000] {logging_mixin.py:137} INFO - [2023-04-23T00:46:08.672+0000] {dag.py:2705} INFO - Sync 1 DAGs
[2023-04-23T00:46:08.713+0000] {logging_mixin.py:137} INFO - [2023-04-23T00:46:08.712+0000] {dag.py:3456} INFO - Setting next_dagrun for example_short_circuit_operator to 2023-04-22T00:46:08.712420+00:00, run_after=2023-04-23T00:46:08.712420+00:00
[2023-04-23T00:46:08.743+0000] {processor.py:175} INFO - Processing /home/airflow/.local/lib/python3.7/site-packages/airflow/example_dags/example_short_circuit_operator.py took 0.188 seconds
