[2023-04-23T00:39:31.436+0000] {processor.py:153} INFO - Started process (PID=40) to work on /home/airflow/.local/lib/python3.7/site-packages/airflow/example_dags/example_latest_only_with_trigger.py
[2023-04-23T00:39:31.437+0000] {processor.py:743} INFO - Processing file /home/airflow/.local/lib/python3.7/site-packages/airflow/example_dags/example_latest_only_with_trigger.py for tasks to queue
[2023-04-23T00:39:31.438+0000] {logging_mixin.py:137} INFO - [2023-04-23T00:39:31.437+0000] {dagbag.py:532} INFO - Filling up the DagBag from /home/airflow/.local/lib/python3.7/site-packages/airflow/example_dags/example_latest_only_with_trigger.py
[2023-04-23T00:39:31.473+0000] {processor.py:753} INFO - DAG(s) dict_keys(['latest_only_with_trigger']) retrieved from /home/airflow/.local/lib/python3.7/site-packages/airflow/example_dags/example_latest_only_with_trigger.py
[2023-04-23T00:39:31.729+0000] {logging_mixin.py:137} INFO - [2023-04-23T00:39:31.729+0000] {manager.py:504} INFO - Created Permission View: can edit on DAG:latest_only_with_trigger
[2023-04-23T00:39:31.757+0000] {logging_mixin.py:137} INFO - [2023-04-23T00:39:31.756+0000] {manager.py:504} INFO - Created Permission View: can read on DAG:latest_only_with_trigger
[2023-04-23T00:39:31.772+0000] {logging_mixin.py:137} INFO - [2023-04-23T00:39:31.772+0000] {manager.py:504} INFO - Created Permission View: can delete on DAG:latest_only_with_trigger
[2023-04-23T00:39:31.773+0000] {logging_mixin.py:137} INFO - [2023-04-23T00:39:31.772+0000] {dag.py:2705} INFO - Sync 1 DAGs
[2023-04-23T00:39:31.796+0000] {logging_mixin.py:137} INFO - [2023-04-23T00:39:31.796+0000] {dag.py:2726} INFO - Creating ORM DAG for latest_only_with_trigger
[2023-04-23T00:39:31.820+0000] {logging_mixin.py:137} INFO - [2023-04-23T00:39:31.820+0000] {dag.py:3456} INFO - Setting next_dagrun for latest_only_with_trigger to 2023-04-22T20:39:31.819731+00:00, run_after=2023-04-23T00:39:31.819731+00:00
[2023-04-23T00:39:31.866+0000] {processor.py:175} INFO - Processing /home/airflow/.local/lib/python3.7/site-packages/airflow/example_dags/example_latest_only_with_trigger.py took 0.437 seconds
[2023-04-23T00:40:02.448+0000] {processor.py:153} INFO - Started process (PID=90) to work on /home/airflow/.local/lib/python3.7/site-packages/airflow/example_dags/example_latest_only_with_trigger.py
[2023-04-23T00:40:02.448+0000] {processor.py:743} INFO - Processing file /home/airflow/.local/lib/python3.7/site-packages/airflow/example_dags/example_latest_only_with_trigger.py for tasks to queue
[2023-04-23T00:40:02.449+0000] {logging_mixin.py:137} INFO - [2023-04-23T00:40:02.449+0000] {dagbag.py:532} INFO - Filling up the DagBag from /home/airflow/.local/lib/python3.7/site-packages/airflow/example_dags/example_latest_only_with_trigger.py
[2023-04-23T00:40:02.463+0000] {processor.py:753} INFO - DAG(s) dict_keys(['latest_only_with_trigger']) retrieved from /home/airflow/.local/lib/python3.7/site-packages/airflow/example_dags/example_latest_only_with_trigger.py
[2023-04-23T00:40:02.498+0000] {logging_mixin.py:137} INFO - [2023-04-23T00:40:02.498+0000] {dag.py:2705} INFO - Sync 1 DAGs
[2023-04-23T00:40:02.534+0000] {logging_mixin.py:137} INFO - [2023-04-23T00:40:02.534+0000] {dag.py:3456} INFO - Setting next_dagrun for latest_only_with_trigger to 2023-04-22T20:40:02.534117+00:00, run_after=2023-04-23T00:40:02.534117+00:00
[2023-04-23T00:40:02.556+0000] {processor.py:175} INFO - Processing /home/airflow/.local/lib/python3.7/site-packages/airflow/example_dags/example_latest_only_with_trigger.py took 0.111 seconds
[2023-04-23T00:40:33.388+0000] {processor.py:153} INFO - Started process (PID=140) to work on /home/airflow/.local/lib/python3.7/site-packages/airflow/example_dags/example_latest_only_with_trigger.py
[2023-04-23T00:40:33.419+0000] {processor.py:743} INFO - Processing file /home/airflow/.local/lib/python3.7/site-packages/airflow/example_dags/example_latest_only_with_trigger.py for tasks to queue
[2023-04-23T00:40:33.420+0000] {logging_mixin.py:137} INFO - [2023-04-23T00:40:33.420+0000] {dagbag.py:532} INFO - Filling up the DagBag from /home/airflow/.local/lib/python3.7/site-packages/airflow/example_dags/example_latest_only_with_trigger.py
[2023-04-23T00:40:33.452+0000] {processor.py:753} INFO - DAG(s) dict_keys(['latest_only_with_trigger']) retrieved from /home/airflow/.local/lib/python3.7/site-packages/airflow/example_dags/example_latest_only_with_trigger.py
[2023-04-23T00:40:33.495+0000] {logging_mixin.py:137} INFO - [2023-04-23T00:40:33.495+0000] {dag.py:2705} INFO - Sync 1 DAGs
[2023-04-23T00:40:33.538+0000] {logging_mixin.py:137} INFO - [2023-04-23T00:40:33.538+0000] {dag.py:3456} INFO - Setting next_dagrun for latest_only_with_trigger to 2023-04-22T20:40:33.538488+00:00, run_after=2023-04-23T00:40:33.538488+00:00
[2023-04-23T00:40:33.571+0000] {processor.py:175} INFO - Processing /home/airflow/.local/lib/python3.7/site-packages/airflow/example_dags/example_latest_only_with_trigger.py took 0.187 seconds
[2023-04-23T00:41:03.750+0000] {processor.py:153} INFO - Started process (PID=191) to work on /home/airflow/.local/lib/python3.7/site-packages/airflow/example_dags/example_latest_only_with_trigger.py
[2023-04-23T00:41:03.750+0000] {processor.py:743} INFO - Processing file /home/airflow/.local/lib/python3.7/site-packages/airflow/example_dags/example_latest_only_with_trigger.py for tasks to queue
[2023-04-23T00:41:03.751+0000] {logging_mixin.py:137} INFO - [2023-04-23T00:41:03.751+0000] {dagbag.py:532} INFO - Filling up the DagBag from /home/airflow/.local/lib/python3.7/site-packages/airflow/example_dags/example_latest_only_with_trigger.py
[2023-04-23T00:41:03.766+0000] {processor.py:753} INFO - DAG(s) dict_keys(['latest_only_with_trigger']) retrieved from /home/airflow/.local/lib/python3.7/site-packages/airflow/example_dags/example_latest_only_with_trigger.py
[2023-04-23T00:41:03.795+0000] {logging_mixin.py:137} INFO - [2023-04-23T00:41:03.795+0000] {dag.py:2705} INFO - Sync 1 DAGs
[2023-04-23T00:41:03.822+0000] {logging_mixin.py:137} INFO - [2023-04-23T00:41:03.822+0000] {dag.py:3456} INFO - Setting next_dagrun for latest_only_with_trigger to 2023-04-22T20:41:03.822327+00:00, run_after=2023-04-23T00:41:03.822327+00:00
[2023-04-23T00:41:03.841+0000] {processor.py:175} INFO - Processing /home/airflow/.local/lib/python3.7/site-packages/airflow/example_dags/example_latest_only_with_trigger.py took 0.094 seconds
[2023-04-23T00:41:34.212+0000] {processor.py:153} INFO - Started process (PID=240) to work on /home/airflow/.local/lib/python3.7/site-packages/airflow/example_dags/example_latest_only_with_trigger.py
[2023-04-23T00:41:34.225+0000] {processor.py:743} INFO - Processing file /home/airflow/.local/lib/python3.7/site-packages/airflow/example_dags/example_latest_only_with_trigger.py for tasks to queue
[2023-04-23T00:41:34.226+0000] {logging_mixin.py:137} INFO - [2023-04-23T00:41:34.226+0000] {dagbag.py:532} INFO - Filling up the DagBag from /home/airflow/.local/lib/python3.7/site-packages/airflow/example_dags/example_latest_only_with_trigger.py
[2023-04-23T00:41:34.253+0000] {processor.py:753} INFO - DAG(s) dict_keys(['latest_only_with_trigger']) retrieved from /home/airflow/.local/lib/python3.7/site-packages/airflow/example_dags/example_latest_only_with_trigger.py
[2023-04-23T00:41:34.319+0000] {logging_mixin.py:137} INFO - [2023-04-23T00:41:34.319+0000] {dag.py:2705} INFO - Sync 1 DAGs
[2023-04-23T00:41:34.363+0000] {logging_mixin.py:137} INFO - [2023-04-23T00:41:34.363+0000] {dag.py:3456} INFO - Setting next_dagrun for latest_only_with_trigger to 2023-04-22T20:41:34.362673+00:00, run_after=2023-04-23T00:41:34.362673+00:00
[2023-04-23T00:41:34.404+0000] {processor.py:175} INFO - Processing /home/airflow/.local/lib/python3.7/site-packages/airflow/example_dags/example_latest_only_with_trigger.py took 0.198 seconds
[2023-04-23T00:42:04.773+0000] {processor.py:153} INFO - Started process (PID=291) to work on /home/airflow/.local/lib/python3.7/site-packages/airflow/example_dags/example_latest_only_with_trigger.py
[2023-04-23T00:42:04.774+0000] {processor.py:743} INFO - Processing file /home/airflow/.local/lib/python3.7/site-packages/airflow/example_dags/example_latest_only_with_trigger.py for tasks to queue
[2023-04-23T00:42:04.774+0000] {logging_mixin.py:137} INFO - [2023-04-23T00:42:04.774+0000] {dagbag.py:532} INFO - Filling up the DagBag from /home/airflow/.local/lib/python3.7/site-packages/airflow/example_dags/example_latest_only_with_trigger.py
[2023-04-23T00:42:04.791+0000] {processor.py:753} INFO - DAG(s) dict_keys(['latest_only_with_trigger']) retrieved from /home/airflow/.local/lib/python3.7/site-packages/airflow/example_dags/example_latest_only_with_trigger.py
[2023-04-23T00:42:04.820+0000] {logging_mixin.py:137} INFO - [2023-04-23T00:42:04.820+0000] {dag.py:2705} INFO - Sync 1 DAGs
[2023-04-23T00:42:04.854+0000] {logging_mixin.py:137} INFO - [2023-04-23T00:42:04.854+0000] {dag.py:3456} INFO - Setting next_dagrun for latest_only_with_trigger to 2023-04-22T20:42:04.853964+00:00, run_after=2023-04-23T00:42:04.853964+00:00
[2023-04-23T00:42:04.881+0000] {processor.py:175} INFO - Processing /home/airflow/.local/lib/python3.7/site-packages/airflow/example_dags/example_latest_only_with_trigger.py took 0.112 seconds
[2023-04-23T00:42:35.356+0000] {processor.py:153} INFO - Started process (PID=340) to work on /home/airflow/.local/lib/python3.7/site-packages/airflow/example_dags/example_latest_only_with_trigger.py
[2023-04-23T00:42:35.376+0000] {processor.py:743} INFO - Processing file /home/airflow/.local/lib/python3.7/site-packages/airflow/example_dags/example_latest_only_with_trigger.py for tasks to queue
[2023-04-23T00:42:35.377+0000] {logging_mixin.py:137} INFO - [2023-04-23T00:42:35.377+0000] {dagbag.py:532} INFO - Filling up the DagBag from /home/airflow/.local/lib/python3.7/site-packages/airflow/example_dags/example_latest_only_with_trigger.py
[2023-04-23T00:42:35.391+0000] {processor.py:753} INFO - DAG(s) dict_keys(['latest_only_with_trigger']) retrieved from /home/airflow/.local/lib/python3.7/site-packages/airflow/example_dags/example_latest_only_with_trigger.py
[2023-04-23T00:42:35.430+0000] {logging_mixin.py:137} INFO - [2023-04-23T00:42:35.429+0000] {dag.py:2705} INFO - Sync 1 DAGs
[2023-04-23T00:42:35.466+0000] {logging_mixin.py:137} INFO - [2023-04-23T00:42:35.465+0000] {dag.py:3456} INFO - Setting next_dagrun for latest_only_with_trigger to 2023-04-22T20:42:35.465631+00:00, run_after=2023-04-23T00:42:35.465631+00:00
[2023-04-23T00:42:35.492+0000] {processor.py:175} INFO - Processing /home/airflow/.local/lib/python3.7/site-packages/airflow/example_dags/example_latest_only_with_trigger.py took 0.138 seconds
[2023-04-23T00:43:05.745+0000] {processor.py:153} INFO - Started process (PID=391) to work on /home/airflow/.local/lib/python3.7/site-packages/airflow/example_dags/example_latest_only_with_trigger.py
[2023-04-23T00:43:05.746+0000] {processor.py:743} INFO - Processing file /home/airflow/.local/lib/python3.7/site-packages/airflow/example_dags/example_latest_only_with_trigger.py for tasks to queue
[2023-04-23T00:43:05.747+0000] {logging_mixin.py:137} INFO - [2023-04-23T00:43:05.747+0000] {dagbag.py:532} INFO - Filling up the DagBag from /home/airflow/.local/lib/python3.7/site-packages/airflow/example_dags/example_latest_only_with_trigger.py
[2023-04-23T00:43:05.765+0000] {processor.py:753} INFO - DAG(s) dict_keys(['latest_only_with_trigger']) retrieved from /home/airflow/.local/lib/python3.7/site-packages/airflow/example_dags/example_latest_only_with_trigger.py
[2023-04-23T00:43:05.806+0000] {logging_mixin.py:137} INFO - [2023-04-23T00:43:05.805+0000] {dag.py:2705} INFO - Sync 1 DAGs
[2023-04-23T00:43:05.851+0000] {logging_mixin.py:137} INFO - [2023-04-23T00:43:05.851+0000] {dag.py:3456} INFO - Setting next_dagrun for latest_only_with_trigger to 2023-04-22T20:43:05.851123+00:00, run_after=2023-04-23T00:43:05.851123+00:00
[2023-04-23T00:43:05.883+0000] {processor.py:175} INFO - Processing /home/airflow/.local/lib/python3.7/site-packages/airflow/example_dags/example_latest_only_with_trigger.py took 0.142 seconds
[2023-04-23T00:43:36.401+0000] {processor.py:153} INFO - Started process (PID=441) to work on /home/airflow/.local/lib/python3.7/site-packages/airflow/example_dags/example_latest_only_with_trigger.py
[2023-04-23T00:43:36.403+0000] {processor.py:743} INFO - Processing file /home/airflow/.local/lib/python3.7/site-packages/airflow/example_dags/example_latest_only_with_trigger.py for tasks to queue
[2023-04-23T00:43:36.405+0000] {logging_mixin.py:137} INFO - [2023-04-23T00:43:36.404+0000] {dagbag.py:532} INFO - Filling up the DagBag from /home/airflow/.local/lib/python3.7/site-packages/airflow/example_dags/example_latest_only_with_trigger.py
[2023-04-23T00:43:36.424+0000] {processor.py:753} INFO - DAG(s) dict_keys(['latest_only_with_trigger']) retrieved from /home/airflow/.local/lib/python3.7/site-packages/airflow/example_dags/example_latest_only_with_trigger.py
[2023-04-23T00:43:36.466+0000] {logging_mixin.py:137} INFO - [2023-04-23T00:43:36.465+0000] {dag.py:2705} INFO - Sync 1 DAGs
[2023-04-23T00:43:36.515+0000] {logging_mixin.py:137} INFO - [2023-04-23T00:43:36.515+0000] {dag.py:3456} INFO - Setting next_dagrun for latest_only_with_trigger to 2023-04-22T20:43:36.515517+00:00, run_after=2023-04-23T00:43:36.515517+00:00
[2023-04-23T00:43:36.545+0000] {processor.py:175} INFO - Processing /home/airflow/.local/lib/python3.7/site-packages/airflow/example_dags/example_latest_only_with_trigger.py took 0.148 seconds
[2023-04-23T00:44:06.882+0000] {processor.py:153} INFO - Started process (PID=491) to work on /home/airflow/.local/lib/python3.7/site-packages/airflow/example_dags/example_latest_only_with_trigger.py
[2023-04-23T00:44:06.886+0000] {processor.py:743} INFO - Processing file /home/airflow/.local/lib/python3.7/site-packages/airflow/example_dags/example_latest_only_with_trigger.py for tasks to queue
[2023-04-23T00:44:06.887+0000] {logging_mixin.py:137} INFO - [2023-04-23T00:44:06.886+0000] {dagbag.py:532} INFO - Filling up the DagBag from /home/airflow/.local/lib/python3.7/site-packages/airflow/example_dags/example_latest_only_with_trigger.py
[2023-04-23T00:44:06.907+0000] {processor.py:753} INFO - DAG(s) dict_keys(['latest_only_with_trigger']) retrieved from /home/airflow/.local/lib/python3.7/site-packages/airflow/example_dags/example_latest_only_with_trigger.py
[2023-04-23T00:44:06.945+0000] {logging_mixin.py:137} INFO - [2023-04-23T00:44:06.945+0000] {dag.py:2705} INFO - Sync 1 DAGs
[2023-04-23T00:44:06.998+0000] {logging_mixin.py:137} INFO - [2023-04-23T00:44:06.998+0000] {dag.py:3456} INFO - Setting next_dagrun for latest_only_with_trigger to 2023-04-22T20:44:06.997870+00:00, run_after=2023-04-23T00:44:06.997870+00:00
[2023-04-23T00:44:07.036+0000] {processor.py:175} INFO - Processing /home/airflow/.local/lib/python3.7/site-packages/airflow/example_dags/example_latest_only_with_trigger.py took 0.159 seconds
[2023-04-23T00:44:37.375+0000] {processor.py:153} INFO - Started process (PID=542) to work on /home/airflow/.local/lib/python3.7/site-packages/airflow/example_dags/example_latest_only_with_trigger.py
[2023-04-23T00:44:37.376+0000] {processor.py:743} INFO - Processing file /home/airflow/.local/lib/python3.7/site-packages/airflow/example_dags/example_latest_only_with_trigger.py for tasks to queue
[2023-04-23T00:44:37.377+0000] {logging_mixin.py:137} INFO - [2023-04-23T00:44:37.377+0000] {dagbag.py:532} INFO - Filling up the DagBag from /home/airflow/.local/lib/python3.7/site-packages/airflow/example_dags/example_latest_only_with_trigger.py
[2023-04-23T00:44:37.396+0000] {processor.py:753} INFO - DAG(s) dict_keys(['latest_only_with_trigger']) retrieved from /home/airflow/.local/lib/python3.7/site-packages/airflow/example_dags/example_latest_only_with_trigger.py
[2023-04-23T00:44:37.424+0000] {logging_mixin.py:137} INFO - [2023-04-23T00:44:37.424+0000] {dag.py:2705} INFO - Sync 1 DAGs
[2023-04-23T00:44:37.451+0000] {logging_mixin.py:137} INFO - [2023-04-23T00:44:37.451+0000] {dag.py:3456} INFO - Setting next_dagrun for latest_only_with_trigger to 2023-04-22T20:44:37.451071+00:00, run_after=2023-04-23T00:44:37.451071+00:00
[2023-04-23T00:44:37.471+0000] {processor.py:175} INFO - Processing /home/airflow/.local/lib/python3.7/site-packages/airflow/example_dags/example_latest_only_with_trigger.py took 0.100 seconds
[2023-04-23T00:45:07.857+0000] {processor.py:153} INFO - Started process (PID=593) to work on /home/airflow/.local/lib/python3.7/site-packages/airflow/example_dags/example_latest_only_with_trigger.py
[2023-04-23T00:45:07.857+0000] {processor.py:743} INFO - Processing file /home/airflow/.local/lib/python3.7/site-packages/airflow/example_dags/example_latest_only_with_trigger.py for tasks to queue
[2023-04-23T00:45:07.858+0000] {logging_mixin.py:137} INFO - [2023-04-23T00:45:07.858+0000] {dagbag.py:532} INFO - Filling up the DagBag from /home/airflow/.local/lib/python3.7/site-packages/airflow/example_dags/example_latest_only_with_trigger.py
[2023-04-23T00:45:07.871+0000] {processor.py:753} INFO - DAG(s) dict_keys(['latest_only_with_trigger']) retrieved from /home/airflow/.local/lib/python3.7/site-packages/airflow/example_dags/example_latest_only_with_trigger.py
[2023-04-23T00:45:07.895+0000] {logging_mixin.py:137} INFO - [2023-04-23T00:45:07.895+0000] {dag.py:2705} INFO - Sync 1 DAGs
[2023-04-23T00:45:07.921+0000] {logging_mixin.py:137} INFO - [2023-04-23T00:45:07.921+0000] {dag.py:3456} INFO - Setting next_dagrun for latest_only_with_trigger to 2023-04-22T20:45:07.921133+00:00, run_after=2023-04-23T00:45:07.921133+00:00
[2023-04-23T00:45:07.940+0000] {processor.py:175} INFO - Processing /home/airflow/.local/lib/python3.7/site-packages/airflow/example_dags/example_latest_only_with_trigger.py took 0.086 seconds
[2023-04-23T00:45:38.345+0000] {processor.py:153} INFO - Started process (PID=644) to work on /home/airflow/.local/lib/python3.7/site-packages/airflow/example_dags/example_latest_only_with_trigger.py
[2023-04-23T00:45:38.350+0000] {processor.py:743} INFO - Processing file /home/airflow/.local/lib/python3.7/site-packages/airflow/example_dags/example_latest_only_with_trigger.py for tasks to queue
[2023-04-23T00:45:38.351+0000] {logging_mixin.py:137} INFO - [2023-04-23T00:45:38.351+0000] {dagbag.py:532} INFO - Filling up the DagBag from /home/airflow/.local/lib/python3.7/site-packages/airflow/example_dags/example_latest_only_with_trigger.py
[2023-04-23T00:45:38.372+0000] {processor.py:753} INFO - DAG(s) dict_keys(['latest_only_with_trigger']) retrieved from /home/airflow/.local/lib/python3.7/site-packages/airflow/example_dags/example_latest_only_with_trigger.py
[2023-04-23T00:45:38.421+0000] {logging_mixin.py:137} INFO - [2023-04-23T00:45:38.421+0000] {dag.py:2705} INFO - Sync 1 DAGs
[2023-04-23T00:45:38.476+0000] {logging_mixin.py:137} INFO - [2023-04-23T00:45:38.475+0000] {dag.py:3456} INFO - Setting next_dagrun for latest_only_with_trigger to 2023-04-22T20:45:38.475582+00:00, run_after=2023-04-23T00:45:38.475582+00:00
[2023-04-23T00:45:38.509+0000] {processor.py:175} INFO - Processing /home/airflow/.local/lib/python3.7/site-packages/airflow/example_dags/example_latest_only_with_trigger.py took 0.169 seconds
[2023-04-23T00:46:08.752+0000] {processor.py:153} INFO - Started process (PID=694) to work on /home/airflow/.local/lib/python3.7/site-packages/airflow/example_dags/example_latest_only_with_trigger.py
[2023-04-23T00:46:08.786+0000] {processor.py:743} INFO - Processing file /home/airflow/.local/lib/python3.7/site-packages/airflow/example_dags/example_latest_only_with_trigger.py for tasks to queue
[2023-04-23T00:46:08.789+0000] {logging_mixin.py:137} INFO - [2023-04-23T00:46:08.789+0000] {dagbag.py:532} INFO - Filling up the DagBag from /home/airflow/.local/lib/python3.7/site-packages/airflow/example_dags/example_latest_only_with_trigger.py
[2023-04-23T00:46:08.870+0000] {processor.py:753} INFO - DAG(s) dict_keys(['latest_only_with_trigger']) retrieved from /home/airflow/.local/lib/python3.7/site-packages/airflow/example_dags/example_latest_only_with_trigger.py
[2023-04-23T00:46:08.915+0000] {logging_mixin.py:137} INFO - [2023-04-23T00:46:08.915+0000] {dag.py:2705} INFO - Sync 1 DAGs
[2023-04-23T00:46:08.948+0000] {logging_mixin.py:137} INFO - [2023-04-23T00:46:08.948+0000] {dag.py:3456} INFO - Setting next_dagrun for latest_only_with_trigger to 2023-04-22T20:46:08.947662+00:00, run_after=2023-04-23T00:46:08.947662+00:00
[2023-04-23T00:46:08.977+0000] {processor.py:175} INFO - Processing /home/airflow/.local/lib/python3.7/site-packages/airflow/example_dags/example_latest_only_with_trigger.py took 0.230 seconds
