[2023-04-23T00:39:30.958+0000] {processor.py:153} INFO - Started process (PID=37) to work on /home/airflow/.local/lib/python3.7/site-packages/airflow/example_dags/example_branch_operator.py
[2023-04-23T00:39:30.960+0000] {processor.py:743} INFO - Processing file /home/airflow/.local/lib/python3.7/site-packages/airflow/example_dags/example_branch_operator.py for tasks to queue
[2023-04-23T00:39:30.961+0000] {logging_mixin.py:137} INFO - [2023-04-23T00:39:30.961+0000] {dagbag.py:532} INFO - Filling up the DagBag from /home/airflow/.local/lib/python3.7/site-packages/airflow/example_dags/example_branch_operator.py
[2023-04-23T00:39:30.998+0000] {processor.py:753} INFO - DAG(s) dict_keys(['example_branch_operator']) retrieved from /home/airflow/.local/lib/python3.7/site-packages/airflow/example_dags/example_branch_operator.py
[2023-04-23T00:39:31.221+0000] {logging_mixin.py:137} INFO - [2023-04-23T00:39:31.221+0000] {manager.py:504} INFO - Created Permission View: can edit on DAG:example_branch_operator
[2023-04-23T00:39:31.251+0000] {logging_mixin.py:137} INFO - [2023-04-23T00:39:31.251+0000] {manager.py:504} INFO - Created Permission View: can read on DAG:example_branch_operator
[2023-04-23T00:39:31.268+0000] {logging_mixin.py:137} INFO - [2023-04-23T00:39:31.268+0000] {manager.py:504} INFO - Created Permission View: can delete on DAG:example_branch_operator
[2023-04-23T00:39:31.269+0000] {logging_mixin.py:137} INFO - [2023-04-23T00:39:31.268+0000] {dag.py:2705} INFO - Sync 1 DAGs
[2023-04-23T00:39:31.296+0000] {logging_mixin.py:137} INFO - [2023-04-23T00:39:31.296+0000] {dag.py:2726} INFO - Creating ORM DAG for example_branch_operator
[2023-04-23T00:39:31.323+0000] {logging_mixin.py:137} INFO - [2023-04-23T00:39:31.323+0000] {dag.py:3456} INFO - Setting next_dagrun for example_branch_operator to 2023-04-22T00:00:00+00:00, run_after=2023-04-23T00:00:00+00:00
[2023-04-23T00:39:31.370+0000] {processor.py:175} INFO - Processing /home/airflow/.local/lib/python3.7/site-packages/airflow/example_dags/example_branch_operator.py took 0.416 seconds
[2023-04-23T00:40:02.299+0000] {processor.py:153} INFO - Started process (PID=87) to work on /home/airflow/.local/lib/python3.7/site-packages/airflow/example_dags/example_branch_operator.py
[2023-04-23T00:40:02.300+0000] {processor.py:743} INFO - Processing file /home/airflow/.local/lib/python3.7/site-packages/airflow/example_dags/example_branch_operator.py for tasks to queue
[2023-04-23T00:40:02.300+0000] {logging_mixin.py:137} INFO - [2023-04-23T00:40:02.300+0000] {dagbag.py:532} INFO - Filling up the DagBag from /home/airflow/.local/lib/python3.7/site-packages/airflow/example_dags/example_branch_operator.py
[2023-04-23T00:40:02.319+0000] {processor.py:753} INFO - DAG(s) dict_keys(['example_branch_operator']) retrieved from /home/airflow/.local/lib/python3.7/site-packages/airflow/example_dags/example_branch_operator.py
[2023-04-23T00:40:02.357+0000] {logging_mixin.py:137} INFO - [2023-04-23T00:40:02.356+0000] {dag.py:2705} INFO - Sync 1 DAGs
[2023-04-23T00:40:02.402+0000] {logging_mixin.py:137} INFO - [2023-04-23T00:40:02.402+0000] {dag.py:3456} INFO - Setting next_dagrun for example_branch_operator to 2023-04-22T00:00:00+00:00, run_after=2023-04-23T00:00:00+00:00
[2023-04-23T00:40:02.427+0000] {processor.py:175} INFO - Processing /home/airflow/.local/lib/python3.7/site-packages/airflow/example_dags/example_branch_operator.py took 0.131 seconds
[2023-04-23T00:40:32.780+0000] {processor.py:153} INFO - Started process (PID=137) to work on /home/airflow/.local/lib/python3.7/site-packages/airflow/example_dags/example_branch_operator.py
[2023-04-23T00:40:32.846+0000] {processor.py:743} INFO - Processing file /home/airflow/.local/lib/python3.7/site-packages/airflow/example_dags/example_branch_operator.py for tasks to queue
[2023-04-23T00:40:32.847+0000] {logging_mixin.py:137} INFO - [2023-04-23T00:40:32.847+0000] {dagbag.py:532} INFO - Filling up the DagBag from /home/airflow/.local/lib/python3.7/site-packages/airflow/example_dags/example_branch_operator.py
[2023-04-23T00:40:32.885+0000] {processor.py:753} INFO - DAG(s) dict_keys(['example_branch_operator']) retrieved from /home/airflow/.local/lib/python3.7/site-packages/airflow/example_dags/example_branch_operator.py
[2023-04-23T00:40:32.957+0000] {logging_mixin.py:137} INFO - [2023-04-23T00:40:32.957+0000] {dag.py:2705} INFO - Sync 1 DAGs
[2023-04-23T00:40:33.056+0000] {logging_mixin.py:137} INFO - [2023-04-23T00:40:33.055+0000] {dag.py:3456} INFO - Setting next_dagrun for example_branch_operator to 2023-04-22T00:00:00+00:00, run_after=2023-04-23T00:00:00+00:00
[2023-04-23T00:40:33.118+0000] {processor.py:175} INFO - Processing /home/airflow/.local/lib/python3.7/site-packages/airflow/example_dags/example_branch_operator.py took 0.353 seconds
[2023-04-23T00:41:03.401+0000] {processor.py:153} INFO - Started process (PID=187) to work on /home/airflow/.local/lib/python3.7/site-packages/airflow/example_dags/example_branch_operator.py
[2023-04-23T00:41:03.403+0000] {processor.py:743} INFO - Processing file /home/airflow/.local/lib/python3.7/site-packages/airflow/example_dags/example_branch_operator.py for tasks to queue
[2023-04-23T00:41:03.406+0000] {logging_mixin.py:137} INFO - [2023-04-23T00:41:03.406+0000] {dagbag.py:532} INFO - Filling up the DagBag from /home/airflow/.local/lib/python3.7/site-packages/airflow/example_dags/example_branch_operator.py
[2023-04-23T00:41:03.445+0000] {processor.py:753} INFO - DAG(s) dict_keys(['example_branch_operator']) retrieved from /home/airflow/.local/lib/python3.7/site-packages/airflow/example_dags/example_branch_operator.py
[2023-04-23T00:41:03.480+0000] {logging_mixin.py:137} INFO - [2023-04-23T00:41:03.480+0000] {dag.py:2705} INFO - Sync 1 DAGs
[2023-04-23T00:41:03.513+0000] {logging_mixin.py:137} INFO - [2023-04-23T00:41:03.513+0000] {dag.py:3456} INFO - Setting next_dagrun for example_branch_operator to 2023-04-22T00:00:00+00:00, run_after=2023-04-23T00:00:00+00:00
[2023-04-23T00:41:03.538+0000] {processor.py:175} INFO - Processing /home/airflow/.local/lib/python3.7/site-packages/airflow/example_dags/example_branch_operator.py took 0.153 seconds
[2023-04-23T00:41:33.934+0000] {processor.py:153} INFO - Started process (PID=237) to work on /home/airflow/.local/lib/python3.7/site-packages/airflow/example_dags/example_branch_operator.py
[2023-04-23T00:41:33.966+0000] {processor.py:743} INFO - Processing file /home/airflow/.local/lib/python3.7/site-packages/airflow/example_dags/example_branch_operator.py for tasks to queue
[2023-04-23T00:41:33.966+0000] {logging_mixin.py:137} INFO - [2023-04-23T00:41:33.966+0000] {dagbag.py:532} INFO - Filling up the DagBag from /home/airflow/.local/lib/python3.7/site-packages/airflow/example_dags/example_branch_operator.py
[2023-04-23T00:41:33.994+0000] {processor.py:753} INFO - DAG(s) dict_keys(['example_branch_operator']) retrieved from /home/airflow/.local/lib/python3.7/site-packages/airflow/example_dags/example_branch_operator.py
[2023-04-23T00:41:34.059+0000] {logging_mixin.py:137} INFO - [2023-04-23T00:41:34.059+0000] {dag.py:2705} INFO - Sync 1 DAGs
[2023-04-23T00:41:34.111+0000] {logging_mixin.py:137} INFO - [2023-04-23T00:41:34.110+0000] {dag.py:3456} INFO - Setting next_dagrun for example_branch_operator to 2023-04-22T00:00:00+00:00, run_after=2023-04-23T00:00:00+00:00
[2023-04-23T00:41:34.146+0000] {processor.py:175} INFO - Processing /home/airflow/.local/lib/python3.7/site-packages/airflow/example_dags/example_branch_operator.py took 0.217 seconds
[2023-04-23T00:42:04.574+0000] {processor.py:153} INFO - Started process (PID=288) to work on /home/airflow/.local/lib/python3.7/site-packages/airflow/example_dags/example_branch_operator.py
[2023-04-23T00:42:04.578+0000] {processor.py:743} INFO - Processing file /home/airflow/.local/lib/python3.7/site-packages/airflow/example_dags/example_branch_operator.py for tasks to queue
[2023-04-23T00:42:04.584+0000] {logging_mixin.py:137} INFO - [2023-04-23T00:42:04.583+0000] {dagbag.py:532} INFO - Filling up the DagBag from /home/airflow/.local/lib/python3.7/site-packages/airflow/example_dags/example_branch_operator.py
[2023-04-23T00:42:04.632+0000] {processor.py:753} INFO - DAG(s) dict_keys(['example_branch_operator']) retrieved from /home/airflow/.local/lib/python3.7/site-packages/airflow/example_dags/example_branch_operator.py
[2023-04-23T00:42:04.667+0000] {logging_mixin.py:137} INFO - [2023-04-23T00:42:04.666+0000] {dag.py:2705} INFO - Sync 1 DAGs
[2023-04-23T00:42:04.705+0000] {logging_mixin.py:137} INFO - [2023-04-23T00:42:04.705+0000] {dag.py:3456} INFO - Setting next_dagrun for example_branch_operator to 2023-04-22T00:00:00+00:00, run_after=2023-04-23T00:00:00+00:00
[2023-04-23T00:42:04.733+0000] {processor.py:175} INFO - Processing /home/airflow/.local/lib/python3.7/site-packages/airflow/example_dags/example_branch_operator.py took 0.185 seconds
[2023-04-23T00:42:35.168+0000] {processor.py:153} INFO - Started process (PID=337) to work on /home/airflow/.local/lib/python3.7/site-packages/airflow/example_dags/example_branch_operator.py
[2023-04-23T00:42:35.189+0000] {processor.py:743} INFO - Processing file /home/airflow/.local/lib/python3.7/site-packages/airflow/example_dags/example_branch_operator.py for tasks to queue
[2023-04-23T00:42:35.191+0000] {logging_mixin.py:137} INFO - [2023-04-23T00:42:35.190+0000] {dagbag.py:532} INFO - Filling up the DagBag from /home/airflow/.local/lib/python3.7/site-packages/airflow/example_dags/example_branch_operator.py
[2023-04-23T00:42:35.218+0000] {processor.py:753} INFO - DAG(s) dict_keys(['example_branch_operator']) retrieved from /home/airflow/.local/lib/python3.7/site-packages/airflow/example_dags/example_branch_operator.py
[2023-04-23T00:42:35.254+0000] {logging_mixin.py:137} INFO - [2023-04-23T00:42:35.254+0000] {dag.py:2705} INFO - Sync 1 DAGs
[2023-04-23T00:42:35.299+0000] {logging_mixin.py:137} INFO - [2023-04-23T00:42:35.299+0000] {dag.py:3456} INFO - Setting next_dagrun for example_branch_operator to 2023-04-22T00:00:00+00:00, run_after=2023-04-23T00:00:00+00:00
[2023-04-23T00:42:35.324+0000] {processor.py:175} INFO - Processing /home/airflow/.local/lib/python3.7/site-packages/airflow/example_dags/example_branch_operator.py took 0.181 seconds
[2023-04-23T00:43:05.371+0000] {processor.py:153} INFO - Started process (PID=388) to work on /home/airflow/.local/lib/python3.7/site-packages/airflow/example_dags/example_branch_operator.py
[2023-04-23T00:43:05.372+0000] {processor.py:743} INFO - Processing file /home/airflow/.local/lib/python3.7/site-packages/airflow/example_dags/example_branch_operator.py for tasks to queue
[2023-04-23T00:43:05.372+0000] {logging_mixin.py:137} INFO - [2023-04-23T00:43:05.372+0000] {dagbag.py:532} INFO - Filling up the DagBag from /home/airflow/.local/lib/python3.7/site-packages/airflow/example_dags/example_branch_operator.py
[2023-04-23T00:43:05.402+0000] {processor.py:753} INFO - DAG(s) dict_keys(['example_branch_operator']) retrieved from /home/airflow/.local/lib/python3.7/site-packages/airflow/example_dags/example_branch_operator.py
[2023-04-23T00:43:05.452+0000] {logging_mixin.py:137} INFO - [2023-04-23T00:43:05.452+0000] {dag.py:2705} INFO - Sync 1 DAGs
[2023-04-23T00:43:05.507+0000] {logging_mixin.py:137} INFO - [2023-04-23T00:43:05.507+0000] {dag.py:3456} INFO - Setting next_dagrun for example_branch_operator to 2023-04-22T00:00:00+00:00, run_after=2023-04-23T00:00:00+00:00
[2023-04-23T00:43:05.555+0000] {processor.py:175} INFO - Processing /home/airflow/.local/lib/python3.7/site-packages/airflow/example_dags/example_branch_operator.py took 0.189 seconds
[2023-04-23T00:43:36.167+0000] {processor.py:153} INFO - Started process (PID=438) to work on /home/airflow/.local/lib/python3.7/site-packages/airflow/example_dags/example_branch_operator.py
[2023-04-23T00:43:36.192+0000] {processor.py:743} INFO - Processing file /home/airflow/.local/lib/python3.7/site-packages/airflow/example_dags/example_branch_operator.py for tasks to queue
[2023-04-23T00:43:36.194+0000] {logging_mixin.py:137} INFO - [2023-04-23T00:43:36.194+0000] {dagbag.py:532} INFO - Filling up the DagBag from /home/airflow/.local/lib/python3.7/site-packages/airflow/example_dags/example_branch_operator.py
[2023-04-23T00:43:36.233+0000] {processor.py:753} INFO - DAG(s) dict_keys(['example_branch_operator']) retrieved from /home/airflow/.local/lib/python3.7/site-packages/airflow/example_dags/example_branch_operator.py
[2023-04-23T00:43:36.285+0000] {logging_mixin.py:137} INFO - [2023-04-23T00:43:36.285+0000] {dag.py:2705} INFO - Sync 1 DAGs
[2023-04-23T00:43:36.343+0000] {logging_mixin.py:137} INFO - [2023-04-23T00:43:36.342+0000] {dag.py:3456} INFO - Setting next_dagrun for example_branch_operator to 2023-04-22T00:00:00+00:00, run_after=2023-04-23T00:00:00+00:00
[2023-04-23T00:43:36.379+0000] {processor.py:175} INFO - Processing /home/airflow/.local/lib/python3.7/site-packages/airflow/example_dags/example_branch_operator.py took 0.222 seconds
[2023-04-23T00:44:06.685+0000] {processor.py:153} INFO - Started process (PID=488) to work on /home/airflow/.local/lib/python3.7/site-packages/airflow/example_dags/example_branch_operator.py
[2023-04-23T00:44:06.705+0000] {processor.py:743} INFO - Processing file /home/airflow/.local/lib/python3.7/site-packages/airflow/example_dags/example_branch_operator.py for tasks to queue
[2023-04-23T00:44:06.706+0000] {logging_mixin.py:137} INFO - [2023-04-23T00:44:06.706+0000] {dagbag.py:532} INFO - Filling up the DagBag from /home/airflow/.local/lib/python3.7/site-packages/airflow/example_dags/example_branch_operator.py
[2023-04-23T00:44:06.723+0000] {processor.py:753} INFO - DAG(s) dict_keys(['example_branch_operator']) retrieved from /home/airflow/.local/lib/python3.7/site-packages/airflow/example_dags/example_branch_operator.py
[2023-04-23T00:44:06.755+0000] {logging_mixin.py:137} INFO - [2023-04-23T00:44:06.755+0000] {dag.py:2705} INFO - Sync 1 DAGs
[2023-04-23T00:44:06.785+0000] {logging_mixin.py:137} INFO - [2023-04-23T00:44:06.785+0000] {dag.py:3456} INFO - Setting next_dagrun for example_branch_operator to 2023-04-22T00:00:00+00:00, run_after=2023-04-23T00:00:00+00:00
[2023-04-23T00:44:06.807+0000] {processor.py:175} INFO - Processing /home/airflow/.local/lib/python3.7/site-packages/airflow/example_dags/example_branch_operator.py took 0.127 seconds
[2023-04-23T00:44:37.239+0000] {processor.py:153} INFO - Started process (PID=539) to work on /home/airflow/.local/lib/python3.7/site-packages/airflow/example_dags/example_branch_operator.py
[2023-04-23T00:44:37.240+0000] {processor.py:743} INFO - Processing file /home/airflow/.local/lib/python3.7/site-packages/airflow/example_dags/example_branch_operator.py for tasks to queue
[2023-04-23T00:44:37.241+0000] {logging_mixin.py:137} INFO - [2023-04-23T00:44:37.241+0000] {dagbag.py:532} INFO - Filling up the DagBag from /home/airflow/.local/lib/python3.7/site-packages/airflow/example_dags/example_branch_operator.py
[2023-04-23T00:44:37.262+0000] {processor.py:753} INFO - DAG(s) dict_keys(['example_branch_operator']) retrieved from /home/airflow/.local/lib/python3.7/site-packages/airflow/example_dags/example_branch_operator.py
[2023-04-23T00:44:37.292+0000] {logging_mixin.py:137} INFO - [2023-04-23T00:44:37.292+0000] {dag.py:2705} INFO - Sync 1 DAGs
[2023-04-23T00:44:37.324+0000] {logging_mixin.py:137} INFO - [2023-04-23T00:44:37.324+0000] {dag.py:3456} INFO - Setting next_dagrun for example_branch_operator to 2023-04-22T00:00:00+00:00, run_after=2023-04-23T00:00:00+00:00
[2023-04-23T00:44:37.344+0000] {processor.py:175} INFO - Processing /home/airflow/.local/lib/python3.7/site-packages/airflow/example_dags/example_branch_operator.py took 0.111 seconds
[2023-04-23T00:45:07.576+0000] {processor.py:153} INFO - Started process (PID=590) to work on /home/airflow/.local/lib/python3.7/site-packages/airflow/example_dags/example_branch_operator.py
[2023-04-23T00:45:07.599+0000] {processor.py:743} INFO - Processing file /home/airflow/.local/lib/python3.7/site-packages/airflow/example_dags/example_branch_operator.py for tasks to queue
[2023-04-23T00:45:07.601+0000] {logging_mixin.py:137} INFO - [2023-04-23T00:45:07.601+0000] {dagbag.py:532} INFO - Filling up the DagBag from /home/airflow/.local/lib/python3.7/site-packages/airflow/example_dags/example_branch_operator.py
[2023-04-23T00:45:07.641+0000] {processor.py:753} INFO - DAG(s) dict_keys(['example_branch_operator']) retrieved from /home/airflow/.local/lib/python3.7/site-packages/airflow/example_dags/example_branch_operator.py
[2023-04-23T00:45:07.670+0000] {logging_mixin.py:137} INFO - [2023-04-23T00:45:07.670+0000] {dag.py:2705} INFO - Sync 1 DAGs
[2023-04-23T00:45:07.698+0000] {logging_mixin.py:137} INFO - [2023-04-23T00:45:07.698+0000] {dag.py:3456} INFO - Setting next_dagrun for example_branch_operator to 2023-04-22T00:00:00+00:00, run_after=2023-04-23T00:00:00+00:00
[2023-04-23T00:45:07.718+0000] {processor.py:175} INFO - Processing /home/airflow/.local/lib/python3.7/site-packages/airflow/example_dags/example_branch_operator.py took 0.151 seconds
[2023-04-23T00:45:38.088+0000] {processor.py:153} INFO - Started process (PID=641) to work on /home/airflow/.local/lib/python3.7/site-packages/airflow/example_dags/example_branch_operator.py
[2023-04-23T00:45:38.089+0000] {processor.py:743} INFO - Processing file /home/airflow/.local/lib/python3.7/site-packages/airflow/example_dags/example_branch_operator.py for tasks to queue
[2023-04-23T00:45:38.091+0000] {logging_mixin.py:137} INFO - [2023-04-23T00:45:38.090+0000] {dagbag.py:532} INFO - Filling up the DagBag from /home/airflow/.local/lib/python3.7/site-packages/airflow/example_dags/example_branch_operator.py
[2023-04-23T00:45:38.123+0000] {processor.py:753} INFO - DAG(s) dict_keys(['example_branch_operator']) retrieved from /home/airflow/.local/lib/python3.7/site-packages/airflow/example_dags/example_branch_operator.py
[2023-04-23T00:45:38.191+0000] {logging_mixin.py:137} INFO - [2023-04-23T00:45:38.191+0000] {dag.py:2705} INFO - Sync 1 DAGs
[2023-04-23T00:45:38.253+0000] {logging_mixin.py:137} INFO - [2023-04-23T00:45:38.252+0000] {dag.py:3456} INFO - Setting next_dagrun for example_branch_operator to 2023-04-22T00:00:00+00:00, run_after=2023-04-23T00:00:00+00:00
[2023-04-23T00:45:38.293+0000] {processor.py:175} INFO - Processing /home/airflow/.local/lib/python3.7/site-packages/airflow/example_dags/example_branch_operator.py took 0.212 seconds
[2023-04-23T00:46:08.557+0000] {processor.py:153} INFO - Started process (PID=692) to work on /home/airflow/.local/lib/python3.7/site-packages/airflow/example_dags/example_branch_operator.py
[2023-04-23T00:46:08.603+0000] {processor.py:743} INFO - Processing file /home/airflow/.local/lib/python3.7/site-packages/airflow/example_dags/example_branch_operator.py for tasks to queue
[2023-04-23T00:46:08.604+0000] {logging_mixin.py:137} INFO - [2023-04-23T00:46:08.604+0000] {dagbag.py:532} INFO - Filling up the DagBag from /home/airflow/.local/lib/python3.7/site-packages/airflow/example_dags/example_branch_operator.py
[2023-04-23T00:46:08.625+0000] {processor.py:753} INFO - DAG(s) dict_keys(['example_branch_operator']) retrieved from /home/airflow/.local/lib/python3.7/site-packages/airflow/example_dags/example_branch_operator.py
[2023-04-23T00:46:08.662+0000] {logging_mixin.py:137} INFO - [2023-04-23T00:46:08.661+0000] {dag.py:2705} INFO - Sync 1 DAGs
[2023-04-23T00:46:08.699+0000] {logging_mixin.py:137} INFO - [2023-04-23T00:46:08.699+0000] {dag.py:3456} INFO - Setting next_dagrun for example_branch_operator to 2023-04-22T00:00:00+00:00, run_after=2023-04-23T00:00:00+00:00
[2023-04-23T00:46:08.729+0000] {processor.py:175} INFO - Processing /home/airflow/.local/lib/python3.7/site-packages/airflow/example_dags/example_branch_operator.py took 0.196 seconds
