[2023-04-23T00:39:33.026+0000] {processor.py:153} INFO - Started process (PID=46) to work on /home/airflow/.local/lib/python3.7/site-packages/airflow/example_dags/example_kubernetes_executor.py
[2023-04-23T00:39:33.027+0000] {processor.py:743} INFO - Processing file /home/airflow/.local/lib/python3.7/site-packages/airflow/example_dags/example_kubernetes_executor.py for tasks to queue
[2023-04-23T00:39:33.028+0000] {logging_mixin.py:137} INFO - [2023-04-23T00:39:33.027+0000] {dagbag.py:532} INFO - Filling up the DagBag from /home/airflow/.local/lib/python3.7/site-packages/airflow/example_dags/example_kubernetes_executor.py
[2023-04-23T00:39:33.125+0000] {processor.py:753} INFO - DAG(s) dict_keys(['example_kubernetes_executor']) retrieved from /home/airflow/.local/lib/python3.7/site-packages/airflow/example_dags/example_kubernetes_executor.py
[2023-04-23T00:39:33.371+0000] {logging_mixin.py:137} INFO - [2023-04-23T00:39:33.371+0000] {manager.py:504} INFO - Created Permission View: can edit on DAG:example_kubernetes_executor
[2023-04-23T00:39:33.387+0000] {logging_mixin.py:137} INFO - [2023-04-23T00:39:33.387+0000] {manager.py:504} INFO - Created Permission View: can read on DAG:example_kubernetes_executor
[2023-04-23T00:39:33.399+0000] {logging_mixin.py:137} INFO - [2023-04-23T00:39:33.399+0000] {manager.py:504} INFO - Created Permission View: can delete on DAG:example_kubernetes_executor
[2023-04-23T00:39:33.400+0000] {logging_mixin.py:137} INFO - [2023-04-23T00:39:33.400+0000] {dag.py:2705} INFO - Sync 1 DAGs
[2023-04-23T00:39:33.423+0000] {logging_mixin.py:137} INFO - [2023-04-23T00:39:33.423+0000] {dag.py:2726} INFO - Creating ORM DAG for example_kubernetes_executor
[2023-04-23T00:39:33.446+0000] {logging_mixin.py:137} INFO - [2023-04-23T00:39:33.445+0000] {dag.py:3456} INFO - Setting next_dagrun for example_kubernetes_executor to None, run_after=None
[2023-04-23T00:39:33.502+0000] {processor.py:175} INFO - Processing /home/airflow/.local/lib/python3.7/site-packages/airflow/example_dags/example_kubernetes_executor.py took 0.480 seconds
[2023-04-23T00:40:03.993+0000] {processor.py:153} INFO - Started process (PID=96) to work on /home/airflow/.local/lib/python3.7/site-packages/airflow/example_dags/example_kubernetes_executor.py
[2023-04-23T00:40:03.993+0000] {processor.py:743} INFO - Processing file /home/airflow/.local/lib/python3.7/site-packages/airflow/example_dags/example_kubernetes_executor.py for tasks to queue
[2023-04-23T00:40:03.994+0000] {logging_mixin.py:137} INFO - [2023-04-23T00:40:03.994+0000] {dagbag.py:532} INFO - Filling up the DagBag from /home/airflow/.local/lib/python3.7/site-packages/airflow/example_dags/example_kubernetes_executor.py
[2023-04-23T00:40:04.021+0000] {processor.py:753} INFO - DAG(s) dict_keys(['example_kubernetes_executor']) retrieved from /home/airflow/.local/lib/python3.7/site-packages/airflow/example_dags/example_kubernetes_executor.py
[2023-04-23T00:40:04.050+0000] {logging_mixin.py:137} INFO - [2023-04-23T00:40:04.050+0000] {dag.py:2705} INFO - Sync 1 DAGs
[2023-04-23T00:40:04.076+0000] {logging_mixin.py:137} INFO - [2023-04-23T00:40:04.076+0000] {dag.py:3456} INFO - Setting next_dagrun for example_kubernetes_executor to None, run_after=None
[2023-04-23T00:40:04.096+0000] {processor.py:175} INFO - Processing /home/airflow/.local/lib/python3.7/site-packages/airflow/example_dags/example_kubernetes_executor.py took 0.107 seconds
[2023-04-23T00:40:34.917+0000] {processor.py:153} INFO - Started process (PID=146) to work on /home/airflow/.local/lib/python3.7/site-packages/airflow/example_dags/example_kubernetes_executor.py
[2023-04-23T00:40:34.918+0000] {processor.py:743} INFO - Processing file /home/airflow/.local/lib/python3.7/site-packages/airflow/example_dags/example_kubernetes_executor.py for tasks to queue
[2023-04-23T00:40:34.919+0000] {logging_mixin.py:137} INFO - [2023-04-23T00:40:34.919+0000] {dagbag.py:532} INFO - Filling up the DagBag from /home/airflow/.local/lib/python3.7/site-packages/airflow/example_dags/example_kubernetes_executor.py
[2023-04-23T00:40:34.974+0000] {processor.py:753} INFO - DAG(s) dict_keys(['example_kubernetes_executor']) retrieved from /home/airflow/.local/lib/python3.7/site-packages/airflow/example_dags/example_kubernetes_executor.py
[2023-04-23T00:40:35.032+0000] {logging_mixin.py:137} INFO - [2023-04-23T00:40:35.031+0000] {dag.py:2705} INFO - Sync 1 DAGs
[2023-04-23T00:40:35.084+0000] {logging_mixin.py:137} INFO - [2023-04-23T00:40:35.083+0000] {dag.py:3456} INFO - Setting next_dagrun for example_kubernetes_executor to None, run_after=None
[2023-04-23T00:40:35.153+0000] {processor.py:175} INFO - Processing /home/airflow/.local/lib/python3.7/site-packages/airflow/example_dags/example_kubernetes_executor.py took 0.241 seconds
[2023-04-23T00:41:05.320+0000] {processor.py:153} INFO - Started process (PID=196) to work on /home/airflow/.local/lib/python3.7/site-packages/airflow/example_dags/example_kubernetes_executor.py
[2023-04-23T00:41:05.321+0000] {processor.py:743} INFO - Processing file /home/airflow/.local/lib/python3.7/site-packages/airflow/example_dags/example_kubernetes_executor.py for tasks to queue
[2023-04-23T00:41:05.322+0000] {logging_mixin.py:137} INFO - [2023-04-23T00:41:05.321+0000] {dagbag.py:532} INFO - Filling up the DagBag from /home/airflow/.local/lib/python3.7/site-packages/airflow/example_dags/example_kubernetes_executor.py
[2023-04-23T00:41:05.370+0000] {processor.py:753} INFO - DAG(s) dict_keys(['example_kubernetes_executor']) retrieved from /home/airflow/.local/lib/python3.7/site-packages/airflow/example_dags/example_kubernetes_executor.py
[2023-04-23T00:41:05.404+0000] {logging_mixin.py:137} INFO - [2023-04-23T00:41:05.404+0000] {dag.py:2705} INFO - Sync 1 DAGs
[2023-04-23T00:41:05.436+0000] {logging_mixin.py:137} INFO - [2023-04-23T00:41:05.436+0000] {dag.py:3456} INFO - Setting next_dagrun for example_kubernetes_executor to None, run_after=None
[2023-04-23T00:41:05.457+0000] {processor.py:175} INFO - Processing /home/airflow/.local/lib/python3.7/site-packages/airflow/example_dags/example_kubernetes_executor.py took 0.141 seconds
[2023-04-23T00:41:35.957+0000] {processor.py:153} INFO - Started process (PID=246) to work on /home/airflow/.local/lib/python3.7/site-packages/airflow/example_dags/example_kubernetes_executor.py
[2023-04-23T00:41:35.977+0000] {processor.py:743} INFO - Processing file /home/airflow/.local/lib/python3.7/site-packages/airflow/example_dags/example_kubernetes_executor.py for tasks to queue
[2023-04-23T00:41:35.979+0000] {logging_mixin.py:137} INFO - [2023-04-23T00:41:35.978+0000] {dagbag.py:532} INFO - Filling up the DagBag from /home/airflow/.local/lib/python3.7/site-packages/airflow/example_dags/example_kubernetes_executor.py
[2023-04-23T00:41:36.031+0000] {processor.py:753} INFO - DAG(s) dict_keys(['example_kubernetes_executor']) retrieved from /home/airflow/.local/lib/python3.7/site-packages/airflow/example_dags/example_kubernetes_executor.py
[2023-04-23T00:41:36.081+0000] {logging_mixin.py:137} INFO - [2023-04-23T00:41:36.081+0000] {dag.py:2705} INFO - Sync 1 DAGs
[2023-04-23T00:41:36.132+0000] {logging_mixin.py:137} INFO - [2023-04-23T00:41:36.132+0000] {dag.py:3456} INFO - Setting next_dagrun for example_kubernetes_executor to None, run_after=None
[2023-04-23T00:41:36.175+0000] {processor.py:175} INFO - Processing /home/airflow/.local/lib/python3.7/site-packages/airflow/example_dags/example_kubernetes_executor.py took 0.224 seconds
[2023-04-23T00:42:06.429+0000] {processor.py:153} INFO - Started process (PID=297) to work on /home/airflow/.local/lib/python3.7/site-packages/airflow/example_dags/example_kubernetes_executor.py
[2023-04-23T00:42:06.430+0000] {processor.py:743} INFO - Processing file /home/airflow/.local/lib/python3.7/site-packages/airflow/example_dags/example_kubernetes_executor.py for tasks to queue
[2023-04-23T00:42:06.431+0000] {logging_mixin.py:137} INFO - [2023-04-23T00:42:06.431+0000] {dagbag.py:532} INFO - Filling up the DagBag from /home/airflow/.local/lib/python3.7/site-packages/airflow/example_dags/example_kubernetes_executor.py
[2023-04-23T00:42:06.491+0000] {processor.py:753} INFO - DAG(s) dict_keys(['example_kubernetes_executor']) retrieved from /home/airflow/.local/lib/python3.7/site-packages/airflow/example_dags/example_kubernetes_executor.py
[2023-04-23T00:42:06.544+0000] {logging_mixin.py:137} INFO - [2023-04-23T00:42:06.544+0000] {dag.py:2705} INFO - Sync 1 DAGs
[2023-04-23T00:42:06.598+0000] {logging_mixin.py:137} INFO - [2023-04-23T00:42:06.598+0000] {dag.py:3456} INFO - Setting next_dagrun for example_kubernetes_executor to None, run_after=None
[2023-04-23T00:42:06.625+0000] {processor.py:175} INFO - Processing /home/airflow/.local/lib/python3.7/site-packages/airflow/example_dags/example_kubernetes_executor.py took 0.201 seconds
[2023-04-23T00:42:36.984+0000] {processor.py:153} INFO - Started process (PID=346) to work on /home/airflow/.local/lib/python3.7/site-packages/airflow/example_dags/example_kubernetes_executor.py
[2023-04-23T00:42:37.017+0000] {processor.py:743} INFO - Processing file /home/airflow/.local/lib/python3.7/site-packages/airflow/example_dags/example_kubernetes_executor.py for tasks to queue
[2023-04-23T00:42:37.018+0000] {logging_mixin.py:137} INFO - [2023-04-23T00:42:37.017+0000] {dagbag.py:532} INFO - Filling up the DagBag from /home/airflow/.local/lib/python3.7/site-packages/airflow/example_dags/example_kubernetes_executor.py
[2023-04-23T00:42:37.064+0000] {processor.py:753} INFO - DAG(s) dict_keys(['example_kubernetes_executor']) retrieved from /home/airflow/.local/lib/python3.7/site-packages/airflow/example_dags/example_kubernetes_executor.py
[2023-04-23T00:42:37.112+0000] {logging_mixin.py:137} INFO - [2023-04-23T00:42:37.112+0000] {dag.py:2705} INFO - Sync 1 DAGs
[2023-04-23T00:42:37.160+0000] {logging_mixin.py:137} INFO - [2023-04-23T00:42:37.159+0000] {dag.py:3456} INFO - Setting next_dagrun for example_kubernetes_executor to None, run_after=None
[2023-04-23T00:42:37.191+0000] {processor.py:175} INFO - Processing /home/airflow/.local/lib/python3.7/site-packages/airflow/example_dags/example_kubernetes_executor.py took 0.211 seconds
[2023-04-23T00:43:07.288+0000] {processor.py:153} INFO - Started process (PID=397) to work on /home/airflow/.local/lib/python3.7/site-packages/airflow/example_dags/example_kubernetes_executor.py
[2023-04-23T00:43:07.289+0000] {processor.py:743} INFO - Processing file /home/airflow/.local/lib/python3.7/site-packages/airflow/example_dags/example_kubernetes_executor.py for tasks to queue
[2023-04-23T00:43:07.289+0000] {logging_mixin.py:137} INFO - [2023-04-23T00:43:07.289+0000] {dagbag.py:532} INFO - Filling up the DagBag from /home/airflow/.local/lib/python3.7/site-packages/airflow/example_dags/example_kubernetes_executor.py
[2023-04-23T00:43:07.322+0000] {processor.py:753} INFO - DAG(s) dict_keys(['example_kubernetes_executor']) retrieved from /home/airflow/.local/lib/python3.7/site-packages/airflow/example_dags/example_kubernetes_executor.py
[2023-04-23T00:43:07.353+0000] {logging_mixin.py:137} INFO - [2023-04-23T00:43:07.353+0000] {dag.py:2705} INFO - Sync 1 DAGs
[2023-04-23T00:43:07.383+0000] {logging_mixin.py:137} INFO - [2023-04-23T00:43:07.383+0000] {dag.py:3456} INFO - Setting next_dagrun for example_kubernetes_executor to None, run_after=None
[2023-04-23T00:43:07.404+0000] {processor.py:175} INFO - Processing /home/airflow/.local/lib/python3.7/site-packages/airflow/example_dags/example_kubernetes_executor.py took 0.119 seconds
[2023-04-23T00:43:37.899+0000] {processor.py:153} INFO - Started process (PID=447) to work on /home/airflow/.local/lib/python3.7/site-packages/airflow/example_dags/example_kubernetes_executor.py
[2023-04-23T00:43:37.939+0000] {processor.py:743} INFO - Processing file /home/airflow/.local/lib/python3.7/site-packages/airflow/example_dags/example_kubernetes_executor.py for tasks to queue
[2023-04-23T00:43:37.957+0000] {logging_mixin.py:137} INFO - [2023-04-23T00:43:37.957+0000] {dagbag.py:532} INFO - Filling up the DagBag from /home/airflow/.local/lib/python3.7/site-packages/airflow/example_dags/example_kubernetes_executor.py
[2023-04-23T00:43:37.987+0000] {processor.py:753} INFO - DAG(s) dict_keys(['example_kubernetes_executor']) retrieved from /home/airflow/.local/lib/python3.7/site-packages/airflow/example_dags/example_kubernetes_executor.py
[2023-04-23T00:43:38.032+0000] {logging_mixin.py:137} INFO - [2023-04-23T00:43:38.032+0000] {dag.py:2705} INFO - Sync 1 DAGs
[2023-04-23T00:43:38.074+0000] {logging_mixin.py:137} INFO - [2023-04-23T00:43:38.074+0000] {dag.py:3456} INFO - Setting next_dagrun for example_kubernetes_executor to None, run_after=None
[2023-04-23T00:43:38.104+0000] {processor.py:175} INFO - Processing /home/airflow/.local/lib/python3.7/site-packages/airflow/example_dags/example_kubernetes_executor.py took 0.211 seconds
[2023-04-23T00:44:08.513+0000] {processor.py:153} INFO - Started process (PID=497) to work on /home/airflow/.local/lib/python3.7/site-packages/airflow/example_dags/example_kubernetes_executor.py
[2023-04-23T00:44:08.535+0000] {processor.py:743} INFO - Processing file /home/airflow/.local/lib/python3.7/site-packages/airflow/example_dags/example_kubernetes_executor.py for tasks to queue
[2023-04-23T00:44:08.536+0000] {logging_mixin.py:137} INFO - [2023-04-23T00:44:08.536+0000] {dagbag.py:532} INFO - Filling up the DagBag from /home/airflow/.local/lib/python3.7/site-packages/airflow/example_dags/example_kubernetes_executor.py
[2023-04-23T00:44:08.585+0000] {processor.py:753} INFO - DAG(s) dict_keys(['example_kubernetes_executor']) retrieved from /home/airflow/.local/lib/python3.7/site-packages/airflow/example_dags/example_kubernetes_executor.py
[2023-04-23T00:44:08.628+0000] {logging_mixin.py:137} INFO - [2023-04-23T00:44:08.628+0000] {dag.py:2705} INFO - Sync 1 DAGs
[2023-04-23T00:44:08.659+0000] {logging_mixin.py:137} INFO - [2023-04-23T00:44:08.659+0000] {dag.py:3456} INFO - Setting next_dagrun for example_kubernetes_executor to None, run_after=None
[2023-04-23T00:44:08.692+0000] {processor.py:175} INFO - Processing /home/airflow/.local/lib/python3.7/site-packages/airflow/example_dags/example_kubernetes_executor.py took 0.182 seconds
[2023-04-23T00:44:38.837+0000] {processor.py:153} INFO - Started process (PID=548) to work on /home/airflow/.local/lib/python3.7/site-packages/airflow/example_dags/example_kubernetes_executor.py
[2023-04-23T00:44:38.838+0000] {processor.py:743} INFO - Processing file /home/airflow/.local/lib/python3.7/site-packages/airflow/example_dags/example_kubernetes_executor.py for tasks to queue
[2023-04-23T00:44:38.838+0000] {logging_mixin.py:137} INFO - [2023-04-23T00:44:38.838+0000] {dagbag.py:532} INFO - Filling up the DagBag from /home/airflow/.local/lib/python3.7/site-packages/airflow/example_dags/example_kubernetes_executor.py
[2023-04-23T00:44:38.868+0000] {processor.py:753} INFO - DAG(s) dict_keys(['example_kubernetes_executor']) retrieved from /home/airflow/.local/lib/python3.7/site-packages/airflow/example_dags/example_kubernetes_executor.py
[2023-04-23T00:44:38.908+0000] {logging_mixin.py:137} INFO - [2023-04-23T00:44:38.908+0000] {dag.py:2705} INFO - Sync 1 DAGs
[2023-04-23T00:44:38.957+0000] {logging_mixin.py:137} INFO - [2023-04-23T00:44:38.957+0000] {dag.py:3456} INFO - Setting next_dagrun for example_kubernetes_executor to None, run_after=None
[2023-04-23T00:44:38.988+0000] {processor.py:175} INFO - Processing /home/airflow/.local/lib/python3.7/site-packages/airflow/example_dags/example_kubernetes_executor.py took 0.155 seconds
[2023-04-23T00:45:09.246+0000] {processor.py:153} INFO - Started process (PID=599) to work on /home/airflow/.local/lib/python3.7/site-packages/airflow/example_dags/example_kubernetes_executor.py
[2023-04-23T00:45:09.268+0000] {processor.py:743} INFO - Processing file /home/airflow/.local/lib/python3.7/site-packages/airflow/example_dags/example_kubernetes_executor.py for tasks to queue
[2023-04-23T00:45:09.268+0000] {logging_mixin.py:137} INFO - [2023-04-23T00:45:09.268+0000] {dagbag.py:532} INFO - Filling up the DagBag from /home/airflow/.local/lib/python3.7/site-packages/airflow/example_dags/example_kubernetes_executor.py
[2023-04-23T00:45:09.303+0000] {processor.py:753} INFO - DAG(s) dict_keys(['example_kubernetes_executor']) retrieved from /home/airflow/.local/lib/python3.7/site-packages/airflow/example_dags/example_kubernetes_executor.py
[2023-04-23T00:45:09.335+0000] {logging_mixin.py:137} INFO - [2023-04-23T00:45:09.334+0000] {dag.py:2705} INFO - Sync 1 DAGs
[2023-04-23T00:45:09.364+0000] {logging_mixin.py:137} INFO - [2023-04-23T00:45:09.364+0000] {dag.py:3456} INFO - Setting next_dagrun for example_kubernetes_executor to None, run_after=None
[2023-04-23T00:45:09.386+0000] {processor.py:175} INFO - Processing /home/airflow/.local/lib/python3.7/site-packages/airflow/example_dags/example_kubernetes_executor.py took 0.143 seconds
[2023-04-23T00:45:39.997+0000] {processor.py:153} INFO - Started process (PID=650) to work on /home/airflow/.local/lib/python3.7/site-packages/airflow/example_dags/example_kubernetes_executor.py
[2023-04-23T00:45:40.023+0000] {processor.py:743} INFO - Processing file /home/airflow/.local/lib/python3.7/site-packages/airflow/example_dags/example_kubernetes_executor.py for tasks to queue
[2023-04-23T00:45:40.024+0000] {logging_mixin.py:137} INFO - [2023-04-23T00:45:40.024+0000] {dagbag.py:532} INFO - Filling up the DagBag from /home/airflow/.local/lib/python3.7/site-packages/airflow/example_dags/example_kubernetes_executor.py
[2023-04-23T00:45:40.080+0000] {processor.py:753} INFO - DAG(s) dict_keys(['example_kubernetes_executor']) retrieved from /home/airflow/.local/lib/python3.7/site-packages/airflow/example_dags/example_kubernetes_executor.py
[2023-04-23T00:45:40.134+0000] {logging_mixin.py:137} INFO - [2023-04-23T00:45:40.134+0000] {dag.py:2705} INFO - Sync 1 DAGs
[2023-04-23T00:45:40.179+0000] {logging_mixin.py:137} INFO - [2023-04-23T00:45:40.178+0000] {dag.py:3456} INFO - Setting next_dagrun for example_kubernetes_executor to None, run_after=None
[2023-04-23T00:45:40.210+0000] {processor.py:175} INFO - Processing /home/airflow/.local/lib/python3.7/site-packages/airflow/example_dags/example_kubernetes_executor.py took 0.217 seconds
[2023-04-23T00:46:10.505+0000] {processor.py:153} INFO - Started process (PID=701) to work on /home/airflow/.local/lib/python3.7/site-packages/airflow/example_dags/example_kubernetes_executor.py
[2023-04-23T00:46:10.528+0000] {processor.py:743} INFO - Processing file /home/airflow/.local/lib/python3.7/site-packages/airflow/example_dags/example_kubernetes_executor.py for tasks to queue
[2023-04-23T00:46:10.529+0000] {logging_mixin.py:137} INFO - [2023-04-23T00:46:10.529+0000] {dagbag.py:532} INFO - Filling up the DagBag from /home/airflow/.local/lib/python3.7/site-packages/airflow/example_dags/example_kubernetes_executor.py
[2023-04-23T00:46:10.567+0000] {processor.py:753} INFO - DAG(s) dict_keys(['example_kubernetes_executor']) retrieved from /home/airflow/.local/lib/python3.7/site-packages/airflow/example_dags/example_kubernetes_executor.py
[2023-04-23T00:46:10.615+0000] {logging_mixin.py:137} INFO - [2023-04-23T00:46:10.615+0000] {dag.py:2705} INFO - Sync 1 DAGs
[2023-04-23T00:46:10.655+0000] {logging_mixin.py:137} INFO - [2023-04-23T00:46:10.655+0000] {dag.py:3456} INFO - Setting next_dagrun for example_kubernetes_executor to None, run_after=None
[2023-04-23T00:46:10.688+0000] {processor.py:175} INFO - Processing /home/airflow/.local/lib/python3.7/site-packages/airflow/example_dags/example_kubernetes_executor.py took 0.187 seconds
