[2023-04-23T00:39:36.476+0000] {processor.py:153} INFO - Started process (PID=61) to work on /home/airflow/.local/lib/python3.7/site-packages/airflow/example_dags/example_task_group_decorator.py
[2023-04-23T00:39:36.476+0000] {processor.py:743} INFO - Processing file /home/airflow/.local/lib/python3.7/site-packages/airflow/example_dags/example_task_group_decorator.py for tasks to queue
[2023-04-23T00:39:36.477+0000] {logging_mixin.py:137} INFO - [2023-04-23T00:39:36.477+0000] {dagbag.py:532} INFO - Filling up the DagBag from /home/airflow/.local/lib/python3.7/site-packages/airflow/example_dags/example_task_group_decorator.py
[2023-04-23T00:39:36.511+0000] {processor.py:753} INFO - DAG(s) dict_keys(['example_task_group_decorator']) retrieved from /home/airflow/.local/lib/python3.7/site-packages/airflow/example_dags/example_task_group_decorator.py
[2023-04-23T00:39:36.657+0000] {logging_mixin.py:137} INFO - [2023-04-23T00:39:36.656+0000] {manager.py:504} INFO - Created Permission View: can edit on DAG:example_task_group_decorator
[2023-04-23T00:39:36.671+0000] {logging_mixin.py:137} INFO - [2023-04-23T00:39:36.671+0000] {manager.py:504} INFO - Created Permission View: can read on DAG:example_task_group_decorator
[2023-04-23T00:39:36.684+0000] {logging_mixin.py:137} INFO - [2023-04-23T00:39:36.684+0000] {manager.py:504} INFO - Created Permission View: can delete on DAG:example_task_group_decorator
[2023-04-23T00:39:36.684+0000] {logging_mixin.py:137} INFO - [2023-04-23T00:39:36.684+0000] {dag.py:2705} INFO - Sync 1 DAGs
[2023-04-23T00:39:36.707+0000] {logging_mixin.py:137} INFO - [2023-04-23T00:39:36.707+0000] {dag.py:2726} INFO - Creating ORM DAG for example_task_group_decorator
[2023-04-23T00:39:36.729+0000] {logging_mixin.py:137} INFO - [2023-04-23T00:39:36.729+0000] {dag.py:3456} INFO - Setting next_dagrun for example_task_group_decorator to 2023-04-22T00:39:36.729396+00:00, run_after=2023-04-23T00:39:36.729396+00:00
[2023-04-23T00:39:36.761+0000] {processor.py:175} INFO - Processing /home/airflow/.local/lib/python3.7/site-packages/airflow/example_dags/example_task_group_decorator.py took 0.288 seconds
[2023-04-23T00:40:07.233+0000] {processor.py:153} INFO - Started process (PID=111) to work on /home/airflow/.local/lib/python3.7/site-packages/airflow/example_dags/example_task_group_decorator.py
[2023-04-23T00:40:07.259+0000] {processor.py:743} INFO - Processing file /home/airflow/.local/lib/python3.7/site-packages/airflow/example_dags/example_task_group_decorator.py for tasks to queue
[2023-04-23T00:40:07.259+0000] {logging_mixin.py:137} INFO - [2023-04-23T00:40:07.259+0000] {dagbag.py:532} INFO - Filling up the DagBag from /home/airflow/.local/lib/python3.7/site-packages/airflow/example_dags/example_task_group_decorator.py
[2023-04-23T00:40:07.293+0000] {processor.py:753} INFO - DAG(s) dict_keys(['example_task_group_decorator']) retrieved from /home/airflow/.local/lib/python3.7/site-packages/airflow/example_dags/example_task_group_decorator.py
[2023-04-23T00:40:07.324+0000] {logging_mixin.py:137} INFO - [2023-04-23T00:40:07.324+0000] {dag.py:2705} INFO - Sync 1 DAGs
[2023-04-23T00:40:07.352+0000] {logging_mixin.py:137} INFO - [2023-04-23T00:40:07.352+0000] {dag.py:3456} INFO - Setting next_dagrun for example_task_group_decorator to 2023-04-22T00:40:07.352319+00:00, run_after=2023-04-23T00:40:07.352319+00:00
[2023-04-23T00:40:07.372+0000] {processor.py:175} INFO - Processing /home/airflow/.local/lib/python3.7/site-packages/airflow/example_dags/example_task_group_decorator.py took 0.144 seconds
[2023-04-23T00:40:37.734+0000] {processor.py:153} INFO - Started process (PID=161) to work on /home/airflow/.local/lib/python3.7/site-packages/airflow/example_dags/example_task_group_decorator.py
[2023-04-23T00:40:37.735+0000] {processor.py:743} INFO - Processing file /home/airflow/.local/lib/python3.7/site-packages/airflow/example_dags/example_task_group_decorator.py for tasks to queue
[2023-04-23T00:40:37.736+0000] {logging_mixin.py:137} INFO - [2023-04-23T00:40:37.736+0000] {dagbag.py:532} INFO - Filling up the DagBag from /home/airflow/.local/lib/python3.7/site-packages/airflow/example_dags/example_task_group_decorator.py
[2023-04-23T00:40:37.786+0000] {processor.py:753} INFO - DAG(s) dict_keys(['example_task_group_decorator']) retrieved from /home/airflow/.local/lib/python3.7/site-packages/airflow/example_dags/example_task_group_decorator.py
[2023-04-23T00:40:37.831+0000] {logging_mixin.py:137} INFO - [2023-04-23T00:40:37.830+0000] {dag.py:2705} INFO - Sync 1 DAGs
[2023-04-23T00:40:37.867+0000] {logging_mixin.py:137} INFO - [2023-04-23T00:40:37.867+0000] {dag.py:3456} INFO - Setting next_dagrun for example_task_group_decorator to 2023-04-22T00:40:37.867375+00:00, run_after=2023-04-23T00:40:37.867375+00:00
[2023-04-23T00:40:37.893+0000] {processor.py:175} INFO - Processing /home/airflow/.local/lib/python3.7/site-packages/airflow/example_dags/example_task_group_decorator.py took 0.163 seconds
[2023-04-23T00:41:08.626+0000] {processor.py:153} INFO - Started process (PID=211) to work on /home/airflow/.local/lib/python3.7/site-packages/airflow/example_dags/example_task_group_decorator.py
[2023-04-23T00:41:08.627+0000] {processor.py:743} INFO - Processing file /home/airflow/.local/lib/python3.7/site-packages/airflow/example_dags/example_task_group_decorator.py for tasks to queue
[2023-04-23T00:41:08.628+0000] {logging_mixin.py:137} INFO - [2023-04-23T00:41:08.628+0000] {dagbag.py:532} INFO - Filling up the DagBag from /home/airflow/.local/lib/python3.7/site-packages/airflow/example_dags/example_task_group_decorator.py
[2023-04-23T00:41:08.666+0000] {processor.py:753} INFO - DAG(s) dict_keys(['example_task_group_decorator']) retrieved from /home/airflow/.local/lib/python3.7/site-packages/airflow/example_dags/example_task_group_decorator.py
[2023-04-23T00:41:08.701+0000] {logging_mixin.py:137} INFO - [2023-04-23T00:41:08.701+0000] {dag.py:2705} INFO - Sync 1 DAGs
[2023-04-23T00:41:08.732+0000] {logging_mixin.py:137} INFO - [2023-04-23T00:41:08.731+0000] {dag.py:3456} INFO - Setting next_dagrun for example_task_group_decorator to 2023-04-22T00:41:08.731620+00:00, run_after=2023-04-23T00:41:08.731620+00:00
[2023-04-23T00:41:08.754+0000] {processor.py:175} INFO - Processing /home/airflow/.local/lib/python3.7/site-packages/airflow/example_dags/example_task_group_decorator.py took 0.132 seconds
[2023-04-23T00:41:39.189+0000] {processor.py:153} INFO - Started process (PID=261) to work on /home/airflow/.local/lib/python3.7/site-packages/airflow/example_dags/example_task_group_decorator.py
[2023-04-23T00:41:39.190+0000] {processor.py:743} INFO - Processing file /home/airflow/.local/lib/python3.7/site-packages/airflow/example_dags/example_task_group_decorator.py for tasks to queue
[2023-04-23T00:41:39.191+0000] {logging_mixin.py:137} INFO - [2023-04-23T00:41:39.191+0000] {dagbag.py:532} INFO - Filling up the DagBag from /home/airflow/.local/lib/python3.7/site-packages/airflow/example_dags/example_task_group_decorator.py
[2023-04-23T00:41:39.226+0000] {processor.py:753} INFO - DAG(s) dict_keys(['example_task_group_decorator']) retrieved from /home/airflow/.local/lib/python3.7/site-packages/airflow/example_dags/example_task_group_decorator.py
[2023-04-23T00:41:39.260+0000] {logging_mixin.py:137} INFO - [2023-04-23T00:41:39.259+0000] {dag.py:2705} INFO - Sync 1 DAGs
[2023-04-23T00:41:39.292+0000] {logging_mixin.py:137} INFO - [2023-04-23T00:41:39.292+0000] {dag.py:3456} INFO - Setting next_dagrun for example_task_group_decorator to 2023-04-22T00:41:39.292597+00:00, run_after=2023-04-23T00:41:39.292597+00:00
[2023-04-23T00:41:39.314+0000] {processor.py:175} INFO - Processing /home/airflow/.local/lib/python3.7/site-packages/airflow/example_dags/example_task_group_decorator.py took 0.129 seconds
[2023-04-23T00:42:09.959+0000] {processor.py:153} INFO - Started process (PID=311) to work on /home/airflow/.local/lib/python3.7/site-packages/airflow/example_dags/example_task_group_decorator.py
[2023-04-23T00:42:09.960+0000] {processor.py:743} INFO - Processing file /home/airflow/.local/lib/python3.7/site-packages/airflow/example_dags/example_task_group_decorator.py for tasks to queue
[2023-04-23T00:42:09.960+0000] {logging_mixin.py:137} INFO - [2023-04-23T00:42:09.960+0000] {dagbag.py:532} INFO - Filling up the DagBag from /home/airflow/.local/lib/python3.7/site-packages/airflow/example_dags/example_task_group_decorator.py
[2023-04-23T00:42:09.989+0000] {processor.py:753} INFO - DAG(s) dict_keys(['example_task_group_decorator']) retrieved from /home/airflow/.local/lib/python3.7/site-packages/airflow/example_dags/example_task_group_decorator.py
[2023-04-23T00:42:10.017+0000] {logging_mixin.py:137} INFO - [2023-04-23T00:42:10.017+0000] {dag.py:2705} INFO - Sync 1 DAGs
[2023-04-23T00:42:10.048+0000] {logging_mixin.py:137} INFO - [2023-04-23T00:42:10.048+0000] {dag.py:3456} INFO - Setting next_dagrun for example_task_group_decorator to 2023-04-22T00:42:10.048125+00:00, run_after=2023-04-23T00:42:10.048125+00:00
[2023-04-23T00:42:10.085+0000] {processor.py:175} INFO - Processing /home/airflow/.local/lib/python3.7/site-packages/airflow/example_dags/example_task_group_decorator.py took 0.130 seconds
[2023-04-23T00:42:40.421+0000] {processor.py:153} INFO - Started process (PID=360) to work on /home/airflow/.local/lib/python3.7/site-packages/airflow/example_dags/example_task_group_decorator.py
[2023-04-23T00:42:40.440+0000] {processor.py:743} INFO - Processing file /home/airflow/.local/lib/python3.7/site-packages/airflow/example_dags/example_task_group_decorator.py for tasks to queue
[2023-04-23T00:42:40.445+0000] {logging_mixin.py:137} INFO - [2023-04-23T00:42:40.443+0000] {dagbag.py:532} INFO - Filling up the DagBag from /home/airflow/.local/lib/python3.7/site-packages/airflow/example_dags/example_task_group_decorator.py
[2023-04-23T00:42:40.522+0000] {processor.py:753} INFO - DAG(s) dict_keys(['example_task_group_decorator']) retrieved from /home/airflow/.local/lib/python3.7/site-packages/airflow/example_dags/example_task_group_decorator.py
[2023-04-23T00:42:40.672+0000] {logging_mixin.py:137} INFO - [2023-04-23T00:42:40.672+0000] {dag.py:2705} INFO - Sync 1 DAGs
[2023-04-23T00:42:40.706+0000] {logging_mixin.py:137} INFO - [2023-04-23T00:42:40.706+0000] {dag.py:3456} INFO - Setting next_dagrun for example_task_group_decorator to 2023-04-22T00:42:40.705780+00:00, run_after=2023-04-23T00:42:40.705780+00:00
[2023-04-23T00:42:40.735+0000] {processor.py:175} INFO - Processing /home/airflow/.local/lib/python3.7/site-packages/airflow/example_dags/example_task_group_decorator.py took 0.317 seconds
[2023-04-23T00:43:11.640+0000] {processor.py:153} INFO - Started process (PID=419) to work on /home/airflow/.local/lib/python3.7/site-packages/airflow/example_dags/example_task_group_decorator.py
[2023-04-23T00:43:11.642+0000] {processor.py:743} INFO - Processing file /home/airflow/.local/lib/python3.7/site-packages/airflow/example_dags/example_task_group_decorator.py for tasks to queue
[2023-04-23T00:43:11.644+0000] {logging_mixin.py:137} INFO - [2023-04-23T00:43:11.643+0000] {dagbag.py:532} INFO - Filling up the DagBag from /home/airflow/.local/lib/python3.7/site-packages/airflow/example_dags/example_task_group_decorator.py
[2023-04-23T00:43:11.700+0000] {processor.py:753} INFO - DAG(s) dict_keys(['example_task_group_decorator']) retrieved from /home/airflow/.local/lib/python3.7/site-packages/airflow/example_dags/example_task_group_decorator.py
[2023-04-23T00:43:11.735+0000] {logging_mixin.py:137} INFO - [2023-04-23T00:43:11.735+0000] {dag.py:2705} INFO - Sync 1 DAGs
[2023-04-23T00:43:11.769+0000] {logging_mixin.py:137} INFO - [2023-04-23T00:43:11.769+0000] {dag.py:3456} INFO - Setting next_dagrun for example_task_group_decorator to 2023-04-22T00:43:11.769369+00:00, run_after=2023-04-23T00:43:11.769369+00:00
[2023-04-23T00:43:11.801+0000] {processor.py:175} INFO - Processing /home/airflow/.local/lib/python3.7/site-packages/airflow/example_dags/example_task_group_decorator.py took 0.173 seconds
[2023-04-23T00:43:42.178+0000] {processor.py:153} INFO - Started process (PID=469) to work on /home/airflow/.local/lib/python3.7/site-packages/airflow/example_dags/example_task_group_decorator.py
[2023-04-23T00:43:42.181+0000] {processor.py:743} INFO - Processing file /home/airflow/.local/lib/python3.7/site-packages/airflow/example_dags/example_task_group_decorator.py for tasks to queue
[2023-04-23T00:43:42.182+0000] {logging_mixin.py:137} INFO - [2023-04-23T00:43:42.182+0000] {dagbag.py:532} INFO - Filling up the DagBag from /home/airflow/.local/lib/python3.7/site-packages/airflow/example_dags/example_task_group_decorator.py
[2023-04-23T00:43:42.240+0000] {processor.py:753} INFO - DAG(s) dict_keys(['example_task_group_decorator']) retrieved from /home/airflow/.local/lib/python3.7/site-packages/airflow/example_dags/example_task_group_decorator.py
[2023-04-23T00:43:42.296+0000] {logging_mixin.py:137} INFO - [2023-04-23T00:43:42.296+0000] {dag.py:2705} INFO - Sync 1 DAGs
[2023-04-23T00:43:42.337+0000] {logging_mixin.py:137} INFO - [2023-04-23T00:43:42.337+0000] {dag.py:3456} INFO - Setting next_dagrun for example_task_group_decorator to 2023-04-22T00:43:42.337441+00:00, run_after=2023-04-23T00:43:42.337441+00:00
[2023-04-23T00:43:42.364+0000] {processor.py:175} INFO - Processing /home/airflow/.local/lib/python3.7/site-packages/airflow/example_dags/example_task_group_decorator.py took 0.194 seconds
[2023-04-23T00:44:12.991+0000] {processor.py:153} INFO - Started process (PID=519) to work on /home/airflow/.local/lib/python3.7/site-packages/airflow/example_dags/example_task_group_decorator.py
[2023-04-23T00:44:12.992+0000] {processor.py:743} INFO - Processing file /home/airflow/.local/lib/python3.7/site-packages/airflow/example_dags/example_task_group_decorator.py for tasks to queue
[2023-04-23T00:44:12.993+0000] {logging_mixin.py:137} INFO - [2023-04-23T00:44:12.993+0000] {dagbag.py:532} INFO - Filling up the DagBag from /home/airflow/.local/lib/python3.7/site-packages/airflow/example_dags/example_task_group_decorator.py
[2023-04-23T00:44:13.039+0000] {processor.py:753} INFO - DAG(s) dict_keys(['example_task_group_decorator']) retrieved from /home/airflow/.local/lib/python3.7/site-packages/airflow/example_dags/example_task_group_decorator.py
[2023-04-23T00:44:13.086+0000] {logging_mixin.py:137} INFO - [2023-04-23T00:44:13.086+0000] {dag.py:2705} INFO - Sync 1 DAGs
[2023-04-23T00:44:13.147+0000] {logging_mixin.py:137} INFO - [2023-04-23T00:44:13.146+0000] {dag.py:3456} INFO - Setting next_dagrun for example_task_group_decorator to 2023-04-22T00:44:13.146232+00:00, run_after=2023-04-23T00:44:13.146232+00:00
[2023-04-23T00:44:13.214+0000] {processor.py:175} INFO - Processing /home/airflow/.local/lib/python3.7/site-packages/airflow/example_dags/example_task_group_decorator.py took 0.225 seconds
[2023-04-23T00:44:43.298+0000] {processor.py:153} INFO - Started process (PID=569) to work on /home/airflow/.local/lib/python3.7/site-packages/airflow/example_dags/example_task_group_decorator.py
[2023-04-23T00:44:43.302+0000] {processor.py:743} INFO - Processing file /home/airflow/.local/lib/python3.7/site-packages/airflow/example_dags/example_task_group_decorator.py for tasks to queue
[2023-04-23T00:44:43.306+0000] {logging_mixin.py:137} INFO - [2023-04-23T00:44:43.305+0000] {dagbag.py:532} INFO - Filling up the DagBag from /home/airflow/.local/lib/python3.7/site-packages/airflow/example_dags/example_task_group_decorator.py
[2023-04-23T00:44:43.345+0000] {processor.py:753} INFO - DAG(s) dict_keys(['example_task_group_decorator']) retrieved from /home/airflow/.local/lib/python3.7/site-packages/airflow/example_dags/example_task_group_decorator.py
[2023-04-23T00:44:43.373+0000] {logging_mixin.py:137} INFO - [2023-04-23T00:44:43.373+0000] {dag.py:2705} INFO - Sync 1 DAGs
[2023-04-23T00:44:43.399+0000] {logging_mixin.py:137} INFO - [2023-04-23T00:44:43.399+0000] {dag.py:3456} INFO - Setting next_dagrun for example_task_group_decorator to 2023-04-22T00:44:43.399133+00:00, run_after=2023-04-23T00:44:43.399133+00:00
[2023-04-23T00:44:43.418+0000] {processor.py:175} INFO - Processing /home/airflow/.local/lib/python3.7/site-packages/airflow/example_dags/example_task_group_decorator.py took 0.131 seconds
[2023-04-23T00:45:13.474+0000] {processor.py:153} INFO - Started process (PID=620) to work on /home/airflow/.local/lib/python3.7/site-packages/airflow/example_dags/example_task_group_decorator.py
[2023-04-23T00:45:13.475+0000] {processor.py:743} INFO - Processing file /home/airflow/.local/lib/python3.7/site-packages/airflow/example_dags/example_task_group_decorator.py for tasks to queue
[2023-04-23T00:45:13.475+0000] {logging_mixin.py:137} INFO - [2023-04-23T00:45:13.475+0000] {dagbag.py:532} INFO - Filling up the DagBag from /home/airflow/.local/lib/python3.7/site-packages/airflow/example_dags/example_task_group_decorator.py
[2023-04-23T00:45:13.505+0000] {processor.py:753} INFO - DAG(s) dict_keys(['example_task_group_decorator']) retrieved from /home/airflow/.local/lib/python3.7/site-packages/airflow/example_dags/example_task_group_decorator.py
[2023-04-23T00:45:13.535+0000] {logging_mixin.py:137} INFO - [2023-04-23T00:45:13.535+0000] {dag.py:2705} INFO - Sync 1 DAGs
[2023-04-23T00:45:13.562+0000] {logging_mixin.py:137} INFO - [2023-04-23T00:45:13.562+0000] {dag.py:3456} INFO - Setting next_dagrun for example_task_group_decorator to 2023-04-22T00:45:13.562493+00:00, run_after=2023-04-23T00:45:13.562493+00:00
[2023-04-23T00:45:13.584+0000] {processor.py:175} INFO - Processing /home/airflow/.local/lib/python3.7/site-packages/airflow/example_dags/example_task_group_decorator.py took 0.112 seconds
[2023-04-23T00:45:43.906+0000] {processor.py:153} INFO - Started process (PID=671) to work on /home/airflow/.local/lib/python3.7/site-packages/airflow/example_dags/example_task_group_decorator.py
[2023-04-23T00:45:43.908+0000] {processor.py:743} INFO - Processing file /home/airflow/.local/lib/python3.7/site-packages/airflow/example_dags/example_task_group_decorator.py for tasks to queue
[2023-04-23T00:45:43.909+0000] {logging_mixin.py:137} INFO - [2023-04-23T00:45:43.909+0000] {dagbag.py:532} INFO - Filling up the DagBag from /home/airflow/.local/lib/python3.7/site-packages/airflow/example_dags/example_task_group_decorator.py
[2023-04-23T00:45:43.977+0000] {processor.py:753} INFO - DAG(s) dict_keys(['example_task_group_decorator']) retrieved from /home/airflow/.local/lib/python3.7/site-packages/airflow/example_dags/example_task_group_decorator.py
[2023-04-23T00:45:44.036+0000] {logging_mixin.py:137} INFO - [2023-04-23T00:45:44.035+0000] {dag.py:2705} INFO - Sync 1 DAGs
[2023-04-23T00:45:44.078+0000] {logging_mixin.py:137} INFO - [2023-04-23T00:45:44.078+0000] {dag.py:3456} INFO - Setting next_dagrun for example_task_group_decorator to 2023-04-22T00:45:44.078607+00:00, run_after=2023-04-23T00:45:44.078607+00:00
[2023-04-23T00:45:44.109+0000] {processor.py:175} INFO - Processing /home/airflow/.local/lib/python3.7/site-packages/airflow/example_dags/example_task_group_decorator.py took 0.214 seconds
[2023-04-23T00:46:14.222+0000] {processor.py:153} INFO - Started process (PID=722) to work on /home/airflow/.local/lib/python3.7/site-packages/airflow/example_dags/example_task_group_decorator.py
[2023-04-23T00:46:14.224+0000] {processor.py:743} INFO - Processing file /home/airflow/.local/lib/python3.7/site-packages/airflow/example_dags/example_task_group_decorator.py for tasks to queue
[2023-04-23T00:46:14.226+0000] {logging_mixin.py:137} INFO - [2023-04-23T00:46:14.225+0000] {dagbag.py:532} INFO - Filling up the DagBag from /home/airflow/.local/lib/python3.7/site-packages/airflow/example_dags/example_task_group_decorator.py
[2023-04-23T00:46:14.276+0000] {processor.py:753} INFO - DAG(s) dict_keys(['example_task_group_decorator']) retrieved from /home/airflow/.local/lib/python3.7/site-packages/airflow/example_dags/example_task_group_decorator.py
[2023-04-23T00:46:14.328+0000] {logging_mixin.py:137} INFO - [2023-04-23T00:46:14.328+0000] {dag.py:2705} INFO - Sync 1 DAGs
[2023-04-23T00:46:14.380+0000] {logging_mixin.py:137} INFO - [2023-04-23T00:46:14.380+0000] {dag.py:3456} INFO - Setting next_dagrun for example_task_group_decorator to 2023-04-22T00:46:14.379716+00:00, run_after=2023-04-23T00:46:14.379716+00:00
[2023-04-23T00:46:14.411+0000] {processor.py:175} INFO - Processing /home/airflow/.local/lib/python3.7/site-packages/airflow/example_dags/example_task_group_decorator.py took 0.193 seconds
