[2023-04-23T00:39:30.356+0000] {processor.py:153} INFO - Started process (PID=35) to work on /home/airflow/.local/lib/python3.7/site-packages/airflow/example_dags/example_skip_dag.py
[2023-04-23T00:39:30.357+0000] {processor.py:743} INFO - Processing file /home/airflow/.local/lib/python3.7/site-packages/airflow/example_dags/example_skip_dag.py for tasks to queue
[2023-04-23T00:39:30.359+0000] {logging_mixin.py:137} INFO - [2023-04-23T00:39:30.358+0000] {dagbag.py:532} INFO - Filling up the DagBag from /home/airflow/.local/lib/python3.7/site-packages/airflow/example_dags/example_skip_dag.py
[2023-04-23T00:39:30.445+0000] {processor.py:753} INFO - DAG(s) dict_keys(['example_skip_dag']) retrieved from /home/airflow/.local/lib/python3.7/site-packages/airflow/example_dags/example_skip_dag.py
[2023-04-23T00:39:30.810+0000] {logging_mixin.py:137} INFO - [2023-04-23T00:39:30.810+0000] {manager.py:504} INFO - Created Permission View: can edit on DAG:example_skip_dag
[2023-04-23T00:39:30.837+0000] {logging_mixin.py:137} INFO - [2023-04-23T00:39:30.837+0000] {manager.py:504} INFO - Created Permission View: can read on DAG:example_skip_dag
[2023-04-23T00:39:30.858+0000] {logging_mixin.py:137} INFO - [2023-04-23T00:39:30.858+0000] {manager.py:504} INFO - Created Permission View: can delete on DAG:example_skip_dag
[2023-04-23T00:39:30.858+0000] {logging_mixin.py:137} INFO - [2023-04-23T00:39:30.858+0000] {dag.py:2705} INFO - Sync 1 DAGs
[2023-04-23T00:39:30.890+0000] {logging_mixin.py:137} INFO - [2023-04-23T00:39:30.890+0000] {dag.py:2726} INFO - Creating ORM DAG for example_skip_dag
[2023-04-23T00:39:30.915+0000] {logging_mixin.py:137} INFO - [2023-04-23T00:39:30.915+0000] {dag.py:3456} INFO - Setting next_dagrun for example_skip_dag to 2023-04-22T00:39:30.915015+00:00, run_after=2023-04-23T00:39:30.915015+00:00
[2023-04-23T00:39:30.968+0000] {processor.py:175} INFO - Processing /home/airflow/.local/lib/python3.7/site-packages/airflow/example_dags/example_skip_dag.py took 0.624 seconds
[2023-04-23T00:40:01.105+0000] {processor.py:153} INFO - Started process (PID=85) to work on /home/airflow/.local/lib/python3.7/site-packages/airflow/example_dags/example_skip_dag.py
[2023-04-23T00:40:01.106+0000] {processor.py:743} INFO - Processing file /home/airflow/.local/lib/python3.7/site-packages/airflow/example_dags/example_skip_dag.py for tasks to queue
[2023-04-23T00:40:01.107+0000] {logging_mixin.py:137} INFO - [2023-04-23T00:40:01.107+0000] {dagbag.py:532} INFO - Filling up the DagBag from /home/airflow/.local/lib/python3.7/site-packages/airflow/example_dags/example_skip_dag.py
[2023-04-23T00:40:01.129+0000] {processor.py:753} INFO - DAG(s) dict_keys(['example_skip_dag']) retrieved from /home/airflow/.local/lib/python3.7/site-packages/airflow/example_dags/example_skip_dag.py
[2023-04-23T00:40:01.167+0000] {logging_mixin.py:137} INFO - [2023-04-23T00:40:01.167+0000] {dag.py:2705} INFO - Sync 1 DAGs
[2023-04-23T00:40:01.211+0000] {logging_mixin.py:137} INFO - [2023-04-23T00:40:01.211+0000] {dag.py:3456} INFO - Setting next_dagrun for example_skip_dag to 2023-04-22T00:40:01.210965+00:00, run_after=2023-04-23T00:40:01.210965+00:00
[2023-04-23T00:40:01.271+0000] {processor.py:175} INFO - Processing /home/airflow/.local/lib/python3.7/site-packages/airflow/example_dags/example_skip_dag.py took 0.173 seconds
[2023-04-23T00:40:31.613+0000] {processor.py:153} INFO - Started process (PID=135) to work on /home/airflow/.local/lib/python3.7/site-packages/airflow/example_dags/example_skip_dag.py
[2023-04-23T00:40:31.640+0000] {processor.py:743} INFO - Processing file /home/airflow/.local/lib/python3.7/site-packages/airflow/example_dags/example_skip_dag.py for tasks to queue
[2023-04-23T00:40:31.640+0000] {logging_mixin.py:137} INFO - [2023-04-23T00:40:31.640+0000] {dagbag.py:532} INFO - Filling up the DagBag from /home/airflow/.local/lib/python3.7/site-packages/airflow/example_dags/example_skip_dag.py
[2023-04-23T00:40:31.655+0000] {processor.py:753} INFO - DAG(s) dict_keys(['example_skip_dag']) retrieved from /home/airflow/.local/lib/python3.7/site-packages/airflow/example_dags/example_skip_dag.py
[2023-04-23T00:40:31.685+0000] {logging_mixin.py:137} INFO - [2023-04-23T00:40:31.685+0000] {dag.py:2705} INFO - Sync 1 DAGs
[2023-04-23T00:40:31.720+0000] {logging_mixin.py:137} INFO - [2023-04-23T00:40:31.719+0000] {dag.py:3456} INFO - Setting next_dagrun for example_skip_dag to 2023-04-22T00:40:31.719750+00:00, run_after=2023-04-23T00:40:31.719750+00:00
[2023-04-23T00:40:31.741+0000] {processor.py:175} INFO - Processing /home/airflow/.local/lib/python3.7/site-packages/airflow/example_dags/example_skip_dag.py took 0.134 seconds
[2023-04-23T00:41:02.211+0000] {processor.py:153} INFO - Started process (PID=185) to work on /home/airflow/.local/lib/python3.7/site-packages/airflow/example_dags/example_skip_dag.py
[2023-04-23T00:41:02.213+0000] {processor.py:743} INFO - Processing file /home/airflow/.local/lib/python3.7/site-packages/airflow/example_dags/example_skip_dag.py for tasks to queue
[2023-04-23T00:41:02.214+0000] {logging_mixin.py:137} INFO - [2023-04-23T00:41:02.213+0000] {dagbag.py:532} INFO - Filling up the DagBag from /home/airflow/.local/lib/python3.7/site-packages/airflow/example_dags/example_skip_dag.py
[2023-04-23T00:41:02.231+0000] {processor.py:753} INFO - DAG(s) dict_keys(['example_skip_dag']) retrieved from /home/airflow/.local/lib/python3.7/site-packages/airflow/example_dags/example_skip_dag.py
[2023-04-23T00:41:02.274+0000] {logging_mixin.py:137} INFO - [2023-04-23T00:41:02.274+0000] {dag.py:2705} INFO - Sync 1 DAGs
[2023-04-23T00:41:02.311+0000] {logging_mixin.py:137} INFO - [2023-04-23T00:41:02.310+0000] {dag.py:3456} INFO - Setting next_dagrun for example_skip_dag to 2023-04-22T00:41:02.310520+00:00, run_after=2023-04-23T00:41:02.310520+00:00
[2023-04-23T00:41:02.335+0000] {processor.py:175} INFO - Processing /home/airflow/.local/lib/python3.7/site-packages/airflow/example_dags/example_skip_dag.py took 0.129 seconds
[2023-04-23T00:41:32.773+0000] {processor.py:153} INFO - Started process (PID=235) to work on /home/airflow/.local/lib/python3.7/site-packages/airflow/example_dags/example_skip_dag.py
[2023-04-23T00:41:32.775+0000] {processor.py:743} INFO - Processing file /home/airflow/.local/lib/python3.7/site-packages/airflow/example_dags/example_skip_dag.py for tasks to queue
[2023-04-23T00:41:32.776+0000] {logging_mixin.py:137} INFO - [2023-04-23T00:41:32.776+0000] {dagbag.py:532} INFO - Filling up the DagBag from /home/airflow/.local/lib/python3.7/site-packages/airflow/example_dags/example_skip_dag.py
[2023-04-23T00:41:32.794+0000] {processor.py:753} INFO - DAG(s) dict_keys(['example_skip_dag']) retrieved from /home/airflow/.local/lib/python3.7/site-packages/airflow/example_dags/example_skip_dag.py
[2023-04-23T00:41:32.827+0000] {logging_mixin.py:137} INFO - [2023-04-23T00:41:32.826+0000] {dag.py:2705} INFO - Sync 1 DAGs
[2023-04-23T00:41:32.871+0000] {logging_mixin.py:137} INFO - [2023-04-23T00:41:32.871+0000] {dag.py:3456} INFO - Setting next_dagrun for example_skip_dag to 2023-04-22T00:41:32.871117+00:00, run_after=2023-04-23T00:41:32.871117+00:00
[2023-04-23T00:41:32.899+0000] {processor.py:175} INFO - Processing /home/airflow/.local/lib/python3.7/site-packages/airflow/example_dags/example_skip_dag.py took 0.133 seconds
[2023-04-23T00:42:03.352+0000] {processor.py:153} INFO - Started process (PID=286) to work on /home/airflow/.local/lib/python3.7/site-packages/airflow/example_dags/example_skip_dag.py
[2023-04-23T00:42:03.353+0000] {processor.py:743} INFO - Processing file /home/airflow/.local/lib/python3.7/site-packages/airflow/example_dags/example_skip_dag.py for tasks to queue
[2023-04-23T00:42:03.354+0000] {logging_mixin.py:137} INFO - [2023-04-23T00:42:03.354+0000] {dagbag.py:532} INFO - Filling up the DagBag from /home/airflow/.local/lib/python3.7/site-packages/airflow/example_dags/example_skip_dag.py
[2023-04-23T00:42:03.371+0000] {processor.py:753} INFO - DAG(s) dict_keys(['example_skip_dag']) retrieved from /home/airflow/.local/lib/python3.7/site-packages/airflow/example_dags/example_skip_dag.py
[2023-04-23T00:42:03.405+0000] {logging_mixin.py:137} INFO - [2023-04-23T00:42:03.405+0000] {dag.py:2705} INFO - Sync 1 DAGs
[2023-04-23T00:42:03.448+0000] {logging_mixin.py:137} INFO - [2023-04-23T00:42:03.447+0000] {dag.py:3456} INFO - Setting next_dagrun for example_skip_dag to 2023-04-22T00:42:03.447404+00:00, run_after=2023-04-23T00:42:03.447404+00:00
[2023-04-23T00:42:03.480+0000] {processor.py:175} INFO - Processing /home/airflow/.local/lib/python3.7/site-packages/airflow/example_dags/example_skip_dag.py took 0.134 seconds
[2023-04-23T00:42:33.906+0000] {processor.py:153} INFO - Started process (PID=335) to work on /home/airflow/.local/lib/python3.7/site-packages/airflow/example_dags/example_skip_dag.py
[2023-04-23T00:42:33.913+0000] {processor.py:743} INFO - Processing file /home/airflow/.local/lib/python3.7/site-packages/airflow/example_dags/example_skip_dag.py for tasks to queue
[2023-04-23T00:42:33.914+0000] {logging_mixin.py:137} INFO - [2023-04-23T00:42:33.914+0000] {dagbag.py:532} INFO - Filling up the DagBag from /home/airflow/.local/lib/python3.7/site-packages/airflow/example_dags/example_skip_dag.py
[2023-04-23T00:42:33.942+0000] {processor.py:753} INFO - DAG(s) dict_keys(['example_skip_dag']) retrieved from /home/airflow/.local/lib/python3.7/site-packages/airflow/example_dags/example_skip_dag.py
[2023-04-23T00:42:33.997+0000] {logging_mixin.py:137} INFO - [2023-04-23T00:42:33.997+0000] {dag.py:2705} INFO - Sync 1 DAGs
[2023-04-23T00:42:34.041+0000] {logging_mixin.py:137} INFO - [2023-04-23T00:42:34.041+0000] {dag.py:3456} INFO - Setting next_dagrun for example_skip_dag to 2023-04-22T00:42:34.041399+00:00, run_after=2023-04-23T00:42:34.041399+00:00
[2023-04-23T00:42:34.090+0000] {processor.py:175} INFO - Processing /home/airflow/.local/lib/python3.7/site-packages/airflow/example_dags/example_skip_dag.py took 0.190 seconds
[2023-04-23T00:43:04.224+0000] {processor.py:153} INFO - Started process (PID=386) to work on /home/airflow/.local/lib/python3.7/site-packages/airflow/example_dags/example_skip_dag.py
[2023-04-23T00:43:04.225+0000] {processor.py:743} INFO - Processing file /home/airflow/.local/lib/python3.7/site-packages/airflow/example_dags/example_skip_dag.py for tasks to queue
[2023-04-23T00:43:04.225+0000] {logging_mixin.py:137} INFO - [2023-04-23T00:43:04.225+0000] {dagbag.py:532} INFO - Filling up the DagBag from /home/airflow/.local/lib/python3.7/site-packages/airflow/example_dags/example_skip_dag.py
[2023-04-23T00:43:04.239+0000] {processor.py:753} INFO - DAG(s) dict_keys(['example_skip_dag']) retrieved from /home/airflow/.local/lib/python3.7/site-packages/airflow/example_dags/example_skip_dag.py
[2023-04-23T00:43:04.266+0000] {logging_mixin.py:137} INFO - [2023-04-23T00:43:04.266+0000] {dag.py:2705} INFO - Sync 1 DAGs
[2023-04-23T00:43:04.311+0000] {logging_mixin.py:137} INFO - [2023-04-23T00:43:04.311+0000] {dag.py:3456} INFO - Setting next_dagrun for example_skip_dag to 2023-04-22T00:43:04.311119+00:00, run_after=2023-04-23T00:43:04.311119+00:00
[2023-04-23T00:43:04.340+0000] {processor.py:175} INFO - Processing /home/airflow/.local/lib/python3.7/site-packages/airflow/example_dags/example_skip_dag.py took 0.120 seconds
[2023-04-23T00:43:34.952+0000] {processor.py:153} INFO - Started process (PID=436) to work on /home/airflow/.local/lib/python3.7/site-packages/airflow/example_dags/example_skip_dag.py
[2023-04-23T00:43:34.982+0000] {processor.py:743} INFO - Processing file /home/airflow/.local/lib/python3.7/site-packages/airflow/example_dags/example_skip_dag.py for tasks to queue
[2023-04-23T00:43:34.983+0000] {logging_mixin.py:137} INFO - [2023-04-23T00:43:34.983+0000] {dagbag.py:532} INFO - Filling up the DagBag from /home/airflow/.local/lib/python3.7/site-packages/airflow/example_dags/example_skip_dag.py
[2023-04-23T00:43:35.007+0000] {processor.py:753} INFO - DAG(s) dict_keys(['example_skip_dag']) retrieved from /home/airflow/.local/lib/python3.7/site-packages/airflow/example_dags/example_skip_dag.py
[2023-04-23T00:43:35.049+0000] {logging_mixin.py:137} INFO - [2023-04-23T00:43:35.049+0000] {dag.py:2705} INFO - Sync 1 DAGs
[2023-04-23T00:43:35.098+0000] {logging_mixin.py:137} INFO - [2023-04-23T00:43:35.098+0000] {dag.py:3456} INFO - Setting next_dagrun for example_skip_dag to 2023-04-22T00:43:35.097719+00:00, run_after=2023-04-23T00:43:35.097719+00:00
[2023-04-23T00:43:35.128+0000] {processor.py:175} INFO - Processing /home/airflow/.local/lib/python3.7/site-packages/airflow/example_dags/example_skip_dag.py took 0.180 seconds
[2023-04-23T00:44:05.511+0000] {processor.py:153} INFO - Started process (PID=486) to work on /home/airflow/.local/lib/python3.7/site-packages/airflow/example_dags/example_skip_dag.py
[2023-04-23T00:44:05.535+0000] {processor.py:743} INFO - Processing file /home/airflow/.local/lib/python3.7/site-packages/airflow/example_dags/example_skip_dag.py for tasks to queue
[2023-04-23T00:44:05.535+0000] {logging_mixin.py:137} INFO - [2023-04-23T00:44:05.535+0000] {dagbag.py:532} INFO - Filling up the DagBag from /home/airflow/.local/lib/python3.7/site-packages/airflow/example_dags/example_skip_dag.py
[2023-04-23T00:44:05.549+0000] {processor.py:753} INFO - DAG(s) dict_keys(['example_skip_dag']) retrieved from /home/airflow/.local/lib/python3.7/site-packages/airflow/example_dags/example_skip_dag.py
[2023-04-23T00:44:05.589+0000] {logging_mixin.py:137} INFO - [2023-04-23T00:44:05.588+0000] {dag.py:2705} INFO - Sync 1 DAGs
[2023-04-23T00:44:05.631+0000] {logging_mixin.py:137} INFO - [2023-04-23T00:44:05.631+0000] {dag.py:3456} INFO - Setting next_dagrun for example_skip_dag to 2023-04-22T00:44:05.631080+00:00, run_after=2023-04-23T00:44:05.631080+00:00
[2023-04-23T00:44:05.657+0000] {processor.py:175} INFO - Processing /home/airflow/.local/lib/python3.7/site-packages/airflow/example_dags/example_skip_dag.py took 0.151 seconds
[2023-04-23T00:44:36.025+0000] {processor.py:153} INFO - Started process (PID=537) to work on /home/airflow/.local/lib/python3.7/site-packages/airflow/example_dags/example_skip_dag.py
[2023-04-23T00:44:36.026+0000] {processor.py:743} INFO - Processing file /home/airflow/.local/lib/python3.7/site-packages/airflow/example_dags/example_skip_dag.py for tasks to queue
[2023-04-23T00:44:36.028+0000] {logging_mixin.py:137} INFO - [2023-04-23T00:44:36.027+0000] {dagbag.py:532} INFO - Filling up the DagBag from /home/airflow/.local/lib/python3.7/site-packages/airflow/example_dags/example_skip_dag.py
[2023-04-23T00:44:36.080+0000] {processor.py:753} INFO - DAG(s) dict_keys(['example_skip_dag']) retrieved from /home/airflow/.local/lib/python3.7/site-packages/airflow/example_dags/example_skip_dag.py
[2023-04-23T00:44:36.128+0000] {logging_mixin.py:137} INFO - [2023-04-23T00:44:36.128+0000] {dag.py:2705} INFO - Sync 1 DAGs
[2023-04-23T00:44:36.176+0000] {logging_mixin.py:137} INFO - [2023-04-23T00:44:36.176+0000] {dag.py:3456} INFO - Setting next_dagrun for example_skip_dag to 2023-04-22T00:44:36.175639+00:00, run_after=2023-04-23T00:44:36.175639+00:00
[2023-04-23T00:44:36.208+0000] {processor.py:175} INFO - Processing /home/airflow/.local/lib/python3.7/site-packages/airflow/example_dags/example_skip_dag.py took 0.226 seconds
[2023-04-23T00:45:06.389+0000] {processor.py:153} INFO - Started process (PID=588) to work on /home/airflow/.local/lib/python3.7/site-packages/airflow/example_dags/example_skip_dag.py
[2023-04-23T00:45:06.417+0000] {processor.py:743} INFO - Processing file /home/airflow/.local/lib/python3.7/site-packages/airflow/example_dags/example_skip_dag.py for tasks to queue
[2023-04-23T00:45:06.418+0000] {logging_mixin.py:137} INFO - [2023-04-23T00:45:06.417+0000] {dagbag.py:532} INFO - Filling up the DagBag from /home/airflow/.local/lib/python3.7/site-packages/airflow/example_dags/example_skip_dag.py
[2023-04-23T00:45:06.432+0000] {processor.py:753} INFO - DAG(s) dict_keys(['example_skip_dag']) retrieved from /home/airflow/.local/lib/python3.7/site-packages/airflow/example_dags/example_skip_dag.py
[2023-04-23T00:45:06.469+0000] {logging_mixin.py:137} INFO - [2023-04-23T00:45:06.469+0000] {dag.py:2705} INFO - Sync 1 DAGs
[2023-04-23T00:45:06.499+0000] {logging_mixin.py:137} INFO - [2023-04-23T00:45:06.498+0000] {dag.py:3456} INFO - Setting next_dagrun for example_skip_dag to 2023-04-22T00:45:06.498641+00:00, run_after=2023-04-23T00:45:06.498641+00:00
[2023-04-23T00:45:06.521+0000] {processor.py:175} INFO - Processing /home/airflow/.local/lib/python3.7/site-packages/airflow/example_dags/example_skip_dag.py took 0.135 seconds
[2023-04-23T00:45:36.825+0000] {processor.py:153} INFO - Started process (PID=639) to work on /home/airflow/.local/lib/python3.7/site-packages/airflow/example_dags/example_skip_dag.py
[2023-04-23T00:45:36.831+0000] {processor.py:743} INFO - Processing file /home/airflow/.local/lib/python3.7/site-packages/airflow/example_dags/example_skip_dag.py for tasks to queue
[2023-04-23T00:45:36.832+0000] {logging_mixin.py:137} INFO - [2023-04-23T00:45:36.832+0000] {dagbag.py:532} INFO - Filling up the DagBag from /home/airflow/.local/lib/python3.7/site-packages/airflow/example_dags/example_skip_dag.py
[2023-04-23T00:45:36.860+0000] {processor.py:753} INFO - DAG(s) dict_keys(['example_skip_dag']) retrieved from /home/airflow/.local/lib/python3.7/site-packages/airflow/example_dags/example_skip_dag.py
[2023-04-23T00:45:36.915+0000] {logging_mixin.py:137} INFO - [2023-04-23T00:45:36.915+0000] {dag.py:2705} INFO - Sync 1 DAGs
[2023-04-23T00:45:36.984+0000] {logging_mixin.py:137} INFO - [2023-04-23T00:45:36.984+0000] {dag.py:3456} INFO - Setting next_dagrun for example_skip_dag to 2023-04-22T00:45:36.984052+00:00, run_after=2023-04-23T00:45:36.984052+00:00
[2023-04-23T00:45:37.042+0000] {processor.py:175} INFO - Processing /home/airflow/.local/lib/python3.7/site-packages/airflow/example_dags/example_skip_dag.py took 0.221 seconds
[2023-04-23T00:46:07.228+0000] {processor.py:153} INFO - Started process (PID=690) to work on /home/airflow/.local/lib/python3.7/site-packages/airflow/example_dags/example_skip_dag.py
[2023-04-23T00:46:07.254+0000] {processor.py:743} INFO - Processing file /home/airflow/.local/lib/python3.7/site-packages/airflow/example_dags/example_skip_dag.py for tasks to queue
[2023-04-23T00:46:07.267+0000] {logging_mixin.py:137} INFO - [2023-04-23T00:46:07.267+0000] {dagbag.py:532} INFO - Filling up the DagBag from /home/airflow/.local/lib/python3.7/site-packages/airflow/example_dags/example_skip_dag.py
[2023-04-23T00:46:07.297+0000] {processor.py:753} INFO - DAG(s) dict_keys(['example_skip_dag']) retrieved from /home/airflow/.local/lib/python3.7/site-packages/airflow/example_dags/example_skip_dag.py
[2023-04-23T00:46:07.379+0000] {logging_mixin.py:137} INFO - [2023-04-23T00:46:07.379+0000] {dag.py:2705} INFO - Sync 1 DAGs
[2023-04-23T00:46:07.424+0000] {logging_mixin.py:137} INFO - [2023-04-23T00:46:07.424+0000] {dag.py:3456} INFO - Setting next_dagrun for example_skip_dag to 2023-04-22T00:46:07.423733+00:00, run_after=2023-04-23T00:46:07.423733+00:00
[2023-04-23T00:46:07.452+0000] {processor.py:175} INFO - Processing /home/airflow/.local/lib/python3.7/site-packages/airflow/example_dags/example_skip_dag.py took 0.234 seconds
