[2023-04-23T00:39:35.639+0000] {processor.py:153} INFO - Started process (PID=57) to work on /home/airflow/.local/lib/python3.7/site-packages/airflow/example_dags/example_branch_datetime_operator.py
[2023-04-23T00:39:35.640+0000] {processor.py:743} INFO - Processing file /home/airflow/.local/lib/python3.7/site-packages/airflow/example_dags/example_branch_datetime_operator.py for tasks to queue
[2023-04-23T00:39:35.641+0000] {logging_mixin.py:137} INFO - [2023-04-23T00:39:35.641+0000] {dagbag.py:532} INFO - Filling up the DagBag from /home/airflow/.local/lib/python3.7/site-packages/airflow/example_dags/example_branch_datetime_operator.py
[2023-04-23T00:39:35.673+0000] {processor.py:753} INFO - DAG(s) dict_keys(['example_branch_datetime_operator', 'example_branch_datetime_operator_3', 'example_branch_datetime_operator_2']) retrieved from /home/airflow/.local/lib/python3.7/site-packages/airflow/example_dags/example_branch_datetime_operator.py
[2023-04-23T00:39:35.865+0000] {logging_mixin.py:137} INFO - [2023-04-23T00:39:35.865+0000] {manager.py:504} INFO - Created Permission View: can edit on DAG:example_branch_datetime_operator
[2023-04-23T00:39:35.879+0000] {logging_mixin.py:137} INFO - [2023-04-23T00:39:35.879+0000] {manager.py:504} INFO - Created Permission View: can read on DAG:example_branch_datetime_operator
[2023-04-23T00:39:35.888+0000] {logging_mixin.py:137} INFO - [2023-04-23T00:39:35.887+0000] {manager.py:504} INFO - Created Permission View: can delete on DAG:example_branch_datetime_operator
[2023-04-23T00:39:35.907+0000] {logging_mixin.py:137} INFO - [2023-04-23T00:39:35.907+0000] {manager.py:504} INFO - Created Permission View: can edit on DAG:example_branch_datetime_operator_3
[2023-04-23T00:39:35.919+0000] {logging_mixin.py:137} INFO - [2023-04-23T00:39:35.919+0000] {manager.py:504} INFO - Created Permission View: can read on DAG:example_branch_datetime_operator_3
[2023-04-23T00:39:35.930+0000] {logging_mixin.py:137} INFO - [2023-04-23T00:39:35.929+0000] {manager.py:504} INFO - Created Permission View: can delete on DAG:example_branch_datetime_operator_3
[2023-04-23T00:39:35.951+0000] {logging_mixin.py:137} INFO - [2023-04-23T00:39:35.951+0000] {manager.py:504} INFO - Created Permission View: can edit on DAG:example_branch_datetime_operator_2
[2023-04-23T00:39:35.962+0000] {logging_mixin.py:137} INFO - [2023-04-23T00:39:35.961+0000] {manager.py:504} INFO - Created Permission View: can read on DAG:example_branch_datetime_operator_2
[2023-04-23T00:39:35.971+0000] {logging_mixin.py:137} INFO - [2023-04-23T00:39:35.970+0000] {manager.py:504} INFO - Created Permission View: can delete on DAG:example_branch_datetime_operator_2
[2023-04-23T00:39:35.971+0000] {logging_mixin.py:137} INFO - [2023-04-23T00:39:35.971+0000] {dag.py:2705} INFO - Sync 3 DAGs
[2023-04-23T00:39:35.984+0000] {logging_mixin.py:137} INFO - [2023-04-23T00:39:35.984+0000] {dag.py:2726} INFO - Creating ORM DAG for example_branch_datetime_operator_3
[2023-04-23T00:39:35.985+0000] {logging_mixin.py:137} INFO - [2023-04-23T00:39:35.985+0000] {dag.py:2726} INFO - Creating ORM DAG for example_branch_datetime_operator
[2023-04-23T00:39:35.985+0000] {logging_mixin.py:137} INFO - [2023-04-23T00:39:35.985+0000] {dag.py:2726} INFO - Creating ORM DAG for example_branch_datetime_operator_2
[2023-04-23T00:39:36.003+0000] {logging_mixin.py:137} INFO - [2023-04-23T00:39:36.003+0000] {dag.py:3456} INFO - Setting next_dagrun for example_branch_datetime_operator to 2023-04-22T00:00:00+00:00, run_after=2023-04-23T00:00:00+00:00
[2023-04-23T00:39:36.005+0000] {logging_mixin.py:137} INFO - [2023-04-23T00:39:36.005+0000] {dag.py:3456} INFO - Setting next_dagrun for example_branch_datetime_operator_2 to 2023-04-22T00:00:00+00:00, run_after=2023-04-23T00:00:00+00:00
[2023-04-23T00:39:36.008+0000] {logging_mixin.py:137} INFO - [2023-04-23T00:39:36.008+0000] {dag.py:3456} INFO - Setting next_dagrun for example_branch_datetime_operator_3 to 2023-04-22T00:00:00+00:00, run_after=2023-04-23T00:00:00+00:00
[2023-04-23T00:39:36.039+0000] {processor.py:175} INFO - Processing /home/airflow/.local/lib/python3.7/site-packages/airflow/example_dags/example_branch_datetime_operator.py took 0.405 seconds
[2023-04-23T00:40:06.791+0000] {processor.py:153} INFO - Started process (PID=107) to work on /home/airflow/.local/lib/python3.7/site-packages/airflow/example_dags/example_branch_datetime_operator.py
[2023-04-23T00:40:06.796+0000] {processor.py:743} INFO - Processing file /home/airflow/.local/lib/python3.7/site-packages/airflow/example_dags/example_branch_datetime_operator.py for tasks to queue
[2023-04-23T00:40:06.797+0000] {logging_mixin.py:137} INFO - [2023-04-23T00:40:06.797+0000] {dagbag.py:532} INFO - Filling up the DagBag from /home/airflow/.local/lib/python3.7/site-packages/airflow/example_dags/example_branch_datetime_operator.py
[2023-04-23T00:40:06.838+0000] {processor.py:753} INFO - DAG(s) dict_keys(['example_branch_datetime_operator', 'example_branch_datetime_operator_2', 'example_branch_datetime_operator_3']) retrieved from /home/airflow/.local/lib/python3.7/site-packages/airflow/example_dags/example_branch_datetime_operator.py
[2023-04-23T00:40:06.915+0000] {logging_mixin.py:137} INFO - [2023-04-23T00:40:06.915+0000] {dag.py:2705} INFO - Sync 3 DAGs
[2023-04-23T00:40:06.977+0000] {logging_mixin.py:137} INFO - [2023-04-23T00:40:06.977+0000] {dag.py:3456} INFO - Setting next_dagrun for example_branch_datetime_operator to 2023-04-22T00:00:00+00:00, run_after=2023-04-23T00:00:00+00:00
[2023-04-23T00:40:06.984+0000] {logging_mixin.py:137} INFO - [2023-04-23T00:40:06.984+0000] {dag.py:3456} INFO - Setting next_dagrun for example_branch_datetime_operator_2 to 2023-04-22T00:00:00+00:00, run_after=2023-04-23T00:00:00+00:00
[2023-04-23T00:40:06.987+0000] {logging_mixin.py:137} INFO - [2023-04-23T00:40:06.987+0000] {dag.py:3456} INFO - Setting next_dagrun for example_branch_datetime_operator_3 to 2023-04-22T00:00:00+00:00, run_after=2023-04-23T00:00:00+00:00
[2023-04-23T00:40:07.015+0000] {processor.py:175} INFO - Processing /home/airflow/.local/lib/python3.7/site-packages/airflow/example_dags/example_branch_datetime_operator.py took 0.231 seconds
[2023-04-23T00:40:37.255+0000] {processor.py:153} INFO - Started process (PID=157) to work on /home/airflow/.local/lib/python3.7/site-packages/airflow/example_dags/example_branch_datetime_operator.py
[2023-04-23T00:40:37.256+0000] {processor.py:743} INFO - Processing file /home/airflow/.local/lib/python3.7/site-packages/airflow/example_dags/example_branch_datetime_operator.py for tasks to queue
[2023-04-23T00:40:37.257+0000] {logging_mixin.py:137} INFO - [2023-04-23T00:40:37.256+0000] {dagbag.py:532} INFO - Filling up the DagBag from /home/airflow/.local/lib/python3.7/site-packages/airflow/example_dags/example_branch_datetime_operator.py
[2023-04-23T00:40:37.284+0000] {processor.py:753} INFO - DAG(s) dict_keys(['example_branch_datetime_operator_2', 'example_branch_datetime_operator_3', 'example_branch_datetime_operator']) retrieved from /home/airflow/.local/lib/python3.7/site-packages/airflow/example_dags/example_branch_datetime_operator.py
[2023-04-23T00:40:37.335+0000] {logging_mixin.py:137} INFO - [2023-04-23T00:40:37.335+0000] {dag.py:2705} INFO - Sync 3 DAGs
[2023-04-23T00:40:37.381+0000] {logging_mixin.py:137} INFO - [2023-04-23T00:40:37.380+0000] {dag.py:3456} INFO - Setting next_dagrun for example_branch_datetime_operator to 2023-04-22T00:00:00+00:00, run_after=2023-04-23T00:00:00+00:00
[2023-04-23T00:40:37.391+0000] {logging_mixin.py:137} INFO - [2023-04-23T00:40:37.390+0000] {dag.py:3456} INFO - Setting next_dagrun for example_branch_datetime_operator_2 to 2023-04-22T00:00:00+00:00, run_after=2023-04-23T00:00:00+00:00
[2023-04-23T00:40:37.397+0000] {logging_mixin.py:137} INFO - [2023-04-23T00:40:37.397+0000] {dag.py:3456} INFO - Setting next_dagrun for example_branch_datetime_operator_3 to 2023-04-22T00:00:00+00:00, run_after=2023-04-23T00:00:00+00:00
[2023-04-23T00:40:37.427+0000] {processor.py:175} INFO - Processing /home/airflow/.local/lib/python3.7/site-packages/airflow/example_dags/example_branch_datetime_operator.py took 0.175 seconds
[2023-04-23T00:41:08.291+0000] {processor.py:153} INFO - Started process (PID=207) to work on /home/airflow/.local/lib/python3.7/site-packages/airflow/example_dags/example_branch_datetime_operator.py
[2023-04-23T00:41:08.308+0000] {processor.py:743} INFO - Processing file /home/airflow/.local/lib/python3.7/site-packages/airflow/example_dags/example_branch_datetime_operator.py for tasks to queue
[2023-04-23T00:41:08.309+0000] {logging_mixin.py:137} INFO - [2023-04-23T00:41:08.309+0000] {dagbag.py:532} INFO - Filling up the DagBag from /home/airflow/.local/lib/python3.7/site-packages/airflow/example_dags/example_branch_datetime_operator.py
[2023-04-23T00:41:08.332+0000] {processor.py:753} INFO - DAG(s) dict_keys(['example_branch_datetime_operator_2', 'example_branch_datetime_operator', 'example_branch_datetime_operator_3']) retrieved from /home/airflow/.local/lib/python3.7/site-packages/airflow/example_dags/example_branch_datetime_operator.py
[2023-04-23T00:41:08.377+0000] {logging_mixin.py:137} INFO - [2023-04-23T00:41:08.377+0000] {dag.py:2705} INFO - Sync 3 DAGs
[2023-04-23T00:41:08.422+0000] {logging_mixin.py:137} INFO - [2023-04-23T00:41:08.422+0000] {dag.py:3456} INFO - Setting next_dagrun for example_branch_datetime_operator to 2023-04-22T00:00:00+00:00, run_after=2023-04-23T00:00:00+00:00
[2023-04-23T00:41:08.431+0000] {logging_mixin.py:137} INFO - [2023-04-23T00:41:08.430+0000] {dag.py:3456} INFO - Setting next_dagrun for example_branch_datetime_operator_2 to 2023-04-22T00:00:00+00:00, run_after=2023-04-23T00:00:00+00:00
[2023-04-23T00:41:08.436+0000] {logging_mixin.py:137} INFO - [2023-04-23T00:41:08.436+0000] {dag.py:3456} INFO - Setting next_dagrun for example_branch_datetime_operator_3 to 2023-04-22T00:00:00+00:00, run_after=2023-04-23T00:00:00+00:00
[2023-04-23T00:41:08.461+0000] {processor.py:175} INFO - Processing /home/airflow/.local/lib/python3.7/site-packages/airflow/example_dags/example_branch_datetime_operator.py took 0.175 seconds
[2023-04-23T00:41:38.925+0000] {processor.py:153} INFO - Started process (PID=257) to work on /home/airflow/.local/lib/python3.7/site-packages/airflow/example_dags/example_branch_datetime_operator.py
[2023-04-23T00:41:38.926+0000] {processor.py:743} INFO - Processing file /home/airflow/.local/lib/python3.7/site-packages/airflow/example_dags/example_branch_datetime_operator.py for tasks to queue
[2023-04-23T00:41:38.926+0000] {logging_mixin.py:137} INFO - [2023-04-23T00:41:38.926+0000] {dagbag.py:532} INFO - Filling up the DagBag from /home/airflow/.local/lib/python3.7/site-packages/airflow/example_dags/example_branch_datetime_operator.py
[2023-04-23T00:41:38.952+0000] {processor.py:753} INFO - DAG(s) dict_keys(['example_branch_datetime_operator_2', 'example_branch_datetime_operator_3', 'example_branch_datetime_operator']) retrieved from /home/airflow/.local/lib/python3.7/site-packages/airflow/example_dags/example_branch_datetime_operator.py
[2023-04-23T00:41:38.985+0000] {logging_mixin.py:137} INFO - [2023-04-23T00:41:38.985+0000] {dag.py:2705} INFO - Sync 3 DAGs
[2023-04-23T00:41:39.014+0000] {logging_mixin.py:137} INFO - [2023-04-23T00:41:39.013+0000] {dag.py:3456} INFO - Setting next_dagrun for example_branch_datetime_operator to 2023-04-22T00:00:00+00:00, run_after=2023-04-23T00:00:00+00:00
[2023-04-23T00:41:39.019+0000] {logging_mixin.py:137} INFO - [2023-04-23T00:41:39.019+0000] {dag.py:3456} INFO - Setting next_dagrun for example_branch_datetime_operator_2 to 2023-04-22T00:00:00+00:00, run_after=2023-04-23T00:00:00+00:00
[2023-04-23T00:41:39.022+0000] {logging_mixin.py:137} INFO - [2023-04-23T00:41:39.022+0000] {dag.py:3456} INFO - Setting next_dagrun for example_branch_datetime_operator_3 to 2023-04-22T00:00:00+00:00, run_after=2023-04-23T00:00:00+00:00
[2023-04-23T00:41:39.040+0000] {processor.py:175} INFO - Processing /home/airflow/.local/lib/python3.7/site-packages/airflow/example_dags/example_branch_datetime_operator.py took 0.119 seconds
[2023-04-23T00:42:09.400+0000] {processor.py:153} INFO - Started process (PID=308) to work on /home/airflow/.local/lib/python3.7/site-packages/airflow/example_dags/example_branch_datetime_operator.py
[2023-04-23T00:42:09.450+0000] {processor.py:743} INFO - Processing file /home/airflow/.local/lib/python3.7/site-packages/airflow/example_dags/example_branch_datetime_operator.py for tasks to queue
[2023-04-23T00:42:09.456+0000] {logging_mixin.py:137} INFO - [2023-04-23T00:42:09.454+0000] {dagbag.py:532} INFO - Filling up the DagBag from /home/airflow/.local/lib/python3.7/site-packages/airflow/example_dags/example_branch_datetime_operator.py
[2023-04-23T00:42:09.544+0000] {processor.py:753} INFO - DAG(s) dict_keys(['example_branch_datetime_operator', 'example_branch_datetime_operator_2', 'example_branch_datetime_operator_3']) retrieved from /home/airflow/.local/lib/python3.7/site-packages/airflow/example_dags/example_branch_datetime_operator.py
[2023-04-23T00:42:09.594+0000] {logging_mixin.py:137} INFO - [2023-04-23T00:42:09.594+0000] {dag.py:2705} INFO - Sync 3 DAGs
[2023-04-23T00:42:09.626+0000] {logging_mixin.py:137} INFO - [2023-04-23T00:42:09.626+0000] {dag.py:3456} INFO - Setting next_dagrun for example_branch_datetime_operator to 2023-04-22T00:00:00+00:00, run_after=2023-04-23T00:00:00+00:00
[2023-04-23T00:42:09.632+0000] {logging_mixin.py:137} INFO - [2023-04-23T00:42:09.632+0000] {dag.py:3456} INFO - Setting next_dagrun for example_branch_datetime_operator_2 to 2023-04-22T00:00:00+00:00, run_after=2023-04-23T00:00:00+00:00
[2023-04-23T00:42:09.635+0000] {logging_mixin.py:137} INFO - [2023-04-23T00:42:09.635+0000] {dag.py:3456} INFO - Setting next_dagrun for example_branch_datetime_operator_3 to 2023-04-22T00:00:00+00:00, run_after=2023-04-23T00:00:00+00:00
[2023-04-23T00:42:09.667+0000] {processor.py:175} INFO - Processing /home/airflow/.local/lib/python3.7/site-packages/airflow/example_dags/example_branch_datetime_operator.py took 0.282 seconds
[2023-04-23T00:42:39.955+0000] {processor.py:153} INFO - Started process (PID=357) to work on /home/airflow/.local/lib/python3.7/site-packages/airflow/example_dags/example_branch_datetime_operator.py
[2023-04-23T00:42:39.959+0000] {processor.py:743} INFO - Processing file /home/airflow/.local/lib/python3.7/site-packages/airflow/example_dags/example_branch_datetime_operator.py for tasks to queue
[2023-04-23T00:42:39.966+0000] {logging_mixin.py:137} INFO - [2023-04-23T00:42:39.965+0000] {dagbag.py:532} INFO - Filling up the DagBag from /home/airflow/.local/lib/python3.7/site-packages/airflow/example_dags/example_branch_datetime_operator.py
[2023-04-23T00:42:40.012+0000] {processor.py:753} INFO - DAG(s) dict_keys(['example_branch_datetime_operator_2', 'example_branch_datetime_operator', 'example_branch_datetime_operator_3']) retrieved from /home/airflow/.local/lib/python3.7/site-packages/airflow/example_dags/example_branch_datetime_operator.py
[2023-04-23T00:42:40.060+0000] {logging_mixin.py:137} INFO - [2023-04-23T00:42:40.060+0000] {dag.py:2705} INFO - Sync 3 DAGs
[2023-04-23T00:42:40.107+0000] {logging_mixin.py:137} INFO - [2023-04-23T00:42:40.107+0000] {dag.py:3456} INFO - Setting next_dagrun for example_branch_datetime_operator to 2023-04-22T00:00:00+00:00, run_after=2023-04-23T00:00:00+00:00
[2023-04-23T00:42:40.114+0000] {logging_mixin.py:137} INFO - [2023-04-23T00:42:40.114+0000] {dag.py:3456} INFO - Setting next_dagrun for example_branch_datetime_operator_2 to 2023-04-22T00:00:00+00:00, run_after=2023-04-23T00:00:00+00:00
[2023-04-23T00:42:40.118+0000] {logging_mixin.py:137} INFO - [2023-04-23T00:42:40.118+0000] {dag.py:3456} INFO - Setting next_dagrun for example_branch_datetime_operator_3 to 2023-04-22T00:00:00+00:00, run_after=2023-04-23T00:00:00+00:00
[2023-04-23T00:42:40.141+0000] {processor.py:175} INFO - Processing /home/airflow/.local/lib/python3.7/site-packages/airflow/example_dags/example_branch_datetime_operator.py took 0.205 seconds
[2023-04-23T00:43:10.403+0000] {processor.py:153} INFO - Started process (PID=408) to work on /home/airflow/.local/lib/python3.7/site-packages/airflow/example_dags/example_branch_datetime_operator.py
[2023-04-23T00:43:10.404+0000] {processor.py:743} INFO - Processing file /home/airflow/.local/lib/python3.7/site-packages/airflow/example_dags/example_branch_datetime_operator.py for tasks to queue
[2023-04-23T00:43:10.404+0000] {logging_mixin.py:137} INFO - [2023-04-23T00:43:10.404+0000] {dagbag.py:532} INFO - Filling up the DagBag from /home/airflow/.local/lib/python3.7/site-packages/airflow/example_dags/example_branch_datetime_operator.py
[2023-04-23T00:43:10.431+0000] {processor.py:753} INFO - DAG(s) dict_keys(['example_branch_datetime_operator', 'example_branch_datetime_operator_3', 'example_branch_datetime_operator_2']) retrieved from /home/airflow/.local/lib/python3.7/site-packages/airflow/example_dags/example_branch_datetime_operator.py
[2023-04-23T00:43:10.466+0000] {logging_mixin.py:137} INFO - [2023-04-23T00:43:10.466+0000] {dag.py:2705} INFO - Sync 3 DAGs
[2023-04-23T00:43:10.496+0000] {logging_mixin.py:137} INFO - [2023-04-23T00:43:10.496+0000] {dag.py:3456} INFO - Setting next_dagrun for example_branch_datetime_operator to 2023-04-22T00:00:00+00:00, run_after=2023-04-23T00:00:00+00:00
[2023-04-23T00:43:10.502+0000] {logging_mixin.py:137} INFO - [2023-04-23T00:43:10.502+0000] {dag.py:3456} INFO - Setting next_dagrun for example_branch_datetime_operator_2 to 2023-04-22T00:00:00+00:00, run_after=2023-04-23T00:00:00+00:00
[2023-04-23T00:43:10.505+0000] {logging_mixin.py:137} INFO - [2023-04-23T00:43:10.505+0000] {dag.py:3456} INFO - Setting next_dagrun for example_branch_datetime_operator_3 to 2023-04-22T00:00:00+00:00, run_after=2023-04-23T00:00:00+00:00
[2023-04-23T00:43:10.524+0000] {processor.py:175} INFO - Processing /home/airflow/.local/lib/python3.7/site-packages/airflow/example_dags/example_branch_datetime_operator.py took 0.124 seconds
[2023-04-23T00:43:40.896+0000] {processor.py:153} INFO - Started process (PID=464) to work on /home/airflow/.local/lib/python3.7/site-packages/airflow/example_dags/example_branch_datetime_operator.py
[2023-04-23T00:43:40.898+0000] {processor.py:743} INFO - Processing file /home/airflow/.local/lib/python3.7/site-packages/airflow/example_dags/example_branch_datetime_operator.py for tasks to queue
[2023-04-23T00:43:40.899+0000] {logging_mixin.py:137} INFO - [2023-04-23T00:43:40.899+0000] {dagbag.py:532} INFO - Filling up the DagBag from /home/airflow/.local/lib/python3.7/site-packages/airflow/example_dags/example_branch_datetime_operator.py
[2023-04-23T00:43:40.946+0000] {processor.py:753} INFO - DAG(s) dict_keys(['example_branch_datetime_operator_3', 'example_branch_datetime_operator_2', 'example_branch_datetime_operator']) retrieved from /home/airflow/.local/lib/python3.7/site-packages/airflow/example_dags/example_branch_datetime_operator.py
[2023-04-23T00:43:41.004+0000] {logging_mixin.py:137} INFO - [2023-04-23T00:43:41.004+0000] {dag.py:2705} INFO - Sync 3 DAGs
[2023-04-23T00:43:41.049+0000] {logging_mixin.py:137} INFO - [2023-04-23T00:43:41.049+0000] {dag.py:3456} INFO - Setting next_dagrun for example_branch_datetime_operator to 2023-04-22T00:00:00+00:00, run_after=2023-04-23T00:00:00+00:00
[2023-04-23T00:43:41.055+0000] {logging_mixin.py:137} INFO - [2023-04-23T00:43:41.054+0000] {dag.py:3456} INFO - Setting next_dagrun for example_branch_datetime_operator_2 to 2023-04-22T00:00:00+00:00, run_after=2023-04-23T00:00:00+00:00
[2023-04-23T00:43:41.060+0000] {logging_mixin.py:137} INFO - [2023-04-23T00:43:41.060+0000] {dag.py:3456} INFO - Setting next_dagrun for example_branch_datetime_operator_3 to 2023-04-22T00:00:00+00:00, run_after=2023-04-23T00:00:00+00:00
[2023-04-23T00:43:41.088+0000] {processor.py:175} INFO - Processing /home/airflow/.local/lib/python3.7/site-packages/airflow/example_dags/example_branch_datetime_operator.py took 0.196 seconds
[2023-04-23T00:44:11.747+0000] {processor.py:153} INFO - Started process (PID=515) to work on /home/airflow/.local/lib/python3.7/site-packages/airflow/example_dags/example_branch_datetime_operator.py
[2023-04-23T00:44:11.766+0000] {processor.py:743} INFO - Processing file /home/airflow/.local/lib/python3.7/site-packages/airflow/example_dags/example_branch_datetime_operator.py for tasks to queue
[2023-04-23T00:44:11.767+0000] {logging_mixin.py:137} INFO - [2023-04-23T00:44:11.766+0000] {dagbag.py:532} INFO - Filling up the DagBag from /home/airflow/.local/lib/python3.7/site-packages/airflow/example_dags/example_branch_datetime_operator.py
[2023-04-23T00:44:11.803+0000] {processor.py:753} INFO - DAG(s) dict_keys(['example_branch_datetime_operator_2', 'example_branch_datetime_operator_3', 'example_branch_datetime_operator']) retrieved from /home/airflow/.local/lib/python3.7/site-packages/airflow/example_dags/example_branch_datetime_operator.py
[2023-04-23T00:44:11.862+0000] {logging_mixin.py:137} INFO - [2023-04-23T00:44:11.862+0000] {dag.py:2705} INFO - Sync 3 DAGs
[2023-04-23T00:44:11.915+0000] {logging_mixin.py:137} INFO - [2023-04-23T00:44:11.915+0000] {dag.py:3456} INFO - Setting next_dagrun for example_branch_datetime_operator to 2023-04-22T00:00:00+00:00, run_after=2023-04-23T00:00:00+00:00
[2023-04-23T00:44:11.924+0000] {logging_mixin.py:137} INFO - [2023-04-23T00:44:11.924+0000] {dag.py:3456} INFO - Setting next_dagrun for example_branch_datetime_operator_2 to 2023-04-22T00:00:00+00:00, run_after=2023-04-23T00:00:00+00:00
[2023-04-23T00:44:11.929+0000] {logging_mixin.py:137} INFO - [2023-04-23T00:44:11.929+0000] {dag.py:3456} INFO - Setting next_dagrun for example_branch_datetime_operator_3 to 2023-04-22T00:00:00+00:00, run_after=2023-04-23T00:00:00+00:00
[2023-04-23T00:44:11.957+0000] {processor.py:175} INFO - Processing /home/airflow/.local/lib/python3.7/site-packages/airflow/example_dags/example_branch_datetime_operator.py took 0.215 seconds
[2023-04-23T00:44:42.000+0000] {processor.py:153} INFO - Started process (PID=566) to work on /home/airflow/.local/lib/python3.7/site-packages/airflow/example_dags/example_branch_datetime_operator.py
[2023-04-23T00:44:42.001+0000] {processor.py:743} INFO - Processing file /home/airflow/.local/lib/python3.7/site-packages/airflow/example_dags/example_branch_datetime_operator.py for tasks to queue
[2023-04-23T00:44:42.002+0000] {logging_mixin.py:137} INFO - [2023-04-23T00:44:42.001+0000] {dagbag.py:532} INFO - Filling up the DagBag from /home/airflow/.local/lib/python3.7/site-packages/airflow/example_dags/example_branch_datetime_operator.py
[2023-04-23T00:44:42.020+0000] {processor.py:753} INFO - DAG(s) dict_keys(['example_branch_datetime_operator', 'example_branch_datetime_operator_3', 'example_branch_datetime_operator_2']) retrieved from /home/airflow/.local/lib/python3.7/site-packages/airflow/example_dags/example_branch_datetime_operator.py
[2023-04-23T00:44:42.124+0000] {logging_mixin.py:137} INFO - [2023-04-23T00:44:42.124+0000] {dag.py:2705} INFO - Sync 3 DAGs
[2023-04-23T00:44:42.173+0000] {logging_mixin.py:137} INFO - [2023-04-23T00:44:42.173+0000] {dag.py:3456} INFO - Setting next_dagrun for example_branch_datetime_operator to 2023-04-22T00:00:00+00:00, run_after=2023-04-23T00:00:00+00:00
[2023-04-23T00:44:42.181+0000] {logging_mixin.py:137} INFO - [2023-04-23T00:44:42.181+0000] {dag.py:3456} INFO - Setting next_dagrun for example_branch_datetime_operator_2 to 2023-04-22T00:00:00+00:00, run_after=2023-04-23T00:00:00+00:00
[2023-04-23T00:44:42.186+0000] {logging_mixin.py:137} INFO - [2023-04-23T00:44:42.186+0000] {dag.py:3456} INFO - Setting next_dagrun for example_branch_datetime_operator_3 to 2023-04-22T00:00:00+00:00, run_after=2023-04-23T00:00:00+00:00
[2023-04-23T00:44:42.211+0000] {processor.py:175} INFO - Processing /home/airflow/.local/lib/python3.7/site-packages/airflow/example_dags/example_branch_datetime_operator.py took 0.214 seconds
[2023-04-23T00:45:12.318+0000] {processor.py:153} INFO - Started process (PID=617) to work on /home/airflow/.local/lib/python3.7/site-packages/airflow/example_dags/example_branch_datetime_operator.py
[2023-04-23T00:45:12.318+0000] {processor.py:743} INFO - Processing file /home/airflow/.local/lib/python3.7/site-packages/airflow/example_dags/example_branch_datetime_operator.py for tasks to queue
[2023-04-23T00:45:12.319+0000] {logging_mixin.py:137} INFO - [2023-04-23T00:45:12.319+0000] {dagbag.py:532} INFO - Filling up the DagBag from /home/airflow/.local/lib/python3.7/site-packages/airflow/example_dags/example_branch_datetime_operator.py
[2023-04-23T00:45:12.347+0000] {processor.py:753} INFO - DAG(s) dict_keys(['example_branch_datetime_operator_2', 'example_branch_datetime_operator', 'example_branch_datetime_operator_3']) retrieved from /home/airflow/.local/lib/python3.7/site-packages/airflow/example_dags/example_branch_datetime_operator.py
[2023-04-23T00:45:12.384+0000] {logging_mixin.py:137} INFO - [2023-04-23T00:45:12.383+0000] {dag.py:2705} INFO - Sync 3 DAGs
[2023-04-23T00:45:12.415+0000] {logging_mixin.py:137} INFO - [2023-04-23T00:45:12.415+0000] {dag.py:3456} INFO - Setting next_dagrun for example_branch_datetime_operator to 2023-04-22T00:00:00+00:00, run_after=2023-04-23T00:00:00+00:00
[2023-04-23T00:45:12.420+0000] {logging_mixin.py:137} INFO - [2023-04-23T00:45:12.420+0000] {dag.py:3456} INFO - Setting next_dagrun for example_branch_datetime_operator_2 to 2023-04-22T00:00:00+00:00, run_after=2023-04-23T00:00:00+00:00
[2023-04-23T00:45:12.423+0000] {logging_mixin.py:137} INFO - [2023-04-23T00:45:12.423+0000] {dag.py:3456} INFO - Setting next_dagrun for example_branch_datetime_operator_3 to 2023-04-22T00:00:00+00:00, run_after=2023-04-23T00:00:00+00:00
[2023-04-23T00:45:12.446+0000] {processor.py:175} INFO - Processing /home/airflow/.local/lib/python3.7/site-packages/airflow/example_dags/example_branch_datetime_operator.py took 0.133 seconds
[2023-04-23T00:45:42.638+0000] {processor.py:153} INFO - Started process (PID=668) to work on /home/airflow/.local/lib/python3.7/site-packages/airflow/example_dags/example_branch_datetime_operator.py
[2023-04-23T00:45:42.651+0000] {processor.py:743} INFO - Processing file /home/airflow/.local/lib/python3.7/site-packages/airflow/example_dags/example_branch_datetime_operator.py for tasks to queue
[2023-04-23T00:45:42.651+0000] {logging_mixin.py:137} INFO - [2023-04-23T00:45:42.651+0000] {dagbag.py:532} INFO - Filling up the DagBag from /home/airflow/.local/lib/python3.7/site-packages/airflow/example_dags/example_branch_datetime_operator.py
[2023-04-23T00:45:42.681+0000] {processor.py:753} INFO - DAG(s) dict_keys(['example_branch_datetime_operator', 'example_branch_datetime_operator_2', 'example_branch_datetime_operator_3']) retrieved from /home/airflow/.local/lib/python3.7/site-packages/airflow/example_dags/example_branch_datetime_operator.py
[2023-04-23T00:45:42.749+0000] {logging_mixin.py:137} INFO - [2023-04-23T00:45:42.749+0000] {dag.py:2705} INFO - Sync 3 DAGs
[2023-04-23T00:45:42.799+0000] {logging_mixin.py:137} INFO - [2023-04-23T00:45:42.798+0000] {dag.py:3456} INFO - Setting next_dagrun for example_branch_datetime_operator to 2023-04-22T00:00:00+00:00, run_after=2023-04-23T00:00:00+00:00
[2023-04-23T00:45:42.807+0000] {logging_mixin.py:137} INFO - [2023-04-23T00:45:42.806+0000] {dag.py:3456} INFO - Setting next_dagrun for example_branch_datetime_operator_2 to 2023-04-22T00:00:00+00:00, run_after=2023-04-23T00:00:00+00:00
[2023-04-23T00:45:42.813+0000] {logging_mixin.py:137} INFO - [2023-04-23T00:45:42.812+0000] {dag.py:3456} INFO - Setting next_dagrun for example_branch_datetime_operator_3 to 2023-04-22T00:00:00+00:00, run_after=2023-04-23T00:00:00+00:00
[2023-04-23T00:45:42.842+0000] {processor.py:175} INFO - Processing /home/airflow/.local/lib/python3.7/site-packages/airflow/example_dags/example_branch_datetime_operator.py took 0.208 seconds
[2023-04-23T00:46:13.799+0000] {processor.py:153} INFO - Started process (PID=719) to work on /home/airflow/.local/lib/python3.7/site-packages/airflow/example_dags/example_branch_datetime_operator.py
[2023-04-23T00:46:13.820+0000] {processor.py:743} INFO - Processing file /home/airflow/.local/lib/python3.7/site-packages/airflow/example_dags/example_branch_datetime_operator.py for tasks to queue
[2023-04-23T00:46:13.820+0000] {logging_mixin.py:137} INFO - [2023-04-23T00:46:13.820+0000] {dagbag.py:532} INFO - Filling up the DagBag from /home/airflow/.local/lib/python3.7/site-packages/airflow/example_dags/example_branch_datetime_operator.py
[2023-04-23T00:46:13.852+0000] {processor.py:753} INFO - DAG(s) dict_keys(['example_branch_datetime_operator', 'example_branch_datetime_operator_2', 'example_branch_datetime_operator_3']) retrieved from /home/airflow/.local/lib/python3.7/site-packages/airflow/example_dags/example_branch_datetime_operator.py
[2023-04-23T00:46:13.902+0000] {logging_mixin.py:137} INFO - [2023-04-23T00:46:13.902+0000] {dag.py:2705} INFO - Sync 3 DAGs
[2023-04-23T00:46:13.962+0000] {logging_mixin.py:137} INFO - [2023-04-23T00:46:13.962+0000] {dag.py:3456} INFO - Setting next_dagrun for example_branch_datetime_operator to 2023-04-22T00:00:00+00:00, run_after=2023-04-23T00:00:00+00:00
[2023-04-23T00:46:13.971+0000] {logging_mixin.py:137} INFO - [2023-04-23T00:46:13.971+0000] {dag.py:3456} INFO - Setting next_dagrun for example_branch_datetime_operator_2 to 2023-04-22T00:00:00+00:00, run_after=2023-04-23T00:00:00+00:00
[2023-04-23T00:46:13.977+0000] {logging_mixin.py:137} INFO - [2023-04-23T00:46:13.977+0000] {dag.py:3456} INFO - Setting next_dagrun for example_branch_datetime_operator_3 to 2023-04-22T00:00:00+00:00, run_after=2023-04-23T00:00:00+00:00
[2023-04-23T00:46:14.013+0000] {processor.py:175} INFO - Processing /home/airflow/.local/lib/python3.7/site-packages/airflow/example_dags/example_branch_datetime_operator.py took 0.220 seconds
