[2023-04-23T00:39:38.189+0000] {processor.py:153} INFO - Started process (PID=70) to work on /home/airflow/.local/lib/python3.7/site-packages/airflow/example_dags/example_complex.py
[2023-04-23T00:39:38.190+0000] {processor.py:743} INFO - Processing file /home/airflow/.local/lib/python3.7/site-packages/airflow/example_dags/example_complex.py for tasks to queue
[2023-04-23T00:39:38.191+0000] {logging_mixin.py:137} INFO - [2023-04-23T00:39:38.191+0000] {dagbag.py:532} INFO - Filling up the DagBag from /home/airflow/.local/lib/python3.7/site-packages/airflow/example_dags/example_complex.py
[2023-04-23T00:39:38.208+0000] {logging_mixin.py:137} INFO - [2023-04-23T00:39:38.208+0000] {taskmixin.py:211} WARNING - Dependency <Task(BashOperator): create_entry_group>, delete_entry_group already registered for DAG: example_complex
[2023-04-23T00:39:38.208+0000] {logging_mixin.py:137} INFO - [2023-04-23T00:39:38.208+0000] {taskmixin.py:211} WARNING - Dependency <Task(BashOperator): delete_entry_group>, create_entry_group already registered for DAG: example_complex
[2023-04-23T00:39:38.209+0000] {logging_mixin.py:137} INFO - [2023-04-23T00:39:38.209+0000] {taskmixin.py:211} WARNING - Dependency <Task(BashOperator): create_entry_gcs>, delete_entry already registered for DAG: example_complex
[2023-04-23T00:39:38.209+0000] {logging_mixin.py:137} INFO - [2023-04-23T00:39:38.209+0000] {taskmixin.py:211} WARNING - Dependency <Task(BashOperator): delete_entry>, create_entry_gcs already registered for DAG: example_complex
[2023-04-23T00:39:38.210+0000] {logging_mixin.py:137} INFO - [2023-04-23T00:39:38.210+0000] {taskmixin.py:211} WARNING - Dependency <Task(BashOperator): create_tag>, delete_tag already registered for DAG: example_complex
[2023-04-23T00:39:38.210+0000] {logging_mixin.py:137} INFO - [2023-04-23T00:39:38.210+0000] {taskmixin.py:211} WARNING - Dependency <Task(BashOperator): delete_tag>, create_tag already registered for DAG: example_complex
[2023-04-23T00:39:38.218+0000] {processor.py:753} INFO - DAG(s) dict_keys(['example_complex']) retrieved from /home/airflow/.local/lib/python3.7/site-packages/airflow/example_dags/example_complex.py
[2023-04-23T00:39:38.438+0000] {logging_mixin.py:137} INFO - [2023-04-23T00:39:38.437+0000] {manager.py:504} INFO - Created Permission View: can edit on DAG:example_complex
[2023-04-23T00:39:38.453+0000] {logging_mixin.py:137} INFO - [2023-04-23T00:39:38.453+0000] {manager.py:504} INFO - Created Permission View: can read on DAG:example_complex
[2023-04-23T00:39:38.464+0000] {logging_mixin.py:137} INFO - [2023-04-23T00:39:38.464+0000] {manager.py:504} INFO - Created Permission View: can delete on DAG:example_complex
[2023-04-23T00:39:38.465+0000] {logging_mixin.py:137} INFO - [2023-04-23T00:39:38.464+0000] {dag.py:2705} INFO - Sync 1 DAGs
[2023-04-23T00:39:38.488+0000] {logging_mixin.py:137} INFO - [2023-04-23T00:39:38.488+0000] {dag.py:2726} INFO - Creating ORM DAG for example_complex
[2023-04-23T00:39:38.506+0000] {logging_mixin.py:137} INFO - [2023-04-23T00:39:38.506+0000] {dag.py:3456} INFO - Setting next_dagrun for example_complex to None, run_after=None
[2023-04-23T00:39:38.539+0000] {processor.py:175} INFO - Processing /home/airflow/.local/lib/python3.7/site-packages/airflow/example_dags/example_complex.py took 0.354 seconds
[2023-04-23T00:40:08.928+0000] {processor.py:153} INFO - Started process (PID=120) to work on /home/airflow/.local/lib/python3.7/site-packages/airflow/example_dags/example_complex.py
[2023-04-23T00:40:08.930+0000] {processor.py:743} INFO - Processing file /home/airflow/.local/lib/python3.7/site-packages/airflow/example_dags/example_complex.py for tasks to queue
[2023-04-23T00:40:08.931+0000] {logging_mixin.py:137} INFO - [2023-04-23T00:40:08.931+0000] {dagbag.py:532} INFO - Filling up the DagBag from /home/airflow/.local/lib/python3.7/site-packages/airflow/example_dags/example_complex.py
[2023-04-23T00:40:08.945+0000] {logging_mixin.py:137} INFO - [2023-04-23T00:40:08.945+0000] {taskmixin.py:211} WARNING - Dependency <Task(BashOperator): create_entry_group>, delete_entry_group already registered for DAG: example_complex
[2023-04-23T00:40:08.945+0000] {logging_mixin.py:137} INFO - [2023-04-23T00:40:08.945+0000] {taskmixin.py:211} WARNING - Dependency <Task(BashOperator): delete_entry_group>, create_entry_group already registered for DAG: example_complex
[2023-04-23T00:40:08.946+0000] {logging_mixin.py:137} INFO - [2023-04-23T00:40:08.945+0000] {taskmixin.py:211} WARNING - Dependency <Task(BashOperator): create_entry_gcs>, delete_entry already registered for DAG: example_complex
[2023-04-23T00:40:08.946+0000] {logging_mixin.py:137} INFO - [2023-04-23T00:40:08.946+0000] {taskmixin.py:211} WARNING - Dependency <Task(BashOperator): delete_entry>, create_entry_gcs already registered for DAG: example_complex
[2023-04-23T00:40:08.946+0000] {logging_mixin.py:137} INFO - [2023-04-23T00:40:08.946+0000] {taskmixin.py:211} WARNING - Dependency <Task(BashOperator): create_tag>, delete_tag already registered for DAG: example_complex
[2023-04-23T00:40:08.946+0000] {logging_mixin.py:137} INFO - [2023-04-23T00:40:08.946+0000] {taskmixin.py:211} WARNING - Dependency <Task(BashOperator): delete_tag>, create_tag already registered for DAG: example_complex
[2023-04-23T00:40:08.955+0000] {processor.py:753} INFO - DAG(s) dict_keys(['example_complex']) retrieved from /home/airflow/.local/lib/python3.7/site-packages/airflow/example_dags/example_complex.py
[2023-04-23T00:40:09.000+0000] {logging_mixin.py:137} INFO - [2023-04-23T00:40:09.000+0000] {dag.py:2705} INFO - Sync 1 DAGs
[2023-04-23T00:40:09.051+0000] {logging_mixin.py:137} INFO - [2023-04-23T00:40:09.051+0000] {dag.py:3456} INFO - Setting next_dagrun for example_complex to None, run_after=None
[2023-04-23T00:40:09.093+0000] {processor.py:175} INFO - Processing /home/airflow/.local/lib/python3.7/site-packages/airflow/example_dags/example_complex.py took 0.168 seconds
[2023-04-23T00:40:39.535+0000] {processor.py:153} INFO - Started process (PID=170) to work on /home/airflow/.local/lib/python3.7/site-packages/airflow/example_dags/example_complex.py
[2023-04-23T00:40:39.536+0000] {processor.py:743} INFO - Processing file /home/airflow/.local/lib/python3.7/site-packages/airflow/example_dags/example_complex.py for tasks to queue
[2023-04-23T00:40:39.536+0000] {logging_mixin.py:137} INFO - [2023-04-23T00:40:39.536+0000] {dagbag.py:532} INFO - Filling up the DagBag from /home/airflow/.local/lib/python3.7/site-packages/airflow/example_dags/example_complex.py
[2023-04-23T00:40:39.556+0000] {logging_mixin.py:137} INFO - [2023-04-23T00:40:39.555+0000] {taskmixin.py:211} WARNING - Dependency <Task(BashOperator): create_entry_group>, delete_entry_group already registered for DAG: example_complex
[2023-04-23T00:40:39.556+0000] {logging_mixin.py:137} INFO - [2023-04-23T00:40:39.556+0000] {taskmixin.py:211} WARNING - Dependency <Task(BashOperator): delete_entry_group>, create_entry_group already registered for DAG: example_complex
[2023-04-23T00:40:39.557+0000] {logging_mixin.py:137} INFO - [2023-04-23T00:40:39.556+0000] {taskmixin.py:211} WARNING - Dependency <Task(BashOperator): create_entry_gcs>, delete_entry already registered for DAG: example_complex
[2023-04-23T00:40:39.557+0000] {logging_mixin.py:137} INFO - [2023-04-23T00:40:39.557+0000] {taskmixin.py:211} WARNING - Dependency <Task(BashOperator): delete_entry>, create_entry_gcs already registered for DAG: example_complex
[2023-04-23T00:40:39.558+0000] {logging_mixin.py:137} INFO - [2023-04-23T00:40:39.558+0000] {taskmixin.py:211} WARNING - Dependency <Task(BashOperator): create_tag>, delete_tag already registered for DAG: example_complex
[2023-04-23T00:40:39.558+0000] {logging_mixin.py:137} INFO - [2023-04-23T00:40:39.558+0000] {taskmixin.py:211} WARNING - Dependency <Task(BashOperator): delete_tag>, create_tag already registered for DAG: example_complex
[2023-04-23T00:40:39.571+0000] {processor.py:753} INFO - DAG(s) dict_keys(['example_complex']) retrieved from /home/airflow/.local/lib/python3.7/site-packages/airflow/example_dags/example_complex.py
[2023-04-23T00:40:39.617+0000] {logging_mixin.py:137} INFO - [2023-04-23T00:40:39.616+0000] {dag.py:2705} INFO - Sync 1 DAGs
[2023-04-23T00:40:39.658+0000] {logging_mixin.py:137} INFO - [2023-04-23T00:40:39.658+0000] {dag.py:3456} INFO - Setting next_dagrun for example_complex to None, run_after=None
[2023-04-23T00:40:39.689+0000] {processor.py:175} INFO - Processing /home/airflow/.local/lib/python3.7/site-packages/airflow/example_dags/example_complex.py took 0.157 seconds
[2023-04-23T00:41:10.435+0000] {processor.py:153} INFO - Started process (PID=227) to work on /home/airflow/.local/lib/python3.7/site-packages/airflow/example_dags/example_complex.py
[2023-04-23T00:41:10.436+0000] {processor.py:743} INFO - Processing file /home/airflow/.local/lib/python3.7/site-packages/airflow/example_dags/example_complex.py for tasks to queue
[2023-04-23T00:41:10.436+0000] {logging_mixin.py:137} INFO - [2023-04-23T00:41:10.436+0000] {dagbag.py:532} INFO - Filling up the DagBag from /home/airflow/.local/lib/python3.7/site-packages/airflow/example_dags/example_complex.py
[2023-04-23T00:41:10.450+0000] {logging_mixin.py:137} INFO - [2023-04-23T00:41:10.449+0000] {taskmixin.py:211} WARNING - Dependency <Task(BashOperator): create_entry_group>, delete_entry_group already registered for DAG: example_complex
[2023-04-23T00:41:10.450+0000] {logging_mixin.py:137} INFO - [2023-04-23T00:41:10.450+0000] {taskmixin.py:211} WARNING - Dependency <Task(BashOperator): delete_entry_group>, create_entry_group already registered for DAG: example_complex
[2023-04-23T00:41:10.450+0000] {logging_mixin.py:137} INFO - [2023-04-23T00:41:10.450+0000] {taskmixin.py:211} WARNING - Dependency <Task(BashOperator): create_entry_gcs>, delete_entry already registered for DAG: example_complex
[2023-04-23T00:41:10.450+0000] {logging_mixin.py:137} INFO - [2023-04-23T00:41:10.450+0000] {taskmixin.py:211} WARNING - Dependency <Task(BashOperator): delete_entry>, create_entry_gcs already registered for DAG: example_complex
[2023-04-23T00:41:10.451+0000] {logging_mixin.py:137} INFO - [2023-04-23T00:41:10.450+0000] {taskmixin.py:211} WARNING - Dependency <Task(BashOperator): create_tag>, delete_tag already registered for DAG: example_complex
[2023-04-23T00:41:10.451+0000] {logging_mixin.py:137} INFO - [2023-04-23T00:41:10.451+0000] {taskmixin.py:211} WARNING - Dependency <Task(BashOperator): delete_tag>, create_tag already registered for DAG: example_complex
[2023-04-23T00:41:10.458+0000] {processor.py:753} INFO - DAG(s) dict_keys(['example_complex']) retrieved from /home/airflow/.local/lib/python3.7/site-packages/airflow/example_dags/example_complex.py
[2023-04-23T00:41:10.521+0000] {logging_mixin.py:137} INFO - [2023-04-23T00:41:10.521+0000] {dag.py:2705} INFO - Sync 1 DAGs
[2023-04-23T00:41:10.563+0000] {logging_mixin.py:137} INFO - [2023-04-23T00:41:10.563+0000] {dag.py:3456} INFO - Setting next_dagrun for example_complex to None, run_after=None
[2023-04-23T00:41:10.584+0000] {processor.py:175} INFO - Processing /home/airflow/.local/lib/python3.7/site-packages/airflow/example_dags/example_complex.py took 0.152 seconds
[2023-04-23T00:41:41.017+0000] {processor.py:153} INFO - Started process (PID=278) to work on /home/airflow/.local/lib/python3.7/site-packages/airflow/example_dags/example_complex.py
[2023-04-23T00:41:41.018+0000] {processor.py:743} INFO - Processing file /home/airflow/.local/lib/python3.7/site-packages/airflow/example_dags/example_complex.py for tasks to queue
[2023-04-23T00:41:41.019+0000] {logging_mixin.py:137} INFO - [2023-04-23T00:41:41.019+0000] {dagbag.py:532} INFO - Filling up the DagBag from /home/airflow/.local/lib/python3.7/site-packages/airflow/example_dags/example_complex.py
[2023-04-23T00:41:41.044+0000] {logging_mixin.py:137} INFO - [2023-04-23T00:41:41.043+0000] {taskmixin.py:211} WARNING - Dependency <Task(BashOperator): create_entry_group>, delete_entry_group already registered for DAG: example_complex
[2023-04-23T00:41:41.045+0000] {logging_mixin.py:137} INFO - [2023-04-23T00:41:41.044+0000] {taskmixin.py:211} WARNING - Dependency <Task(BashOperator): delete_entry_group>, create_entry_group already registered for DAG: example_complex
[2023-04-23T00:41:41.045+0000] {logging_mixin.py:137} INFO - [2023-04-23T00:41:41.045+0000] {taskmixin.py:211} WARNING - Dependency <Task(BashOperator): create_entry_gcs>, delete_entry already registered for DAG: example_complex
[2023-04-23T00:41:41.046+0000] {logging_mixin.py:137} INFO - [2023-04-23T00:41:41.046+0000] {taskmixin.py:211} WARNING - Dependency <Task(BashOperator): delete_entry>, create_entry_gcs already registered for DAG: example_complex
[2023-04-23T00:41:41.047+0000] {logging_mixin.py:137} INFO - [2023-04-23T00:41:41.047+0000] {taskmixin.py:211} WARNING - Dependency <Task(BashOperator): create_tag>, delete_tag already registered for DAG: example_complex
[2023-04-23T00:41:41.048+0000] {logging_mixin.py:137} INFO - [2023-04-23T00:41:41.047+0000] {taskmixin.py:211} WARNING - Dependency <Task(BashOperator): delete_tag>, create_tag already registered for DAG: example_complex
[2023-04-23T00:41:41.062+0000] {processor.py:753} INFO - DAG(s) dict_keys(['example_complex']) retrieved from /home/airflow/.local/lib/python3.7/site-packages/airflow/example_dags/example_complex.py
[2023-04-23T00:41:41.115+0000] {logging_mixin.py:137} INFO - [2023-04-23T00:41:41.115+0000] {dag.py:2705} INFO - Sync 1 DAGs
[2023-04-23T00:41:41.157+0000] {logging_mixin.py:137} INFO - [2023-04-23T00:41:41.157+0000] {dag.py:3456} INFO - Setting next_dagrun for example_complex to None, run_after=None
[2023-04-23T00:41:41.194+0000] {processor.py:175} INFO - Processing /home/airflow/.local/lib/python3.7/site-packages/airflow/example_dags/example_complex.py took 0.183 seconds
[2023-04-23T00:42:12.079+0000] {processor.py:153} INFO - Started process (PID=327) to work on /home/airflow/.local/lib/python3.7/site-packages/airflow/example_dags/example_complex.py
[2023-04-23T00:42:12.080+0000] {processor.py:743} INFO - Processing file /home/airflow/.local/lib/python3.7/site-packages/airflow/example_dags/example_complex.py for tasks to queue
[2023-04-23T00:42:12.081+0000] {logging_mixin.py:137} INFO - [2023-04-23T00:42:12.081+0000] {dagbag.py:532} INFO - Filling up the DagBag from /home/airflow/.local/lib/python3.7/site-packages/airflow/example_dags/example_complex.py
[2023-04-23T00:42:12.092+0000] {logging_mixin.py:137} INFO - [2023-04-23T00:42:12.092+0000] {taskmixin.py:211} WARNING - Dependency <Task(BashOperator): create_entry_group>, delete_entry_group already registered for DAG: example_complex
[2023-04-23T00:42:12.093+0000] {logging_mixin.py:137} INFO - [2023-04-23T00:42:12.093+0000] {taskmixin.py:211} WARNING - Dependency <Task(BashOperator): delete_entry_group>, create_entry_group already registered for DAG: example_complex
[2023-04-23T00:42:12.093+0000] {logging_mixin.py:137} INFO - [2023-04-23T00:42:12.093+0000] {taskmixin.py:211} WARNING - Dependency <Task(BashOperator): create_entry_gcs>, delete_entry already registered for DAG: example_complex
[2023-04-23T00:42:12.093+0000] {logging_mixin.py:137} INFO - [2023-04-23T00:42:12.093+0000] {taskmixin.py:211} WARNING - Dependency <Task(BashOperator): delete_entry>, create_entry_gcs already registered for DAG: example_complex
[2023-04-23T00:42:12.093+0000] {logging_mixin.py:137} INFO - [2023-04-23T00:42:12.093+0000] {taskmixin.py:211} WARNING - Dependency <Task(BashOperator): create_tag>, delete_tag already registered for DAG: example_complex
[2023-04-23T00:42:12.094+0000] {logging_mixin.py:137} INFO - [2023-04-23T00:42:12.093+0000] {taskmixin.py:211} WARNING - Dependency <Task(BashOperator): delete_tag>, create_tag already registered for DAG: example_complex
[2023-04-23T00:42:12.102+0000] {processor.py:753} INFO - DAG(s) dict_keys(['example_complex']) retrieved from /home/airflow/.local/lib/python3.7/site-packages/airflow/example_dags/example_complex.py
[2023-04-23T00:42:12.180+0000] {logging_mixin.py:137} INFO - [2023-04-23T00:42:12.180+0000] {dag.py:2705} INFO - Sync 1 DAGs
[2023-04-23T00:42:12.214+0000] {logging_mixin.py:137} INFO - [2023-04-23T00:42:12.213+0000] {dag.py:3456} INFO - Setting next_dagrun for example_complex to None, run_after=None
[2023-04-23T00:42:12.235+0000] {processor.py:175} INFO - Processing /home/airflow/.local/lib/python3.7/site-packages/airflow/example_dags/example_complex.py took 0.159 seconds
[2023-04-23T00:42:42.621+0000] {processor.py:153} INFO - Started process (PID=378) to work on /home/airflow/.local/lib/python3.7/site-packages/airflow/example_dags/example_complex.py
[2023-04-23T00:42:42.629+0000] {processor.py:743} INFO - Processing file /home/airflow/.local/lib/python3.7/site-packages/airflow/example_dags/example_complex.py for tasks to queue
[2023-04-23T00:42:42.630+0000] {logging_mixin.py:137} INFO - [2023-04-23T00:42:42.630+0000] {dagbag.py:532} INFO - Filling up the DagBag from /home/airflow/.local/lib/python3.7/site-packages/airflow/example_dags/example_complex.py
[2023-04-23T00:42:42.644+0000] {logging_mixin.py:137} INFO - [2023-04-23T00:42:42.644+0000] {taskmixin.py:211} WARNING - Dependency <Task(BashOperator): create_entry_group>, delete_entry_group already registered for DAG: example_complex
[2023-04-23T00:42:42.644+0000] {logging_mixin.py:137} INFO - [2023-04-23T00:42:42.644+0000] {taskmixin.py:211} WARNING - Dependency <Task(BashOperator): delete_entry_group>, create_entry_group already registered for DAG: example_complex
[2023-04-23T00:42:42.645+0000] {logging_mixin.py:137} INFO - [2023-04-23T00:42:42.644+0000] {taskmixin.py:211} WARNING - Dependency <Task(BashOperator): create_entry_gcs>, delete_entry already registered for DAG: example_complex
[2023-04-23T00:42:42.645+0000] {logging_mixin.py:137} INFO - [2023-04-23T00:42:42.645+0000] {taskmixin.py:211} WARNING - Dependency <Task(BashOperator): delete_entry>, create_entry_gcs already registered for DAG: example_complex
[2023-04-23T00:42:42.645+0000] {logging_mixin.py:137} INFO - [2023-04-23T00:42:42.645+0000] {taskmixin.py:211} WARNING - Dependency <Task(BashOperator): create_tag>, delete_tag already registered for DAG: example_complex
[2023-04-23T00:42:42.645+0000] {logging_mixin.py:137} INFO - [2023-04-23T00:42:42.645+0000] {taskmixin.py:211} WARNING - Dependency <Task(BashOperator): delete_tag>, create_tag already registered for DAG: example_complex
[2023-04-23T00:42:42.652+0000] {processor.py:753} INFO - DAG(s) dict_keys(['example_complex']) retrieved from /home/airflow/.local/lib/python3.7/site-packages/airflow/example_dags/example_complex.py
[2023-04-23T00:42:42.691+0000] {logging_mixin.py:137} INFO - [2023-04-23T00:42:42.691+0000] {dag.py:2705} INFO - Sync 1 DAGs
[2023-04-23T00:42:42.720+0000] {logging_mixin.py:137} INFO - [2023-04-23T00:42:42.720+0000] {dag.py:3456} INFO - Setting next_dagrun for example_complex to None, run_after=None
[2023-04-23T00:42:42.747+0000] {processor.py:175} INFO - Processing /home/airflow/.local/lib/python3.7/site-packages/airflow/example_dags/example_complex.py took 0.129 seconds
[2023-04-23T00:43:13.519+0000] {processor.py:153} INFO - Started process (PID=428) to work on /home/airflow/.local/lib/python3.7/site-packages/airflow/example_dags/example_complex.py
[2023-04-23T00:43:13.520+0000] {processor.py:743} INFO - Processing file /home/airflow/.local/lib/python3.7/site-packages/airflow/example_dags/example_complex.py for tasks to queue
[2023-04-23T00:43:13.520+0000] {logging_mixin.py:137} INFO - [2023-04-23T00:43:13.520+0000] {dagbag.py:532} INFO - Filling up the DagBag from /home/airflow/.local/lib/python3.7/site-packages/airflow/example_dags/example_complex.py
[2023-04-23T00:43:13.532+0000] {logging_mixin.py:137} INFO - [2023-04-23T00:43:13.532+0000] {taskmixin.py:211} WARNING - Dependency <Task(BashOperator): create_entry_group>, delete_entry_group already registered for DAG: example_complex
[2023-04-23T00:43:13.532+0000] {logging_mixin.py:137} INFO - [2023-04-23T00:43:13.532+0000] {taskmixin.py:211} WARNING - Dependency <Task(BashOperator): delete_entry_group>, create_entry_group already registered for DAG: example_complex
[2023-04-23T00:43:13.532+0000] {logging_mixin.py:137} INFO - [2023-04-23T00:43:13.532+0000] {taskmixin.py:211} WARNING - Dependency <Task(BashOperator): create_entry_gcs>, delete_entry already registered for DAG: example_complex
[2023-04-23T00:43:13.532+0000] {logging_mixin.py:137} INFO - [2023-04-23T00:43:13.532+0000] {taskmixin.py:211} WARNING - Dependency <Task(BashOperator): delete_entry>, create_entry_gcs already registered for DAG: example_complex
[2023-04-23T00:43:13.533+0000] {logging_mixin.py:137} INFO - [2023-04-23T00:43:13.533+0000] {taskmixin.py:211} WARNING - Dependency <Task(BashOperator): create_tag>, delete_tag already registered for DAG: example_complex
[2023-04-23T00:43:13.533+0000] {logging_mixin.py:137} INFO - [2023-04-23T00:43:13.533+0000] {taskmixin.py:211} WARNING - Dependency <Task(BashOperator): delete_tag>, create_tag already registered for DAG: example_complex
[2023-04-23T00:43:13.541+0000] {processor.py:753} INFO - DAG(s) dict_keys(['example_complex']) retrieved from /home/airflow/.local/lib/python3.7/site-packages/airflow/example_dags/example_complex.py
[2023-04-23T00:43:13.592+0000] {logging_mixin.py:137} INFO - [2023-04-23T00:43:13.592+0000] {dag.py:2705} INFO - Sync 1 DAGs
[2023-04-23T00:43:13.631+0000] {logging_mixin.py:137} INFO - [2023-04-23T00:43:13.631+0000] {dag.py:3456} INFO - Setting next_dagrun for example_complex to None, run_after=None
[2023-04-23T00:43:13.666+0000] {processor.py:175} INFO - Processing /home/airflow/.local/lib/python3.7/site-packages/airflow/example_dags/example_complex.py took 0.150 seconds
[2023-04-23T00:43:44.210+0000] {processor.py:153} INFO - Started process (PID=478) to work on /home/airflow/.local/lib/python3.7/site-packages/airflow/example_dags/example_complex.py
[2023-04-23T00:43:44.211+0000] {processor.py:743} INFO - Processing file /home/airflow/.local/lib/python3.7/site-packages/airflow/example_dags/example_complex.py for tasks to queue
[2023-04-23T00:43:44.211+0000] {logging_mixin.py:137} INFO - [2023-04-23T00:43:44.211+0000] {dagbag.py:532} INFO - Filling up the DagBag from /home/airflow/.local/lib/python3.7/site-packages/airflow/example_dags/example_complex.py
[2023-04-23T00:43:44.230+0000] {logging_mixin.py:137} INFO - [2023-04-23T00:43:44.230+0000] {taskmixin.py:211} WARNING - Dependency <Task(BashOperator): create_entry_group>, delete_entry_group already registered for DAG: example_complex
[2023-04-23T00:43:44.230+0000] {logging_mixin.py:137} INFO - [2023-04-23T00:43:44.230+0000] {taskmixin.py:211} WARNING - Dependency <Task(BashOperator): delete_entry_group>, create_entry_group already registered for DAG: example_complex
[2023-04-23T00:43:44.231+0000] {logging_mixin.py:137} INFO - [2023-04-23T00:43:44.231+0000] {taskmixin.py:211} WARNING - Dependency <Task(BashOperator): create_entry_gcs>, delete_entry already registered for DAG: example_complex
[2023-04-23T00:43:44.231+0000] {logging_mixin.py:137} INFO - [2023-04-23T00:43:44.231+0000] {taskmixin.py:211} WARNING - Dependency <Task(BashOperator): delete_entry>, create_entry_gcs already registered for DAG: example_complex
[2023-04-23T00:43:44.232+0000] {logging_mixin.py:137} INFO - [2023-04-23T00:43:44.232+0000] {taskmixin.py:211} WARNING - Dependency <Task(BashOperator): create_tag>, delete_tag already registered for DAG: example_complex
[2023-04-23T00:43:44.232+0000] {logging_mixin.py:137} INFO - [2023-04-23T00:43:44.232+0000] {taskmixin.py:211} WARNING - Dependency <Task(BashOperator): delete_tag>, create_tag already registered for DAG: example_complex
[2023-04-23T00:43:44.243+0000] {processor.py:753} INFO - DAG(s) dict_keys(['example_complex']) retrieved from /home/airflow/.local/lib/python3.7/site-packages/airflow/example_dags/example_complex.py
[2023-04-23T00:43:44.301+0000] {logging_mixin.py:137} INFO - [2023-04-23T00:43:44.300+0000] {dag.py:2705} INFO - Sync 1 DAGs
[2023-04-23T00:43:44.342+0000] {logging_mixin.py:137} INFO - [2023-04-23T00:43:44.342+0000] {dag.py:3456} INFO - Setting next_dagrun for example_complex to None, run_after=None
[2023-04-23T00:43:44.366+0000] {processor.py:175} INFO - Processing /home/airflow/.local/lib/python3.7/site-packages/airflow/example_dags/example_complex.py took 0.161 seconds
[2023-04-23T00:44:15.231+0000] {processor.py:153} INFO - Started process (PID=528) to work on /home/airflow/.local/lib/python3.7/site-packages/airflow/example_dags/example_complex.py
[2023-04-23T00:44:15.232+0000] {processor.py:743} INFO - Processing file /home/airflow/.local/lib/python3.7/site-packages/airflow/example_dags/example_complex.py for tasks to queue
[2023-04-23T00:44:15.233+0000] {logging_mixin.py:137} INFO - [2023-04-23T00:44:15.232+0000] {dagbag.py:532} INFO - Filling up the DagBag from /home/airflow/.local/lib/python3.7/site-packages/airflow/example_dags/example_complex.py
[2023-04-23T00:44:15.256+0000] {logging_mixin.py:137} INFO - [2023-04-23T00:44:15.255+0000] {taskmixin.py:211} WARNING - Dependency <Task(BashOperator): create_entry_group>, delete_entry_group already registered for DAG: example_complex
[2023-04-23T00:44:15.256+0000] {logging_mixin.py:137} INFO - [2023-04-23T00:44:15.256+0000] {taskmixin.py:211} WARNING - Dependency <Task(BashOperator): delete_entry_group>, create_entry_group already registered for DAG: example_complex
[2023-04-23T00:44:15.256+0000] {logging_mixin.py:137} INFO - [2023-04-23T00:44:15.256+0000] {taskmixin.py:211} WARNING - Dependency <Task(BashOperator): create_entry_gcs>, delete_entry already registered for DAG: example_complex
[2023-04-23T00:44:15.257+0000] {logging_mixin.py:137} INFO - [2023-04-23T00:44:15.257+0000] {taskmixin.py:211} WARNING - Dependency <Task(BashOperator): delete_entry>, create_entry_gcs already registered for DAG: example_complex
[2023-04-23T00:44:15.258+0000] {logging_mixin.py:137} INFO - [2023-04-23T00:44:15.257+0000] {taskmixin.py:211} WARNING - Dependency <Task(BashOperator): create_tag>, delete_tag already registered for DAG: example_complex
[2023-04-23T00:44:15.258+0000] {logging_mixin.py:137} INFO - [2023-04-23T00:44:15.258+0000] {taskmixin.py:211} WARNING - Dependency <Task(BashOperator): delete_tag>, create_tag already registered for DAG: example_complex
[2023-04-23T00:44:15.271+0000] {processor.py:753} INFO - DAG(s) dict_keys(['example_complex']) retrieved from /home/airflow/.local/lib/python3.7/site-packages/airflow/example_dags/example_complex.py
[2023-04-23T00:44:15.335+0000] {logging_mixin.py:137} INFO - [2023-04-23T00:44:15.334+0000] {dag.py:2705} INFO - Sync 1 DAGs
[2023-04-23T00:44:15.389+0000] {logging_mixin.py:137} INFO - [2023-04-23T00:44:15.389+0000] {dag.py:3456} INFO - Setting next_dagrun for example_complex to None, run_after=None
[2023-04-23T00:44:15.418+0000] {processor.py:175} INFO - Processing /home/airflow/.local/lib/python3.7/site-packages/airflow/example_dags/example_complex.py took 0.192 seconds
[2023-04-23T00:44:46.382+0000] {processor.py:153} INFO - Started process (PID=579) to work on /home/airflow/.local/lib/python3.7/site-packages/airflow/example_dags/example_complex.py
[2023-04-23T00:44:46.384+0000] {processor.py:743} INFO - Processing file /home/airflow/.local/lib/python3.7/site-packages/airflow/example_dags/example_complex.py for tasks to queue
[2023-04-23T00:44:46.385+0000] {logging_mixin.py:137} INFO - [2023-04-23T00:44:46.385+0000] {dagbag.py:532} INFO - Filling up the DagBag from /home/airflow/.local/lib/python3.7/site-packages/airflow/example_dags/example_complex.py
[2023-04-23T00:44:46.404+0000] {logging_mixin.py:137} INFO - [2023-04-23T00:44:46.404+0000] {taskmixin.py:211} WARNING - Dependency <Task(BashOperator): create_entry_group>, delete_entry_group already registered for DAG: example_complex
[2023-04-23T00:44:46.405+0000] {logging_mixin.py:137} INFO - [2023-04-23T00:44:46.404+0000] {taskmixin.py:211} WARNING - Dependency <Task(BashOperator): delete_entry_group>, create_entry_group already registered for DAG: example_complex
[2023-04-23T00:44:46.405+0000] {logging_mixin.py:137} INFO - [2023-04-23T00:44:46.405+0000] {taskmixin.py:211} WARNING - Dependency <Task(BashOperator): create_entry_gcs>, delete_entry already registered for DAG: example_complex
[2023-04-23T00:44:46.405+0000] {logging_mixin.py:137} INFO - [2023-04-23T00:44:46.405+0000] {taskmixin.py:211} WARNING - Dependency <Task(BashOperator): delete_entry>, create_entry_gcs already registered for DAG: example_complex
[2023-04-23T00:44:46.406+0000] {logging_mixin.py:137} INFO - [2023-04-23T00:44:46.406+0000] {taskmixin.py:211} WARNING - Dependency <Task(BashOperator): create_tag>, delete_tag already registered for DAG: example_complex
[2023-04-23T00:44:46.406+0000] {logging_mixin.py:137} INFO - [2023-04-23T00:44:46.406+0000] {taskmixin.py:211} WARNING - Dependency <Task(BashOperator): delete_tag>, create_tag already registered for DAG: example_complex
[2023-04-23T00:44:46.417+0000] {processor.py:753} INFO - DAG(s) dict_keys(['example_complex']) retrieved from /home/airflow/.local/lib/python3.7/site-packages/airflow/example_dags/example_complex.py
[2023-04-23T00:44:46.471+0000] {logging_mixin.py:137} INFO - [2023-04-23T00:44:46.471+0000] {dag.py:2705} INFO - Sync 1 DAGs
[2023-04-23T00:44:46.514+0000] {logging_mixin.py:137} INFO - [2023-04-23T00:44:46.514+0000] {dag.py:3456} INFO - Setting next_dagrun for example_complex to None, run_after=None
[2023-04-23T00:44:46.543+0000] {processor.py:175} INFO - Processing /home/airflow/.local/lib/python3.7/site-packages/airflow/example_dags/example_complex.py took 0.165 seconds
[2023-04-23T00:45:17.256+0000] {processor.py:153} INFO - Started process (PID=630) to work on /home/airflow/.local/lib/python3.7/site-packages/airflow/example_dags/example_complex.py
[2023-04-23T00:45:17.256+0000] {processor.py:743} INFO - Processing file /home/airflow/.local/lib/python3.7/site-packages/airflow/example_dags/example_complex.py for tasks to queue
[2023-04-23T00:45:17.257+0000] {logging_mixin.py:137} INFO - [2023-04-23T00:45:17.257+0000] {dagbag.py:532} INFO - Filling up the DagBag from /home/airflow/.local/lib/python3.7/site-packages/airflow/example_dags/example_complex.py
[2023-04-23T00:45:17.269+0000] {logging_mixin.py:137} INFO - [2023-04-23T00:45:17.269+0000] {taskmixin.py:211} WARNING - Dependency <Task(BashOperator): create_entry_group>, delete_entry_group already registered for DAG: example_complex
[2023-04-23T00:45:17.269+0000] {logging_mixin.py:137} INFO - [2023-04-23T00:45:17.269+0000] {taskmixin.py:211} WARNING - Dependency <Task(BashOperator): delete_entry_group>, create_entry_group already registered for DAG: example_complex
[2023-04-23T00:45:17.269+0000] {logging_mixin.py:137} INFO - [2023-04-23T00:45:17.269+0000] {taskmixin.py:211} WARNING - Dependency <Task(BashOperator): create_entry_gcs>, delete_entry already registered for DAG: example_complex
[2023-04-23T00:45:17.269+0000] {logging_mixin.py:137} INFO - [2023-04-23T00:45:17.269+0000] {taskmixin.py:211} WARNING - Dependency <Task(BashOperator): delete_entry>, create_entry_gcs already registered for DAG: example_complex
[2023-04-23T00:45:17.270+0000] {logging_mixin.py:137} INFO - [2023-04-23T00:45:17.270+0000] {taskmixin.py:211} WARNING - Dependency <Task(BashOperator): create_tag>, delete_tag already registered for DAG: example_complex
[2023-04-23T00:45:17.270+0000] {logging_mixin.py:137} INFO - [2023-04-23T00:45:17.270+0000] {taskmixin.py:211} WARNING - Dependency <Task(BashOperator): delete_tag>, create_tag already registered for DAG: example_complex
[2023-04-23T00:45:17.277+0000] {processor.py:753} INFO - DAG(s) dict_keys(['example_complex']) retrieved from /home/airflow/.local/lib/python3.7/site-packages/airflow/example_dags/example_complex.py
[2023-04-23T00:45:17.330+0000] {logging_mixin.py:137} INFO - [2023-04-23T00:45:17.330+0000] {dag.py:2705} INFO - Sync 1 DAGs
[2023-04-23T00:45:17.368+0000] {logging_mixin.py:137} INFO - [2023-04-23T00:45:17.368+0000] {dag.py:3456} INFO - Setting next_dagrun for example_complex to None, run_after=None
[2023-04-23T00:45:17.396+0000] {processor.py:175} INFO - Processing /home/airflow/.local/lib/python3.7/site-packages/airflow/example_dags/example_complex.py took 0.143 seconds
[2023-04-23T00:45:48.476+0000] {processor.py:153} INFO - Started process (PID=681) to work on /home/airflow/.local/lib/python3.7/site-packages/airflow/example_dags/example_complex.py
[2023-04-23T00:45:48.509+0000] {processor.py:743} INFO - Processing file /home/airflow/.local/lib/python3.7/site-packages/airflow/example_dags/example_complex.py for tasks to queue
[2023-04-23T00:45:48.510+0000] {logging_mixin.py:137} INFO - [2023-04-23T00:45:48.510+0000] {dagbag.py:532} INFO - Filling up the DagBag from /home/airflow/.local/lib/python3.7/site-packages/airflow/example_dags/example_complex.py
[2023-04-23T00:45:48.535+0000] {logging_mixin.py:137} INFO - [2023-04-23T00:45:48.535+0000] {taskmixin.py:211} WARNING - Dependency <Task(BashOperator): create_entry_group>, delete_entry_group already registered for DAG: example_complex
[2023-04-23T00:45:48.535+0000] {logging_mixin.py:137} INFO - [2023-04-23T00:45:48.535+0000] {taskmixin.py:211} WARNING - Dependency <Task(BashOperator): delete_entry_group>, create_entry_group already registered for DAG: example_complex
[2023-04-23T00:45:48.536+0000] {logging_mixin.py:137} INFO - [2023-04-23T00:45:48.536+0000] {taskmixin.py:211} WARNING - Dependency <Task(BashOperator): create_entry_gcs>, delete_entry already registered for DAG: example_complex
[2023-04-23T00:45:48.536+0000] {logging_mixin.py:137} INFO - [2023-04-23T00:45:48.536+0000] {taskmixin.py:211} WARNING - Dependency <Task(BashOperator): delete_entry>, create_entry_gcs already registered for DAG: example_complex
[2023-04-23T00:45:48.537+0000] {logging_mixin.py:137} INFO - [2023-04-23T00:45:48.537+0000] {taskmixin.py:211} WARNING - Dependency <Task(BashOperator): create_tag>, delete_tag already registered for DAG: example_complex
[2023-04-23T00:45:48.537+0000] {logging_mixin.py:137} INFO - [2023-04-23T00:45:48.537+0000] {taskmixin.py:211} WARNING - Dependency <Task(BashOperator): delete_tag>, create_tag already registered for DAG: example_complex
[2023-04-23T00:45:48.556+0000] {processor.py:753} INFO - DAG(s) dict_keys(['example_complex']) retrieved from /home/airflow/.local/lib/python3.7/site-packages/airflow/example_dags/example_complex.py
[2023-04-23T00:45:48.638+0000] {logging_mixin.py:137} INFO - [2023-04-23T00:45:48.638+0000] {dag.py:2705} INFO - Sync 1 DAGs
[2023-04-23T00:45:48.693+0000] {logging_mixin.py:137} INFO - [2023-04-23T00:45:48.692+0000] {dag.py:3456} INFO - Setting next_dagrun for example_complex to None, run_after=None
[2023-04-23T00:45:48.732+0000] {processor.py:175} INFO - Processing /home/airflow/.local/lib/python3.7/site-packages/airflow/example_dags/example_complex.py took 0.263 seconds
[2023-04-23T00:46:19.302+0000] {processor.py:153} INFO - Started process (PID=731) to work on /home/airflow/.local/lib/python3.7/site-packages/airflow/example_dags/example_complex.py
[2023-04-23T00:46:19.351+0000] {processor.py:743} INFO - Processing file /home/airflow/.local/lib/python3.7/site-packages/airflow/example_dags/example_complex.py for tasks to queue
[2023-04-23T00:46:19.353+0000] {logging_mixin.py:137} INFO - [2023-04-23T00:46:19.352+0000] {dagbag.py:532} INFO - Filling up the DagBag from /home/airflow/.local/lib/python3.7/site-packages/airflow/example_dags/example_complex.py
[2023-04-23T00:46:19.424+0000] {logging_mixin.py:137} INFO - [2023-04-23T00:46:19.422+0000] {taskmixin.py:211} WARNING - Dependency <Task(BashOperator): create_entry_group>, delete_entry_group already registered for DAG: example_complex
[2023-04-23T00:46:19.424+0000] {logging_mixin.py:137} INFO - [2023-04-23T00:46:19.424+0000] {taskmixin.py:211} WARNING - Dependency <Task(BashOperator): delete_entry_group>, create_entry_group already registered for DAG: example_complex
[2023-04-23T00:46:19.425+0000] {logging_mixin.py:137} INFO - [2023-04-23T00:46:19.425+0000] {taskmixin.py:211} WARNING - Dependency <Task(BashOperator): create_entry_gcs>, delete_entry already registered for DAG: example_complex
[2023-04-23T00:46:19.425+0000] {logging_mixin.py:137} INFO - [2023-04-23T00:46:19.425+0000] {taskmixin.py:211} WARNING - Dependency <Task(BashOperator): delete_entry>, create_entry_gcs already registered for DAG: example_complex
[2023-04-23T00:46:19.426+0000] {logging_mixin.py:137} INFO - [2023-04-23T00:46:19.426+0000] {taskmixin.py:211} WARNING - Dependency <Task(BashOperator): create_tag>, delete_tag already registered for DAG: example_complex
[2023-04-23T00:46:19.427+0000] {logging_mixin.py:137} INFO - [2023-04-23T00:46:19.427+0000] {taskmixin.py:211} WARNING - Dependency <Task(BashOperator): delete_tag>, create_tag already registered for DAG: example_complex
[2023-04-23T00:46:19.467+0000] {processor.py:753} INFO - DAG(s) dict_keys(['example_complex']) retrieved from /home/airflow/.local/lib/python3.7/site-packages/airflow/example_dags/example_complex.py
[2023-04-23T00:46:19.658+0000] {logging_mixin.py:137} INFO - [2023-04-23T00:46:19.657+0000] {dag.py:2705} INFO - Sync 1 DAGs
[2023-04-23T00:46:21.166+0000] {logging_mixin.py:137} INFO - [2023-04-23T00:46:21.166+0000] {process_utils.py:256} INFO - Waiting up to 5 seconds for processes to exit...
