[2023-04-23T00:39:36.720+0000] {processor.py:153} INFO - Started process (PID=62) to work on /home/airflow/.local/lib/python3.7/site-packages/airflow/example_dags/example_time_delta_sensor_async.py
[2023-04-23T00:39:36.721+0000] {processor.py:743} INFO - Processing file /home/airflow/.local/lib/python3.7/site-packages/airflow/example_dags/example_time_delta_sensor_async.py for tasks to queue
[2023-04-23T00:39:36.721+0000] {logging_mixin.py:137} INFO - [2023-04-23T00:39:36.721+0000] {dagbag.py:532} INFO - Filling up the DagBag from /home/airflow/.local/lib/python3.7/site-packages/airflow/example_dags/example_time_delta_sensor_async.py
[2023-04-23T00:39:36.738+0000] {processor.py:753} INFO - DAG(s) dict_keys(['example_time_delta_sensor_async']) retrieved from /home/airflow/.local/lib/python3.7/site-packages/airflow/example_dags/example_time_delta_sensor_async.py
[2023-04-23T00:39:36.922+0000] {logging_mixin.py:137} INFO - [2023-04-23T00:39:36.922+0000] {manager.py:504} INFO - Created Permission View: can edit on DAG:example_time_delta_sensor_async
[2023-04-23T00:39:36.938+0000] {logging_mixin.py:137} INFO - [2023-04-23T00:39:36.938+0000] {manager.py:504} INFO - Created Permission View: can read on DAG:example_time_delta_sensor_async
[2023-04-23T00:39:36.949+0000] {logging_mixin.py:137} INFO - [2023-04-23T00:39:36.949+0000] {manager.py:504} INFO - Created Permission View: can delete on DAG:example_time_delta_sensor_async
[2023-04-23T00:39:36.950+0000] {logging_mixin.py:137} INFO - [2023-04-23T00:39:36.950+0000] {dag.py:2705} INFO - Sync 1 DAGs
[2023-04-23T00:39:36.972+0000] {logging_mixin.py:137} INFO - [2023-04-23T00:39:36.972+0000] {dag.py:2726} INFO - Creating ORM DAG for example_time_delta_sensor_async
[2023-04-23T00:39:36.998+0000] {logging_mixin.py:137} INFO - [2023-04-23T00:39:36.997+0000] {dag.py:3456} INFO - Setting next_dagrun for example_time_delta_sensor_async to None, run_after=None
[2023-04-23T00:39:37.026+0000] {processor.py:175} INFO - Processing /home/airflow/.local/lib/python3.7/site-packages/airflow/example_dags/example_time_delta_sensor_async.py took 0.309 seconds
[2023-04-23T00:40:07.390+0000] {processor.py:153} INFO - Started process (PID=112) to work on /home/airflow/.local/lib/python3.7/site-packages/airflow/example_dags/example_time_delta_sensor_async.py
[2023-04-23T00:40:07.391+0000] {processor.py:743} INFO - Processing file /home/airflow/.local/lib/python3.7/site-packages/airflow/example_dags/example_time_delta_sensor_async.py for tasks to queue
[2023-04-23T00:40:07.392+0000] {logging_mixin.py:137} INFO - [2023-04-23T00:40:07.392+0000] {dagbag.py:532} INFO - Filling up the DagBag from /home/airflow/.local/lib/python3.7/site-packages/airflow/example_dags/example_time_delta_sensor_async.py
[2023-04-23T00:40:07.404+0000] {processor.py:753} INFO - DAG(s) dict_keys(['example_time_delta_sensor_async']) retrieved from /home/airflow/.local/lib/python3.7/site-packages/airflow/example_dags/example_time_delta_sensor_async.py
[2023-04-23T00:40:07.433+0000] {logging_mixin.py:137} INFO - [2023-04-23T00:40:07.433+0000] {dag.py:2705} INFO - Sync 1 DAGs
[2023-04-23T00:40:07.464+0000] {logging_mixin.py:137} INFO - [2023-04-23T00:40:07.464+0000] {dag.py:3456} INFO - Setting next_dagrun for example_time_delta_sensor_async to None, run_after=None
[2023-04-23T00:40:07.485+0000] {processor.py:175} INFO - Processing /home/airflow/.local/lib/python3.7/site-packages/airflow/example_dags/example_time_delta_sensor_async.py took 0.098 seconds
[2023-04-23T00:40:37.914+0000] {processor.py:153} INFO - Started process (PID=162) to work on /home/airflow/.local/lib/python3.7/site-packages/airflow/example_dags/example_time_delta_sensor_async.py
[2023-04-23T00:40:37.915+0000] {processor.py:743} INFO - Processing file /home/airflow/.local/lib/python3.7/site-packages/airflow/example_dags/example_time_delta_sensor_async.py for tasks to queue
[2023-04-23T00:40:37.915+0000] {logging_mixin.py:137} INFO - [2023-04-23T00:40:37.915+0000] {dagbag.py:532} INFO - Filling up the DagBag from /home/airflow/.local/lib/python3.7/site-packages/airflow/example_dags/example_time_delta_sensor_async.py
[2023-04-23T00:40:37.929+0000] {processor.py:753} INFO - DAG(s) dict_keys(['example_time_delta_sensor_async']) retrieved from /home/airflow/.local/lib/python3.7/site-packages/airflow/example_dags/example_time_delta_sensor_async.py
[2023-04-23T00:40:37.958+0000] {logging_mixin.py:137} INFO - [2023-04-23T00:40:37.958+0000] {dag.py:2705} INFO - Sync 1 DAGs
[2023-04-23T00:40:38.000+0000] {logging_mixin.py:137} INFO - [2023-04-23T00:40:38.000+0000] {dag.py:3456} INFO - Setting next_dagrun for example_time_delta_sensor_async to None, run_after=None
[2023-04-23T00:40:38.029+0000] {processor.py:175} INFO - Processing /home/airflow/.local/lib/python3.7/site-packages/airflow/example_dags/example_time_delta_sensor_async.py took 0.119 seconds
[2023-04-23T00:41:08.778+0000] {processor.py:153} INFO - Started process (PID=212) to work on /home/airflow/.local/lib/python3.7/site-packages/airflow/example_dags/example_time_delta_sensor_async.py
[2023-04-23T00:41:08.779+0000] {processor.py:743} INFO - Processing file /home/airflow/.local/lib/python3.7/site-packages/airflow/example_dags/example_time_delta_sensor_async.py for tasks to queue
[2023-04-23T00:41:08.780+0000] {logging_mixin.py:137} INFO - [2023-04-23T00:41:08.780+0000] {dagbag.py:532} INFO - Filling up the DagBag from /home/airflow/.local/lib/python3.7/site-packages/airflow/example_dags/example_time_delta_sensor_async.py
[2023-04-23T00:41:08.794+0000] {processor.py:753} INFO - DAG(s) dict_keys(['example_time_delta_sensor_async']) retrieved from /home/airflow/.local/lib/python3.7/site-packages/airflow/example_dags/example_time_delta_sensor_async.py
[2023-04-23T00:41:08.829+0000] {logging_mixin.py:137} INFO - [2023-04-23T00:41:08.828+0000] {dag.py:2705} INFO - Sync 1 DAGs
[2023-04-23T00:41:08.863+0000] {logging_mixin.py:137} INFO - [2023-04-23T00:41:08.863+0000] {dag.py:3456} INFO - Setting next_dagrun for example_time_delta_sensor_async to None, run_after=None
[2023-04-23T00:41:08.889+0000] {processor.py:175} INFO - Processing /home/airflow/.local/lib/python3.7/site-packages/airflow/example_dags/example_time_delta_sensor_async.py took 0.116 seconds
[2023-04-23T00:41:39.336+0000] {processor.py:153} INFO - Started process (PID=262) to work on /home/airflow/.local/lib/python3.7/site-packages/airflow/example_dags/example_time_delta_sensor_async.py
[2023-04-23T00:41:39.337+0000] {processor.py:743} INFO - Processing file /home/airflow/.local/lib/python3.7/site-packages/airflow/example_dags/example_time_delta_sensor_async.py for tasks to queue
[2023-04-23T00:41:39.338+0000] {logging_mixin.py:137} INFO - [2023-04-23T00:41:39.337+0000] {dagbag.py:532} INFO - Filling up the DagBag from /home/airflow/.local/lib/python3.7/site-packages/airflow/example_dags/example_time_delta_sensor_async.py
[2023-04-23T00:41:39.351+0000] {processor.py:753} INFO - DAG(s) dict_keys(['example_time_delta_sensor_async']) retrieved from /home/airflow/.local/lib/python3.7/site-packages/airflow/example_dags/example_time_delta_sensor_async.py
[2023-04-23T00:41:39.376+0000] {logging_mixin.py:137} INFO - [2023-04-23T00:41:39.376+0000] {dag.py:2705} INFO - Sync 1 DAGs
[2023-04-23T00:41:39.404+0000] {logging_mixin.py:137} INFO - [2023-04-23T00:41:39.404+0000] {dag.py:3456} INFO - Setting next_dagrun for example_time_delta_sensor_async to None, run_after=None
[2023-04-23T00:41:39.424+0000] {processor.py:175} INFO - Processing /home/airflow/.local/lib/python3.7/site-packages/airflow/example_dags/example_time_delta_sensor_async.py took 0.092 seconds
[2023-04-23T00:42:10.109+0000] {processor.py:153} INFO - Started process (PID=313) to work on /home/airflow/.local/lib/python3.7/site-packages/airflow/example_dags/example_time_delta_sensor_async.py
[2023-04-23T00:42:10.109+0000] {processor.py:743} INFO - Processing file /home/airflow/.local/lib/python3.7/site-packages/airflow/example_dags/example_time_delta_sensor_async.py for tasks to queue
[2023-04-23T00:42:10.110+0000] {logging_mixin.py:137} INFO - [2023-04-23T00:42:10.110+0000] {dagbag.py:532} INFO - Filling up the DagBag from /home/airflow/.local/lib/python3.7/site-packages/airflow/example_dags/example_time_delta_sensor_async.py
[2023-04-23T00:42:10.122+0000] {processor.py:753} INFO - DAG(s) dict_keys(['example_time_delta_sensor_async']) retrieved from /home/airflow/.local/lib/python3.7/site-packages/airflow/example_dags/example_time_delta_sensor_async.py
[2023-04-23T00:42:10.148+0000] {logging_mixin.py:137} INFO - [2023-04-23T00:42:10.148+0000] {dag.py:2705} INFO - Sync 1 DAGs
[2023-04-23T00:42:10.180+0000] {logging_mixin.py:137} INFO - [2023-04-23T00:42:10.179+0000] {dag.py:3456} INFO - Setting next_dagrun for example_time_delta_sensor_async to None, run_after=None
[2023-04-23T00:42:10.210+0000] {processor.py:175} INFO - Processing /home/airflow/.local/lib/python3.7/site-packages/airflow/example_dags/example_time_delta_sensor_async.py took 0.104 seconds
[2023-04-23T00:42:40.756+0000] {processor.py:153} INFO - Started process (PID=370) to work on /home/airflow/.local/lib/python3.7/site-packages/airflow/example_dags/example_time_delta_sensor_async.py
[2023-04-23T00:42:40.805+0000] {processor.py:743} INFO - Processing file /home/airflow/.local/lib/python3.7/site-packages/airflow/example_dags/example_time_delta_sensor_async.py for tasks to queue
[2023-04-23T00:42:40.810+0000] {logging_mixin.py:137} INFO - [2023-04-23T00:42:40.809+0000] {dagbag.py:532} INFO - Filling up the DagBag from /home/airflow/.local/lib/python3.7/site-packages/airflow/example_dags/example_time_delta_sensor_async.py
[2023-04-23T00:42:40.868+0000] {processor.py:753} INFO - DAG(s) dict_keys(['example_time_delta_sensor_async']) retrieved from /home/airflow/.local/lib/python3.7/site-packages/airflow/example_dags/example_time_delta_sensor_async.py
[2023-04-23T00:42:40.916+0000] {logging_mixin.py:137} INFO - [2023-04-23T00:42:40.916+0000] {dag.py:2705} INFO - Sync 1 DAGs
[2023-04-23T00:42:40.944+0000] {logging_mixin.py:137} INFO - [2023-04-23T00:42:40.944+0000] {dag.py:3456} INFO - Setting next_dagrun for example_time_delta_sensor_async to None, run_after=None
[2023-04-23T00:42:40.971+0000] {processor.py:175} INFO - Processing /home/airflow/.local/lib/python3.7/site-packages/airflow/example_dags/example_time_delta_sensor_async.py took 0.217 seconds
[2023-04-23T00:43:11.821+0000] {processor.py:153} INFO - Started process (PID=420) to work on /home/airflow/.local/lib/python3.7/site-packages/airflow/example_dags/example_time_delta_sensor_async.py
[2023-04-23T00:43:11.822+0000] {processor.py:743} INFO - Processing file /home/airflow/.local/lib/python3.7/site-packages/airflow/example_dags/example_time_delta_sensor_async.py for tasks to queue
[2023-04-23T00:43:11.822+0000] {logging_mixin.py:137} INFO - [2023-04-23T00:43:11.822+0000] {dagbag.py:532} INFO - Filling up the DagBag from /home/airflow/.local/lib/python3.7/site-packages/airflow/example_dags/example_time_delta_sensor_async.py
[2023-04-23T00:43:11.838+0000] {processor.py:753} INFO - DAG(s) dict_keys(['example_time_delta_sensor_async']) retrieved from /home/airflow/.local/lib/python3.7/site-packages/airflow/example_dags/example_time_delta_sensor_async.py
[2023-04-23T00:43:11.872+0000] {logging_mixin.py:137} INFO - [2023-04-23T00:43:11.872+0000] {dag.py:2705} INFO - Sync 1 DAGs
[2023-04-23T00:43:11.911+0000] {logging_mixin.py:137} INFO - [2023-04-23T00:43:11.911+0000] {dag.py:3456} INFO - Setting next_dagrun for example_time_delta_sensor_async to None, run_after=None
[2023-04-23T00:43:11.935+0000] {processor.py:175} INFO - Processing /home/airflow/.local/lib/python3.7/site-packages/airflow/example_dags/example_time_delta_sensor_async.py took 0.117 seconds
[2023-04-23T00:43:42.385+0000] {processor.py:153} INFO - Started process (PID=470) to work on /home/airflow/.local/lib/python3.7/site-packages/airflow/example_dags/example_time_delta_sensor_async.py
[2023-04-23T00:43:42.387+0000] {processor.py:743} INFO - Processing file /home/airflow/.local/lib/python3.7/site-packages/airflow/example_dags/example_time_delta_sensor_async.py for tasks to queue
[2023-04-23T00:43:42.388+0000] {logging_mixin.py:137} INFO - [2023-04-23T00:43:42.388+0000] {dagbag.py:532} INFO - Filling up the DagBag from /home/airflow/.local/lib/python3.7/site-packages/airflow/example_dags/example_time_delta_sensor_async.py
[2023-04-23T00:43:42.403+0000] {processor.py:753} INFO - DAG(s) dict_keys(['example_time_delta_sensor_async']) retrieved from /home/airflow/.local/lib/python3.7/site-packages/airflow/example_dags/example_time_delta_sensor_async.py
[2023-04-23T00:43:42.446+0000] {logging_mixin.py:137} INFO - [2023-04-23T00:43:42.446+0000] {dag.py:2705} INFO - Sync 1 DAGs
[2023-04-23T00:43:42.477+0000] {logging_mixin.py:137} INFO - [2023-04-23T00:43:42.477+0000] {dag.py:3456} INFO - Setting next_dagrun for example_time_delta_sensor_async to None, run_after=None
[2023-04-23T00:43:42.510+0000] {processor.py:175} INFO - Processing /home/airflow/.local/lib/python3.7/site-packages/airflow/example_dags/example_time_delta_sensor_async.py took 0.128 seconds
[2023-04-23T00:44:13.267+0000] {processor.py:153} INFO - Started process (PID=520) to work on /home/airflow/.local/lib/python3.7/site-packages/airflow/example_dags/example_time_delta_sensor_async.py
[2023-04-23T00:44:13.327+0000] {processor.py:743} INFO - Processing file /home/airflow/.local/lib/python3.7/site-packages/airflow/example_dags/example_time_delta_sensor_async.py for tasks to queue
[2023-04-23T00:44:13.328+0000] {logging_mixin.py:137} INFO - [2023-04-23T00:44:13.328+0000] {dagbag.py:532} INFO - Filling up the DagBag from /home/airflow/.local/lib/python3.7/site-packages/airflow/example_dags/example_time_delta_sensor_async.py
[2023-04-23T00:44:13.359+0000] {processor.py:753} INFO - DAG(s) dict_keys(['example_time_delta_sensor_async']) retrieved from /home/airflow/.local/lib/python3.7/site-packages/airflow/example_dags/example_time_delta_sensor_async.py
[2023-04-23T00:44:13.407+0000] {logging_mixin.py:137} INFO - [2023-04-23T00:44:13.407+0000] {dag.py:2705} INFO - Sync 1 DAGs
[2023-04-23T00:44:13.461+0000] {logging_mixin.py:137} INFO - [2023-04-23T00:44:13.461+0000] {dag.py:3456} INFO - Setting next_dagrun for example_time_delta_sensor_async to None, run_after=None
[2023-04-23T00:44:13.526+0000] {processor.py:175} INFO - Processing /home/airflow/.local/lib/python3.7/site-packages/airflow/example_dags/example_time_delta_sensor_async.py took 0.274 seconds
[2023-04-23T00:44:43.633+0000] {processor.py:153} INFO - Started process (PID=571) to work on /home/airflow/.local/lib/python3.7/site-packages/airflow/example_dags/example_time_delta_sensor_async.py
[2023-04-23T00:44:43.635+0000] {processor.py:743} INFO - Processing file /home/airflow/.local/lib/python3.7/site-packages/airflow/example_dags/example_time_delta_sensor_async.py for tasks to queue
[2023-04-23T00:44:43.635+0000] {logging_mixin.py:137} INFO - [2023-04-23T00:44:43.635+0000] {dagbag.py:532} INFO - Filling up the DagBag from /home/airflow/.local/lib/python3.7/site-packages/airflow/example_dags/example_time_delta_sensor_async.py
[2023-04-23T00:44:43.647+0000] {processor.py:753} INFO - DAG(s) dict_keys(['example_time_delta_sensor_async']) retrieved from /home/airflow/.local/lib/python3.7/site-packages/airflow/example_dags/example_time_delta_sensor_async.py
[2023-04-23T00:44:43.671+0000] {logging_mixin.py:137} INFO - [2023-04-23T00:44:43.671+0000] {dag.py:2705} INFO - Sync 1 DAGs
[2023-04-23T00:44:43.697+0000] {logging_mixin.py:137} INFO - [2023-04-23T00:44:43.697+0000] {dag.py:3456} INFO - Setting next_dagrun for example_time_delta_sensor_async to None, run_after=None
[2023-04-23T00:44:43.717+0000] {processor.py:175} INFO - Processing /home/airflow/.local/lib/python3.7/site-packages/airflow/example_dags/example_time_delta_sensor_async.py took 0.087 seconds
[2023-04-23T00:45:14.584+0000] {processor.py:153} INFO - Started process (PID=622) to work on /home/airflow/.local/lib/python3.7/site-packages/airflow/example_dags/example_time_delta_sensor_async.py
[2023-04-23T00:45:14.585+0000] {processor.py:743} INFO - Processing file /home/airflow/.local/lib/python3.7/site-packages/airflow/example_dags/example_time_delta_sensor_async.py for tasks to queue
[2023-04-23T00:45:14.586+0000] {logging_mixin.py:137} INFO - [2023-04-23T00:45:14.586+0000] {dagbag.py:532} INFO - Filling up the DagBag from /home/airflow/.local/lib/python3.7/site-packages/airflow/example_dags/example_time_delta_sensor_async.py
[2023-04-23T00:45:14.603+0000] {processor.py:753} INFO - DAG(s) dict_keys(['example_time_delta_sensor_async']) retrieved from /home/airflow/.local/lib/python3.7/site-packages/airflow/example_dags/example_time_delta_sensor_async.py
[2023-04-23T00:45:14.637+0000] {logging_mixin.py:137} INFO - [2023-04-23T00:45:14.637+0000] {dag.py:2705} INFO - Sync 1 DAGs
[2023-04-23T00:45:14.694+0000] {logging_mixin.py:137} INFO - [2023-04-23T00:45:14.694+0000] {dag.py:3456} INFO - Setting next_dagrun for example_time_delta_sensor_async to None, run_after=None
[2023-04-23T00:45:14.741+0000] {processor.py:175} INFO - Processing /home/airflow/.local/lib/python3.7/site-packages/airflow/example_dags/example_time_delta_sensor_async.py took 0.161 seconds
[2023-04-23T00:45:45.100+0000] {processor.py:153} INFO - Started process (PID=673) to work on /home/airflow/.local/lib/python3.7/site-packages/airflow/example_dags/example_time_delta_sensor_async.py
[2023-04-23T00:45:45.102+0000] {processor.py:743} INFO - Processing file /home/airflow/.local/lib/python3.7/site-packages/airflow/example_dags/example_time_delta_sensor_async.py for tasks to queue
[2023-04-23T00:45:45.104+0000] {logging_mixin.py:137} INFO - [2023-04-23T00:45:45.103+0000] {dagbag.py:532} INFO - Filling up the DagBag from /home/airflow/.local/lib/python3.7/site-packages/airflow/example_dags/example_time_delta_sensor_async.py
[2023-04-23T00:45:45.124+0000] {processor.py:753} INFO - DAG(s) dict_keys(['example_time_delta_sensor_async']) retrieved from /home/airflow/.local/lib/python3.7/site-packages/airflow/example_dags/example_time_delta_sensor_async.py
[2023-04-23T00:45:45.178+0000] {logging_mixin.py:137} INFO - [2023-04-23T00:45:45.178+0000] {dag.py:2705} INFO - Sync 1 DAGs
[2023-04-23T00:45:45.243+0000] {logging_mixin.py:137} INFO - [2023-04-23T00:45:45.240+0000] {dag.py:3456} INFO - Setting next_dagrun for example_time_delta_sensor_async to None, run_after=None
[2023-04-23T00:45:45.311+0000] {processor.py:175} INFO - Processing /home/airflow/.local/lib/python3.7/site-packages/airflow/example_dags/example_time_delta_sensor_async.py took 0.216 seconds
[2023-04-23T00:46:15.486+0000] {processor.py:153} INFO - Started process (PID=723) to work on /home/airflow/.local/lib/python3.7/site-packages/airflow/example_dags/example_time_delta_sensor_async.py
[2023-04-23T00:46:15.572+0000] {processor.py:743} INFO - Processing file /home/airflow/.local/lib/python3.7/site-packages/airflow/example_dags/example_time_delta_sensor_async.py for tasks to queue
[2023-04-23T00:46:15.577+0000] {logging_mixin.py:137} INFO - [2023-04-23T00:46:15.576+0000] {dagbag.py:532} INFO - Filling up the DagBag from /home/airflow/.local/lib/python3.7/site-packages/airflow/example_dags/example_time_delta_sensor_async.py
[2023-04-23T00:46:15.645+0000] {processor.py:753} INFO - DAG(s) dict_keys(['example_time_delta_sensor_async']) retrieved from /home/airflow/.local/lib/python3.7/site-packages/airflow/example_dags/example_time_delta_sensor_async.py
[2023-04-23T00:46:15.693+0000] {logging_mixin.py:137} INFO - [2023-04-23T00:46:15.693+0000] {dag.py:2705} INFO - Sync 1 DAGs
[2023-04-23T00:46:15.759+0000] {logging_mixin.py:137} INFO - [2023-04-23T00:46:15.758+0000] {dag.py:3456} INFO - Setting next_dagrun for example_time_delta_sensor_async to None, run_after=None
[2023-04-23T00:46:15.801+0000] {processor.py:175} INFO - Processing /home/airflow/.local/lib/python3.7/site-packages/airflow/example_dags/example_time_delta_sensor_async.py took 0.332 seconds
