[2023-04-23T00:39:38.565+0000] {processor.py:153} INFO - Started process (PID=72) to work on /home/airflow/.local/lib/python3.7/site-packages/airflow/example_dags/example_xcom.py
[2023-04-23T00:39:38.566+0000] {processor.py:743} INFO - Processing file /home/airflow/.local/lib/python3.7/site-packages/airflow/example_dags/example_xcom.py for tasks to queue
[2023-04-23T00:39:38.567+0000] {logging_mixin.py:137} INFO - [2023-04-23T00:39:38.567+0000] {dagbag.py:532} INFO - Filling up the DagBag from /home/airflow/.local/lib/python3.7/site-packages/airflow/example_dags/example_xcom.py
[2023-04-23T00:39:38.609+0000] {processor.py:753} INFO - DAG(s) dict_keys(['example_xcom']) retrieved from /home/airflow/.local/lib/python3.7/site-packages/airflow/example_dags/example_xcom.py
[2023-04-23T00:39:38.756+0000] {logging_mixin.py:137} INFO - [2023-04-23T00:39:38.756+0000] {manager.py:504} INFO - Created Permission View: can edit on DAG:example_xcom
[2023-04-23T00:39:38.772+0000] {logging_mixin.py:137} INFO - [2023-04-23T00:39:38.772+0000] {manager.py:504} INFO - Created Permission View: can read on DAG:example_xcom
[2023-04-23T00:39:38.784+0000] {logging_mixin.py:137} INFO - [2023-04-23T00:39:38.783+0000] {manager.py:504} INFO - Created Permission View: can delete on DAG:example_xcom
[2023-04-23T00:39:38.784+0000] {logging_mixin.py:137} INFO - [2023-04-23T00:39:38.784+0000] {dag.py:2705} INFO - Sync 1 DAGs
[2023-04-23T00:39:38.806+0000] {logging_mixin.py:137} INFO - [2023-04-23T00:39:38.806+0000] {dag.py:2726} INFO - Creating ORM DAG for example_xcom
[2023-04-23T00:39:38.829+0000] {logging_mixin.py:137} INFO - [2023-04-23T00:39:38.828+0000] {dag.py:3456} INFO - Setting next_dagrun for example_xcom to 2021-01-01T00:00:00+00:00, run_after=2021-01-01T00:00:00+00:00
[2023-04-23T00:39:38.861+0000] {processor.py:175} INFO - Processing /home/airflow/.local/lib/python3.7/site-packages/airflow/example_dags/example_xcom.py took 0.300 seconds
[2023-04-23T00:40:09.116+0000] {processor.py:153} INFO - Started process (PID=122) to work on /home/airflow/.local/lib/python3.7/site-packages/airflow/example_dags/example_xcom.py
[2023-04-23T00:40:09.118+0000] {processor.py:743} INFO - Processing file /home/airflow/.local/lib/python3.7/site-packages/airflow/example_dags/example_xcom.py for tasks to queue
[2023-04-23T00:40:09.118+0000] {logging_mixin.py:137} INFO - [2023-04-23T00:40:09.118+0000] {dagbag.py:532} INFO - Filling up the DagBag from /home/airflow/.local/lib/python3.7/site-packages/airflow/example_dags/example_xcom.py
[2023-04-23T00:40:09.153+0000] {processor.py:753} INFO - DAG(s) dict_keys(['example_xcom']) retrieved from /home/airflow/.local/lib/python3.7/site-packages/airflow/example_dags/example_xcom.py
[2023-04-23T00:40:09.193+0000] {logging_mixin.py:137} INFO - [2023-04-23T00:40:09.193+0000] {dag.py:2705} INFO - Sync 1 DAGs
[2023-04-23T00:40:09.238+0000] {logging_mixin.py:137} INFO - [2023-04-23T00:40:09.238+0000] {dag.py:3456} INFO - Setting next_dagrun for example_xcom to 2021-01-01T00:00:00+00:00, run_after=2021-01-01T00:00:00+00:00
[2023-04-23T00:40:09.270+0000] {processor.py:175} INFO - Processing /home/airflow/.local/lib/python3.7/site-packages/airflow/example_dags/example_xcom.py took 0.158 seconds
[2023-04-23T00:40:39.733+0000] {processor.py:153} INFO - Started process (PID=172) to work on /home/airflow/.local/lib/python3.7/site-packages/airflow/example_dags/example_xcom.py
[2023-04-23T00:40:39.733+0000] {processor.py:743} INFO - Processing file /home/airflow/.local/lib/python3.7/site-packages/airflow/example_dags/example_xcom.py for tasks to queue
[2023-04-23T00:40:39.734+0000] {logging_mixin.py:137} INFO - [2023-04-23T00:40:39.734+0000] {dagbag.py:532} INFO - Filling up the DagBag from /home/airflow/.local/lib/python3.7/site-packages/airflow/example_dags/example_xcom.py
[2023-04-23T00:40:39.772+0000] {processor.py:753} INFO - DAG(s) dict_keys(['example_xcom']) retrieved from /home/airflow/.local/lib/python3.7/site-packages/airflow/example_dags/example_xcom.py
[2023-04-23T00:40:39.810+0000] {logging_mixin.py:137} INFO - [2023-04-23T00:40:39.810+0000] {dag.py:2705} INFO - Sync 1 DAGs
[2023-04-23T00:40:39.855+0000] {logging_mixin.py:137} INFO - [2023-04-23T00:40:39.854+0000] {dag.py:3456} INFO - Setting next_dagrun for example_xcom to 2021-01-01T00:00:00+00:00, run_after=2021-01-01T00:00:00+00:00
[2023-04-23T00:40:39.884+0000] {processor.py:175} INFO - Processing /home/airflow/.local/lib/python3.7/site-packages/airflow/example_dags/example_xcom.py took 0.156 seconds
[2023-04-23T00:41:10.677+0000] {processor.py:153} INFO - Started process (PID=229) to work on /home/airflow/.local/lib/python3.7/site-packages/airflow/example_dags/example_xcom.py
[2023-04-23T00:41:10.694+0000] {processor.py:743} INFO - Processing file /home/airflow/.local/lib/python3.7/site-packages/airflow/example_dags/example_xcom.py for tasks to queue
[2023-04-23T00:41:10.695+0000] {logging_mixin.py:137} INFO - [2023-04-23T00:41:10.695+0000] {dagbag.py:532} INFO - Filling up the DagBag from /home/airflow/.local/lib/python3.7/site-packages/airflow/example_dags/example_xcom.py
[2023-04-23T00:41:10.725+0000] {processor.py:753} INFO - DAG(s) dict_keys(['example_xcom']) retrieved from /home/airflow/.local/lib/python3.7/site-packages/airflow/example_dags/example_xcom.py
[2023-04-23T00:41:10.766+0000] {logging_mixin.py:137} INFO - [2023-04-23T00:41:10.765+0000] {dag.py:2705} INFO - Sync 1 DAGs
[2023-04-23T00:41:10.820+0000] {logging_mixin.py:137} INFO - [2023-04-23T00:41:10.820+0000] {dag.py:3456} INFO - Setting next_dagrun for example_xcom to 2021-01-01T00:00:00+00:00, run_after=2021-01-01T00:00:00+00:00
[2023-04-23T00:41:10.853+0000] {processor.py:175} INFO - Processing /home/airflow/.local/lib/python3.7/site-packages/airflow/example_dags/example_xcom.py took 0.183 seconds
[2023-04-23T00:41:41.253+0000] {processor.py:153} INFO - Started process (PID=280) to work on /home/airflow/.local/lib/python3.7/site-packages/airflow/example_dags/example_xcom.py
[2023-04-23T00:41:41.254+0000] {processor.py:743} INFO - Processing file /home/airflow/.local/lib/python3.7/site-packages/airflow/example_dags/example_xcom.py for tasks to queue
[2023-04-23T00:41:41.255+0000] {logging_mixin.py:137} INFO - [2023-04-23T00:41:41.255+0000] {dagbag.py:532} INFO - Filling up the DagBag from /home/airflow/.local/lib/python3.7/site-packages/airflow/example_dags/example_xcom.py
[2023-04-23T00:41:41.297+0000] {processor.py:753} INFO - DAG(s) dict_keys(['example_xcom']) retrieved from /home/airflow/.local/lib/python3.7/site-packages/airflow/example_dags/example_xcom.py
[2023-04-23T00:41:41.337+0000] {logging_mixin.py:137} INFO - [2023-04-23T00:41:41.337+0000] {dag.py:2705} INFO - Sync 1 DAGs
[2023-04-23T00:41:41.376+0000] {logging_mixin.py:137} INFO - [2023-04-23T00:41:41.376+0000] {dag.py:3456} INFO - Setting next_dagrun for example_xcom to 2021-01-01T00:00:00+00:00, run_after=2021-01-01T00:00:00+00:00
[2023-04-23T00:41:41.406+0000] {processor.py:175} INFO - Processing /home/airflow/.local/lib/python3.7/site-packages/airflow/example_dags/example_xcom.py took 0.158 seconds
[2023-04-23T00:42:12.256+0000] {processor.py:153} INFO - Started process (PID=329) to work on /home/airflow/.local/lib/python3.7/site-packages/airflow/example_dags/example_xcom.py
[2023-04-23T00:42:12.286+0000] {processor.py:743} INFO - Processing file /home/airflow/.local/lib/python3.7/site-packages/airflow/example_dags/example_xcom.py for tasks to queue
[2023-04-23T00:42:12.287+0000] {logging_mixin.py:137} INFO - [2023-04-23T00:42:12.286+0000] {dagbag.py:532} INFO - Filling up the DagBag from /home/airflow/.local/lib/python3.7/site-packages/airflow/example_dags/example_xcom.py
[2023-04-23T00:42:12.340+0000] {processor.py:753} INFO - DAG(s) dict_keys(['example_xcom']) retrieved from /home/airflow/.local/lib/python3.7/site-packages/airflow/example_dags/example_xcom.py
[2023-04-23T00:42:12.413+0000] {logging_mixin.py:137} INFO - [2023-04-23T00:42:12.412+0000] {dag.py:2705} INFO - Sync 1 DAGs
[2023-04-23T00:42:12.478+0000] {logging_mixin.py:137} INFO - [2023-04-23T00:42:12.477+0000] {dag.py:3456} INFO - Setting next_dagrun for example_xcom to 2021-01-01T00:00:00+00:00, run_after=2021-01-01T00:00:00+00:00
[2023-04-23T00:42:12.564+0000] {processor.py:175} INFO - Processing /home/airflow/.local/lib/python3.7/site-packages/airflow/example_dags/example_xcom.py took 0.311 seconds
[2023-04-23T00:42:42.770+0000] {processor.py:153} INFO - Started process (PID=380) to work on /home/airflow/.local/lib/python3.7/site-packages/airflow/example_dags/example_xcom.py
[2023-04-23T00:42:42.770+0000] {processor.py:743} INFO - Processing file /home/airflow/.local/lib/python3.7/site-packages/airflow/example_dags/example_xcom.py for tasks to queue
[2023-04-23T00:42:42.771+0000] {logging_mixin.py:137} INFO - [2023-04-23T00:42:42.771+0000] {dagbag.py:532} INFO - Filling up the DagBag from /home/airflow/.local/lib/python3.7/site-packages/airflow/example_dags/example_xcom.py
[2023-04-23T00:42:42.796+0000] {processor.py:753} INFO - DAG(s) dict_keys(['example_xcom']) retrieved from /home/airflow/.local/lib/python3.7/site-packages/airflow/example_dags/example_xcom.py
[2023-04-23T00:42:42.832+0000] {logging_mixin.py:137} INFO - [2023-04-23T00:42:42.831+0000] {dag.py:2705} INFO - Sync 1 DAGs
[2023-04-23T00:42:42.880+0000] {logging_mixin.py:137} INFO - [2023-04-23T00:42:42.880+0000] {dag.py:3456} INFO - Setting next_dagrun for example_xcom to 2021-01-01T00:00:00+00:00, run_after=2021-01-01T00:00:00+00:00
[2023-04-23T00:42:42.906+0000] {processor.py:175} INFO - Processing /home/airflow/.local/lib/python3.7/site-packages/airflow/example_dags/example_xcom.py took 0.140 seconds
[2023-04-23T00:43:13.862+0000] {processor.py:153} INFO - Started process (PID=430) to work on /home/airflow/.local/lib/python3.7/site-packages/airflow/example_dags/example_xcom.py
[2023-04-23T00:43:13.863+0000] {processor.py:743} INFO - Processing file /home/airflow/.local/lib/python3.7/site-packages/airflow/example_dags/example_xcom.py for tasks to queue
[2023-04-23T00:43:13.863+0000] {logging_mixin.py:137} INFO - [2023-04-23T00:43:13.863+0000] {dagbag.py:532} INFO - Filling up the DagBag from /home/airflow/.local/lib/python3.7/site-packages/airflow/example_dags/example_xcom.py
[2023-04-23T00:43:13.904+0000] {processor.py:753} INFO - DAG(s) dict_keys(['example_xcom']) retrieved from /home/airflow/.local/lib/python3.7/site-packages/airflow/example_dags/example_xcom.py
[2023-04-23T00:43:13.944+0000] {logging_mixin.py:137} INFO - [2023-04-23T00:43:13.944+0000] {dag.py:2705} INFO - Sync 1 DAGs
[2023-04-23T00:43:13.994+0000] {logging_mixin.py:137} INFO - [2023-04-23T00:43:13.994+0000] {dag.py:3456} INFO - Setting next_dagrun for example_xcom to 2021-01-01T00:00:00+00:00, run_after=2021-01-01T00:00:00+00:00
[2023-04-23T00:43:14.026+0000] {processor.py:175} INFO - Processing /home/airflow/.local/lib/python3.7/site-packages/airflow/example_dags/example_xcom.py took 0.171 seconds
[2023-04-23T00:43:44.395+0000] {processor.py:153} INFO - Started process (PID=480) to work on /home/airflow/.local/lib/python3.7/site-packages/airflow/example_dags/example_xcom.py
[2023-04-23T00:43:44.396+0000] {processor.py:743} INFO - Processing file /home/airflow/.local/lib/python3.7/site-packages/airflow/example_dags/example_xcom.py for tasks to queue
[2023-04-23T00:43:44.397+0000] {logging_mixin.py:137} INFO - [2023-04-23T00:43:44.397+0000] {dagbag.py:532} INFO - Filling up the DagBag from /home/airflow/.local/lib/python3.7/site-packages/airflow/example_dags/example_xcom.py
[2023-04-23T00:43:44.427+0000] {processor.py:753} INFO - DAG(s) dict_keys(['example_xcom']) retrieved from /home/airflow/.local/lib/python3.7/site-packages/airflow/example_dags/example_xcom.py
[2023-04-23T00:43:44.464+0000] {logging_mixin.py:137} INFO - [2023-04-23T00:43:44.464+0000] {dag.py:2705} INFO - Sync 1 DAGs
[2023-04-23T00:43:44.498+0000] {logging_mixin.py:137} INFO - [2023-04-23T00:43:44.498+0000] {dag.py:3456} INFO - Setting next_dagrun for example_xcom to 2021-01-01T00:00:00+00:00, run_after=2021-01-01T00:00:00+00:00
[2023-04-23T00:43:44.520+0000] {processor.py:175} INFO - Processing /home/airflow/.local/lib/python3.7/site-packages/airflow/example_dags/example_xcom.py took 0.130 seconds
[2023-04-23T00:44:15.440+0000] {processor.py:153} INFO - Started process (PID=530) to work on /home/airflow/.local/lib/python3.7/site-packages/airflow/example_dags/example_xcom.py
[2023-04-23T00:44:15.441+0000] {processor.py:743} INFO - Processing file /home/airflow/.local/lib/python3.7/site-packages/airflow/example_dags/example_xcom.py for tasks to queue
[2023-04-23T00:44:15.442+0000] {logging_mixin.py:137} INFO - [2023-04-23T00:44:15.442+0000] {dagbag.py:532} INFO - Filling up the DagBag from /home/airflow/.local/lib/python3.7/site-packages/airflow/example_dags/example_xcom.py
[2023-04-23T00:44:15.468+0000] {processor.py:753} INFO - DAG(s) dict_keys(['example_xcom']) retrieved from /home/airflow/.local/lib/python3.7/site-packages/airflow/example_dags/example_xcom.py
[2023-04-23T00:44:15.504+0000] {logging_mixin.py:137} INFO - [2023-04-23T00:44:15.504+0000] {dag.py:2705} INFO - Sync 1 DAGs
[2023-04-23T00:44:15.550+0000] {logging_mixin.py:137} INFO - [2023-04-23T00:44:15.550+0000] {dag.py:3456} INFO - Setting next_dagrun for example_xcom to 2021-01-01T00:00:00+00:00, run_after=2021-01-01T00:00:00+00:00
[2023-04-23T00:44:15.576+0000] {processor.py:175} INFO - Processing /home/airflow/.local/lib/python3.7/site-packages/airflow/example_dags/example_xcom.py took 0.140 seconds
[2023-04-23T00:44:46.568+0000] {processor.py:153} INFO - Started process (PID=581) to work on /home/airflow/.local/lib/python3.7/site-packages/airflow/example_dags/example_xcom.py
[2023-04-23T00:44:46.570+0000] {processor.py:743} INFO - Processing file /home/airflow/.local/lib/python3.7/site-packages/airflow/example_dags/example_xcom.py for tasks to queue
[2023-04-23T00:44:46.571+0000] {logging_mixin.py:137} INFO - [2023-04-23T00:44:46.571+0000] {dagbag.py:532} INFO - Filling up the DagBag from /home/airflow/.local/lib/python3.7/site-packages/airflow/example_dags/example_xcom.py
[2023-04-23T00:44:46.609+0000] {processor.py:753} INFO - DAG(s) dict_keys(['example_xcom']) retrieved from /home/airflow/.local/lib/python3.7/site-packages/airflow/example_dags/example_xcom.py
[2023-04-23T00:44:46.644+0000] {logging_mixin.py:137} INFO - [2023-04-23T00:44:46.644+0000] {dag.py:2705} INFO - Sync 1 DAGs
[2023-04-23T00:44:46.680+0000] {logging_mixin.py:137} INFO - [2023-04-23T00:44:46.679+0000] {dag.py:3456} INFO - Setting next_dagrun for example_xcom to 2021-01-01T00:00:00+00:00, run_after=2021-01-01T00:00:00+00:00
[2023-04-23T00:44:46.711+0000] {processor.py:175} INFO - Processing /home/airflow/.local/lib/python3.7/site-packages/airflow/example_dags/example_xcom.py took 0.146 seconds
[2023-04-23T00:45:17.529+0000] {processor.py:153} INFO - Started process (PID=632) to work on /home/airflow/.local/lib/python3.7/site-packages/airflow/example_dags/example_xcom.py
[2023-04-23T00:45:17.529+0000] {processor.py:743} INFO - Processing file /home/airflow/.local/lib/python3.7/site-packages/airflow/example_dags/example_xcom.py for tasks to queue
[2023-04-23T00:45:17.530+0000] {logging_mixin.py:137} INFO - [2023-04-23T00:45:17.530+0000] {dagbag.py:532} INFO - Filling up the DagBag from /home/airflow/.local/lib/python3.7/site-packages/airflow/example_dags/example_xcom.py
[2023-04-23T00:45:17.559+0000] {processor.py:753} INFO - DAG(s) dict_keys(['example_xcom']) retrieved from /home/airflow/.local/lib/python3.7/site-packages/airflow/example_dags/example_xcom.py
[2023-04-23T00:45:17.587+0000] {logging_mixin.py:137} INFO - [2023-04-23T00:45:17.587+0000] {dag.py:2705} INFO - Sync 1 DAGs
[2023-04-23T00:45:17.620+0000] {logging_mixin.py:137} INFO - [2023-04-23T00:45:17.620+0000] {dag.py:3456} INFO - Setting next_dagrun for example_xcom to 2021-01-01T00:00:00+00:00, run_after=2021-01-01T00:00:00+00:00
[2023-04-23T00:45:17.640+0000] {processor.py:175} INFO - Processing /home/airflow/.local/lib/python3.7/site-packages/airflow/example_dags/example_xcom.py took 0.114 seconds
[2023-04-23T00:45:48.801+0000] {processor.py:153} INFO - Started process (PID=683) to work on /home/airflow/.local/lib/python3.7/site-packages/airflow/example_dags/example_xcom.py
[2023-04-23T00:45:48.857+0000] {processor.py:743} INFO - Processing file /home/airflow/.local/lib/python3.7/site-packages/airflow/example_dags/example_xcom.py for tasks to queue
[2023-04-23T00:45:48.859+0000] {logging_mixin.py:137} INFO - [2023-04-23T00:45:48.859+0000] {dagbag.py:532} INFO - Filling up the DagBag from /home/airflow/.local/lib/python3.7/site-packages/airflow/example_dags/example_xcom.py
[2023-04-23T00:45:48.904+0000] {processor.py:753} INFO - DAG(s) dict_keys(['example_xcom']) retrieved from /home/airflow/.local/lib/python3.7/site-packages/airflow/example_dags/example_xcom.py
[2023-04-23T00:45:48.957+0000] {logging_mixin.py:137} INFO - [2023-04-23T00:45:48.957+0000] {dag.py:2705} INFO - Sync 1 DAGs
[2023-04-23T00:45:49.030+0000] {logging_mixin.py:137} INFO - [2023-04-23T00:45:49.030+0000] {dag.py:3456} INFO - Setting next_dagrun for example_xcom to 2021-01-01T00:00:00+00:00, run_after=2021-01-01T00:00:00+00:00
[2023-04-23T00:45:49.115+0000] {processor.py:175} INFO - Processing /home/airflow/.local/lib/python3.7/site-packages/airflow/example_dags/example_xcom.py took 0.318 seconds
