[2023-04-23T00:39:34.644+0000] {processor.py:153} INFO - Started process (PID=52) to work on /home/airflow/.local/lib/python3.7/site-packages/airflow/example_dags/example_branch_python_dop_operator_3.py
[2023-04-23T00:39:34.645+0000] {processor.py:743} INFO - Processing file /home/airflow/.local/lib/python3.7/site-packages/airflow/example_dags/example_branch_python_dop_operator_3.py for tasks to queue
[2023-04-23T00:39:34.646+0000] {logging_mixin.py:137} INFO - [2023-04-23T00:39:34.645+0000] {dagbag.py:532} INFO - Filling up the DagBag from /home/airflow/.local/lib/python3.7/site-packages/airflow/example_dags/example_branch_python_dop_operator_3.py
[2023-04-23T00:39:34.735+0000] {processor.py:753} INFO - DAG(s) dict_keys(['example_branch_dop_operator_v3']) retrieved from /home/airflow/.local/lib/python3.7/site-packages/airflow/example_dags/example_branch_python_dop_operator_3.py
[2023-04-23T00:39:35.031+0000] {logging_mixin.py:137} INFO - [2023-04-23T00:39:35.031+0000] {manager.py:504} INFO - Created Permission View: can edit on DAG:example_branch_dop_operator_v3
[2023-04-23T00:39:35.072+0000] {logging_mixin.py:137} INFO - [2023-04-23T00:39:35.072+0000] {manager.py:504} INFO - Created Permission View: can read on DAG:example_branch_dop_operator_v3
[2023-04-23T00:39:35.084+0000] {logging_mixin.py:137} INFO - [2023-04-23T00:39:35.084+0000] {manager.py:504} INFO - Created Permission View: can delete on DAG:example_branch_dop_operator_v3
[2023-04-23T00:39:35.085+0000] {logging_mixin.py:137} INFO - [2023-04-23T00:39:35.085+0000] {dag.py:2705} INFO - Sync 1 DAGs
[2023-04-23T00:39:35.107+0000] {logging_mixin.py:137} INFO - [2023-04-23T00:39:35.107+0000] {dag.py:2726} INFO - Creating ORM DAG for example_branch_dop_operator_v3
[2023-04-23T00:39:35.134+0000] {logging_mixin.py:137} INFO - [2023-04-23T00:39:35.134+0000] {dag.py:3456} INFO - Setting next_dagrun for example_branch_dop_operator_v3 to 2023-04-23T00:38:00+00:00, run_after=2023-04-23T00:39:00+00:00
[2023-04-23T00:39:35.159+0000] {processor.py:175} INFO - Processing /home/airflow/.local/lib/python3.7/site-packages/airflow/example_dags/example_branch_python_dop_operator_3.py took 0.524 seconds
[2023-04-23T00:40:05.498+0000] {processor.py:153} INFO - Started process (PID=102) to work on /home/airflow/.local/lib/python3.7/site-packages/airflow/example_dags/example_branch_python_dop_operator_3.py
[2023-04-23T00:40:05.499+0000] {processor.py:743} INFO - Processing file /home/airflow/.local/lib/python3.7/site-packages/airflow/example_dags/example_branch_python_dop_operator_3.py for tasks to queue
[2023-04-23T00:40:05.499+0000] {logging_mixin.py:137} INFO - [2023-04-23T00:40:05.499+0000] {dagbag.py:532} INFO - Filling up the DagBag from /home/airflow/.local/lib/python3.7/site-packages/airflow/example_dags/example_branch_python_dop_operator_3.py
[2023-04-23T00:40:05.529+0000] {processor.py:753} INFO - DAG(s) dict_keys(['example_branch_dop_operator_v3']) retrieved from /home/airflow/.local/lib/python3.7/site-packages/airflow/example_dags/example_branch_python_dop_operator_3.py
[2023-04-23T00:40:05.555+0000] {logging_mixin.py:137} INFO - [2023-04-23T00:40:05.555+0000] {dag.py:2705} INFO - Sync 1 DAGs
[2023-04-23T00:40:05.597+0000] {logging_mixin.py:137} INFO - [2023-04-23T00:40:05.597+0000] {dag.py:3456} INFO - Setting next_dagrun for example_branch_dop_operator_v3 to 2023-04-23T00:39:00+00:00, run_after=2023-04-23T00:40:00+00:00
[2023-04-23T00:40:05.619+0000] {processor.py:175} INFO - Processing /home/airflow/.local/lib/python3.7/site-packages/airflow/example_dags/example_branch_python_dop_operator_3.py took 0.125 seconds
[2023-04-23T00:40:35.835+0000] {processor.py:153} INFO - Started process (PID=152) to work on /home/airflow/.local/lib/python3.7/site-packages/airflow/example_dags/example_branch_python_dop_operator_3.py
[2023-04-23T00:40:35.840+0000] {processor.py:743} INFO - Processing file /home/airflow/.local/lib/python3.7/site-packages/airflow/example_dags/example_branch_python_dop_operator_3.py for tasks to queue
[2023-04-23T00:40:35.842+0000] {logging_mixin.py:137} INFO - [2023-04-23T00:40:35.841+0000] {dagbag.py:532} INFO - Filling up the DagBag from /home/airflow/.local/lib/python3.7/site-packages/airflow/example_dags/example_branch_python_dop_operator_3.py
[2023-04-23T00:40:35.898+0000] {processor.py:753} INFO - DAG(s) dict_keys(['example_branch_dop_operator_v3']) retrieved from /home/airflow/.local/lib/python3.7/site-packages/airflow/example_dags/example_branch_python_dop_operator_3.py
[2023-04-23T00:40:35.943+0000] {logging_mixin.py:137} INFO - [2023-04-23T00:40:35.943+0000] {dag.py:2705} INFO - Sync 1 DAGs
[2023-04-23T00:40:36.000+0000] {logging_mixin.py:137} INFO - [2023-04-23T00:40:36.000+0000] {dag.py:3456} INFO - Setting next_dagrun for example_branch_dop_operator_v3 to 2023-04-23T00:39:00+00:00, run_after=2023-04-23T00:40:00+00:00
[2023-04-23T00:40:36.034+0000] {processor.py:175} INFO - Processing /home/airflow/.local/lib/python3.7/site-packages/airflow/example_dags/example_branch_python_dop_operator_3.py took 0.202 seconds
[2023-04-23T00:41:06.818+0000] {processor.py:153} INFO - Started process (PID=202) to work on /home/airflow/.local/lib/python3.7/site-packages/airflow/example_dags/example_branch_python_dop_operator_3.py
[2023-04-23T00:41:06.819+0000] {processor.py:743} INFO - Processing file /home/airflow/.local/lib/python3.7/site-packages/airflow/example_dags/example_branch_python_dop_operator_3.py for tasks to queue
[2023-04-23T00:41:06.819+0000] {logging_mixin.py:137} INFO - [2023-04-23T00:41:06.819+0000] {dagbag.py:532} INFO - Filling up the DagBag from /home/airflow/.local/lib/python3.7/site-packages/airflow/example_dags/example_branch_python_dop_operator_3.py
[2023-04-23T00:41:06.844+0000] {processor.py:753} INFO - DAG(s) dict_keys(['example_branch_dop_operator_v3']) retrieved from /home/airflow/.local/lib/python3.7/site-packages/airflow/example_dags/example_branch_python_dop_operator_3.py
[2023-04-23T00:41:06.889+0000] {logging_mixin.py:137} INFO - [2023-04-23T00:41:06.889+0000] {dag.py:2705} INFO - Sync 1 DAGs
[2023-04-23T00:41:06.980+0000] {logging_mixin.py:137} INFO - [2023-04-23T00:41:06.980+0000] {dag.py:3456} INFO - Setting next_dagrun for example_branch_dop_operator_v3 to 2023-04-23T00:40:00+00:00, run_after=2023-04-23T00:41:00+00:00
[2023-04-23T00:41:07.009+0000] {processor.py:175} INFO - Processing /home/airflow/.local/lib/python3.7/site-packages/airflow/example_dags/example_branch_python_dop_operator_3.py took 0.195 seconds
[2023-04-23T00:41:37.603+0000] {processor.py:153} INFO - Started process (PID=252) to work on /home/airflow/.local/lib/python3.7/site-packages/airflow/example_dags/example_branch_python_dop_operator_3.py
[2023-04-23T00:41:37.604+0000] {processor.py:743} INFO - Processing file /home/airflow/.local/lib/python3.7/site-packages/airflow/example_dags/example_branch_python_dop_operator_3.py for tasks to queue
[2023-04-23T00:41:37.604+0000] {logging_mixin.py:137} INFO - [2023-04-23T00:41:37.604+0000] {dagbag.py:532} INFO - Filling up the DagBag from /home/airflow/.local/lib/python3.7/site-packages/airflow/example_dags/example_branch_python_dop_operator_3.py
[2023-04-23T00:41:37.628+0000] {processor.py:753} INFO - DAG(s) dict_keys(['example_branch_dop_operator_v3']) retrieved from /home/airflow/.local/lib/python3.7/site-packages/airflow/example_dags/example_branch_python_dop_operator_3.py
[2023-04-23T00:41:37.654+0000] {logging_mixin.py:137} INFO - [2023-04-23T00:41:37.654+0000] {dag.py:2705} INFO - Sync 1 DAGs
[2023-04-23T00:41:37.691+0000] {logging_mixin.py:137} INFO - [2023-04-23T00:41:37.690+0000] {dag.py:3456} INFO - Setting next_dagrun for example_branch_dop_operator_v3 to 2023-04-23T00:40:00+00:00, run_after=2023-04-23T00:41:00+00:00
[2023-04-23T00:41:37.714+0000] {processor.py:175} INFO - Processing /home/airflow/.local/lib/python3.7/site-packages/airflow/example_dags/example_branch_python_dop_operator_3.py took 0.114 seconds
[2023-04-23T00:42:07.978+0000] {processor.py:153} INFO - Started process (PID=303) to work on /home/airflow/.local/lib/python3.7/site-packages/airflow/example_dags/example_branch_python_dop_operator_3.py
[2023-04-23T00:42:07.979+0000] {processor.py:743} INFO - Processing file /home/airflow/.local/lib/python3.7/site-packages/airflow/example_dags/example_branch_python_dop_operator_3.py for tasks to queue
[2023-04-23T00:42:07.979+0000] {logging_mixin.py:137} INFO - [2023-04-23T00:42:07.979+0000] {dagbag.py:532} INFO - Filling up the DagBag from /home/airflow/.local/lib/python3.7/site-packages/airflow/example_dags/example_branch_python_dop_operator_3.py
[2023-04-23T00:42:08.011+0000] {processor.py:753} INFO - DAG(s) dict_keys(['example_branch_dop_operator_v3']) retrieved from /home/airflow/.local/lib/python3.7/site-packages/airflow/example_dags/example_branch_python_dop_operator_3.py
[2023-04-23T00:42:08.046+0000] {logging_mixin.py:137} INFO - [2023-04-23T00:42:08.046+0000] {dag.py:2705} INFO - Sync 1 DAGs
[2023-04-23T00:42:08.107+0000] {logging_mixin.py:137} INFO - [2023-04-23T00:42:08.107+0000] {dag.py:3456} INFO - Setting next_dagrun for example_branch_dop_operator_v3 to 2023-04-23T00:41:00+00:00, run_after=2023-04-23T00:42:00+00:00
[2023-04-23T00:42:08.138+0000] {processor.py:175} INFO - Processing /home/airflow/.local/lib/python3.7/site-packages/airflow/example_dags/example_branch_python_dop_operator_3.py took 0.162 seconds
[2023-04-23T00:42:38.556+0000] {processor.py:153} INFO - Started process (PID=352) to work on /home/airflow/.local/lib/python3.7/site-packages/airflow/example_dags/example_branch_python_dop_operator_3.py
[2023-04-23T00:42:38.557+0000] {processor.py:743} INFO - Processing file /home/airflow/.local/lib/python3.7/site-packages/airflow/example_dags/example_branch_python_dop_operator_3.py for tasks to queue
[2023-04-23T00:42:38.558+0000] {logging_mixin.py:137} INFO - [2023-04-23T00:42:38.558+0000] {dagbag.py:532} INFO - Filling up the DagBag from /home/airflow/.local/lib/python3.7/site-packages/airflow/example_dags/example_branch_python_dop_operator_3.py
[2023-04-23T00:42:38.587+0000] {processor.py:753} INFO - DAG(s) dict_keys(['example_branch_dop_operator_v3']) retrieved from /home/airflow/.local/lib/python3.7/site-packages/airflow/example_dags/example_branch_python_dop_operator_3.py
[2023-04-23T00:42:38.617+0000] {logging_mixin.py:137} INFO - [2023-04-23T00:42:38.617+0000] {dag.py:2705} INFO - Sync 1 DAGs
[2023-04-23T00:42:38.656+0000] {logging_mixin.py:137} INFO - [2023-04-23T00:42:38.656+0000] {dag.py:3456} INFO - Setting next_dagrun for example_branch_dop_operator_v3 to 2023-04-23T00:41:00+00:00, run_after=2023-04-23T00:42:00+00:00
[2023-04-23T00:42:38.681+0000] {processor.py:175} INFO - Processing /home/airflow/.local/lib/python3.7/site-packages/airflow/example_dags/example_branch_python_dop_operator_3.py took 0.128 seconds
[2023-04-23T00:43:08.811+0000] {processor.py:153} INFO - Started process (PID=403) to work on /home/airflow/.local/lib/python3.7/site-packages/airflow/example_dags/example_branch_python_dop_operator_3.py
[2023-04-23T00:43:08.811+0000] {processor.py:743} INFO - Processing file /home/airflow/.local/lib/python3.7/site-packages/airflow/example_dags/example_branch_python_dop_operator_3.py for tasks to queue
[2023-04-23T00:43:08.812+0000] {logging_mixin.py:137} INFO - [2023-04-23T00:43:08.812+0000] {dagbag.py:532} INFO - Filling up the DagBag from /home/airflow/.local/lib/python3.7/site-packages/airflow/example_dags/example_branch_python_dop_operator_3.py
[2023-04-23T00:43:08.862+0000] {processor.py:753} INFO - DAG(s) dict_keys(['example_branch_dop_operator_v3']) retrieved from /home/airflow/.local/lib/python3.7/site-packages/airflow/example_dags/example_branch_python_dop_operator_3.py
[2023-04-23T00:43:08.916+0000] {logging_mixin.py:137} INFO - [2023-04-23T00:43:08.915+0000] {dag.py:2705} INFO - Sync 1 DAGs
[2023-04-23T00:43:08.977+0000] {logging_mixin.py:137} INFO - [2023-04-23T00:43:08.976+0000] {dag.py:3456} INFO - Setting next_dagrun for example_branch_dop_operator_v3 to 2023-04-23T00:42:00+00:00, run_after=2023-04-23T00:43:00+00:00
[2023-04-23T00:43:09.011+0000] {processor.py:175} INFO - Processing /home/airflow/.local/lib/python3.7/site-packages/airflow/example_dags/example_branch_python_dop_operator_3.py took 0.206 seconds
[2023-04-23T00:43:39.525+0000] {processor.py:153} INFO - Started process (PID=453) to work on /home/airflow/.local/lib/python3.7/site-packages/airflow/example_dags/example_branch_python_dop_operator_3.py
[2023-04-23T00:43:39.526+0000] {processor.py:743} INFO - Processing file /home/airflow/.local/lib/python3.7/site-packages/airflow/example_dags/example_branch_python_dop_operator_3.py for tasks to queue
[2023-04-23T00:43:39.527+0000] {logging_mixin.py:137} INFO - [2023-04-23T00:43:39.527+0000] {dagbag.py:532} INFO - Filling up the DagBag from /home/airflow/.local/lib/python3.7/site-packages/airflow/example_dags/example_branch_python_dop_operator_3.py
[2023-04-23T00:43:39.554+0000] {processor.py:753} INFO - DAG(s) dict_keys(['example_branch_dop_operator_v3']) retrieved from /home/airflow/.local/lib/python3.7/site-packages/airflow/example_dags/example_branch_python_dop_operator_3.py
[2023-04-23T00:43:39.580+0000] {logging_mixin.py:137} INFO - [2023-04-23T00:43:39.580+0000] {dag.py:2705} INFO - Sync 1 DAGs
[2023-04-23T00:43:39.615+0000] {logging_mixin.py:137} INFO - [2023-04-23T00:43:39.615+0000] {dag.py:3456} INFO - Setting next_dagrun for example_branch_dop_operator_v3 to 2023-04-23T00:42:00+00:00, run_after=2023-04-23T00:43:00+00:00
[2023-04-23T00:43:39.638+0000] {processor.py:175} INFO - Processing /home/airflow/.local/lib/python3.7/site-packages/airflow/example_dags/example_branch_python_dop_operator_3.py took 0.115 seconds
[2023-04-23T00:44:10.172+0000] {processor.py:153} INFO - Started process (PID=503) to work on /home/airflow/.local/lib/python3.7/site-packages/airflow/example_dags/example_branch_python_dop_operator_3.py
[2023-04-23T00:44:10.173+0000] {processor.py:743} INFO - Processing file /home/airflow/.local/lib/python3.7/site-packages/airflow/example_dags/example_branch_python_dop_operator_3.py for tasks to queue
[2023-04-23T00:44:10.175+0000] {logging_mixin.py:137} INFO - [2023-04-23T00:44:10.174+0000] {dagbag.py:532} INFO - Filling up the DagBag from /home/airflow/.local/lib/python3.7/site-packages/airflow/example_dags/example_branch_python_dop_operator_3.py
[2023-04-23T00:44:10.209+0000] {processor.py:753} INFO - DAG(s) dict_keys(['example_branch_dop_operator_v3']) retrieved from /home/airflow/.local/lib/python3.7/site-packages/airflow/example_dags/example_branch_python_dop_operator_3.py
[2023-04-23T00:44:10.236+0000] {logging_mixin.py:137} INFO - [2023-04-23T00:44:10.236+0000] {dag.py:2705} INFO - Sync 1 DAGs
[2023-04-23T00:44:10.275+0000] {logging_mixin.py:137} INFO - [2023-04-23T00:44:10.275+0000] {dag.py:3456} INFO - Setting next_dagrun for example_branch_dop_operator_v3 to 2023-04-23T00:43:00+00:00, run_after=2023-04-23T00:44:00+00:00
[2023-04-23T00:44:10.299+0000] {processor.py:175} INFO - Processing /home/airflow/.local/lib/python3.7/site-packages/airflow/example_dags/example_branch_python_dop_operator_3.py took 0.132 seconds
[2023-04-23T00:44:40.329+0000] {processor.py:153} INFO - Started process (PID=553) to work on /home/airflow/.local/lib/python3.7/site-packages/airflow/example_dags/example_branch_python_dop_operator_3.py
[2023-04-23T00:44:40.331+0000] {processor.py:743} INFO - Processing file /home/airflow/.local/lib/python3.7/site-packages/airflow/example_dags/example_branch_python_dop_operator_3.py for tasks to queue
[2023-04-23T00:44:40.333+0000] {logging_mixin.py:137} INFO - [2023-04-23T00:44:40.333+0000] {dagbag.py:532} INFO - Filling up the DagBag from /home/airflow/.local/lib/python3.7/site-packages/airflow/example_dags/example_branch_python_dop_operator_3.py
[2023-04-23T00:44:40.374+0000] {processor.py:753} INFO - DAG(s) dict_keys(['example_branch_dop_operator_v3']) retrieved from /home/airflow/.local/lib/python3.7/site-packages/airflow/example_dags/example_branch_python_dop_operator_3.py
[2023-04-23T00:44:40.413+0000] {logging_mixin.py:137} INFO - [2023-04-23T00:44:40.413+0000] {dag.py:2705} INFO - Sync 1 DAGs
[2023-04-23T00:44:40.468+0000] {logging_mixin.py:137} INFO - [2023-04-23T00:44:40.468+0000] {dag.py:3456} INFO - Setting next_dagrun for example_branch_dop_operator_v3 to 2023-04-23T00:43:00+00:00, run_after=2023-04-23T00:44:00+00:00
[2023-04-23T00:44:40.500+0000] {processor.py:175} INFO - Processing /home/airflow/.local/lib/python3.7/site-packages/airflow/example_dags/example_branch_python_dop_operator_3.py took 0.176 seconds
[2023-04-23T00:45:10.663+0000] {processor.py:153} INFO - Started process (PID=604) to work on /home/airflow/.local/lib/python3.7/site-packages/airflow/example_dags/example_branch_python_dop_operator_3.py
[2023-04-23T00:45:10.664+0000] {processor.py:743} INFO - Processing file /home/airflow/.local/lib/python3.7/site-packages/airflow/example_dags/example_branch_python_dop_operator_3.py for tasks to queue
[2023-04-23T00:45:10.665+0000] {logging_mixin.py:137} INFO - [2023-04-23T00:45:10.664+0000] {dagbag.py:532} INFO - Filling up the DagBag from /home/airflow/.local/lib/python3.7/site-packages/airflow/example_dags/example_branch_python_dop_operator_3.py
[2023-04-23T00:45:10.694+0000] {processor.py:753} INFO - DAG(s) dict_keys(['example_branch_dop_operator_v3']) retrieved from /home/airflow/.local/lib/python3.7/site-packages/airflow/example_dags/example_branch_python_dop_operator_3.py
[2023-04-23T00:45:10.722+0000] {logging_mixin.py:137} INFO - [2023-04-23T00:45:10.721+0000] {dag.py:2705} INFO - Sync 1 DAGs
[2023-04-23T00:45:10.754+0000] {logging_mixin.py:137} INFO - [2023-04-23T00:45:10.754+0000] {dag.py:3456} INFO - Setting next_dagrun for example_branch_dop_operator_v3 to 2023-04-23T00:44:00+00:00, run_after=2023-04-23T00:45:00+00:00
[2023-04-23T00:45:10.777+0000] {processor.py:175} INFO - Processing /home/airflow/.local/lib/python3.7/site-packages/airflow/example_dags/example_branch_python_dop_operator_3.py took 0.117 seconds
[2023-04-23T00:45:41.880+0000] {processor.py:153} INFO - Started process (PID=663) to work on /home/airflow/.local/lib/python3.7/site-packages/airflow/example_dags/example_branch_python_dop_operator_3.py
[2023-04-23T00:45:41.883+0000] {processor.py:743} INFO - Processing file /home/airflow/.local/lib/python3.7/site-packages/airflow/example_dags/example_branch_python_dop_operator_3.py for tasks to queue
[2023-04-23T00:45:41.884+0000] {logging_mixin.py:137} INFO - [2023-04-23T00:45:41.884+0000] {dagbag.py:532} INFO - Filling up the DagBag from /home/airflow/.local/lib/python3.7/site-packages/airflow/example_dags/example_branch_python_dop_operator_3.py
[2023-04-23T00:45:41.939+0000] {processor.py:753} INFO - DAG(s) dict_keys(['example_branch_dop_operator_v3']) retrieved from /home/airflow/.local/lib/python3.7/site-packages/airflow/example_dags/example_branch_python_dop_operator_3.py
[2023-04-23T00:45:42.098+0000] {logging_mixin.py:137} INFO - [2023-04-23T00:45:42.098+0000] {dag.py:2705} INFO - Sync 1 DAGs
[2023-04-23T00:45:42.185+0000] {logging_mixin.py:137} INFO - [2023-04-23T00:45:42.184+0000] {dag.py:3456} INFO - Setting next_dagrun for example_branch_dop_operator_v3 to 2023-04-23T00:44:00+00:00, run_after=2023-04-23T00:45:00+00:00
[2023-04-23T00:45:42.226+0000] {processor.py:175} INFO - Processing /home/airflow/.local/lib/python3.7/site-packages/airflow/example_dags/example_branch_python_dop_operator_3.py took 0.367 seconds
[2023-04-23T00:46:13.131+0000] {processor.py:153} INFO - Started process (PID=714) to work on /home/airflow/.local/lib/python3.7/site-packages/airflow/example_dags/example_branch_python_dop_operator_3.py
[2023-04-23T00:46:13.146+0000] {processor.py:743} INFO - Processing file /home/airflow/.local/lib/python3.7/site-packages/airflow/example_dags/example_branch_python_dop_operator_3.py for tasks to queue
[2023-04-23T00:46:13.151+0000] {logging_mixin.py:137} INFO - [2023-04-23T00:46:13.150+0000] {dagbag.py:532} INFO - Filling up the DagBag from /home/airflow/.local/lib/python3.7/site-packages/airflow/example_dags/example_branch_python_dop_operator_3.py
[2023-04-23T00:46:13.194+0000] {processor.py:753} INFO - DAG(s) dict_keys(['example_branch_dop_operator_v3']) retrieved from /home/airflow/.local/lib/python3.7/site-packages/airflow/example_dags/example_branch_python_dop_operator_3.py
[2023-04-23T00:46:13.233+0000] {logging_mixin.py:137} INFO - [2023-04-23T00:46:13.232+0000] {dag.py:2705} INFO - Sync 1 DAGs
[2023-04-23T00:46:13.303+0000] {logging_mixin.py:137} INFO - [2023-04-23T00:46:13.303+0000] {dag.py:3456} INFO - Setting next_dagrun for example_branch_dop_operator_v3 to 2023-04-23T00:45:00+00:00, run_after=2023-04-23T00:46:00+00:00
[2023-04-23T00:46:13.333+0000] {processor.py:175} INFO - Processing /home/airflow/.local/lib/python3.7/site-packages/airflow/example_dags/example_branch_python_dop_operator_3.py took 0.215 seconds
