[2023-04-23T00:39:34.276+0000] {processor.py:153} INFO - Started process (PID=51) to work on /home/airflow/.local/lib/python3.7/site-packages/airflow/example_dags/example_subdag_operator.py
[2023-04-23T00:39:34.277+0000] {processor.py:743} INFO - Processing file /home/airflow/.local/lib/python3.7/site-packages/airflow/example_dags/example_subdag_operator.py for tasks to queue
[2023-04-23T00:39:34.278+0000] {logging_mixin.py:137} INFO - [2023-04-23T00:39:34.277+0000] {dagbag.py:532} INFO - Filling up the DagBag from /home/airflow/.local/lib/python3.7/site-packages/airflow/example_dags/example_subdag_operator.py
[2023-04-23T00:39:34.339+0000] {processor.py:753} INFO - DAG(s) dict_keys(['example_subdag_operator.section-1', 'example_subdag_operator.section-2', 'example_subdag_operator']) retrieved from /home/airflow/.local/lib/python3.7/site-packages/airflow/example_dags/example_subdag_operator.py
[2023-04-23T00:39:34.638+0000] {logging_mixin.py:137} INFO - [2023-04-23T00:39:34.638+0000] {manager.py:504} INFO - Created Permission View: can edit on DAG:example_subdag_operator
[2023-04-23T00:39:34.657+0000] {logging_mixin.py:137} INFO - [2023-04-23T00:39:34.657+0000] {manager.py:504} INFO - Created Permission View: can read on DAG:example_subdag_operator
[2023-04-23T00:39:34.670+0000] {logging_mixin.py:137} INFO - [2023-04-23T00:39:34.670+0000] {manager.py:504} INFO - Created Permission View: can delete on DAG:example_subdag_operator
[2023-04-23T00:39:34.671+0000] {logging_mixin.py:137} INFO - [2023-04-23T00:39:34.671+0000] {dag.py:2705} INFO - Sync 3 DAGs
[2023-04-23T00:39:34.704+0000] {logging_mixin.py:137} INFO - [2023-04-23T00:39:34.704+0000] {dag.py:2726} INFO - Creating ORM DAG for example_subdag_operator.section-2
[2023-04-23T00:39:34.705+0000] {logging_mixin.py:137} INFO - [2023-04-23T00:39:34.705+0000] {dag.py:2726} INFO - Creating ORM DAG for example_subdag_operator.section-1
[2023-04-23T00:39:34.706+0000] {logging_mixin.py:137} INFO - [2023-04-23T00:39:34.706+0000] {dag.py:2726} INFO - Creating ORM DAG for example_subdag_operator
[2023-04-23T00:39:34.728+0000] {logging_mixin.py:137} INFO - [2023-04-23T00:39:34.727+0000] {dag.py:3456} INFO - Setting next_dagrun for example_subdag_operator to 2022-01-01T00:00:00+00:00, run_after=2022-01-01T00:00:00+00:00
[2023-04-23T00:39:34.729+0000] {logging_mixin.py:137} INFO - [2023-04-23T00:39:34.728+0000] {dag.py:3456} INFO - Setting next_dagrun for example_subdag_operator.section-1 to None, run_after=None
[2023-04-23T00:39:34.729+0000] {logging_mixin.py:137} INFO - [2023-04-23T00:39:34.729+0000] {dag.py:3456} INFO - Setting next_dagrun for example_subdag_operator.section-2 to None, run_after=None
[2023-04-23T00:39:34.749+0000] {logging_mixin.py:137} INFO - [2023-04-23T00:39:34.749+0000] {dag.py:2705} INFO - Sync 2 DAGs
[2023-04-23T00:39:34.759+0000] {logging_mixin.py:137} INFO - [2023-04-23T00:39:34.759+0000] {dag.py:3456} INFO - Setting next_dagrun for example_subdag_operator.section-1 to None, run_after=None
[2023-04-23T00:39:34.764+0000] {logging_mixin.py:137} INFO - [2023-04-23T00:39:34.764+0000] {dag.py:3456} INFO - Setting next_dagrun for example_subdag_operator.section-2 to None, run_after=None
[2023-04-23T00:39:34.826+0000] {processor.py:175} INFO - Processing /home/airflow/.local/lib/python3.7/site-packages/airflow/example_dags/example_subdag_operator.py took 0.555 seconds
[2023-04-23T00:40:05.368+0000] {processor.py:153} INFO - Started process (PID=101) to work on /home/airflow/.local/lib/python3.7/site-packages/airflow/example_dags/example_subdag_operator.py
[2023-04-23T00:40:05.369+0000] {processor.py:743} INFO - Processing file /home/airflow/.local/lib/python3.7/site-packages/airflow/example_dags/example_subdag_operator.py for tasks to queue
[2023-04-23T00:40:05.370+0000] {logging_mixin.py:137} INFO - [2023-04-23T00:40:05.369+0000] {dagbag.py:532} INFO - Filling up the DagBag from /home/airflow/.local/lib/python3.7/site-packages/airflow/example_dags/example_subdag_operator.py
[2023-04-23T00:40:05.415+0000] {processor.py:753} INFO - DAG(s) dict_keys(['example_subdag_operator.section-1', 'example_subdag_operator.section-2', 'example_subdag_operator']) retrieved from /home/airflow/.local/lib/python3.7/site-packages/airflow/example_dags/example_subdag_operator.py
[2023-04-23T00:40:05.447+0000] {logging_mixin.py:137} INFO - [2023-04-23T00:40:05.447+0000] {dag.py:2705} INFO - Sync 3 DAGs
[2023-04-23T00:40:05.484+0000] {logging_mixin.py:137} INFO - [2023-04-23T00:40:05.484+0000] {dag.py:3456} INFO - Setting next_dagrun for example_subdag_operator to 2022-01-01T00:00:00+00:00, run_after=2022-01-01T00:00:00+00:00
[2023-04-23T00:40:05.488+0000] {logging_mixin.py:137} INFO - [2023-04-23T00:40:05.488+0000] {dag.py:3456} INFO - Setting next_dagrun for example_subdag_operator.section-1 to None, run_after=None
[2023-04-23T00:40:05.490+0000] {logging_mixin.py:137} INFO - [2023-04-23T00:40:05.490+0000] {dag.py:3456} INFO - Setting next_dagrun for example_subdag_operator.section-2 to None, run_after=None
[2023-04-23T00:40:05.499+0000] {logging_mixin.py:137} INFO - [2023-04-23T00:40:05.498+0000] {dag.py:2705} INFO - Sync 2 DAGs
[2023-04-23T00:40:05.506+0000] {logging_mixin.py:137} INFO - [2023-04-23T00:40:05.505+0000] {dag.py:3456} INFO - Setting next_dagrun for example_subdag_operator.section-1 to None, run_after=None
[2023-04-23T00:40:05.506+0000] {logging_mixin.py:137} INFO - [2023-04-23T00:40:05.506+0000] {dag.py:3456} INFO - Setting next_dagrun for example_subdag_operator.section-2 to None, run_after=None
[2023-04-23T00:40:05.519+0000] {processor.py:175} INFO - Processing /home/airflow/.local/lib/python3.7/site-packages/airflow/example_dags/example_subdag_operator.py took 0.156 seconds
[2023-04-23T00:40:35.629+0000] {processor.py:153} INFO - Started process (PID=151) to work on /home/airflow/.local/lib/python3.7/site-packages/airflow/example_dags/example_subdag_operator.py
[2023-04-23T00:40:35.630+0000] {processor.py:743} INFO - Processing file /home/airflow/.local/lib/python3.7/site-packages/airflow/example_dags/example_subdag_operator.py for tasks to queue
[2023-04-23T00:40:35.631+0000] {logging_mixin.py:137} INFO - [2023-04-23T00:40:35.631+0000] {dagbag.py:532} INFO - Filling up the DagBag from /home/airflow/.local/lib/python3.7/site-packages/airflow/example_dags/example_subdag_operator.py
[2023-04-23T00:40:35.683+0000] {processor.py:753} INFO - DAG(s) dict_keys(['example_subdag_operator.section-1', 'example_subdag_operator.section-2', 'example_subdag_operator']) retrieved from /home/airflow/.local/lib/python3.7/site-packages/airflow/example_dags/example_subdag_operator.py
[2023-04-23T00:40:35.716+0000] {logging_mixin.py:137} INFO - [2023-04-23T00:40:35.716+0000] {dag.py:2705} INFO - Sync 3 DAGs
[2023-04-23T00:40:35.767+0000] {logging_mixin.py:137} INFO - [2023-04-23T00:40:35.767+0000] {dag.py:3456} INFO - Setting next_dagrun for example_subdag_operator to 2022-01-01T00:00:00+00:00, run_after=2022-01-01T00:00:00+00:00
[2023-04-23T00:40:35.780+0000] {logging_mixin.py:137} INFO - [2023-04-23T00:40:35.780+0000] {dag.py:3456} INFO - Setting next_dagrun for example_subdag_operator.section-1 to None, run_after=None
[2023-04-23T00:40:35.783+0000] {logging_mixin.py:137} INFO - [2023-04-23T00:40:35.783+0000] {dag.py:3456} INFO - Setting next_dagrun for example_subdag_operator.section-2 to None, run_after=None
[2023-04-23T00:40:35.797+0000] {logging_mixin.py:137} INFO - [2023-04-23T00:40:35.797+0000] {dag.py:2705} INFO - Sync 2 DAGs
[2023-04-23T00:40:35.809+0000] {logging_mixin.py:137} INFO - [2023-04-23T00:40:35.809+0000] {dag.py:3456} INFO - Setting next_dagrun for example_subdag_operator.section-1 to None, run_after=None
[2023-04-23T00:40:35.810+0000] {logging_mixin.py:137} INFO - [2023-04-23T00:40:35.809+0000] {dag.py:3456} INFO - Setting next_dagrun for example_subdag_operator.section-2 to None, run_after=None
[2023-04-23T00:40:35.828+0000] {processor.py:175} INFO - Processing /home/airflow/.local/lib/python3.7/site-packages/airflow/example_dags/example_subdag_operator.py took 0.204 seconds
[2023-04-23T00:41:06.785+0000] {processor.py:153} INFO - Started process (PID=201) to work on /home/airflow/.local/lib/python3.7/site-packages/airflow/example_dags/example_subdag_operator.py
[2023-04-23T00:41:06.786+0000] {processor.py:743} INFO - Processing file /home/airflow/.local/lib/python3.7/site-packages/airflow/example_dags/example_subdag_operator.py for tasks to queue
[2023-04-23T00:41:06.787+0000] {logging_mixin.py:137} INFO - [2023-04-23T00:41:06.786+0000] {dagbag.py:532} INFO - Filling up the DagBag from /home/airflow/.local/lib/python3.7/site-packages/airflow/example_dags/example_subdag_operator.py
[2023-04-23T00:41:06.822+0000] {processor.py:753} INFO - DAG(s) dict_keys(['example_subdag_operator.section-1', 'example_subdag_operator.section-2', 'example_subdag_operator']) retrieved from /home/airflow/.local/lib/python3.7/site-packages/airflow/example_dags/example_subdag_operator.py
[2023-04-23T00:41:06.843+0000] {logging_mixin.py:137} INFO - [2023-04-23T00:41:06.843+0000] {dag.py:2705} INFO - Sync 3 DAGs
[2023-04-23T00:41:06.902+0000] {logging_mixin.py:137} INFO - [2023-04-23T00:41:06.901+0000] {dag.py:3456} INFO - Setting next_dagrun for example_subdag_operator to 2022-01-01T00:00:00+00:00, run_after=2022-01-01T00:00:00+00:00
[2023-04-23T00:41:06.915+0000] {logging_mixin.py:137} INFO - [2023-04-23T00:41:06.915+0000] {dag.py:3456} INFO - Setting next_dagrun for example_subdag_operator.section-1 to None, run_after=None
[2023-04-23T00:41:06.920+0000] {logging_mixin.py:137} INFO - [2023-04-23T00:41:06.920+0000] {dag.py:3456} INFO - Setting next_dagrun for example_subdag_operator.section-2 to None, run_after=None
[2023-04-23T00:41:06.933+0000] {logging_mixin.py:137} INFO - [2023-04-23T00:41:06.933+0000] {dag.py:2705} INFO - Sync 2 DAGs
[2023-04-23T00:41:06.947+0000] {logging_mixin.py:137} INFO - [2023-04-23T00:41:06.947+0000] {dag.py:3456} INFO - Setting next_dagrun for example_subdag_operator.section-1 to None, run_after=None
[2023-04-23T00:41:06.948+0000] {logging_mixin.py:137} INFO - [2023-04-23T00:41:06.947+0000] {dag.py:3456} INFO - Setting next_dagrun for example_subdag_operator.section-2 to None, run_after=None
[2023-04-23T00:41:06.975+0000] {processor.py:175} INFO - Processing /home/airflow/.local/lib/python3.7/site-packages/airflow/example_dags/example_subdag_operator.py took 0.194 seconds
[2023-04-23T00:41:37.564+0000] {processor.py:153} INFO - Started process (PID=251) to work on /home/airflow/.local/lib/python3.7/site-packages/airflow/example_dags/example_subdag_operator.py
[2023-04-23T00:41:37.565+0000] {processor.py:743} INFO - Processing file /home/airflow/.local/lib/python3.7/site-packages/airflow/example_dags/example_subdag_operator.py for tasks to queue
[2023-04-23T00:41:37.566+0000] {logging_mixin.py:137} INFO - [2023-04-23T00:41:37.566+0000] {dagbag.py:532} INFO - Filling up the DagBag from /home/airflow/.local/lib/python3.7/site-packages/airflow/example_dags/example_subdag_operator.py
[2023-04-23T00:41:37.598+0000] {processor.py:753} INFO - DAG(s) dict_keys(['example_subdag_operator.section-1', 'example_subdag_operator.section-2', 'example_subdag_operator']) retrieved from /home/airflow/.local/lib/python3.7/site-packages/airflow/example_dags/example_subdag_operator.py
[2023-04-23T00:41:37.619+0000] {logging_mixin.py:137} INFO - [2023-04-23T00:41:37.619+0000] {dag.py:2705} INFO - Sync 3 DAGs
[2023-04-23T00:41:37.649+0000] {logging_mixin.py:137} INFO - [2023-04-23T00:41:37.649+0000] {dag.py:3456} INFO - Setting next_dagrun for example_subdag_operator to 2022-01-01T00:00:00+00:00, run_after=2022-01-01T00:00:00+00:00
[2023-04-23T00:41:37.653+0000] {logging_mixin.py:137} INFO - [2023-04-23T00:41:37.653+0000] {dag.py:3456} INFO - Setting next_dagrun for example_subdag_operator.section-1 to None, run_after=None
[2023-04-23T00:41:37.654+0000] {logging_mixin.py:137} INFO - [2023-04-23T00:41:37.654+0000] {dag.py:3456} INFO - Setting next_dagrun for example_subdag_operator.section-2 to None, run_after=None
[2023-04-23T00:41:37.662+0000] {logging_mixin.py:137} INFO - [2023-04-23T00:41:37.662+0000] {dag.py:2705} INFO - Sync 2 DAGs
[2023-04-23T00:41:37.669+0000] {logging_mixin.py:137} INFO - [2023-04-23T00:41:37.669+0000] {dag.py:3456} INFO - Setting next_dagrun for example_subdag_operator.section-1 to None, run_after=None
[2023-04-23T00:41:37.669+0000] {logging_mixin.py:137} INFO - [2023-04-23T00:41:37.669+0000] {dag.py:3456} INFO - Setting next_dagrun for example_subdag_operator.section-2 to None, run_after=None
[2023-04-23T00:41:37.681+0000] {processor.py:175} INFO - Processing /home/airflow/.local/lib/python3.7/site-packages/airflow/example_dags/example_subdag_operator.py took 0.120 seconds
[2023-04-23T00:42:07.942+0000] {processor.py:153} INFO - Started process (PID=302) to work on /home/airflow/.local/lib/python3.7/site-packages/airflow/example_dags/example_subdag_operator.py
[2023-04-23T00:42:07.942+0000] {processor.py:743} INFO - Processing file /home/airflow/.local/lib/python3.7/site-packages/airflow/example_dags/example_subdag_operator.py for tasks to queue
[2023-04-23T00:42:07.943+0000] {logging_mixin.py:137} INFO - [2023-04-23T00:42:07.943+0000] {dagbag.py:532} INFO - Filling up the DagBag from /home/airflow/.local/lib/python3.7/site-packages/airflow/example_dags/example_subdag_operator.py
[2023-04-23T00:42:07.982+0000] {processor.py:753} INFO - DAG(s) dict_keys(['example_subdag_operator.section-1', 'example_subdag_operator.section-2', 'example_subdag_operator']) retrieved from /home/airflow/.local/lib/python3.7/site-packages/airflow/example_dags/example_subdag_operator.py
[2023-04-23T00:42:08.004+0000] {logging_mixin.py:137} INFO - [2023-04-23T00:42:08.004+0000] {dag.py:2705} INFO - Sync 3 DAGs
[2023-04-23T00:42:08.053+0000] {logging_mixin.py:137} INFO - [2023-04-23T00:42:08.052+0000] {dag.py:3456} INFO - Setting next_dagrun for example_subdag_operator to 2022-01-01T00:00:00+00:00, run_after=2022-01-01T00:00:00+00:00
[2023-04-23T00:42:08.058+0000] {logging_mixin.py:137} INFO - [2023-04-23T00:42:08.058+0000] {dag.py:3456} INFO - Setting next_dagrun for example_subdag_operator.section-1 to None, run_after=None
[2023-04-23T00:42:08.060+0000] {logging_mixin.py:137} INFO - [2023-04-23T00:42:08.060+0000] {dag.py:3456} INFO - Setting next_dagrun for example_subdag_operator.section-2 to None, run_after=None
[2023-04-23T00:42:08.072+0000] {logging_mixin.py:137} INFO - [2023-04-23T00:42:08.071+0000] {dag.py:2705} INFO - Sync 2 DAGs
[2023-04-23T00:42:08.081+0000] {logging_mixin.py:137} INFO - [2023-04-23T00:42:08.081+0000] {dag.py:3456} INFO - Setting next_dagrun for example_subdag_operator.section-1 to None, run_after=None
[2023-04-23T00:42:08.081+0000] {logging_mixin.py:137} INFO - [2023-04-23T00:42:08.081+0000] {dag.py:3456} INFO - Setting next_dagrun for example_subdag_operator.section-2 to None, run_after=None
[2023-04-23T00:42:08.097+0000] {processor.py:175} INFO - Processing /home/airflow/.local/lib/python3.7/site-packages/airflow/example_dags/example_subdag_operator.py took 0.158 seconds
[2023-04-23T00:42:38.526+0000] {processor.py:153} INFO - Started process (PID=351) to work on /home/airflow/.local/lib/python3.7/site-packages/airflow/example_dags/example_subdag_operator.py
[2023-04-23T00:42:38.547+0000] {processor.py:743} INFO - Processing file /home/airflow/.local/lib/python3.7/site-packages/airflow/example_dags/example_subdag_operator.py for tasks to queue
[2023-04-23T00:42:38.548+0000] {logging_mixin.py:137} INFO - [2023-04-23T00:42:38.548+0000] {dagbag.py:532} INFO - Filling up the DagBag from /home/airflow/.local/lib/python3.7/site-packages/airflow/example_dags/example_subdag_operator.py
[2023-04-23T00:42:38.585+0000] {processor.py:753} INFO - DAG(s) dict_keys(['example_subdag_operator.section-1', 'example_subdag_operator.section-2', 'example_subdag_operator']) retrieved from /home/airflow/.local/lib/python3.7/site-packages/airflow/example_dags/example_subdag_operator.py
[2023-04-23T00:42:38.618+0000] {logging_mixin.py:137} INFO - [2023-04-23T00:42:38.617+0000] {dag.py:2705} INFO - Sync 3 DAGs
[2023-04-23T00:42:38.653+0000] {logging_mixin.py:137} INFO - [2023-04-23T00:42:38.653+0000] {dag.py:3456} INFO - Setting next_dagrun for example_subdag_operator to 2022-01-01T00:00:00+00:00, run_after=2022-01-01T00:00:00+00:00
[2023-04-23T00:42:38.657+0000] {logging_mixin.py:137} INFO - [2023-04-23T00:42:38.657+0000] {dag.py:3456} INFO - Setting next_dagrun for example_subdag_operator.section-1 to None, run_after=None
[2023-04-23T00:42:38.658+0000] {logging_mixin.py:137} INFO - [2023-04-23T00:42:38.658+0000] {dag.py:3456} INFO - Setting next_dagrun for example_subdag_operator.section-2 to None, run_after=None
[2023-04-23T00:42:38.671+0000] {logging_mixin.py:137} INFO - [2023-04-23T00:42:38.671+0000] {dag.py:2705} INFO - Sync 2 DAGs
[2023-04-23T00:42:38.682+0000] {logging_mixin.py:137} INFO - [2023-04-23T00:42:38.682+0000] {dag.py:3456} INFO - Setting next_dagrun for example_subdag_operator.section-1 to None, run_after=None
[2023-04-23T00:42:38.683+0000] {logging_mixin.py:137} INFO - [2023-04-23T00:42:38.683+0000] {dag.py:3456} INFO - Setting next_dagrun for example_subdag_operator.section-2 to None, run_after=None
[2023-04-23T00:42:38.703+0000] {processor.py:175} INFO - Processing /home/airflow/.local/lib/python3.7/site-packages/airflow/example_dags/example_subdag_operator.py took 0.180 seconds
[2023-04-23T00:43:08.763+0000] {processor.py:153} INFO - Started process (PID=402) to work on /home/airflow/.local/lib/python3.7/site-packages/airflow/example_dags/example_subdag_operator.py
[2023-04-23T00:43:08.764+0000] {processor.py:743} INFO - Processing file /home/airflow/.local/lib/python3.7/site-packages/airflow/example_dags/example_subdag_operator.py for tasks to queue
[2023-04-23T00:43:08.765+0000] {logging_mixin.py:137} INFO - [2023-04-23T00:43:08.765+0000] {dagbag.py:532} INFO - Filling up the DagBag from /home/airflow/.local/lib/python3.7/site-packages/airflow/example_dags/example_subdag_operator.py
[2023-04-23T00:43:08.812+0000] {processor.py:753} INFO - DAG(s) dict_keys(['example_subdag_operator.section-1', 'example_subdag_operator.section-2', 'example_subdag_operator']) retrieved from /home/airflow/.local/lib/python3.7/site-packages/airflow/example_dags/example_subdag_operator.py
[2023-04-23T00:43:08.864+0000] {logging_mixin.py:137} INFO - [2023-04-23T00:43:08.863+0000] {dag.py:2705} INFO - Sync 3 DAGs
[2023-04-23T00:43:08.932+0000] {logging_mixin.py:137} INFO - [2023-04-23T00:43:08.931+0000] {dag.py:3456} INFO - Setting next_dagrun for example_subdag_operator to 2022-01-01T00:00:00+00:00, run_after=2022-01-01T00:00:00+00:00
[2023-04-23T00:43:08.938+0000] {logging_mixin.py:137} INFO - [2023-04-23T00:43:08.938+0000] {dag.py:3456} INFO - Setting next_dagrun for example_subdag_operator.section-1 to None, run_after=None
[2023-04-23T00:43:08.940+0000] {logging_mixin.py:137} INFO - [2023-04-23T00:43:08.940+0000] {dag.py:3456} INFO - Setting next_dagrun for example_subdag_operator.section-2 to None, run_after=None
[2023-04-23T00:43:08.953+0000] {logging_mixin.py:137} INFO - [2023-04-23T00:43:08.953+0000] {dag.py:2705} INFO - Sync 2 DAGs
[2023-04-23T00:43:08.964+0000] {logging_mixin.py:137} INFO - [2023-04-23T00:43:08.964+0000] {dag.py:3456} INFO - Setting next_dagrun for example_subdag_operator.section-1 to None, run_after=None
[2023-04-23T00:43:08.965+0000] {logging_mixin.py:137} INFO - [2023-04-23T00:43:08.965+0000] {dag.py:3456} INFO - Setting next_dagrun for example_subdag_operator.section-2 to None, run_after=None
[2023-04-23T00:43:08.983+0000] {processor.py:175} INFO - Processing /home/airflow/.local/lib/python3.7/site-packages/airflow/example_dags/example_subdag_operator.py took 0.223 seconds
[2023-04-23T00:43:39.493+0000] {processor.py:153} INFO - Started process (PID=452) to work on /home/airflow/.local/lib/python3.7/site-packages/airflow/example_dags/example_subdag_operator.py
[2023-04-23T00:43:39.499+0000] {processor.py:743} INFO - Processing file /home/airflow/.local/lib/python3.7/site-packages/airflow/example_dags/example_subdag_operator.py for tasks to queue
[2023-04-23T00:43:39.500+0000] {logging_mixin.py:137} INFO - [2023-04-23T00:43:39.500+0000] {dagbag.py:532} INFO - Filling up the DagBag from /home/airflow/.local/lib/python3.7/site-packages/airflow/example_dags/example_subdag_operator.py
[2023-04-23T00:43:39.551+0000] {processor.py:753} INFO - DAG(s) dict_keys(['example_subdag_operator.section-1', 'example_subdag_operator.section-2', 'example_subdag_operator']) retrieved from /home/airflow/.local/lib/python3.7/site-packages/airflow/example_dags/example_subdag_operator.py
[2023-04-23T00:43:39.589+0000] {logging_mixin.py:137} INFO - [2023-04-23T00:43:39.589+0000] {dag.py:2705} INFO - Sync 3 DAGs
[2023-04-23T00:43:39.637+0000] {logging_mixin.py:137} INFO - [2023-04-23T00:43:39.637+0000] {dag.py:3456} INFO - Setting next_dagrun for example_subdag_operator to 2022-01-01T00:00:00+00:00, run_after=2022-01-01T00:00:00+00:00
[2023-04-23T00:43:39.645+0000] {logging_mixin.py:137} INFO - [2023-04-23T00:43:39.645+0000] {dag.py:3456} INFO - Setting next_dagrun for example_subdag_operator.section-1 to None, run_after=None
[2023-04-23T00:43:39.647+0000] {logging_mixin.py:137} INFO - [2023-04-23T00:43:39.647+0000] {dag.py:3456} INFO - Setting next_dagrun for example_subdag_operator.section-2 to None, run_after=None
[2023-04-23T00:43:39.660+0000] {logging_mixin.py:137} INFO - [2023-04-23T00:43:39.660+0000] {dag.py:2705} INFO - Sync 2 DAGs
[2023-04-23T00:43:39.667+0000] {logging_mixin.py:137} INFO - [2023-04-23T00:43:39.667+0000] {dag.py:3456} INFO - Setting next_dagrun for example_subdag_operator.section-1 to None, run_after=None
[2023-04-23T00:43:39.667+0000] {logging_mixin.py:137} INFO - [2023-04-23T00:43:39.667+0000] {dag.py:3456} INFO - Setting next_dagrun for example_subdag_operator.section-2 to None, run_after=None
[2023-04-23T00:43:39.680+0000] {processor.py:175} INFO - Processing /home/airflow/.local/lib/python3.7/site-packages/airflow/example_dags/example_subdag_operator.py took 0.193 seconds
[2023-04-23T00:44:10.139+0000] {processor.py:153} INFO - Started process (PID=502) to work on /home/airflow/.local/lib/python3.7/site-packages/airflow/example_dags/example_subdag_operator.py
[2023-04-23T00:44:10.161+0000] {processor.py:743} INFO - Processing file /home/airflow/.local/lib/python3.7/site-packages/airflow/example_dags/example_subdag_operator.py for tasks to queue
[2023-04-23T00:44:10.162+0000] {logging_mixin.py:137} INFO - [2023-04-23T00:44:10.161+0000] {dagbag.py:532} INFO - Filling up the DagBag from /home/airflow/.local/lib/python3.7/site-packages/airflow/example_dags/example_subdag_operator.py
[2023-04-23T00:44:10.208+0000] {processor.py:753} INFO - DAG(s) dict_keys(['example_subdag_operator.section-1', 'example_subdag_operator.section-2', 'example_subdag_operator']) retrieved from /home/airflow/.local/lib/python3.7/site-packages/airflow/example_dags/example_subdag_operator.py
[2023-04-23T00:44:10.233+0000] {logging_mixin.py:137} INFO - [2023-04-23T00:44:10.233+0000] {dag.py:2705} INFO - Sync 3 DAGs
[2023-04-23T00:44:10.266+0000] {logging_mixin.py:137} INFO - [2023-04-23T00:44:10.266+0000] {dag.py:3456} INFO - Setting next_dagrun for example_subdag_operator to 2022-01-01T00:00:00+00:00, run_after=2022-01-01T00:00:00+00:00
[2023-04-23T00:44:10.270+0000] {logging_mixin.py:137} INFO - [2023-04-23T00:44:10.270+0000] {dag.py:3456} INFO - Setting next_dagrun for example_subdag_operator.section-1 to None, run_after=None
[2023-04-23T00:44:10.272+0000] {logging_mixin.py:137} INFO - [2023-04-23T00:44:10.272+0000] {dag.py:3456} INFO - Setting next_dagrun for example_subdag_operator.section-2 to None, run_after=None
[2023-04-23T00:44:10.282+0000] {logging_mixin.py:137} INFO - [2023-04-23T00:44:10.282+0000] {dag.py:2705} INFO - Sync 2 DAGs
[2023-04-23T00:44:10.290+0000] {logging_mixin.py:137} INFO - [2023-04-23T00:44:10.290+0000] {dag.py:3456} INFO - Setting next_dagrun for example_subdag_operator.section-1 to None, run_after=None
[2023-04-23T00:44:10.291+0000] {logging_mixin.py:137} INFO - [2023-04-23T00:44:10.290+0000] {dag.py:3456} INFO - Setting next_dagrun for example_subdag_operator.section-2 to None, run_after=None
[2023-04-23T00:44:10.309+0000] {processor.py:175} INFO - Processing /home/airflow/.local/lib/python3.7/site-packages/airflow/example_dags/example_subdag_operator.py took 0.174 seconds
[2023-04-23T00:44:40.378+0000] {processor.py:153} INFO - Started process (PID=554) to work on /home/airflow/.local/lib/python3.7/site-packages/airflow/example_dags/example_subdag_operator.py
[2023-04-23T00:44:40.380+0000] {processor.py:743} INFO - Processing file /home/airflow/.local/lib/python3.7/site-packages/airflow/example_dags/example_subdag_operator.py for tasks to queue
[2023-04-23T00:44:40.381+0000] {logging_mixin.py:137} INFO - [2023-04-23T00:44:40.381+0000] {dagbag.py:532} INFO - Filling up the DagBag from /home/airflow/.local/lib/python3.7/site-packages/airflow/example_dags/example_subdag_operator.py
[2023-04-23T00:44:40.430+0000] {processor.py:753} INFO - DAG(s) dict_keys(['example_subdag_operator.section-1', 'example_subdag_operator.section-2', 'example_subdag_operator']) retrieved from /home/airflow/.local/lib/python3.7/site-packages/airflow/example_dags/example_subdag_operator.py
[2023-04-23T00:44:40.471+0000] {logging_mixin.py:137} INFO - [2023-04-23T00:44:40.471+0000] {dag.py:2705} INFO - Sync 3 DAGs
[2023-04-23T00:44:40.520+0000] {logging_mixin.py:137} INFO - [2023-04-23T00:44:40.520+0000] {dag.py:3456} INFO - Setting next_dagrun for example_subdag_operator to 2022-01-01T00:00:00+00:00, run_after=2022-01-01T00:00:00+00:00
[2023-04-23T00:44:40.527+0000] {logging_mixin.py:137} INFO - [2023-04-23T00:44:40.527+0000] {dag.py:3456} INFO - Setting next_dagrun for example_subdag_operator.section-1 to None, run_after=None
[2023-04-23T00:44:40.529+0000] {logging_mixin.py:137} INFO - [2023-04-23T00:44:40.529+0000] {dag.py:3456} INFO - Setting next_dagrun for example_subdag_operator.section-2 to None, run_after=None
[2023-04-23T00:44:40.540+0000] {logging_mixin.py:137} INFO - [2023-04-23T00:44:40.540+0000] {dag.py:2705} INFO - Sync 2 DAGs
[2023-04-23T00:44:40.549+0000] {logging_mixin.py:137} INFO - [2023-04-23T00:44:40.548+0000] {dag.py:3456} INFO - Setting next_dagrun for example_subdag_operator.section-1 to None, run_after=None
[2023-04-23T00:44:40.549+0000] {logging_mixin.py:137} INFO - [2023-04-23T00:44:40.549+0000] {dag.py:3456} INFO - Setting next_dagrun for example_subdag_operator.section-2 to None, run_after=None
[2023-04-23T00:44:40.564+0000] {processor.py:175} INFO - Processing /home/airflow/.local/lib/python3.7/site-packages/airflow/example_dags/example_subdag_operator.py took 0.191 seconds
[2023-04-23T00:45:10.685+0000] {processor.py:153} INFO - Started process (PID=605) to work on /home/airflow/.local/lib/python3.7/site-packages/airflow/example_dags/example_subdag_operator.py
[2023-04-23T00:45:10.686+0000] {processor.py:743} INFO - Processing file /home/airflow/.local/lib/python3.7/site-packages/airflow/example_dags/example_subdag_operator.py for tasks to queue
[2023-04-23T00:45:10.686+0000] {logging_mixin.py:137} INFO - [2023-04-23T00:45:10.686+0000] {dagbag.py:532} INFO - Filling up the DagBag from /home/airflow/.local/lib/python3.7/site-packages/airflow/example_dags/example_subdag_operator.py
[2023-04-23T00:45:10.722+0000] {processor.py:753} INFO - DAG(s) dict_keys(['example_subdag_operator.section-1', 'example_subdag_operator.section-2', 'example_subdag_operator']) retrieved from /home/airflow/.local/lib/python3.7/site-packages/airflow/example_dags/example_subdag_operator.py
[2023-04-23T00:45:10.744+0000] {logging_mixin.py:137} INFO - [2023-04-23T00:45:10.744+0000] {dag.py:2705} INFO - Sync 3 DAGs
[2023-04-23T00:45:10.774+0000] {logging_mixin.py:137} INFO - [2023-04-23T00:45:10.773+0000] {dag.py:3456} INFO - Setting next_dagrun for example_subdag_operator to 2022-01-01T00:00:00+00:00, run_after=2022-01-01T00:00:00+00:00
[2023-04-23T00:45:10.778+0000] {logging_mixin.py:137} INFO - [2023-04-23T00:45:10.777+0000] {dag.py:3456} INFO - Setting next_dagrun for example_subdag_operator.section-1 to None, run_after=None
[2023-04-23T00:45:10.780+0000] {logging_mixin.py:137} INFO - [2023-04-23T00:45:10.780+0000] {dag.py:3456} INFO - Setting next_dagrun for example_subdag_operator.section-2 to None, run_after=None
[2023-04-23T00:45:10.788+0000] {logging_mixin.py:137} INFO - [2023-04-23T00:45:10.788+0000] {dag.py:2705} INFO - Sync 2 DAGs
[2023-04-23T00:45:10.795+0000] {logging_mixin.py:137} INFO - [2023-04-23T00:45:10.795+0000] {dag.py:3456} INFO - Setting next_dagrun for example_subdag_operator.section-1 to None, run_after=None
[2023-04-23T00:45:10.795+0000] {logging_mixin.py:137} INFO - [2023-04-23T00:45:10.795+0000] {dag.py:3456} INFO - Setting next_dagrun for example_subdag_operator.section-2 to None, run_after=None
[2023-04-23T00:45:10.807+0000] {processor.py:175} INFO - Processing /home/airflow/.local/lib/python3.7/site-packages/airflow/example_dags/example_subdag_operator.py took 0.125 seconds
[2023-04-23T00:45:41.716+0000] {processor.py:153} INFO - Started process (PID=661) to work on /home/airflow/.local/lib/python3.7/site-packages/airflow/example_dags/example_subdag_operator.py
[2023-04-23T00:45:41.718+0000] {processor.py:743} INFO - Processing file /home/airflow/.local/lib/python3.7/site-packages/airflow/example_dags/example_subdag_operator.py for tasks to queue
[2023-04-23T00:45:41.723+0000] {logging_mixin.py:137} INFO - [2023-04-23T00:45:41.722+0000] {dagbag.py:532} INFO - Filling up the DagBag from /home/airflow/.local/lib/python3.7/site-packages/airflow/example_dags/example_subdag_operator.py
[2023-04-23T00:45:41.836+0000] {processor.py:753} INFO - DAG(s) dict_keys(['example_subdag_operator.section-1', 'example_subdag_operator.section-2', 'example_subdag_operator']) retrieved from /home/airflow/.local/lib/python3.7/site-packages/airflow/example_dags/example_subdag_operator.py
[2023-04-23T00:45:42.026+0000] {logging_mixin.py:137} INFO - [2023-04-23T00:45:42.026+0000] {dag.py:2705} INFO - Sync 3 DAGs
[2023-04-23T00:45:42.129+0000] {logging_mixin.py:137} INFO - [2023-04-23T00:45:42.129+0000] {dag.py:3456} INFO - Setting next_dagrun for example_subdag_operator to 2022-01-01T00:00:00+00:00, run_after=2022-01-01T00:00:00+00:00
[2023-04-23T00:45:42.143+0000] {logging_mixin.py:137} INFO - [2023-04-23T00:45:42.141+0000] {dag.py:3456} INFO - Setting next_dagrun for example_subdag_operator.section-1 to None, run_after=None
[2023-04-23T00:45:42.147+0000] {logging_mixin.py:137} INFO - [2023-04-23T00:45:42.147+0000] {dag.py:3456} INFO - Setting next_dagrun for example_subdag_operator.section-2 to None, run_after=None
[2023-04-23T00:45:42.161+0000] {logging_mixin.py:137} INFO - [2023-04-23T00:45:42.161+0000] {dag.py:2705} INFO - Sync 2 DAGs
[2023-04-23T00:45:42.171+0000] {logging_mixin.py:137} INFO - [2023-04-23T00:45:42.171+0000] {dag.py:3456} INFO - Setting next_dagrun for example_subdag_operator.section-1 to None, run_after=None
[2023-04-23T00:45:42.172+0000] {logging_mixin.py:137} INFO - [2023-04-23T00:45:42.172+0000] {dag.py:3456} INFO - Setting next_dagrun for example_subdag_operator.section-2 to None, run_after=None
[2023-04-23T00:45:42.193+0000] {processor.py:175} INFO - Processing /home/airflow/.local/lib/python3.7/site-packages/airflow/example_dags/example_subdag_operator.py took 0.495 seconds
[2023-04-23T00:46:13.110+0000] {processor.py:153} INFO - Started process (PID=713) to work on /home/airflow/.local/lib/python3.7/site-packages/airflow/example_dags/example_subdag_operator.py
[2023-04-23T00:46:13.172+0000] {processor.py:743} INFO - Processing file /home/airflow/.local/lib/python3.7/site-packages/airflow/example_dags/example_subdag_operator.py for tasks to queue
[2023-04-23T00:46:13.173+0000] {logging_mixin.py:137} INFO - [2023-04-23T00:46:13.173+0000] {dagbag.py:532} INFO - Filling up the DagBag from /home/airflow/.local/lib/python3.7/site-packages/airflow/example_dags/example_subdag_operator.py
[2023-04-23T00:46:13.225+0000] {processor.py:753} INFO - DAG(s) dict_keys(['example_subdag_operator.section-1', 'example_subdag_operator.section-2', 'example_subdag_operator']) retrieved from /home/airflow/.local/lib/python3.7/site-packages/airflow/example_dags/example_subdag_operator.py
[2023-04-23T00:46:13.263+0000] {logging_mixin.py:137} INFO - [2023-04-23T00:46:13.262+0000] {dag.py:2705} INFO - Sync 3 DAGs
[2023-04-23T00:46:13.309+0000] {logging_mixin.py:137} INFO - [2023-04-23T00:46:13.308+0000] {dag.py:3456} INFO - Setting next_dagrun for example_subdag_operator to 2022-01-01T00:00:00+00:00, run_after=2022-01-01T00:00:00+00:00
[2023-04-23T00:46:13.315+0000] {logging_mixin.py:137} INFO - [2023-04-23T00:46:13.315+0000] {dag.py:3456} INFO - Setting next_dagrun for example_subdag_operator.section-1 to None, run_after=None
[2023-04-23T00:46:13.317+0000] {logging_mixin.py:137} INFO - [2023-04-23T00:46:13.317+0000] {dag.py:3456} INFO - Setting next_dagrun for example_subdag_operator.section-2 to None, run_after=None
[2023-04-23T00:46:13.332+0000] {logging_mixin.py:137} INFO - [2023-04-23T00:46:13.331+0000] {dag.py:2705} INFO - Sync 2 DAGs
[2023-04-23T00:46:13.345+0000] {logging_mixin.py:137} INFO - [2023-04-23T00:46:13.344+0000] {dag.py:3456} INFO - Setting next_dagrun for example_subdag_operator.section-1 to None, run_after=None
[2023-04-23T00:46:13.345+0000] {logging_mixin.py:137} INFO - [2023-04-23T00:46:13.345+0000] {dag.py:3456} INFO - Setting next_dagrun for example_subdag_operator.section-2 to None, run_after=None
[2023-04-23T00:46:13.363+0000] {processor.py:175} INFO - Processing /home/airflow/.local/lib/python3.7/site-packages/airflow/example_dags/example_subdag_operator.py took 0.277 seconds
