[2023-04-23T00:39:37.284+0000] {processor.py:153} INFO - Started process (PID=66) to work on /home/airflow/.local/lib/python3.7/site-packages/airflow/example_dags/example_python_operator.py
[2023-04-23T00:39:37.285+0000] {processor.py:743} INFO - Processing file /home/airflow/.local/lib/python3.7/site-packages/airflow/example_dags/example_python_operator.py for tasks to queue
[2023-04-23T00:39:37.286+0000] {logging_mixin.py:137} INFO - [2023-04-23T00:39:37.286+0000] {dagbag.py:532} INFO - Filling up the DagBag from /home/airflow/.local/lib/python3.7/site-packages/airflow/example_dags/example_python_operator.py
[2023-04-23T00:39:37.318+0000] {logging_mixin.py:137} INFO - [2023-04-23T00:39:37.318+0000] {taskmixin.py:211} WARNING - Dependency <Task(_PythonDecoratedOperator): print_the_context>, log_sql_query already registered for DAG: example_python_operator
[2023-04-23T00:39:37.318+0000] {logging_mixin.py:137} INFO - [2023-04-23T00:39:37.318+0000] {taskmixin.py:211} WARNING - Dependency <Task(_PythonDecoratedOperator): log_sql_query>, print_the_context already registered for DAG: example_python_operator
[2023-04-23T00:39:37.319+0000] {logging_mixin.py:137} INFO - [2023-04-23T00:39:37.319+0000] {taskmixin.py:211} WARNING - Dependency <Task(_PythonDecoratedOperator): print_the_context>, log_sql_query already registered for DAG: example_python_operator
[2023-04-23T00:39:37.320+0000] {logging_mixin.py:137} INFO - [2023-04-23T00:39:37.320+0000] {taskmixin.py:211} WARNING - Dependency <Task(_PythonDecoratedOperator): log_sql_query>, print_the_context already registered for DAG: example_python_operator
[2023-04-23T00:39:37.321+0000] {logging_mixin.py:137} INFO - [2023-04-23T00:39:37.321+0000] {taskmixin.py:211} WARNING - Dependency <Task(_PythonDecoratedOperator): print_the_context>, log_sql_query already registered for DAG: example_python_operator
[2023-04-23T00:39:37.321+0000] {logging_mixin.py:137} INFO - [2023-04-23T00:39:37.321+0000] {taskmixin.py:211} WARNING - Dependency <Task(_PythonDecoratedOperator): log_sql_query>, print_the_context already registered for DAG: example_python_operator
[2023-04-23T00:39:37.323+0000] {logging_mixin.py:137} INFO - [2023-04-23T00:39:37.323+0000] {taskmixin.py:211} WARNING - Dependency <Task(_PythonDecoratedOperator): print_the_context>, log_sql_query already registered for DAG: example_python_operator
[2023-04-23T00:39:37.323+0000] {logging_mixin.py:137} INFO - [2023-04-23T00:39:37.323+0000] {taskmixin.py:211} WARNING - Dependency <Task(_PythonDecoratedOperator): log_sql_query>, print_the_context already registered for DAG: example_python_operator
[2023-04-23T00:39:37.335+0000] {processor.py:753} INFO - DAG(s) dict_keys(['example_python_operator']) retrieved from /home/airflow/.local/lib/python3.7/site-packages/airflow/example_dags/example_python_operator.py
[2023-04-23T00:39:37.500+0000] {logging_mixin.py:137} INFO - [2023-04-23T00:39:37.500+0000] {manager.py:504} INFO - Created Permission View: can edit on DAG:example_python_operator
[2023-04-23T00:39:37.511+0000] {logging_mixin.py:137} INFO - [2023-04-23T00:39:37.511+0000] {manager.py:504} INFO - Created Permission View: can read on DAG:example_python_operator
[2023-04-23T00:39:37.519+0000] {logging_mixin.py:137} INFO - [2023-04-23T00:39:37.519+0000] {manager.py:504} INFO - Created Permission View: can delete on DAG:example_python_operator
[2023-04-23T00:39:37.520+0000] {logging_mixin.py:137} INFO - [2023-04-23T00:39:37.520+0000] {dag.py:2705} INFO - Sync 1 DAGs
[2023-04-23T00:39:37.541+0000] {logging_mixin.py:137} INFO - [2023-04-23T00:39:37.541+0000] {dag.py:2726} INFO - Creating ORM DAG for example_python_operator
[2023-04-23T00:39:37.556+0000] {logging_mixin.py:137} INFO - [2023-04-23T00:39:37.556+0000] {dag.py:3456} INFO - Setting next_dagrun for example_python_operator to None, run_after=None
[2023-04-23T00:39:37.583+0000] {processor.py:175} INFO - Processing /home/airflow/.local/lib/python3.7/site-packages/airflow/example_dags/example_python_operator.py took 0.303 seconds
[2023-04-23T00:40:07.651+0000] {processor.py:153} INFO - Started process (PID=116) to work on /home/airflow/.local/lib/python3.7/site-packages/airflow/example_dags/example_python_operator.py
[2023-04-23T00:40:07.652+0000] {processor.py:743} INFO - Processing file /home/airflow/.local/lib/python3.7/site-packages/airflow/example_dags/example_python_operator.py for tasks to queue
[2023-04-23T00:40:07.654+0000] {logging_mixin.py:137} INFO - [2023-04-23T00:40:07.653+0000] {dagbag.py:532} INFO - Filling up the DagBag from /home/airflow/.local/lib/python3.7/site-packages/airflow/example_dags/example_python_operator.py
[2023-04-23T00:40:07.671+0000] {logging_mixin.py:137} INFO - [2023-04-23T00:40:07.671+0000] {taskmixin.py:211} WARNING - Dependency <Task(_PythonDecoratedOperator): print_the_context>, log_sql_query already registered for DAG: example_python_operator
[2023-04-23T00:40:07.672+0000] {logging_mixin.py:137} INFO - [2023-04-23T00:40:07.671+0000] {taskmixin.py:211} WARNING - Dependency <Task(_PythonDecoratedOperator): log_sql_query>, print_the_context already registered for DAG: example_python_operator
[2023-04-23T00:40:07.672+0000] {logging_mixin.py:137} INFO - [2023-04-23T00:40:07.672+0000] {taskmixin.py:211} WARNING - Dependency <Task(_PythonDecoratedOperator): print_the_context>, log_sql_query already registered for DAG: example_python_operator
[2023-04-23T00:40:07.672+0000] {logging_mixin.py:137} INFO - [2023-04-23T00:40:07.672+0000] {taskmixin.py:211} WARNING - Dependency <Task(_PythonDecoratedOperator): log_sql_query>, print_the_context already registered for DAG: example_python_operator
[2023-04-23T00:40:07.673+0000] {logging_mixin.py:137} INFO - [2023-04-23T00:40:07.673+0000] {taskmixin.py:211} WARNING - Dependency <Task(_PythonDecoratedOperator): print_the_context>, log_sql_query already registered for DAG: example_python_operator
[2023-04-23T00:40:07.673+0000] {logging_mixin.py:137} INFO - [2023-04-23T00:40:07.673+0000] {taskmixin.py:211} WARNING - Dependency <Task(_PythonDecoratedOperator): log_sql_query>, print_the_context already registered for DAG: example_python_operator
[2023-04-23T00:40:07.674+0000] {logging_mixin.py:137} INFO - [2023-04-23T00:40:07.674+0000] {taskmixin.py:211} WARNING - Dependency <Task(_PythonDecoratedOperator): print_the_context>, log_sql_query already registered for DAG: example_python_operator
[2023-04-23T00:40:07.674+0000] {logging_mixin.py:137} INFO - [2023-04-23T00:40:07.674+0000] {taskmixin.py:211} WARNING - Dependency <Task(_PythonDecoratedOperator): log_sql_query>, print_the_context already registered for DAG: example_python_operator
[2023-04-23T00:40:07.683+0000] {processor.py:753} INFO - DAG(s) dict_keys(['example_python_operator']) retrieved from /home/airflow/.local/lib/python3.7/site-packages/airflow/example_dags/example_python_operator.py
[2023-04-23T00:40:07.713+0000] {logging_mixin.py:137} INFO - [2023-04-23T00:40:07.713+0000] {dag.py:2705} INFO - Sync 1 DAGs
[2023-04-23T00:40:07.742+0000] {logging_mixin.py:137} INFO - [2023-04-23T00:40:07.742+0000] {dag.py:3456} INFO - Setting next_dagrun for example_python_operator to None, run_after=None
[2023-04-23T00:40:07.765+0000] {processor.py:175} INFO - Processing /home/airflow/.local/lib/python3.7/site-packages/airflow/example_dags/example_python_operator.py took 0.117 seconds
[2023-04-23T00:40:38.202+0000] {processor.py:153} INFO - Started process (PID=166) to work on /home/airflow/.local/lib/python3.7/site-packages/airflow/example_dags/example_python_operator.py
[2023-04-23T00:40:38.203+0000] {processor.py:743} INFO - Processing file /home/airflow/.local/lib/python3.7/site-packages/airflow/example_dags/example_python_operator.py for tasks to queue
[2023-04-23T00:40:38.204+0000] {logging_mixin.py:137} INFO - [2023-04-23T00:40:38.204+0000] {dagbag.py:532} INFO - Filling up the DagBag from /home/airflow/.local/lib/python3.7/site-packages/airflow/example_dags/example_python_operator.py
[2023-04-23T00:40:38.233+0000] {logging_mixin.py:137} INFO - [2023-04-23T00:40:38.232+0000] {taskmixin.py:211} WARNING - Dependency <Task(_PythonDecoratedOperator): print_the_context>, log_sql_query already registered for DAG: example_python_operator
[2023-04-23T00:40:38.233+0000] {logging_mixin.py:137} INFO - [2023-04-23T00:40:38.233+0000] {taskmixin.py:211} WARNING - Dependency <Task(_PythonDecoratedOperator): log_sql_query>, print_the_context already registered for DAG: example_python_operator
[2023-04-23T00:40:38.234+0000] {logging_mixin.py:137} INFO - [2023-04-23T00:40:38.234+0000] {taskmixin.py:211} WARNING - Dependency <Task(_PythonDecoratedOperator): print_the_context>, log_sql_query already registered for DAG: example_python_operator
[2023-04-23T00:40:38.235+0000] {logging_mixin.py:137} INFO - [2023-04-23T00:40:38.235+0000] {taskmixin.py:211} WARNING - Dependency <Task(_PythonDecoratedOperator): log_sql_query>, print_the_context already registered for DAG: example_python_operator
[2023-04-23T00:40:38.236+0000] {logging_mixin.py:137} INFO - [2023-04-23T00:40:38.236+0000] {taskmixin.py:211} WARNING - Dependency <Task(_PythonDecoratedOperator): print_the_context>, log_sql_query already registered for DAG: example_python_operator
[2023-04-23T00:40:38.236+0000] {logging_mixin.py:137} INFO - [2023-04-23T00:40:38.236+0000] {taskmixin.py:211} WARNING - Dependency <Task(_PythonDecoratedOperator): log_sql_query>, print_the_context already registered for DAG: example_python_operator
[2023-04-23T00:40:38.237+0000] {logging_mixin.py:137} INFO - [2023-04-23T00:40:38.237+0000] {taskmixin.py:211} WARNING - Dependency <Task(_PythonDecoratedOperator): print_the_context>, log_sql_query already registered for DAG: example_python_operator
[2023-04-23T00:40:38.238+0000] {logging_mixin.py:137} INFO - [2023-04-23T00:40:38.237+0000] {taskmixin.py:211} WARNING - Dependency <Task(_PythonDecoratedOperator): log_sql_query>, print_the_context already registered for DAG: example_python_operator
[2023-04-23T00:40:38.247+0000] {processor.py:753} INFO - DAG(s) dict_keys(['example_python_operator']) retrieved from /home/airflow/.local/lib/python3.7/site-packages/airflow/example_dags/example_python_operator.py
[2023-04-23T00:40:38.286+0000] {logging_mixin.py:137} INFO - [2023-04-23T00:40:38.286+0000] {dag.py:2705} INFO - Sync 1 DAGs
[2023-04-23T00:40:38.321+0000] {logging_mixin.py:137} INFO - [2023-04-23T00:40:38.321+0000] {dag.py:3456} INFO - Setting next_dagrun for example_python_operator to None, run_after=None
[2023-04-23T00:40:38.339+0000] {processor.py:175} INFO - Processing /home/airflow/.local/lib/python3.7/site-packages/airflow/example_dags/example_python_operator.py took 0.141 seconds
[2023-04-23T00:41:09.124+0000] {processor.py:153} INFO - Started process (PID=216) to work on /home/airflow/.local/lib/python3.7/site-packages/airflow/example_dags/example_python_operator.py
[2023-04-23T00:41:09.173+0000] {processor.py:743} INFO - Processing file /home/airflow/.local/lib/python3.7/site-packages/airflow/example_dags/example_python_operator.py for tasks to queue
[2023-04-23T00:41:09.173+0000] {logging_mixin.py:137} INFO - [2023-04-23T00:41:09.173+0000] {dagbag.py:532} INFO - Filling up the DagBag from /home/airflow/.local/lib/python3.7/site-packages/airflow/example_dags/example_python_operator.py
[2023-04-23T00:41:09.190+0000] {logging_mixin.py:137} INFO - [2023-04-23T00:41:09.190+0000] {taskmixin.py:211} WARNING - Dependency <Task(_PythonDecoratedOperator): print_the_context>, log_sql_query already registered for DAG: example_python_operator
[2023-04-23T00:41:09.190+0000] {logging_mixin.py:137} INFO - [2023-04-23T00:41:09.190+0000] {taskmixin.py:211} WARNING - Dependency <Task(_PythonDecoratedOperator): log_sql_query>, print_the_context already registered for DAG: example_python_operator
[2023-04-23T00:41:09.191+0000] {logging_mixin.py:137} INFO - [2023-04-23T00:41:09.191+0000] {taskmixin.py:211} WARNING - Dependency <Task(_PythonDecoratedOperator): print_the_context>, log_sql_query already registered for DAG: example_python_operator
[2023-04-23T00:41:09.191+0000] {logging_mixin.py:137} INFO - [2023-04-23T00:41:09.191+0000] {taskmixin.py:211} WARNING - Dependency <Task(_PythonDecoratedOperator): log_sql_query>, print_the_context already registered for DAG: example_python_operator
[2023-04-23T00:41:09.192+0000] {logging_mixin.py:137} INFO - [2023-04-23T00:41:09.192+0000] {taskmixin.py:211} WARNING - Dependency <Task(_PythonDecoratedOperator): print_the_context>, log_sql_query already registered for DAG: example_python_operator
[2023-04-23T00:41:09.192+0000] {logging_mixin.py:137} INFO - [2023-04-23T00:41:09.192+0000] {taskmixin.py:211} WARNING - Dependency <Task(_PythonDecoratedOperator): log_sql_query>, print_the_context already registered for DAG: example_python_operator
[2023-04-23T00:41:09.193+0000] {logging_mixin.py:137} INFO - [2023-04-23T00:41:09.193+0000] {taskmixin.py:211} WARNING - Dependency <Task(_PythonDecoratedOperator): print_the_context>, log_sql_query already registered for DAG: example_python_operator
[2023-04-23T00:41:09.193+0000] {logging_mixin.py:137} INFO - [2023-04-23T00:41:09.193+0000] {taskmixin.py:211} WARNING - Dependency <Task(_PythonDecoratedOperator): log_sql_query>, print_the_context already registered for DAG: example_python_operator
[2023-04-23T00:41:09.201+0000] {processor.py:753} INFO - DAG(s) dict_keys(['example_python_operator']) retrieved from /home/airflow/.local/lib/python3.7/site-packages/airflow/example_dags/example_python_operator.py
[2023-04-23T00:41:09.229+0000] {logging_mixin.py:137} INFO - [2023-04-23T00:41:09.229+0000] {dag.py:2705} INFO - Sync 1 DAGs
[2023-04-23T00:41:09.255+0000] {logging_mixin.py:137} INFO - [2023-04-23T00:41:09.255+0000] {dag.py:3456} INFO - Setting next_dagrun for example_python_operator to None, run_after=None
[2023-04-23T00:41:09.274+0000] {processor.py:175} INFO - Processing /home/airflow/.local/lib/python3.7/site-packages/airflow/example_dags/example_python_operator.py took 0.153 seconds
[2023-04-23T00:41:39.590+0000] {processor.py:153} INFO - Started process (PID=266) to work on /home/airflow/.local/lib/python3.7/site-packages/airflow/example_dags/example_python_operator.py
[2023-04-23T00:41:39.590+0000] {processor.py:743} INFO - Processing file /home/airflow/.local/lib/python3.7/site-packages/airflow/example_dags/example_python_operator.py for tasks to queue
[2023-04-23T00:41:39.591+0000] {logging_mixin.py:137} INFO - [2023-04-23T00:41:39.591+0000] {dagbag.py:532} INFO - Filling up the DagBag from /home/airflow/.local/lib/python3.7/site-packages/airflow/example_dags/example_python_operator.py
[2023-04-23T00:41:39.617+0000] {logging_mixin.py:137} INFO - [2023-04-23T00:41:39.616+0000] {taskmixin.py:211} WARNING - Dependency <Task(_PythonDecoratedOperator): print_the_context>, log_sql_query already registered for DAG: example_python_operator
[2023-04-23T00:41:39.617+0000] {logging_mixin.py:137} INFO - [2023-04-23T00:41:39.617+0000] {taskmixin.py:211} WARNING - Dependency <Task(_PythonDecoratedOperator): log_sql_query>, print_the_context already registered for DAG: example_python_operator
[2023-04-23T00:41:39.618+0000] {logging_mixin.py:137} INFO - [2023-04-23T00:41:39.618+0000] {taskmixin.py:211} WARNING - Dependency <Task(_PythonDecoratedOperator): print_the_context>, log_sql_query already registered for DAG: example_python_operator
[2023-04-23T00:41:39.619+0000] {logging_mixin.py:137} INFO - [2023-04-23T00:41:39.619+0000] {taskmixin.py:211} WARNING - Dependency <Task(_PythonDecoratedOperator): log_sql_query>, print_the_context already registered for DAG: example_python_operator
[2023-04-23T00:41:39.620+0000] {logging_mixin.py:137} INFO - [2023-04-23T00:41:39.620+0000] {taskmixin.py:211} WARNING - Dependency <Task(_PythonDecoratedOperator): print_the_context>, log_sql_query already registered for DAG: example_python_operator
[2023-04-23T00:41:39.620+0000] {logging_mixin.py:137} INFO - [2023-04-23T00:41:39.620+0000] {taskmixin.py:211} WARNING - Dependency <Task(_PythonDecoratedOperator): log_sql_query>, print_the_context already registered for DAG: example_python_operator
[2023-04-23T00:41:39.621+0000] {logging_mixin.py:137} INFO - [2023-04-23T00:41:39.621+0000] {taskmixin.py:211} WARNING - Dependency <Task(_PythonDecoratedOperator): print_the_context>, log_sql_query already registered for DAG: example_python_operator
[2023-04-23T00:41:39.622+0000] {logging_mixin.py:137} INFO - [2023-04-23T00:41:39.621+0000] {taskmixin.py:211} WARNING - Dependency <Task(_PythonDecoratedOperator): log_sql_query>, print_the_context already registered for DAG: example_python_operator
[2023-04-23T00:41:39.632+0000] {processor.py:753} INFO - DAG(s) dict_keys(['example_python_operator']) retrieved from /home/airflow/.local/lib/python3.7/site-packages/airflow/example_dags/example_python_operator.py
[2023-04-23T00:41:39.670+0000] {logging_mixin.py:137} INFO - [2023-04-23T00:41:39.670+0000] {dag.py:2705} INFO - Sync 1 DAGs
[2023-04-23T00:41:39.709+0000] {logging_mixin.py:137} INFO - [2023-04-23T00:41:39.709+0000] {dag.py:3456} INFO - Setting next_dagrun for example_python_operator to None, run_after=None
[2023-04-23T00:41:39.728+0000] {processor.py:175} INFO - Processing /home/airflow/.local/lib/python3.7/site-packages/airflow/example_dags/example_python_operator.py took 0.143 seconds
[2023-04-23T00:42:10.577+0000] {processor.py:153} INFO - Started process (PID=323) to work on /home/airflow/.local/lib/python3.7/site-packages/airflow/example_dags/example_python_operator.py
[2023-04-23T00:42:10.588+0000] {processor.py:743} INFO - Processing file /home/airflow/.local/lib/python3.7/site-packages/airflow/example_dags/example_python_operator.py for tasks to queue
[2023-04-23T00:42:10.588+0000] {logging_mixin.py:137} INFO - [2023-04-23T00:42:10.588+0000] {dagbag.py:532} INFO - Filling up the DagBag from /home/airflow/.local/lib/python3.7/site-packages/airflow/example_dags/example_python_operator.py
[2023-04-23T00:42:10.608+0000] {logging_mixin.py:137} INFO - [2023-04-23T00:42:10.608+0000] {taskmixin.py:211} WARNING - Dependency <Task(_PythonDecoratedOperator): print_the_context>, log_sql_query already registered for DAG: example_python_operator
[2023-04-23T00:42:10.609+0000] {logging_mixin.py:137} INFO - [2023-04-23T00:42:10.608+0000] {taskmixin.py:211} WARNING - Dependency <Task(_PythonDecoratedOperator): log_sql_query>, print_the_context already registered for DAG: example_python_operator
[2023-04-23T00:42:10.610+0000] {logging_mixin.py:137} INFO - [2023-04-23T00:42:10.610+0000] {taskmixin.py:211} WARNING - Dependency <Task(_PythonDecoratedOperator): print_the_context>, log_sql_query already registered for DAG: example_python_operator
[2023-04-23T00:42:10.610+0000] {logging_mixin.py:137} INFO - [2023-04-23T00:42:10.610+0000] {taskmixin.py:211} WARNING - Dependency <Task(_PythonDecoratedOperator): log_sql_query>, print_the_context already registered for DAG: example_python_operator
[2023-04-23T00:42:10.611+0000] {logging_mixin.py:137} INFO - [2023-04-23T00:42:10.611+0000] {taskmixin.py:211} WARNING - Dependency <Task(_PythonDecoratedOperator): print_the_context>, log_sql_query already registered for DAG: example_python_operator
[2023-04-23T00:42:10.611+0000] {logging_mixin.py:137} INFO - [2023-04-23T00:42:10.611+0000] {taskmixin.py:211} WARNING - Dependency <Task(_PythonDecoratedOperator): log_sql_query>, print_the_context already registered for DAG: example_python_operator
[2023-04-23T00:42:10.612+0000] {logging_mixin.py:137} INFO - [2023-04-23T00:42:10.612+0000] {taskmixin.py:211} WARNING - Dependency <Task(_PythonDecoratedOperator): print_the_context>, log_sql_query already registered for DAG: example_python_operator
[2023-04-23T00:42:10.612+0000] {logging_mixin.py:137} INFO - [2023-04-23T00:42:10.612+0000] {taskmixin.py:211} WARNING - Dependency <Task(_PythonDecoratedOperator): log_sql_query>, print_the_context already registered for DAG: example_python_operator
[2023-04-23T00:42:10.619+0000] {processor.py:753} INFO - DAG(s) dict_keys(['example_python_operator']) retrieved from /home/airflow/.local/lib/python3.7/site-packages/airflow/example_dags/example_python_operator.py
[2023-04-23T00:42:10.653+0000] {logging_mixin.py:137} INFO - [2023-04-23T00:42:10.652+0000] {dag.py:2705} INFO - Sync 1 DAGs
[2023-04-23T00:42:10.684+0000] {logging_mixin.py:137} INFO - [2023-04-23T00:42:10.684+0000] {dag.py:3456} INFO - Setting next_dagrun for example_python_operator to None, run_after=None
[2023-04-23T00:42:10.703+0000] {processor.py:175} INFO - Processing /home/airflow/.local/lib/python3.7/site-packages/airflow/example_dags/example_python_operator.py took 0.129 seconds
[2023-04-23T00:42:41.259+0000] {processor.py:153} INFO - Started process (PID=374) to work on /home/airflow/.local/lib/python3.7/site-packages/airflow/example_dags/example_python_operator.py
[2023-04-23T00:42:41.259+0000] {processor.py:743} INFO - Processing file /home/airflow/.local/lib/python3.7/site-packages/airflow/example_dags/example_python_operator.py for tasks to queue
[2023-04-23T00:42:41.260+0000] {logging_mixin.py:137} INFO - [2023-04-23T00:42:41.260+0000] {dagbag.py:532} INFO - Filling up the DagBag from /home/airflow/.local/lib/python3.7/site-packages/airflow/example_dags/example_python_operator.py
[2023-04-23T00:42:41.278+0000] {logging_mixin.py:137} INFO - [2023-04-23T00:42:41.278+0000] {taskmixin.py:211} WARNING - Dependency <Task(_PythonDecoratedOperator): print_the_context>, log_sql_query already registered for DAG: example_python_operator
[2023-04-23T00:42:41.279+0000] {logging_mixin.py:137} INFO - [2023-04-23T00:42:41.279+0000] {taskmixin.py:211} WARNING - Dependency <Task(_PythonDecoratedOperator): log_sql_query>, print_the_context already registered for DAG: example_python_operator
[2023-04-23T00:42:41.280+0000] {logging_mixin.py:137} INFO - [2023-04-23T00:42:41.279+0000] {taskmixin.py:211} WARNING - Dependency <Task(_PythonDecoratedOperator): print_the_context>, log_sql_query already registered for DAG: example_python_operator
[2023-04-23T00:42:41.280+0000] {logging_mixin.py:137} INFO - [2023-04-23T00:42:41.280+0000] {taskmixin.py:211} WARNING - Dependency <Task(_PythonDecoratedOperator): log_sql_query>, print_the_context already registered for DAG: example_python_operator
[2023-04-23T00:42:41.280+0000] {logging_mixin.py:137} INFO - [2023-04-23T00:42:41.280+0000] {taskmixin.py:211} WARNING - Dependency <Task(_PythonDecoratedOperator): print_the_context>, log_sql_query already registered for DAG: example_python_operator
[2023-04-23T00:42:41.281+0000] {logging_mixin.py:137} INFO - [2023-04-23T00:42:41.281+0000] {taskmixin.py:211} WARNING - Dependency <Task(_PythonDecoratedOperator): log_sql_query>, print_the_context already registered for DAG: example_python_operator
[2023-04-23T00:42:41.282+0000] {logging_mixin.py:137} INFO - [2023-04-23T00:42:41.282+0000] {taskmixin.py:211} WARNING - Dependency <Task(_PythonDecoratedOperator): print_the_context>, log_sql_query already registered for DAG: example_python_operator
[2023-04-23T00:42:41.282+0000] {logging_mixin.py:137} INFO - [2023-04-23T00:42:41.282+0000] {taskmixin.py:211} WARNING - Dependency <Task(_PythonDecoratedOperator): log_sql_query>, print_the_context already registered for DAG: example_python_operator
[2023-04-23T00:42:41.290+0000] {processor.py:753} INFO - DAG(s) dict_keys(['example_python_operator']) retrieved from /home/airflow/.local/lib/python3.7/site-packages/airflow/example_dags/example_python_operator.py
[2023-04-23T00:42:41.319+0000] {logging_mixin.py:137} INFO - [2023-04-23T00:42:41.319+0000] {dag.py:2705} INFO - Sync 1 DAGs
[2023-04-23T00:42:41.355+0000] {logging_mixin.py:137} INFO - [2023-04-23T00:42:41.355+0000] {dag.py:3456} INFO - Setting next_dagrun for example_python_operator to None, run_after=None
[2023-04-23T00:42:41.375+0000] {processor.py:175} INFO - Processing /home/airflow/.local/lib/python3.7/site-packages/airflow/example_dags/example_python_operator.py took 0.120 seconds
[2023-04-23T00:43:12.102+0000] {processor.py:153} INFO - Started process (PID=424) to work on /home/airflow/.local/lib/python3.7/site-packages/airflow/example_dags/example_python_operator.py
[2023-04-23T00:43:12.103+0000] {processor.py:743} INFO - Processing file /home/airflow/.local/lib/python3.7/site-packages/airflow/example_dags/example_python_operator.py for tasks to queue
[2023-04-23T00:43:12.103+0000] {logging_mixin.py:137} INFO - [2023-04-23T00:43:12.103+0000] {dagbag.py:532} INFO - Filling up the DagBag from /home/airflow/.local/lib/python3.7/site-packages/airflow/example_dags/example_python_operator.py
[2023-04-23T00:43:12.124+0000] {logging_mixin.py:137} INFO - [2023-04-23T00:43:12.124+0000] {taskmixin.py:211} WARNING - Dependency <Task(_PythonDecoratedOperator): print_the_context>, log_sql_query already registered for DAG: example_python_operator
[2023-04-23T00:43:12.125+0000] {logging_mixin.py:137} INFO - [2023-04-23T00:43:12.125+0000] {taskmixin.py:211} WARNING - Dependency <Task(_PythonDecoratedOperator): log_sql_query>, print_the_context already registered for DAG: example_python_operator
[2023-04-23T00:43:12.126+0000] {logging_mixin.py:137} INFO - [2023-04-23T00:43:12.126+0000] {taskmixin.py:211} WARNING - Dependency <Task(_PythonDecoratedOperator): print_the_context>, log_sql_query already registered for DAG: example_python_operator
[2023-04-23T00:43:12.126+0000] {logging_mixin.py:137} INFO - [2023-04-23T00:43:12.126+0000] {taskmixin.py:211} WARNING - Dependency <Task(_PythonDecoratedOperator): log_sql_query>, print_the_context already registered for DAG: example_python_operator
[2023-04-23T00:43:12.127+0000] {logging_mixin.py:137} INFO - [2023-04-23T00:43:12.127+0000] {taskmixin.py:211} WARNING - Dependency <Task(_PythonDecoratedOperator): print_the_context>, log_sql_query already registered for DAG: example_python_operator
[2023-04-23T00:43:12.127+0000] {logging_mixin.py:137} INFO - [2023-04-23T00:43:12.127+0000] {taskmixin.py:211} WARNING - Dependency <Task(_PythonDecoratedOperator): log_sql_query>, print_the_context already registered for DAG: example_python_operator
[2023-04-23T00:43:12.128+0000] {logging_mixin.py:137} INFO - [2023-04-23T00:43:12.128+0000] {taskmixin.py:211} WARNING - Dependency <Task(_PythonDecoratedOperator): print_the_context>, log_sql_query already registered for DAG: example_python_operator
[2023-04-23T00:43:12.128+0000] {logging_mixin.py:137} INFO - [2023-04-23T00:43:12.128+0000] {taskmixin.py:211} WARNING - Dependency <Task(_PythonDecoratedOperator): log_sql_query>, print_the_context already registered for DAG: example_python_operator
[2023-04-23T00:43:12.136+0000] {processor.py:753} INFO - DAG(s) dict_keys(['example_python_operator']) retrieved from /home/airflow/.local/lib/python3.7/site-packages/airflow/example_dags/example_python_operator.py
[2023-04-23T00:43:12.170+0000] {logging_mixin.py:137} INFO - [2023-04-23T00:43:12.170+0000] {dag.py:2705} INFO - Sync 1 DAGs
[2023-04-23T00:43:12.204+0000] {logging_mixin.py:137} INFO - [2023-04-23T00:43:12.204+0000] {dag.py:3456} INFO - Setting next_dagrun for example_python_operator to None, run_after=None
[2023-04-23T00:43:12.225+0000] {processor.py:175} INFO - Processing /home/airflow/.local/lib/python3.7/site-packages/airflow/example_dags/example_python_operator.py took 0.129 seconds
[2023-04-23T00:43:42.849+0000] {processor.py:153} INFO - Started process (PID=474) to work on /home/airflow/.local/lib/python3.7/site-packages/airflow/example_dags/example_python_operator.py
[2023-04-23T00:43:42.877+0000] {processor.py:743} INFO - Processing file /home/airflow/.local/lib/python3.7/site-packages/airflow/example_dags/example_python_operator.py for tasks to queue
[2023-04-23T00:43:42.879+0000] {logging_mixin.py:137} INFO - [2023-04-23T00:43:42.878+0000] {dagbag.py:532} INFO - Filling up the DagBag from /home/airflow/.local/lib/python3.7/site-packages/airflow/example_dags/example_python_operator.py
[2023-04-23T00:43:42.921+0000] {logging_mixin.py:137} INFO - [2023-04-23T00:43:42.920+0000] {taskmixin.py:211} WARNING - Dependency <Task(_PythonDecoratedOperator): print_the_context>, log_sql_query already registered for DAG: example_python_operator
[2023-04-23T00:43:42.921+0000] {logging_mixin.py:137} INFO - [2023-04-23T00:43:42.921+0000] {taskmixin.py:211} WARNING - Dependency <Task(_PythonDecoratedOperator): log_sql_query>, print_the_context already registered for DAG: example_python_operator
[2023-04-23T00:43:42.922+0000] {logging_mixin.py:137} INFO - [2023-04-23T00:43:42.922+0000] {taskmixin.py:211} WARNING - Dependency <Task(_PythonDecoratedOperator): print_the_context>, log_sql_query already registered for DAG: example_python_operator
[2023-04-23T00:43:42.922+0000] {logging_mixin.py:137} INFO - [2023-04-23T00:43:42.922+0000] {taskmixin.py:211} WARNING - Dependency <Task(_PythonDecoratedOperator): log_sql_query>, print_the_context already registered for DAG: example_python_operator
[2023-04-23T00:43:42.924+0000] {logging_mixin.py:137} INFO - [2023-04-23T00:43:42.924+0000] {taskmixin.py:211} WARNING - Dependency <Task(_PythonDecoratedOperator): print_the_context>, log_sql_query already registered for DAG: example_python_operator
[2023-04-23T00:43:42.925+0000] {logging_mixin.py:137} INFO - [2023-04-23T00:43:42.924+0000] {taskmixin.py:211} WARNING - Dependency <Task(_PythonDecoratedOperator): log_sql_query>, print_the_context already registered for DAG: example_python_operator
[2023-04-23T00:43:42.926+0000] {logging_mixin.py:137} INFO - [2023-04-23T00:43:42.926+0000] {taskmixin.py:211} WARNING - Dependency <Task(_PythonDecoratedOperator): print_the_context>, log_sql_query already registered for DAG: example_python_operator
[2023-04-23T00:43:42.927+0000] {logging_mixin.py:137} INFO - [2023-04-23T00:43:42.926+0000] {taskmixin.py:211} WARNING - Dependency <Task(_PythonDecoratedOperator): log_sql_query>, print_the_context already registered for DAG: example_python_operator
[2023-04-23T00:43:42.938+0000] {processor.py:753} INFO - DAG(s) dict_keys(['example_python_operator']) retrieved from /home/airflow/.local/lib/python3.7/site-packages/airflow/example_dags/example_python_operator.py
[2023-04-23T00:43:42.982+0000] {logging_mixin.py:137} INFO - [2023-04-23T00:43:42.982+0000] {dag.py:2705} INFO - Sync 1 DAGs
[2023-04-23T00:43:43.034+0000] {logging_mixin.py:137} INFO - [2023-04-23T00:43:43.034+0000] {dag.py:3456} INFO - Setting next_dagrun for example_python_operator to None, run_after=None
[2023-04-23T00:43:43.064+0000] {processor.py:175} INFO - Processing /home/airflow/.local/lib/python3.7/site-packages/airflow/example_dags/example_python_operator.py took 0.220 seconds
[2023-04-23T00:44:13.760+0000] {processor.py:153} INFO - Started process (PID=524) to work on /home/airflow/.local/lib/python3.7/site-packages/airflow/example_dags/example_python_operator.py
[2023-04-23T00:44:13.762+0000] {processor.py:743} INFO - Processing file /home/airflow/.local/lib/python3.7/site-packages/airflow/example_dags/example_python_operator.py for tasks to queue
[2023-04-23T00:44:13.763+0000] {logging_mixin.py:137} INFO - [2023-04-23T00:44:13.762+0000] {dagbag.py:532} INFO - Filling up the DagBag from /home/airflow/.local/lib/python3.7/site-packages/airflow/example_dags/example_python_operator.py
[2023-04-23T00:44:13.795+0000] {logging_mixin.py:137} INFO - [2023-04-23T00:44:13.794+0000] {taskmixin.py:211} WARNING - Dependency <Task(_PythonDecoratedOperator): print_the_context>, log_sql_query already registered for DAG: example_python_operator
[2023-04-23T00:44:13.795+0000] {logging_mixin.py:137} INFO - [2023-04-23T00:44:13.795+0000] {taskmixin.py:211} WARNING - Dependency <Task(_PythonDecoratedOperator): log_sql_query>, print_the_context already registered for DAG: example_python_operator
[2023-04-23T00:44:13.796+0000] {logging_mixin.py:137} INFO - [2023-04-23T00:44:13.796+0000] {taskmixin.py:211} WARNING - Dependency <Task(_PythonDecoratedOperator): print_the_context>, log_sql_query already registered for DAG: example_python_operator
[2023-04-23T00:44:13.796+0000] {logging_mixin.py:137} INFO - [2023-04-23T00:44:13.796+0000] {taskmixin.py:211} WARNING - Dependency <Task(_PythonDecoratedOperator): log_sql_query>, print_the_context already registered for DAG: example_python_operator
[2023-04-23T00:44:13.798+0000] {logging_mixin.py:137} INFO - [2023-04-23T00:44:13.798+0000] {taskmixin.py:211} WARNING - Dependency <Task(_PythonDecoratedOperator): print_the_context>, log_sql_query already registered for DAG: example_python_operator
[2023-04-23T00:44:13.798+0000] {logging_mixin.py:137} INFO - [2023-04-23T00:44:13.798+0000] {taskmixin.py:211} WARNING - Dependency <Task(_PythonDecoratedOperator): log_sql_query>, print_the_context already registered for DAG: example_python_operator
[2023-04-23T00:44:13.800+0000] {logging_mixin.py:137} INFO - [2023-04-23T00:44:13.799+0000] {taskmixin.py:211} WARNING - Dependency <Task(_PythonDecoratedOperator): print_the_context>, log_sql_query already registered for DAG: example_python_operator
[2023-04-23T00:44:13.800+0000] {logging_mixin.py:137} INFO - [2023-04-23T00:44:13.800+0000] {taskmixin.py:211} WARNING - Dependency <Task(_PythonDecoratedOperator): log_sql_query>, print_the_context already registered for DAG: example_python_operator
[2023-04-23T00:44:13.813+0000] {processor.py:753} INFO - DAG(s) dict_keys(['example_python_operator']) retrieved from /home/airflow/.local/lib/python3.7/site-packages/airflow/example_dags/example_python_operator.py
[2023-04-23T00:44:13.861+0000] {logging_mixin.py:137} INFO - [2023-04-23T00:44:13.860+0000] {dag.py:2705} INFO - Sync 1 DAGs
[2023-04-23T00:44:13.912+0000] {logging_mixin.py:137} INFO - [2023-04-23T00:44:13.911+0000] {dag.py:3456} INFO - Setting next_dagrun for example_python_operator to None, run_after=None
[2023-04-23T00:44:13.945+0000] {processor.py:175} INFO - Processing /home/airflow/.local/lib/python3.7/site-packages/airflow/example_dags/example_python_operator.py took 0.189 seconds
[2023-04-23T00:44:43.977+0000] {processor.py:153} INFO - Started process (PID=575) to work on /home/airflow/.local/lib/python3.7/site-packages/airflow/example_dags/example_python_operator.py
[2023-04-23T00:44:43.979+0000] {processor.py:743} INFO - Processing file /home/airflow/.local/lib/python3.7/site-packages/airflow/example_dags/example_python_operator.py for tasks to queue
[2023-04-23T00:44:43.980+0000] {logging_mixin.py:137} INFO - [2023-04-23T00:44:43.980+0000] {dagbag.py:532} INFO - Filling up the DagBag from /home/airflow/.local/lib/python3.7/site-packages/airflow/example_dags/example_python_operator.py
[2023-04-23T00:44:43.997+0000] {logging_mixin.py:137} INFO - [2023-04-23T00:44:43.997+0000] {taskmixin.py:211} WARNING - Dependency <Task(_PythonDecoratedOperator): print_the_context>, log_sql_query already registered for DAG: example_python_operator
[2023-04-23T00:44:43.997+0000] {logging_mixin.py:137} INFO - [2023-04-23T00:44:43.997+0000] {taskmixin.py:211} WARNING - Dependency <Task(_PythonDecoratedOperator): log_sql_query>, print_the_context already registered for DAG: example_python_operator
[2023-04-23T00:44:43.998+0000] {logging_mixin.py:137} INFO - [2023-04-23T00:44:43.998+0000] {taskmixin.py:211} WARNING - Dependency <Task(_PythonDecoratedOperator): print_the_context>, log_sql_query already registered for DAG: example_python_operator
[2023-04-23T00:44:43.998+0000] {logging_mixin.py:137} INFO - [2023-04-23T00:44:43.998+0000] {taskmixin.py:211} WARNING - Dependency <Task(_PythonDecoratedOperator): log_sql_query>, print_the_context already registered for DAG: example_python_operator
[2023-04-23T00:44:43.999+0000] {logging_mixin.py:137} INFO - [2023-04-23T00:44:43.999+0000] {taskmixin.py:211} WARNING - Dependency <Task(_PythonDecoratedOperator): print_the_context>, log_sql_query already registered for DAG: example_python_operator
[2023-04-23T00:44:43.999+0000] {logging_mixin.py:137} INFO - [2023-04-23T00:44:43.999+0000] {taskmixin.py:211} WARNING - Dependency <Task(_PythonDecoratedOperator): log_sql_query>, print_the_context already registered for DAG: example_python_operator
[2023-04-23T00:44:44.000+0000] {logging_mixin.py:137} INFO - [2023-04-23T00:44:44.000+0000] {taskmixin.py:211} WARNING - Dependency <Task(_PythonDecoratedOperator): print_the_context>, log_sql_query already registered for DAG: example_python_operator
[2023-04-23T00:44:44.000+0000] {logging_mixin.py:137} INFO - [2023-04-23T00:44:44.000+0000] {taskmixin.py:211} WARNING - Dependency <Task(_PythonDecoratedOperator): log_sql_query>, print_the_context already registered for DAG: example_python_operator
[2023-04-23T00:44:44.010+0000] {processor.py:753} INFO - DAG(s) dict_keys(['example_python_operator']) retrieved from /home/airflow/.local/lib/python3.7/site-packages/airflow/example_dags/example_python_operator.py
[2023-04-23T00:44:44.040+0000] {logging_mixin.py:137} INFO - [2023-04-23T00:44:44.040+0000] {dag.py:2705} INFO - Sync 1 DAGs
[2023-04-23T00:44:44.069+0000] {logging_mixin.py:137} INFO - [2023-04-23T00:44:44.069+0000] {dag.py:3456} INFO - Setting next_dagrun for example_python_operator to None, run_after=None
[2023-04-23T00:44:44.098+0000] {processor.py:175} INFO - Processing /home/airflow/.local/lib/python3.7/site-packages/airflow/example_dags/example_python_operator.py took 0.124 seconds
[2023-04-23T00:45:15.032+0000] {processor.py:153} INFO - Started process (PID=626) to work on /home/airflow/.local/lib/python3.7/site-packages/airflow/example_dags/example_python_operator.py
[2023-04-23T00:45:15.032+0000] {processor.py:743} INFO - Processing file /home/airflow/.local/lib/python3.7/site-packages/airflow/example_dags/example_python_operator.py for tasks to queue
[2023-04-23T00:45:15.033+0000] {logging_mixin.py:137} INFO - [2023-04-23T00:45:15.033+0000] {dagbag.py:532} INFO - Filling up the DagBag from /home/airflow/.local/lib/python3.7/site-packages/airflow/example_dags/example_python_operator.py
[2023-04-23T00:45:15.061+0000] {logging_mixin.py:137} INFO - [2023-04-23T00:45:15.060+0000] {taskmixin.py:211} WARNING - Dependency <Task(_PythonDecoratedOperator): print_the_context>, log_sql_query already registered for DAG: example_python_operator
[2023-04-23T00:45:15.061+0000] {logging_mixin.py:137} INFO - [2023-04-23T00:45:15.061+0000] {taskmixin.py:211} WARNING - Dependency <Task(_PythonDecoratedOperator): log_sql_query>, print_the_context already registered for DAG: example_python_operator
[2023-04-23T00:45:15.062+0000] {logging_mixin.py:137} INFO - [2023-04-23T00:45:15.062+0000] {taskmixin.py:211} WARNING - Dependency <Task(_PythonDecoratedOperator): print_the_context>, log_sql_query already registered for DAG: example_python_operator
[2023-04-23T00:45:15.062+0000] {logging_mixin.py:137} INFO - [2023-04-23T00:45:15.062+0000] {taskmixin.py:211} WARNING - Dependency <Task(_PythonDecoratedOperator): log_sql_query>, print_the_context already registered for DAG: example_python_operator
[2023-04-23T00:45:15.064+0000] {logging_mixin.py:137} INFO - [2023-04-23T00:45:15.063+0000] {taskmixin.py:211} WARNING - Dependency <Task(_PythonDecoratedOperator): print_the_context>, log_sql_query already registered for DAG: example_python_operator
[2023-04-23T00:45:15.064+0000] {logging_mixin.py:137} INFO - [2023-04-23T00:45:15.064+0000] {taskmixin.py:211} WARNING - Dependency <Task(_PythonDecoratedOperator): log_sql_query>, print_the_context already registered for DAG: example_python_operator
[2023-04-23T00:45:15.065+0000] {logging_mixin.py:137} INFO - [2023-04-23T00:45:15.065+0000] {taskmixin.py:211} WARNING - Dependency <Task(_PythonDecoratedOperator): print_the_context>, log_sql_query already registered for DAG: example_python_operator
[2023-04-23T00:45:15.065+0000] {logging_mixin.py:137} INFO - [2023-04-23T00:45:15.065+0000] {taskmixin.py:211} WARNING - Dependency <Task(_PythonDecoratedOperator): log_sql_query>, print_the_context already registered for DAG: example_python_operator
[2023-04-23T00:45:15.077+0000] {processor.py:753} INFO - DAG(s) dict_keys(['example_python_operator']) retrieved from /home/airflow/.local/lib/python3.7/site-packages/airflow/example_dags/example_python_operator.py
[2023-04-23T00:45:15.113+0000] {logging_mixin.py:137} INFO - [2023-04-23T00:45:15.112+0000] {dag.py:2705} INFO - Sync 1 DAGs
[2023-04-23T00:45:15.141+0000] {logging_mixin.py:137} INFO - [2023-04-23T00:45:15.141+0000] {dag.py:3456} INFO - Setting next_dagrun for example_python_operator to None, run_after=None
[2023-04-23T00:45:15.166+0000] {processor.py:175} INFO - Processing /home/airflow/.local/lib/python3.7/site-packages/airflow/example_dags/example_python_operator.py took 0.139 seconds
[2023-04-23T00:45:45.760+0000] {processor.py:153} INFO - Started process (PID=677) to work on /home/airflow/.local/lib/python3.7/site-packages/airflow/example_dags/example_python_operator.py
[2023-04-23T00:45:45.776+0000] {processor.py:743} INFO - Processing file /home/airflow/.local/lib/python3.7/site-packages/airflow/example_dags/example_python_operator.py for tasks to queue
[2023-04-23T00:45:45.777+0000] {logging_mixin.py:137} INFO - [2023-04-23T00:45:45.776+0000] {dagbag.py:532} INFO - Filling up the DagBag from /home/airflow/.local/lib/python3.7/site-packages/airflow/example_dags/example_python_operator.py
[2023-04-23T00:45:45.808+0000] {logging_mixin.py:137} INFO - [2023-04-23T00:45:45.807+0000] {taskmixin.py:211} WARNING - Dependency <Task(_PythonDecoratedOperator): print_the_context>, log_sql_query already registered for DAG: example_python_operator
[2023-04-23T00:45:45.809+0000] {logging_mixin.py:137} INFO - [2023-04-23T00:45:45.809+0000] {taskmixin.py:211} WARNING - Dependency <Task(_PythonDecoratedOperator): log_sql_query>, print_the_context already registered for DAG: example_python_operator
[2023-04-23T00:45:45.810+0000] {logging_mixin.py:137} INFO - [2023-04-23T00:45:45.810+0000] {taskmixin.py:211} WARNING - Dependency <Task(_PythonDecoratedOperator): print_the_context>, log_sql_query already registered for DAG: example_python_operator
[2023-04-23T00:45:45.811+0000] {logging_mixin.py:137} INFO - [2023-04-23T00:45:45.811+0000] {taskmixin.py:211} WARNING - Dependency <Task(_PythonDecoratedOperator): log_sql_query>, print_the_context already registered for DAG: example_python_operator
[2023-04-23T00:45:45.812+0000] {logging_mixin.py:137} INFO - [2023-04-23T00:45:45.812+0000] {taskmixin.py:211} WARNING - Dependency <Task(_PythonDecoratedOperator): print_the_context>, log_sql_query already registered for DAG: example_python_operator
[2023-04-23T00:45:45.812+0000] {logging_mixin.py:137} INFO - [2023-04-23T00:45:45.812+0000] {taskmixin.py:211} WARNING - Dependency <Task(_PythonDecoratedOperator): log_sql_query>, print_the_context already registered for DAG: example_python_operator
[2023-04-23T00:45:45.814+0000] {logging_mixin.py:137} INFO - [2023-04-23T00:45:45.813+0000] {taskmixin.py:211} WARNING - Dependency <Task(_PythonDecoratedOperator): print_the_context>, log_sql_query already registered for DAG: example_python_operator
[2023-04-23T00:45:45.814+0000] {logging_mixin.py:137} INFO - [2023-04-23T00:45:45.814+0000] {taskmixin.py:211} WARNING - Dependency <Task(_PythonDecoratedOperator): log_sql_query>, print_the_context already registered for DAG: example_python_operator
[2023-04-23T00:45:45.829+0000] {processor.py:753} INFO - DAG(s) dict_keys(['example_python_operator']) retrieved from /home/airflow/.local/lib/python3.7/site-packages/airflow/example_dags/example_python_operator.py
[2023-04-23T00:45:45.883+0000] {logging_mixin.py:137} INFO - [2023-04-23T00:45:45.883+0000] {dag.py:2705} INFO - Sync 1 DAGs
[2023-04-23T00:45:45.932+0000] {logging_mixin.py:137} INFO - [2023-04-23T00:45:45.932+0000] {dag.py:3456} INFO - Setting next_dagrun for example_python_operator to None, run_after=None
[2023-04-23T00:45:45.969+0000] {processor.py:175} INFO - Processing /home/airflow/.local/lib/python3.7/site-packages/airflow/example_dags/example_python_operator.py took 0.215 seconds
[2023-04-23T00:46:16.398+0000] {processor.py:153} INFO - Started process (PID=728) to work on /home/airflow/.local/lib/python3.7/site-packages/airflow/example_dags/example_python_operator.py
[2023-04-23T00:46:16.418+0000] {processor.py:743} INFO - Processing file /home/airflow/.local/lib/python3.7/site-packages/airflow/example_dags/example_python_operator.py for tasks to queue
[2023-04-23T00:46:16.419+0000] {logging_mixin.py:137} INFO - [2023-04-23T00:46:16.418+0000] {dagbag.py:532} INFO - Filling up the DagBag from /home/airflow/.local/lib/python3.7/site-packages/airflow/example_dags/example_python_operator.py
[2023-04-23T00:46:16.465+0000] {logging_mixin.py:137} INFO - [2023-04-23T00:46:16.464+0000] {taskmixin.py:211} WARNING - Dependency <Task(_PythonDecoratedOperator): print_the_context>, log_sql_query already registered for DAG: example_python_operator
[2023-04-23T00:46:16.465+0000] {logging_mixin.py:137} INFO - [2023-04-23T00:46:16.465+0000] {taskmixin.py:211} WARNING - Dependency <Task(_PythonDecoratedOperator): log_sql_query>, print_the_context already registered for DAG: example_python_operator
[2023-04-23T00:46:16.467+0000] {logging_mixin.py:137} INFO - [2023-04-23T00:46:16.466+0000] {taskmixin.py:211} WARNING - Dependency <Task(_PythonDecoratedOperator): print_the_context>, log_sql_query already registered for DAG: example_python_operator
[2023-04-23T00:46:16.467+0000] {logging_mixin.py:137} INFO - [2023-04-23T00:46:16.467+0000] {taskmixin.py:211} WARNING - Dependency <Task(_PythonDecoratedOperator): log_sql_query>, print_the_context already registered for DAG: example_python_operator
[2023-04-23T00:46:16.469+0000] {logging_mixin.py:137} INFO - [2023-04-23T00:46:16.468+0000] {taskmixin.py:211} WARNING - Dependency <Task(_PythonDecoratedOperator): print_the_context>, log_sql_query already registered for DAG: example_python_operator
[2023-04-23T00:46:16.469+0000] {logging_mixin.py:137} INFO - [2023-04-23T00:46:16.469+0000] {taskmixin.py:211} WARNING - Dependency <Task(_PythonDecoratedOperator): log_sql_query>, print_the_context already registered for DAG: example_python_operator
[2023-04-23T00:46:16.470+0000] {logging_mixin.py:137} INFO - [2023-04-23T00:46:16.470+0000] {taskmixin.py:211} WARNING - Dependency <Task(_PythonDecoratedOperator): print_the_context>, log_sql_query already registered for DAG: example_python_operator
[2023-04-23T00:46:16.471+0000] {logging_mixin.py:137} INFO - [2023-04-23T00:46:16.470+0000] {taskmixin.py:211} WARNING - Dependency <Task(_PythonDecoratedOperator): log_sql_query>, print_the_context already registered for DAG: example_python_operator
[2023-04-23T00:46:16.486+0000] {processor.py:753} INFO - DAG(s) dict_keys(['example_python_operator']) retrieved from /home/airflow/.local/lib/python3.7/site-packages/airflow/example_dags/example_python_operator.py
[2023-04-23T00:46:16.607+0000] {logging_mixin.py:137} INFO - [2023-04-23T00:46:16.599+0000] {dag.py:2705} INFO - Sync 1 DAGs
[2023-04-23T00:46:16.691+0000] {logging_mixin.py:137} INFO - [2023-04-23T00:46:16.689+0000] {dag.py:3456} INFO - Setting next_dagrun for example_python_operator to None, run_after=None
[2023-04-23T00:46:16.731+0000] {processor.py:175} INFO - Processing /home/airflow/.local/lib/python3.7/site-packages/airflow/example_dags/example_python_operator.py took 0.356 seconds
