[2023-04-23T00:39:31.911+0000] {processor.py:153} INFO - Started process (PID=42) to work on /home/airflow/.local/lib/python3.7/site-packages/airflow/example_dags/example_external_task_marker_dag.py
[2023-04-23T00:39:31.912+0000] {processor.py:743} INFO - Processing file /home/airflow/.local/lib/python3.7/site-packages/airflow/example_dags/example_external_task_marker_dag.py for tasks to queue
[2023-04-23T00:39:31.913+0000] {logging_mixin.py:137} INFO - [2023-04-23T00:39:31.913+0000] {dagbag.py:532} INFO - Filling up the DagBag from /home/airflow/.local/lib/python3.7/site-packages/airflow/example_dags/example_external_task_marker_dag.py
[2023-04-23T00:39:31.977+0000] {processor.py:753} INFO - DAG(s) dict_keys(['example_external_task_marker_parent', 'example_external_task_marker_child']) retrieved from /home/airflow/.local/lib/python3.7/site-packages/airflow/example_dags/example_external_task_marker_dag.py
[2023-04-23T00:39:32.216+0000] {logging_mixin.py:137} INFO - [2023-04-23T00:39:32.215+0000] {manager.py:504} INFO - Created Permission View: can edit on DAG:example_external_task_marker_parent
[2023-04-23T00:39:32.245+0000] {logging_mixin.py:137} INFO - [2023-04-23T00:39:32.244+0000] {manager.py:504} INFO - Created Permission View: can read on DAG:example_external_task_marker_parent
[2023-04-23T00:39:32.270+0000] {logging_mixin.py:137} INFO - [2023-04-23T00:39:32.270+0000] {manager.py:504} INFO - Created Permission View: can delete on DAG:example_external_task_marker_parent
[2023-04-23T00:39:32.313+0000] {logging_mixin.py:137} INFO - [2023-04-23T00:39:32.313+0000] {manager.py:504} INFO - Created Permission View: can edit on DAG:example_external_task_marker_child
[2023-04-23T00:39:32.328+0000] {logging_mixin.py:137} INFO - [2023-04-23T00:39:32.328+0000] {manager.py:504} INFO - Created Permission View: can read on DAG:example_external_task_marker_child
[2023-04-23T00:39:32.363+0000] {logging_mixin.py:137} INFO - [2023-04-23T00:39:32.363+0000] {manager.py:504} INFO - Created Permission View: can delete on DAG:example_external_task_marker_child
[2023-04-23T00:39:32.364+0000] {logging_mixin.py:137} INFO - [2023-04-23T00:39:32.364+0000] {dag.py:2705} INFO - Sync 2 DAGs
[2023-04-23T00:39:32.391+0000] {logging_mixin.py:137} INFO - [2023-04-23T00:39:32.391+0000] {dag.py:2726} INFO - Creating ORM DAG for example_external_task_marker_child
[2023-04-23T00:39:32.392+0000] {logging_mixin.py:137} INFO - [2023-04-23T00:39:32.392+0000] {dag.py:2726} INFO - Creating ORM DAG for example_external_task_marker_parent
[2023-04-23T00:39:32.412+0000] {logging_mixin.py:137} INFO - [2023-04-23T00:39:32.411+0000] {dag.py:3456} INFO - Setting next_dagrun for example_external_task_marker_child to None, run_after=None
[2023-04-23T00:39:32.412+0000] {logging_mixin.py:137} INFO - [2023-04-23T00:39:32.412+0000] {dag.py:3456} INFO - Setting next_dagrun for example_external_task_marker_parent to None, run_after=None
[2023-04-23T00:39:32.450+0000] {processor.py:175} INFO - Processing /home/airflow/.local/lib/python3.7/site-packages/airflow/example_dags/example_external_task_marker_dag.py took 0.549 seconds
[2023-04-23T00:40:02.594+0000] {processor.py:153} INFO - Started process (PID=92) to work on /home/airflow/.local/lib/python3.7/site-packages/airflow/example_dags/example_external_task_marker_dag.py
[2023-04-23T00:40:02.595+0000] {processor.py:743} INFO - Processing file /home/airflow/.local/lib/python3.7/site-packages/airflow/example_dags/example_external_task_marker_dag.py for tasks to queue
[2023-04-23T00:40:02.595+0000] {logging_mixin.py:137} INFO - [2023-04-23T00:40:02.595+0000] {dagbag.py:532} INFO - Filling up the DagBag from /home/airflow/.local/lib/python3.7/site-packages/airflow/example_dags/example_external_task_marker_dag.py
[2023-04-23T00:40:02.613+0000] {processor.py:753} INFO - DAG(s) dict_keys(['example_external_task_marker_parent', 'example_external_task_marker_child']) retrieved from /home/airflow/.local/lib/python3.7/site-packages/airflow/example_dags/example_external_task_marker_dag.py
[2023-04-23T00:40:02.642+0000] {logging_mixin.py:137} INFO - [2023-04-23T00:40:02.642+0000] {dag.py:2705} INFO - Sync 2 DAGs
[2023-04-23T00:40:02.677+0000] {logging_mixin.py:137} INFO - [2023-04-23T00:40:02.676+0000] {dag.py:3456} INFO - Setting next_dagrun for example_external_task_marker_child to None, run_after=None
[2023-04-23T00:40:02.683+0000] {logging_mixin.py:137} INFO - [2023-04-23T00:40:02.682+0000] {dag.py:3456} INFO - Setting next_dagrun for example_external_task_marker_parent to None, run_after=None
[2023-04-23T00:40:02.700+0000] {processor.py:175} INFO - Processing /home/airflow/.local/lib/python3.7/site-packages/airflow/example_dags/example_external_task_marker_dag.py took 0.109 seconds
[2023-04-23T00:40:33.598+0000] {processor.py:153} INFO - Started process (PID=142) to work on /home/airflow/.local/lib/python3.7/site-packages/airflow/example_dags/example_external_task_marker_dag.py
[2023-04-23T00:40:33.635+0000] {processor.py:743} INFO - Processing file /home/airflow/.local/lib/python3.7/site-packages/airflow/example_dags/example_external_task_marker_dag.py for tasks to queue
[2023-04-23T00:40:33.635+0000] {logging_mixin.py:137} INFO - [2023-04-23T00:40:33.635+0000] {dagbag.py:532} INFO - Filling up the DagBag from /home/airflow/.local/lib/python3.7/site-packages/airflow/example_dags/example_external_task_marker_dag.py
[2023-04-23T00:40:33.655+0000] {processor.py:753} INFO - DAG(s) dict_keys(['example_external_task_marker_parent', 'example_external_task_marker_child']) retrieved from /home/airflow/.local/lib/python3.7/site-packages/airflow/example_dags/example_external_task_marker_dag.py
[2023-04-23T00:40:33.693+0000] {logging_mixin.py:137} INFO - [2023-04-23T00:40:33.693+0000] {dag.py:2705} INFO - Sync 2 DAGs
[2023-04-23T00:40:33.733+0000] {logging_mixin.py:137} INFO - [2023-04-23T00:40:33.732+0000] {dag.py:3456} INFO - Setting next_dagrun for example_external_task_marker_child to None, run_after=None
[2023-04-23T00:40:33.740+0000] {logging_mixin.py:137} INFO - [2023-04-23T00:40:33.740+0000] {dag.py:3456} INFO - Setting next_dagrun for example_external_task_marker_parent to None, run_after=None
[2023-04-23T00:40:33.763+0000] {processor.py:175} INFO - Processing /home/airflow/.local/lib/python3.7/site-packages/airflow/example_dags/example_external_task_marker_dag.py took 0.170 seconds
[2023-04-23T00:41:03.863+0000] {processor.py:153} INFO - Started process (PID=192) to work on /home/airflow/.local/lib/python3.7/site-packages/airflow/example_dags/example_external_task_marker_dag.py
[2023-04-23T00:41:03.863+0000] {processor.py:743} INFO - Processing file /home/airflow/.local/lib/python3.7/site-packages/airflow/example_dags/example_external_task_marker_dag.py for tasks to queue
[2023-04-23T00:41:03.864+0000] {logging_mixin.py:137} INFO - [2023-04-23T00:41:03.864+0000] {dagbag.py:532} INFO - Filling up the DagBag from /home/airflow/.local/lib/python3.7/site-packages/airflow/example_dags/example_external_task_marker_dag.py
[2023-04-23T00:41:03.879+0000] {processor.py:753} INFO - DAG(s) dict_keys(['example_external_task_marker_child', 'example_external_task_marker_parent']) retrieved from /home/airflow/.local/lib/python3.7/site-packages/airflow/example_dags/example_external_task_marker_dag.py
[2023-04-23T00:41:03.919+0000] {logging_mixin.py:137} INFO - [2023-04-23T00:41:03.919+0000] {dag.py:2705} INFO - Sync 2 DAGs
[2023-04-23T00:41:03.952+0000] {logging_mixin.py:137} INFO - [2023-04-23T00:41:03.952+0000] {dag.py:3456} INFO - Setting next_dagrun for example_external_task_marker_child to None, run_after=None
[2023-04-23T00:41:03.956+0000] {logging_mixin.py:137} INFO - [2023-04-23T00:41:03.956+0000] {dag.py:3456} INFO - Setting next_dagrun for example_external_task_marker_parent to None, run_after=None
[2023-04-23T00:41:03.974+0000] {processor.py:175} INFO - Processing /home/airflow/.local/lib/python3.7/site-packages/airflow/example_dags/example_external_task_marker_dag.py took 0.114 seconds
[2023-04-23T00:41:34.437+0000] {processor.py:153} INFO - Started process (PID=242) to work on /home/airflow/.local/lib/python3.7/site-packages/airflow/example_dags/example_external_task_marker_dag.py
[2023-04-23T00:41:34.462+0000] {processor.py:743} INFO - Processing file /home/airflow/.local/lib/python3.7/site-packages/airflow/example_dags/example_external_task_marker_dag.py for tasks to queue
[2023-04-23T00:41:34.463+0000] {logging_mixin.py:137} INFO - [2023-04-23T00:41:34.463+0000] {dagbag.py:532} INFO - Filling up the DagBag from /home/airflow/.local/lib/python3.7/site-packages/airflow/example_dags/example_external_task_marker_dag.py
[2023-04-23T00:41:34.494+0000] {processor.py:753} INFO - DAG(s) dict_keys(['example_external_task_marker_child', 'example_external_task_marker_parent']) retrieved from /home/airflow/.local/lib/python3.7/site-packages/airflow/example_dags/example_external_task_marker_dag.py
[2023-04-23T00:41:34.555+0000] {logging_mixin.py:137} INFO - [2023-04-23T00:41:34.555+0000] {dag.py:2705} INFO - Sync 2 DAGs
[2023-04-23T00:41:34.604+0000] {logging_mixin.py:137} INFO - [2023-04-23T00:41:34.604+0000] {dag.py:3456} INFO - Setting next_dagrun for example_external_task_marker_child to None, run_after=None
[2023-04-23T00:41:34.613+0000] {logging_mixin.py:137} INFO - [2023-04-23T00:41:34.613+0000] {dag.py:3456} INFO - Setting next_dagrun for example_external_task_marker_parent to None, run_after=None
[2023-04-23T00:41:34.647+0000] {processor.py:175} INFO - Processing /home/airflow/.local/lib/python3.7/site-packages/airflow/example_dags/example_external_task_marker_dag.py took 0.215 seconds
[2023-04-23T00:42:05.015+0000] {processor.py:153} INFO - Started process (PID=293) to work on /home/airflow/.local/lib/python3.7/site-packages/airflow/example_dags/example_external_task_marker_dag.py
[2023-04-23T00:42:05.016+0000] {processor.py:743} INFO - Processing file /home/airflow/.local/lib/python3.7/site-packages/airflow/example_dags/example_external_task_marker_dag.py for tasks to queue
[2023-04-23T00:42:05.016+0000] {logging_mixin.py:137} INFO - [2023-04-23T00:42:05.016+0000] {dagbag.py:532} INFO - Filling up the DagBag from /home/airflow/.local/lib/python3.7/site-packages/airflow/example_dags/example_external_task_marker_dag.py
[2023-04-23T00:42:05.030+0000] {processor.py:753} INFO - DAG(s) dict_keys(['example_external_task_marker_parent', 'example_external_task_marker_child']) retrieved from /home/airflow/.local/lib/python3.7/site-packages/airflow/example_dags/example_external_task_marker_dag.py
[2023-04-23T00:42:05.064+0000] {logging_mixin.py:137} INFO - [2023-04-23T00:42:05.064+0000] {dag.py:2705} INFO - Sync 2 DAGs
[2023-04-23T00:42:05.102+0000] {logging_mixin.py:137} INFO - [2023-04-23T00:42:05.101+0000] {dag.py:3456} INFO - Setting next_dagrun for example_external_task_marker_child to None, run_after=None
[2023-04-23T00:42:05.105+0000] {logging_mixin.py:137} INFO - [2023-04-23T00:42:05.105+0000] {dag.py:3456} INFO - Setting next_dagrun for example_external_task_marker_parent to None, run_after=None
[2023-04-23T00:42:05.125+0000] {processor.py:175} INFO - Processing /home/airflow/.local/lib/python3.7/site-packages/airflow/example_dags/example_external_task_marker_dag.py took 0.114 seconds
[2023-04-23T00:42:35.557+0000] {processor.py:153} INFO - Started process (PID=342) to work on /home/airflow/.local/lib/python3.7/site-packages/airflow/example_dags/example_external_task_marker_dag.py
[2023-04-23T00:42:35.575+0000] {processor.py:743} INFO - Processing file /home/airflow/.local/lib/python3.7/site-packages/airflow/example_dags/example_external_task_marker_dag.py for tasks to queue
[2023-04-23T00:42:35.577+0000] {logging_mixin.py:137} INFO - [2023-04-23T00:42:35.576+0000] {dagbag.py:532} INFO - Filling up the DagBag from /home/airflow/.local/lib/python3.7/site-packages/airflow/example_dags/example_external_task_marker_dag.py
[2023-04-23T00:42:35.598+0000] {processor.py:753} INFO - DAG(s) dict_keys(['example_external_task_marker_parent', 'example_external_task_marker_child']) retrieved from /home/airflow/.local/lib/python3.7/site-packages/airflow/example_dags/example_external_task_marker_dag.py
[2023-04-23T00:42:35.634+0000] {logging_mixin.py:137} INFO - [2023-04-23T00:42:35.634+0000] {dag.py:2705} INFO - Sync 2 DAGs
[2023-04-23T00:42:35.698+0000] {logging_mixin.py:137} INFO - [2023-04-23T00:42:35.697+0000] {dag.py:3456} INFO - Setting next_dagrun for example_external_task_marker_child to None, run_after=None
[2023-04-23T00:42:35.703+0000] {logging_mixin.py:137} INFO - [2023-04-23T00:42:35.703+0000] {dag.py:3456} INFO - Setting next_dagrun for example_external_task_marker_parent to None, run_after=None
[2023-04-23T00:42:35.724+0000] {processor.py:175} INFO - Processing /home/airflow/.local/lib/python3.7/site-packages/airflow/example_dags/example_external_task_marker_dag.py took 0.171 seconds
[2023-04-23T00:43:05.915+0000] {processor.py:153} INFO - Started process (PID=393) to work on /home/airflow/.local/lib/python3.7/site-packages/airflow/example_dags/example_external_task_marker_dag.py
[2023-04-23T00:43:05.916+0000] {processor.py:743} INFO - Processing file /home/airflow/.local/lib/python3.7/site-packages/airflow/example_dags/example_external_task_marker_dag.py for tasks to queue
[2023-04-23T00:43:05.917+0000] {logging_mixin.py:137} INFO - [2023-04-23T00:43:05.916+0000] {dagbag.py:532} INFO - Filling up the DagBag from /home/airflow/.local/lib/python3.7/site-packages/airflow/example_dags/example_external_task_marker_dag.py
[2023-04-23T00:43:05.939+0000] {processor.py:753} INFO - DAG(s) dict_keys(['example_external_task_marker_child', 'example_external_task_marker_parent']) retrieved from /home/airflow/.local/lib/python3.7/site-packages/airflow/example_dags/example_external_task_marker_dag.py
[2023-04-23T00:43:05.986+0000] {logging_mixin.py:137} INFO - [2023-04-23T00:43:05.986+0000] {dag.py:2705} INFO - Sync 2 DAGs
[2023-04-23T00:43:06.035+0000] {logging_mixin.py:137} INFO - [2023-04-23T00:43:06.035+0000] {dag.py:3456} INFO - Setting next_dagrun for example_external_task_marker_child to None, run_after=None
[2023-04-23T00:43:06.040+0000] {logging_mixin.py:137} INFO - [2023-04-23T00:43:06.040+0000] {dag.py:3456} INFO - Setting next_dagrun for example_external_task_marker_parent to None, run_after=None
[2023-04-23T00:43:06.070+0000] {processor.py:175} INFO - Processing /home/airflow/.local/lib/python3.7/site-packages/airflow/example_dags/example_external_task_marker_dag.py took 0.160 seconds
[2023-04-23T00:43:36.571+0000] {processor.py:153} INFO - Started process (PID=443) to work on /home/airflow/.local/lib/python3.7/site-packages/airflow/example_dags/example_external_task_marker_dag.py
[2023-04-23T00:43:36.572+0000] {processor.py:743} INFO - Processing file /home/airflow/.local/lib/python3.7/site-packages/airflow/example_dags/example_external_task_marker_dag.py for tasks to queue
[2023-04-23T00:43:36.573+0000] {logging_mixin.py:137} INFO - [2023-04-23T00:43:36.573+0000] {dagbag.py:532} INFO - Filling up the DagBag from /home/airflow/.local/lib/python3.7/site-packages/airflow/example_dags/example_external_task_marker_dag.py
[2023-04-23T00:43:36.591+0000] {processor.py:753} INFO - DAG(s) dict_keys(['example_external_task_marker_child', 'example_external_task_marker_parent']) retrieved from /home/airflow/.local/lib/python3.7/site-packages/airflow/example_dags/example_external_task_marker_dag.py
[2023-04-23T00:43:36.637+0000] {logging_mixin.py:137} INFO - [2023-04-23T00:43:36.637+0000] {dag.py:2705} INFO - Sync 2 DAGs
[2023-04-23T00:43:36.669+0000] {logging_mixin.py:137} INFO - [2023-04-23T00:43:36.669+0000] {dag.py:3456} INFO - Setting next_dagrun for example_external_task_marker_child to None, run_after=None
[2023-04-23T00:43:36.672+0000] {logging_mixin.py:137} INFO - [2023-04-23T00:43:36.672+0000] {dag.py:3456} INFO - Setting next_dagrun for example_external_task_marker_parent to None, run_after=None
[2023-04-23T00:43:36.694+0000] {processor.py:175} INFO - Processing /home/airflow/.local/lib/python3.7/site-packages/airflow/example_dags/example_external_task_marker_dag.py took 0.128 seconds
[2023-04-23T00:44:07.069+0000] {processor.py:153} INFO - Started process (PID=493) to work on /home/airflow/.local/lib/python3.7/site-packages/airflow/example_dags/example_external_task_marker_dag.py
[2023-04-23T00:44:07.084+0000] {processor.py:743} INFO - Processing file /home/airflow/.local/lib/python3.7/site-packages/airflow/example_dags/example_external_task_marker_dag.py for tasks to queue
[2023-04-23T00:44:07.084+0000] {logging_mixin.py:137} INFO - [2023-04-23T00:44:07.084+0000] {dagbag.py:532} INFO - Filling up the DagBag from /home/airflow/.local/lib/python3.7/site-packages/airflow/example_dags/example_external_task_marker_dag.py
[2023-04-23T00:44:07.108+0000] {processor.py:753} INFO - DAG(s) dict_keys(['example_external_task_marker_parent', 'example_external_task_marker_child']) retrieved from /home/airflow/.local/lib/python3.7/site-packages/airflow/example_dags/example_external_task_marker_dag.py
[2023-04-23T00:44:07.158+0000] {logging_mixin.py:137} INFO - [2023-04-23T00:44:07.158+0000] {dag.py:2705} INFO - Sync 2 DAGs
[2023-04-23T00:44:07.217+0000] {logging_mixin.py:137} INFO - [2023-04-23T00:44:07.216+0000] {dag.py:3456} INFO - Setting next_dagrun for example_external_task_marker_child to None, run_after=None
[2023-04-23T00:44:07.224+0000] {logging_mixin.py:137} INFO - [2023-04-23T00:44:07.223+0000] {dag.py:3456} INFO - Setting next_dagrun for example_external_task_marker_parent to None, run_after=None
[2023-04-23T00:44:07.251+0000] {processor.py:175} INFO - Processing /home/airflow/.local/lib/python3.7/site-packages/airflow/example_dags/example_external_task_marker_dag.py took 0.189 seconds
[2023-04-23T00:44:37.510+0000] {processor.py:153} INFO - Started process (PID=544) to work on /home/airflow/.local/lib/python3.7/site-packages/airflow/example_dags/example_external_task_marker_dag.py
[2023-04-23T00:44:37.511+0000] {processor.py:743} INFO - Processing file /home/airflow/.local/lib/python3.7/site-packages/airflow/example_dags/example_external_task_marker_dag.py for tasks to queue
[2023-04-23T00:44:37.512+0000] {logging_mixin.py:137} INFO - [2023-04-23T00:44:37.511+0000] {dagbag.py:532} INFO - Filling up the DagBag from /home/airflow/.local/lib/python3.7/site-packages/airflow/example_dags/example_external_task_marker_dag.py
[2023-04-23T00:44:37.528+0000] {processor.py:753} INFO - DAG(s) dict_keys(['example_external_task_marker_child', 'example_external_task_marker_parent']) retrieved from /home/airflow/.local/lib/python3.7/site-packages/airflow/example_dags/example_external_task_marker_dag.py
[2023-04-23T00:44:37.558+0000] {logging_mixin.py:137} INFO - [2023-04-23T00:44:37.557+0000] {dag.py:2705} INFO - Sync 2 DAGs
[2023-04-23T00:44:37.587+0000] {logging_mixin.py:137} INFO - [2023-04-23T00:44:37.586+0000] {dag.py:3456} INFO - Setting next_dagrun for example_external_task_marker_child to None, run_after=None
[2023-04-23T00:44:37.591+0000] {logging_mixin.py:137} INFO - [2023-04-23T00:44:37.590+0000] {dag.py:3456} INFO - Setting next_dagrun for example_external_task_marker_parent to None, run_after=None
[2023-04-23T00:44:37.609+0000] {processor.py:175} INFO - Processing /home/airflow/.local/lib/python3.7/site-packages/airflow/example_dags/example_external_task_marker_dag.py took 0.102 seconds
[2023-04-23T00:45:07.962+0000] {processor.py:153} INFO - Started process (PID=595) to work on /home/airflow/.local/lib/python3.7/site-packages/airflow/example_dags/example_external_task_marker_dag.py
[2023-04-23T00:45:07.991+0000] {processor.py:743} INFO - Processing file /home/airflow/.local/lib/python3.7/site-packages/airflow/example_dags/example_external_task_marker_dag.py for tasks to queue
[2023-04-23T00:45:07.992+0000] {logging_mixin.py:137} INFO - [2023-04-23T00:45:07.992+0000] {dagbag.py:532} INFO - Filling up the DagBag from /home/airflow/.local/lib/python3.7/site-packages/airflow/example_dags/example_external_task_marker_dag.py
[2023-04-23T00:45:08.006+0000] {processor.py:753} INFO - DAG(s) dict_keys(['example_external_task_marker_parent', 'example_external_task_marker_child']) retrieved from /home/airflow/.local/lib/python3.7/site-packages/airflow/example_dags/example_external_task_marker_dag.py
[2023-04-23T00:45:08.035+0000] {logging_mixin.py:137} INFO - [2023-04-23T00:45:08.035+0000] {dag.py:2705} INFO - Sync 2 DAGs
[2023-04-23T00:45:08.064+0000] {logging_mixin.py:137} INFO - [2023-04-23T00:45:08.064+0000] {dag.py:3456} INFO - Setting next_dagrun for example_external_task_marker_child to None, run_after=None
[2023-04-23T00:45:08.068+0000] {logging_mixin.py:137} INFO - [2023-04-23T00:45:08.067+0000] {dag.py:3456} INFO - Setting next_dagrun for example_external_task_marker_parent to None, run_after=None
[2023-04-23T00:45:08.089+0000] {processor.py:175} INFO - Processing /home/airflow/.local/lib/python3.7/site-packages/airflow/example_dags/example_external_task_marker_dag.py took 0.130 seconds
[2023-04-23T00:45:38.579+0000] {processor.py:153} INFO - Started process (PID=646) to work on /home/airflow/.local/lib/python3.7/site-packages/airflow/example_dags/example_external_task_marker_dag.py
[2023-04-23T00:45:38.595+0000] {processor.py:743} INFO - Processing file /home/airflow/.local/lib/python3.7/site-packages/airflow/example_dags/example_external_task_marker_dag.py for tasks to queue
[2023-04-23T00:45:38.596+0000] {logging_mixin.py:137} INFO - [2023-04-23T00:45:38.596+0000] {dagbag.py:532} INFO - Filling up the DagBag from /home/airflow/.local/lib/python3.7/site-packages/airflow/example_dags/example_external_task_marker_dag.py
[2023-04-23T00:45:38.619+0000] {processor.py:753} INFO - DAG(s) dict_keys(['example_external_task_marker_child', 'example_external_task_marker_parent']) retrieved from /home/airflow/.local/lib/python3.7/site-packages/airflow/example_dags/example_external_task_marker_dag.py
[2023-04-23T00:45:38.669+0000] {logging_mixin.py:137} INFO - [2023-04-23T00:45:38.669+0000] {dag.py:2705} INFO - Sync 2 DAGs
[2023-04-23T00:45:38.715+0000] {logging_mixin.py:137} INFO - [2023-04-23T00:45:38.715+0000] {dag.py:3456} INFO - Setting next_dagrun for example_external_task_marker_child to None, run_after=None
[2023-04-23T00:45:38.725+0000] {logging_mixin.py:137} INFO - [2023-04-23T00:45:38.725+0000] {dag.py:3456} INFO - Setting next_dagrun for example_external_task_marker_parent to None, run_after=None
[2023-04-23T00:45:38.758+0000] {processor.py:175} INFO - Processing /home/airflow/.local/lib/python3.7/site-packages/airflow/example_dags/example_external_task_marker_dag.py took 0.183 seconds
[2023-04-23T00:46:09.030+0000] {processor.py:153} INFO - Started process (PID=697) to work on /home/airflow/.local/lib/python3.7/site-packages/airflow/example_dags/example_external_task_marker_dag.py
[2023-04-23T00:46:09.059+0000] {processor.py:743} INFO - Processing file /home/airflow/.local/lib/python3.7/site-packages/airflow/example_dags/example_external_task_marker_dag.py for tasks to queue
[2023-04-23T00:46:09.060+0000] {logging_mixin.py:137} INFO - [2023-04-23T00:46:09.060+0000] {dagbag.py:532} INFO - Filling up the DagBag from /home/airflow/.local/lib/python3.7/site-packages/airflow/example_dags/example_external_task_marker_dag.py
[2023-04-23T00:46:09.082+0000] {processor.py:753} INFO - DAG(s) dict_keys(['example_external_task_marker_parent', 'example_external_task_marker_child']) retrieved from /home/airflow/.local/lib/python3.7/site-packages/airflow/example_dags/example_external_task_marker_dag.py
[2023-04-23T00:46:09.127+0000] {logging_mixin.py:137} INFO - [2023-04-23T00:46:09.127+0000] {dag.py:2705} INFO - Sync 2 DAGs
[2023-04-23T00:46:09.176+0000] {logging_mixin.py:137} INFO - [2023-04-23T00:46:09.175+0000] {dag.py:3456} INFO - Setting next_dagrun for example_external_task_marker_child to None, run_after=None
[2023-04-23T00:46:09.183+0000] {logging_mixin.py:137} INFO - [2023-04-23T00:46:09.182+0000] {dag.py:3456} INFO - Setting next_dagrun for example_external_task_marker_parent to None, run_after=None
[2023-04-23T00:46:09.212+0000] {processor.py:175} INFO - Processing /home/airflow/.local/lib/python3.7/site-packages/airflow/example_dags/example_external_task_marker_dag.py took 0.186 seconds
