[2023-04-23T00:39:37.279+0000] {processor.py:153} INFO - Started process (PID=65) to work on /home/airflow/.local/lib/python3.7/site-packages/airflow/example_dags/example_sla_dag.py
[2023-04-23T00:39:37.280+0000] {processor.py:743} INFO - Processing file /home/airflow/.local/lib/python3.7/site-packages/airflow/example_dags/example_sla_dag.py for tasks to queue
[2023-04-23T00:39:37.280+0000] {logging_mixin.py:137} INFO - [2023-04-23T00:39:37.280+0000] {dagbag.py:532} INFO - Filling up the DagBag from /home/airflow/.local/lib/python3.7/site-packages/airflow/example_dags/example_sla_dag.py
[2023-04-23T00:39:37.307+0000] {processor.py:753} INFO - DAG(s) dict_keys(['example_sla_dag']) retrieved from /home/airflow/.local/lib/python3.7/site-packages/airflow/example_dags/example_sla_dag.py
[2023-04-23T00:39:37.480+0000] {logging_mixin.py:137} INFO - [2023-04-23T00:39:37.480+0000] {manager.py:504} INFO - Created Permission View: can edit on DAG:example_sla_dag
[2023-04-23T00:39:37.495+0000] {logging_mixin.py:137} INFO - [2023-04-23T00:39:37.495+0000] {manager.py:504} INFO - Created Permission View: can read on DAG:example_sla_dag
[2023-04-23T00:39:37.505+0000] {logging_mixin.py:137} INFO - [2023-04-23T00:39:37.504+0000] {manager.py:504} INFO - Created Permission View: can delete on DAG:example_sla_dag
[2023-04-23T00:39:37.505+0000] {logging_mixin.py:137} INFO - [2023-04-23T00:39:37.505+0000] {dag.py:2705} INFO - Sync 1 DAGs
[2023-04-23T00:39:37.528+0000] {logging_mixin.py:137} INFO - [2023-04-23T00:39:37.528+0000] {dag.py:2726} INFO - Creating ORM DAG for example_sla_dag
[2023-04-23T00:39:37.558+0000] {logging_mixin.py:137} INFO - [2023-04-23T00:39:37.558+0000] {dag.py:3456} INFO - Setting next_dagrun for example_sla_dag to 2023-04-23T00:36:00+00:00, run_after=2023-04-23T00:38:00+00:00
[2023-04-23T00:39:37.580+0000] {processor.py:175} INFO - Processing /home/airflow/.local/lib/python3.7/site-packages/airflow/example_dags/example_sla_dag.py took 0.305 seconds
[2023-04-23T00:40:07.647+0000] {processor.py:153} INFO - Started process (PID=115) to work on /home/airflow/.local/lib/python3.7/site-packages/airflow/example_dags/example_sla_dag.py
[2023-04-23T00:40:07.648+0000] {processor.py:743} INFO - Processing file /home/airflow/.local/lib/python3.7/site-packages/airflow/example_dags/example_sla_dag.py for tasks to queue
[2023-04-23T00:40:07.649+0000] {logging_mixin.py:137} INFO - [2023-04-23T00:40:07.649+0000] {dagbag.py:532} INFO - Filling up the DagBag from /home/airflow/.local/lib/python3.7/site-packages/airflow/example_dags/example_sla_dag.py
[2023-04-23T00:40:07.673+0000] {processor.py:753} INFO - DAG(s) dict_keys(['example_sla_dag']) retrieved from /home/airflow/.local/lib/python3.7/site-packages/airflow/example_dags/example_sla_dag.py
[2023-04-23T00:40:07.705+0000] {logging_mixin.py:137} INFO - [2023-04-23T00:40:07.705+0000] {dag.py:2705} INFO - Sync 1 DAGs
[2023-04-23T00:40:07.737+0000] {logging_mixin.py:137} INFO - [2023-04-23T00:40:07.737+0000] {dag.py:3456} INFO - Setting next_dagrun for example_sla_dag to 2023-04-23T00:38:00+00:00, run_after=2023-04-23T00:40:00+00:00
[2023-04-23T00:40:07.759+0000] {processor.py:175} INFO - Processing /home/airflow/.local/lib/python3.7/site-packages/airflow/example_dags/example_sla_dag.py took 0.115 seconds
[2023-04-23T00:40:38.138+0000] {processor.py:153} INFO - Started process (PID=165) to work on /home/airflow/.local/lib/python3.7/site-packages/airflow/example_dags/example_sla_dag.py
[2023-04-23T00:40:38.139+0000] {processor.py:743} INFO - Processing file /home/airflow/.local/lib/python3.7/site-packages/airflow/example_dags/example_sla_dag.py for tasks to queue
[2023-04-23T00:40:38.140+0000] {logging_mixin.py:137} INFO - [2023-04-23T00:40:38.140+0000] {dagbag.py:532} INFO - Filling up the DagBag from /home/airflow/.local/lib/python3.7/site-packages/airflow/example_dags/example_sla_dag.py
[2023-04-23T00:40:38.173+0000] {processor.py:753} INFO - DAG(s) dict_keys(['example_sla_dag']) retrieved from /home/airflow/.local/lib/python3.7/site-packages/airflow/example_dags/example_sla_dag.py
[2023-04-23T00:40:38.217+0000] {logging_mixin.py:137} INFO - [2023-04-23T00:40:38.217+0000] {dag.py:2705} INFO - Sync 1 DAGs
[2023-04-23T00:40:38.269+0000] {logging_mixin.py:137} INFO - [2023-04-23T00:40:38.268+0000] {dag.py:3456} INFO - Setting next_dagrun for example_sla_dag to 2023-04-23T00:38:00+00:00, run_after=2023-04-23T00:40:00+00:00
[2023-04-23T00:40:38.295+0000] {processor.py:175} INFO - Processing /home/airflow/.local/lib/python3.7/site-packages/airflow/example_dags/example_sla_dag.py took 0.161 seconds
[2023-04-23T00:41:08.962+0000] {processor.py:153} INFO - Started process (PID=215) to work on /home/airflow/.local/lib/python3.7/site-packages/airflow/example_dags/example_sla_dag.py
[2023-04-23T00:41:08.997+0000] {processor.py:743} INFO - Processing file /home/airflow/.local/lib/python3.7/site-packages/airflow/example_dags/example_sla_dag.py for tasks to queue
[2023-04-23T00:41:08.998+0000] {logging_mixin.py:137} INFO - [2023-04-23T00:41:08.998+0000] {dagbag.py:532} INFO - Filling up the DagBag from /home/airflow/.local/lib/python3.7/site-packages/airflow/example_dags/example_sla_dag.py
[2023-04-23T00:41:09.036+0000] {processor.py:753} INFO - DAG(s) dict_keys(['example_sla_dag']) retrieved from /home/airflow/.local/lib/python3.7/site-packages/airflow/example_dags/example_sla_dag.py
[2023-04-23T00:41:09.066+0000] {logging_mixin.py:137} INFO - [2023-04-23T00:41:09.066+0000] {dag.py:2705} INFO - Sync 1 DAGs
[2023-04-23T00:41:09.115+0000] {logging_mixin.py:137} INFO - [2023-04-23T00:41:09.114+0000] {dag.py:3456} INFO - Setting next_dagrun for example_sla_dag to 2023-04-23T00:38:00+00:00, run_after=2023-04-23T00:40:00+00:00
[2023-04-23T00:41:09.134+0000] {processor.py:175} INFO - Processing /home/airflow/.local/lib/python3.7/site-packages/airflow/example_dags/example_sla_dag.py took 0.174 seconds
[2023-04-23T00:41:39.550+0000] {processor.py:153} INFO - Started process (PID=265) to work on /home/airflow/.local/lib/python3.7/site-packages/airflow/example_dags/example_sla_dag.py
[2023-04-23T00:41:39.551+0000] {processor.py:743} INFO - Processing file /home/airflow/.local/lib/python3.7/site-packages/airflow/example_dags/example_sla_dag.py for tasks to queue
[2023-04-23T00:41:39.553+0000] {logging_mixin.py:137} INFO - [2023-04-23T00:41:39.553+0000] {dagbag.py:532} INFO - Filling up the DagBag from /home/airflow/.local/lib/python3.7/site-packages/airflow/example_dags/example_sla_dag.py
[2023-04-23T00:41:39.581+0000] {processor.py:753} INFO - DAG(s) dict_keys(['example_sla_dag']) retrieved from /home/airflow/.local/lib/python3.7/site-packages/airflow/example_dags/example_sla_dag.py
[2023-04-23T00:41:39.614+0000] {logging_mixin.py:137} INFO - [2023-04-23T00:41:39.614+0000] {dag.py:2705} INFO - Sync 1 DAGs
[2023-04-23T00:41:39.665+0000] {logging_mixin.py:137} INFO - [2023-04-23T00:41:39.665+0000] {dag.py:3456} INFO - Setting next_dagrun for example_sla_dag to 2023-04-23T00:38:00+00:00, run_after=2023-04-23T00:40:00+00:00
[2023-04-23T00:41:39.691+0000] {processor.py:175} INFO - Processing /home/airflow/.local/lib/python3.7/site-packages/airflow/example_dags/example_sla_dag.py took 0.144 seconds
[2023-04-23T00:42:10.573+0000] {processor.py:153} INFO - Started process (PID=322) to work on /home/airflow/.local/lib/python3.7/site-packages/airflow/example_dags/example_sla_dag.py
[2023-04-23T00:42:10.574+0000] {processor.py:743} INFO - Processing file /home/airflow/.local/lib/python3.7/site-packages/airflow/example_dags/example_sla_dag.py for tasks to queue
[2023-04-23T00:42:10.574+0000] {logging_mixin.py:137} INFO - [2023-04-23T00:42:10.574+0000] {dagbag.py:532} INFO - Filling up the DagBag from /home/airflow/.local/lib/python3.7/site-packages/airflow/example_dags/example_sla_dag.py
[2023-04-23T00:42:10.597+0000] {processor.py:753} INFO - DAG(s) dict_keys(['example_sla_dag']) retrieved from /home/airflow/.local/lib/python3.7/site-packages/airflow/example_dags/example_sla_dag.py
[2023-04-23T00:42:10.623+0000] {logging_mixin.py:137} INFO - [2023-04-23T00:42:10.622+0000] {dag.py:2705} INFO - Sync 1 DAGs
[2023-04-23T00:42:10.657+0000] {logging_mixin.py:137} INFO - [2023-04-23T00:42:10.657+0000] {dag.py:3456} INFO - Setting next_dagrun for example_sla_dag to 2023-04-23T00:40:00+00:00, run_after=2023-04-23T00:42:00+00:00
[2023-04-23T00:42:10.676+0000] {processor.py:175} INFO - Processing /home/airflow/.local/lib/python3.7/site-packages/airflow/example_dags/example_sla_dag.py took 0.107 seconds
[2023-04-23T00:42:41.221+0000] {processor.py:153} INFO - Started process (PID=373) to work on /home/airflow/.local/lib/python3.7/site-packages/airflow/example_dags/example_sla_dag.py
[2023-04-23T00:42:41.222+0000] {processor.py:743} INFO - Processing file /home/airflow/.local/lib/python3.7/site-packages/airflow/example_dags/example_sla_dag.py for tasks to queue
[2023-04-23T00:42:41.223+0000] {logging_mixin.py:137} INFO - [2023-04-23T00:42:41.222+0000] {dagbag.py:532} INFO - Filling up the DagBag from /home/airflow/.local/lib/python3.7/site-packages/airflow/example_dags/example_sla_dag.py
[2023-04-23T00:42:41.247+0000] {processor.py:753} INFO - DAG(s) dict_keys(['example_sla_dag']) retrieved from /home/airflow/.local/lib/python3.7/site-packages/airflow/example_dags/example_sla_dag.py
[2023-04-23T00:42:41.273+0000] {logging_mixin.py:137} INFO - [2023-04-23T00:42:41.273+0000] {dag.py:2705} INFO - Sync 1 DAGs
[2023-04-23T00:42:41.310+0000] {logging_mixin.py:137} INFO - [2023-04-23T00:42:41.310+0000] {dag.py:3456} INFO - Setting next_dagrun for example_sla_dag to 2023-04-23T00:40:00+00:00, run_after=2023-04-23T00:42:00+00:00
[2023-04-23T00:42:41.332+0000] {processor.py:175} INFO - Processing /home/airflow/.local/lib/python3.7/site-packages/airflow/example_dags/example_sla_dag.py took 0.114 seconds
[2023-04-23T00:43:12.060+0000] {processor.py:153} INFO - Started process (PID=423) to work on /home/airflow/.local/lib/python3.7/site-packages/airflow/example_dags/example_sla_dag.py
[2023-04-23T00:43:12.061+0000] {processor.py:743} INFO - Processing file /home/airflow/.local/lib/python3.7/site-packages/airflow/example_dags/example_sla_dag.py for tasks to queue
[2023-04-23T00:43:12.062+0000] {logging_mixin.py:137} INFO - [2023-04-23T00:43:12.062+0000] {dagbag.py:532} INFO - Filling up the DagBag from /home/airflow/.local/lib/python3.7/site-packages/airflow/example_dags/example_sla_dag.py
[2023-04-23T00:43:12.094+0000] {processor.py:753} INFO - DAG(s) dict_keys(['example_sla_dag']) retrieved from /home/airflow/.local/lib/python3.7/site-packages/airflow/example_dags/example_sla_dag.py
[2023-04-23T00:43:12.125+0000] {logging_mixin.py:137} INFO - [2023-04-23T00:43:12.125+0000] {dag.py:2705} INFO - Sync 1 DAGs
[2023-04-23T00:43:12.166+0000] {logging_mixin.py:137} INFO - [2023-04-23T00:43:12.165+0000] {dag.py:3456} INFO - Setting next_dagrun for example_sla_dag to 2023-04-23T00:40:00+00:00, run_after=2023-04-23T00:42:00+00:00
[2023-04-23T00:43:12.187+0000] {processor.py:175} INFO - Processing /home/airflow/.local/lib/python3.7/site-packages/airflow/example_dags/example_sla_dag.py took 0.130 seconds
[2023-04-23T00:43:42.675+0000] {processor.py:153} INFO - Started process (PID=473) to work on /home/airflow/.local/lib/python3.7/site-packages/airflow/example_dags/example_sla_dag.py
[2023-04-23T00:43:42.676+0000] {processor.py:743} INFO - Processing file /home/airflow/.local/lib/python3.7/site-packages/airflow/example_dags/example_sla_dag.py for tasks to queue
[2023-04-23T00:43:42.677+0000] {logging_mixin.py:137} INFO - [2023-04-23T00:43:42.677+0000] {dagbag.py:532} INFO - Filling up the DagBag from /home/airflow/.local/lib/python3.7/site-packages/airflow/example_dags/example_sla_dag.py
[2023-04-23T00:43:42.705+0000] {processor.py:753} INFO - DAG(s) dict_keys(['example_sla_dag']) retrieved from /home/airflow/.local/lib/python3.7/site-packages/airflow/example_dags/example_sla_dag.py
[2023-04-23T00:43:42.743+0000] {logging_mixin.py:137} INFO - [2023-04-23T00:43:42.743+0000] {dag.py:2705} INFO - Sync 1 DAGs
[2023-04-23T00:43:42.800+0000] {logging_mixin.py:137} INFO - [2023-04-23T00:43:42.800+0000] {dag.py:3456} INFO - Setting next_dagrun for example_sla_dag to 2023-04-23T00:40:00+00:00, run_after=2023-04-23T00:42:00+00:00
[2023-04-23T00:43:42.827+0000] {processor.py:175} INFO - Processing /home/airflow/.local/lib/python3.7/site-packages/airflow/example_dags/example_sla_dag.py took 0.155 seconds
[2023-04-23T00:44:13.693+0000] {processor.py:153} INFO - Started process (PID=523) to work on /home/airflow/.local/lib/python3.7/site-packages/airflow/example_dags/example_sla_dag.py
[2023-04-23T00:44:13.694+0000] {processor.py:743} INFO - Processing file /home/airflow/.local/lib/python3.7/site-packages/airflow/example_dags/example_sla_dag.py for tasks to queue
[2023-04-23T00:44:13.696+0000] {logging_mixin.py:137} INFO - [2023-04-23T00:44:13.695+0000] {dagbag.py:532} INFO - Filling up the DagBag from /home/airflow/.local/lib/python3.7/site-packages/airflow/example_dags/example_sla_dag.py
[2023-04-23T00:44:13.759+0000] {processor.py:753} INFO - DAG(s) dict_keys(['example_sla_dag']) retrieved from /home/airflow/.local/lib/python3.7/site-packages/airflow/example_dags/example_sla_dag.py
[2023-04-23T00:44:13.799+0000] {logging_mixin.py:137} INFO - [2023-04-23T00:44:13.799+0000] {dag.py:2705} INFO - Sync 1 DAGs
[2023-04-23T00:44:13.856+0000] {logging_mixin.py:137} INFO - [2023-04-23T00:44:13.855+0000] {dag.py:3456} INFO - Setting next_dagrun for example_sla_dag to 2023-04-23T00:42:00+00:00, run_after=2023-04-23T00:44:00+00:00
[2023-04-23T00:44:13.892+0000] {processor.py:175} INFO - Processing /home/airflow/.local/lib/python3.7/site-packages/airflow/example_dags/example_sla_dag.py took 0.204 seconds
[2023-04-23T00:44:43.973+0000] {processor.py:153} INFO - Started process (PID=574) to work on /home/airflow/.local/lib/python3.7/site-packages/airflow/example_dags/example_sla_dag.py
[2023-04-23T00:44:43.975+0000] {processor.py:743} INFO - Processing file /home/airflow/.local/lib/python3.7/site-packages/airflow/example_dags/example_sla_dag.py for tasks to queue
[2023-04-23T00:44:43.976+0000] {logging_mixin.py:137} INFO - [2023-04-23T00:44:43.976+0000] {dagbag.py:532} INFO - Filling up the DagBag from /home/airflow/.local/lib/python3.7/site-packages/airflow/example_dags/example_sla_dag.py
[2023-04-23T00:44:43.999+0000] {processor.py:753} INFO - DAG(s) dict_keys(['example_sla_dag']) retrieved from /home/airflow/.local/lib/python3.7/site-packages/airflow/example_dags/example_sla_dag.py
[2023-04-23T00:44:44.028+0000] {logging_mixin.py:137} INFO - [2023-04-23T00:44:44.028+0000] {dag.py:2705} INFO - Sync 1 DAGs
[2023-04-23T00:44:44.060+0000] {logging_mixin.py:137} INFO - [2023-04-23T00:44:44.060+0000] {dag.py:3456} INFO - Setting next_dagrun for example_sla_dag to 2023-04-23T00:42:00+00:00, run_after=2023-04-23T00:44:00+00:00
[2023-04-23T00:44:44.084+0000] {processor.py:175} INFO - Processing /home/airflow/.local/lib/python3.7/site-packages/airflow/example_dags/example_sla_dag.py took 0.115 seconds
[2023-04-23T00:45:15.026+0000] {processor.py:153} INFO - Started process (PID=625) to work on /home/airflow/.local/lib/python3.7/site-packages/airflow/example_dags/example_sla_dag.py
[2023-04-23T00:45:15.027+0000] {processor.py:743} INFO - Processing file /home/airflow/.local/lib/python3.7/site-packages/airflow/example_dags/example_sla_dag.py for tasks to queue
[2023-04-23T00:45:15.028+0000] {logging_mixin.py:137} INFO - [2023-04-23T00:45:15.027+0000] {dagbag.py:532} INFO - Filling up the DagBag from /home/airflow/.local/lib/python3.7/site-packages/airflow/example_dags/example_sla_dag.py
[2023-04-23T00:45:15.052+0000] {processor.py:753} INFO - DAG(s) dict_keys(['example_sla_dag']) retrieved from /home/airflow/.local/lib/python3.7/site-packages/airflow/example_dags/example_sla_dag.py
[2023-04-23T00:45:15.087+0000] {logging_mixin.py:137} INFO - [2023-04-23T00:45:15.087+0000] {dag.py:2705} INFO - Sync 1 DAGs
[2023-04-23T00:45:15.136+0000] {logging_mixin.py:137} INFO - [2023-04-23T00:45:15.136+0000] {dag.py:3456} INFO - Setting next_dagrun for example_sla_dag to 2023-04-23T00:42:00+00:00, run_after=2023-04-23T00:44:00+00:00
[2023-04-23T00:45:15.166+0000] {processor.py:175} INFO - Processing /home/airflow/.local/lib/python3.7/site-packages/airflow/example_dags/example_sla_dag.py took 0.144 seconds
[2023-04-23T00:45:45.595+0000] {processor.py:153} INFO - Started process (PID=676) to work on /home/airflow/.local/lib/python3.7/site-packages/airflow/example_dags/example_sla_dag.py
[2023-04-23T00:45:45.597+0000] {processor.py:743} INFO - Processing file /home/airflow/.local/lib/python3.7/site-packages/airflow/example_dags/example_sla_dag.py for tasks to queue
[2023-04-23T00:45:45.598+0000] {logging_mixin.py:137} INFO - [2023-04-23T00:45:45.597+0000] {dagbag.py:532} INFO - Filling up the DagBag from /home/airflow/.local/lib/python3.7/site-packages/airflow/example_dags/example_sla_dag.py
[2023-04-23T00:45:45.639+0000] {processor.py:753} INFO - DAG(s) dict_keys(['example_sla_dag']) retrieved from /home/airflow/.local/lib/python3.7/site-packages/airflow/example_dags/example_sla_dag.py
[2023-04-23T00:45:45.696+0000] {logging_mixin.py:137} INFO - [2023-04-23T00:45:45.696+0000] {dag.py:2705} INFO - Sync 1 DAGs
[2023-04-23T00:45:45.771+0000] {logging_mixin.py:137} INFO - [2023-04-23T00:45:45.771+0000] {dag.py:3456} INFO - Setting next_dagrun for example_sla_dag to 2023-04-23T00:42:00+00:00, run_after=2023-04-23T00:44:00+00:00
[2023-04-23T00:45:45.817+0000] {processor.py:175} INFO - Processing /home/airflow/.local/lib/python3.7/site-packages/airflow/example_dags/example_sla_dag.py took 0.228 seconds
[2023-04-23T00:46:16.364+0000] {processor.py:153} INFO - Started process (PID=727) to work on /home/airflow/.local/lib/python3.7/site-packages/airflow/example_dags/example_sla_dag.py
[2023-04-23T00:46:16.365+0000] {processor.py:743} INFO - Processing file /home/airflow/.local/lib/python3.7/site-packages/airflow/example_dags/example_sla_dag.py for tasks to queue
[2023-04-23T00:46:16.366+0000] {logging_mixin.py:137} INFO - [2023-04-23T00:46:16.366+0000] {dagbag.py:532} INFO - Filling up the DagBag from /home/airflow/.local/lib/python3.7/site-packages/airflow/example_dags/example_sla_dag.py
[2023-04-23T00:46:16.448+0000] {processor.py:753} INFO - DAG(s) dict_keys(['example_sla_dag']) retrieved from /home/airflow/.local/lib/python3.7/site-packages/airflow/example_dags/example_sla_dag.py
[2023-04-23T00:46:16.504+0000] {logging_mixin.py:137} INFO - [2023-04-23T00:46:16.503+0000] {dag.py:2705} INFO - Sync 1 DAGs
[2023-04-23T00:46:16.628+0000] {logging_mixin.py:137} INFO - [2023-04-23T00:46:16.627+0000] {dag.py:3456} INFO - Setting next_dagrun for example_sla_dag to 2023-04-23T00:44:00+00:00, run_after=2023-04-23T00:46:00+00:00
[2023-04-23T00:46:16.679+0000] {processor.py:175} INFO - Processing /home/airflow/.local/lib/python3.7/site-packages/airflow/example_dags/example_sla_dag.py took 0.329 seconds
