[2023-04-23T00:53:27.839+0000] {processor.py:153} INFO - Started process (PID=119) to work on /opt/airflow/dags/new_day.py
[2023-04-23T00:53:27.839+0000] {processor.py:743} INFO - Processing file /opt/airflow/dags/new_day.py for tasks to queue
[2023-04-23T00:53:27.840+0000] {logging_mixin.py:137} INFO - [2023-04-23T00:53:27.840+0000] {dagbag.py:532} INFO - Filling up the DagBag from /opt/airflow/dags/new_day.py
[2023-04-23T00:53:27.854+0000] {processor.py:753} INFO - DAG(s) dict_keys(['new_dag']) retrieved from /opt/airflow/dags/new_day.py
[2023-04-23T00:53:28.034+0000] {logging_mixin.py:137} INFO - [2023-04-23T00:53:28.034+0000] {manager.py:504} INFO - Created Permission View: can edit on DAG:new_dag
[2023-04-23T00:53:28.045+0000] {logging_mixin.py:137} INFO - [2023-04-23T00:53:28.045+0000] {manager.py:504} INFO - Created Permission View: can read on DAG:new_dag
[2023-04-23T00:53:28.052+0000] {logging_mixin.py:137} INFO - [2023-04-23T00:53:28.052+0000] {manager.py:504} INFO - Created Permission View: can delete on DAG:new_dag
[2023-04-23T00:53:28.052+0000] {logging_mixin.py:137} INFO - [2023-04-23T00:53:28.052+0000] {dag.py:2705} INFO - Sync 1 DAGs
[2023-04-23T00:53:28.065+0000] {logging_mixin.py:137} INFO - [2023-04-23T00:53:28.065+0000] {dag.py:2726} INFO - Creating ORM DAG for new_dag
[2023-04-23T00:53:28.077+0000] {logging_mixin.py:137} INFO - [2023-04-23T00:53:28.077+0000] {dag.py:3456} INFO - Setting next_dagrun for new_dag to 2023-03-01T00:00:00+00:00, run_after=2023-03-02T00:00:00+00:00
[2023-04-23T00:53:28.093+0000] {processor.py:175} INFO - Processing /opt/airflow/dags/new_day.py took 0.258 seconds
[2023-04-23T00:53:58.200+0000] {processor.py:153} INFO - Started process (PID=128) to work on /opt/airflow/dags/new_day.py
[2023-04-23T00:53:58.201+0000] {processor.py:743} INFO - Processing file /opt/airflow/dags/new_day.py for tasks to queue
[2023-04-23T00:53:58.202+0000] {logging_mixin.py:137} INFO - [2023-04-23T00:53:58.202+0000] {dagbag.py:532} INFO - Filling up the DagBag from /opt/airflow/dags/new_day.py
[2023-04-23T00:53:58.215+0000] {processor.py:753} INFO - DAG(s) dict_keys(['new_dag']) retrieved from /opt/airflow/dags/new_day.py
[2023-04-23T00:53:58.242+0000] {logging_mixin.py:137} INFO - [2023-04-23T00:53:58.242+0000] {dag.py:2705} INFO - Sync 1 DAGs
[2023-04-23T00:53:58.271+0000] {logging_mixin.py:137} INFO - [2023-04-23T00:53:58.271+0000] {dag.py:3456} INFO - Setting next_dagrun for new_dag to 2023-03-01T00:00:00+00:00, run_after=2023-03-02T00:00:00+00:00
[2023-04-23T00:53:58.292+0000] {processor.py:175} INFO - Processing /opt/airflow/dags/new_day.py took 0.095 seconds
[2023-04-23T00:54:28.745+0000] {processor.py:153} INFO - Started process (PID=142) to work on /opt/airflow/dags/new_day.py
[2023-04-23T00:54:28.794+0000] {processor.py:743} INFO - Processing file /opt/airflow/dags/new_day.py for tasks to queue
[2023-04-23T00:54:28.799+0000] {logging_mixin.py:137} INFO - [2023-04-23T00:54:28.798+0000] {dagbag.py:532} INFO - Filling up the DagBag from /opt/airflow/dags/new_day.py
[2023-04-23T00:54:28.860+0000] {processor.py:753} INFO - DAG(s) dict_keys(['new_dag']) retrieved from /opt/airflow/dags/new_day.py
[2023-04-23T00:54:28.894+0000] {logging_mixin.py:137} INFO - [2023-04-23T00:54:28.894+0000] {dag.py:2705} INFO - Sync 1 DAGs
[2023-04-23T00:54:28.922+0000] {logging_mixin.py:137} INFO - [2023-04-23T00:54:28.922+0000] {dag.py:3456} INFO - Setting next_dagrun for new_dag to 2023-03-01T00:00:00+00:00, run_after=2023-03-02T00:00:00+00:00
[2023-04-23T00:54:28.945+0000] {processor.py:175} INFO - Processing /opt/airflow/dags/new_day.py took 0.219 seconds
[2023-04-23T00:54:59.089+0000] {processor.py:153} INFO - Started process (PID=151) to work on /opt/airflow/dags/new_day.py
[2023-04-23T00:54:59.091+0000] {processor.py:743} INFO - Processing file /opt/airflow/dags/new_day.py for tasks to queue
[2023-04-23T00:54:59.092+0000] {logging_mixin.py:137} INFO - [2023-04-23T00:54:59.092+0000] {dagbag.py:532} INFO - Filling up the DagBag from /opt/airflow/dags/new_day.py
[2023-04-23T00:54:59.145+0000] {processor.py:753} INFO - DAG(s) dict_keys(['new_dag']) retrieved from /opt/airflow/dags/new_day.py
[2023-04-23T00:54:59.171+0000] {logging_mixin.py:137} INFO - [2023-04-23T00:54:59.171+0000] {dag.py:2705} INFO - Sync 1 DAGs
[2023-04-23T00:54:59.201+0000] {logging_mixin.py:137} INFO - [2023-04-23T00:54:59.201+0000] {dag.py:3456} INFO - Setting next_dagrun for new_dag to 2023-03-01T00:00:00+00:00, run_after=2023-03-02T00:00:00+00:00
[2023-04-23T00:54:59.222+0000] {processor.py:175} INFO - Processing /opt/airflow/dags/new_day.py took 0.139 seconds
[2023-04-23T00:55:29.437+0000] {processor.py:153} INFO - Started process (PID=160) to work on /opt/airflow/dags/new_day.py
[2023-04-23T00:55:29.474+0000] {processor.py:743} INFO - Processing file /opt/airflow/dags/new_day.py for tasks to queue
[2023-04-23T00:55:29.475+0000] {logging_mixin.py:137} INFO - [2023-04-23T00:55:29.475+0000] {dagbag.py:532} INFO - Filling up the DagBag from /opt/airflow/dags/new_day.py
[2023-04-23T00:55:29.490+0000] {processor.py:753} INFO - DAG(s) dict_keys(['new_dag']) retrieved from /opt/airflow/dags/new_day.py
[2023-04-23T00:55:29.515+0000] {logging_mixin.py:137} INFO - [2023-04-23T00:55:29.515+0000] {dag.py:2705} INFO - Sync 1 DAGs
[2023-04-23T00:55:29.543+0000] {logging_mixin.py:137} INFO - [2023-04-23T00:55:29.543+0000] {dag.py:3456} INFO - Setting next_dagrun for new_dag to 2023-03-01T00:00:00+00:00, run_after=2023-03-02T00:00:00+00:00
[2023-04-23T00:55:29.562+0000] {processor.py:175} INFO - Processing /opt/airflow/dags/new_day.py took 0.138 seconds
[2023-04-23T00:55:59.718+0000] {processor.py:153} INFO - Started process (PID=168) to work on /opt/airflow/dags/new_day.py
[2023-04-23T00:55:59.719+0000] {processor.py:743} INFO - Processing file /opt/airflow/dags/new_day.py for tasks to queue
[2023-04-23T00:55:59.720+0000] {logging_mixin.py:137} INFO - [2023-04-23T00:55:59.720+0000] {dagbag.py:532} INFO - Filling up the DagBag from /opt/airflow/dags/new_day.py
[2023-04-23T00:55:59.738+0000] {processor.py:753} INFO - DAG(s) dict_keys(['new_dag']) retrieved from /opt/airflow/dags/new_day.py
[2023-04-23T00:55:59.776+0000] {logging_mixin.py:137} INFO - [2023-04-23T00:55:59.776+0000] {dag.py:2705} INFO - Sync 1 DAGs
[2023-04-23T00:55:59.825+0000] {logging_mixin.py:137} INFO - [2023-04-23T00:55:59.825+0000] {dag.py:3456} INFO - Setting next_dagrun for new_dag to 2023-03-01T00:00:00+00:00, run_after=2023-03-02T00:00:00+00:00
[2023-04-23T00:55:59.853+0000] {processor.py:175} INFO - Processing /opt/airflow/dags/new_day.py took 0.138 seconds
[2023-04-23T00:56:30.163+0000] {processor.py:153} INFO - Started process (PID=178) to work on /opt/airflow/dags/new_day.py
[2023-04-23T00:56:30.188+0000] {processor.py:743} INFO - Processing file /opt/airflow/dags/new_day.py for tasks to queue
[2023-04-23T00:56:30.189+0000] {logging_mixin.py:137} INFO - [2023-04-23T00:56:30.189+0000] {dagbag.py:532} INFO - Filling up the DagBag from /opt/airflow/dags/new_day.py
[2023-04-23T00:56:30.206+0000] {processor.py:753} INFO - DAG(s) dict_keys(['new_dag']) retrieved from /opt/airflow/dags/new_day.py
[2023-04-23T00:56:30.234+0000] {logging_mixin.py:137} INFO - [2023-04-23T00:56:30.234+0000] {dag.py:2705} INFO - Sync 1 DAGs
[2023-04-23T00:56:30.266+0000] {logging_mixin.py:137} INFO - [2023-04-23T00:56:30.266+0000] {dag.py:3456} INFO - Setting next_dagrun for new_dag to 2023-03-01T00:00:00+00:00, run_after=2023-03-02T00:00:00+00:00
[2023-04-23T00:56:30.296+0000] {processor.py:175} INFO - Processing /opt/airflow/dags/new_day.py took 0.136 seconds
[2023-04-23T00:57:00.608+0000] {processor.py:153} INFO - Started process (PID=187) to work on /opt/airflow/dags/new_day.py
[2023-04-23T00:57:00.608+0000] {processor.py:743} INFO - Processing file /opt/airflow/dags/new_day.py for tasks to queue
[2023-04-23T00:57:00.609+0000] {logging_mixin.py:137} INFO - [2023-04-23T00:57:00.609+0000] {dagbag.py:532} INFO - Filling up the DagBag from /opt/airflow/dags/new_day.py
[2023-04-23T00:57:00.625+0000] {processor.py:753} INFO - DAG(s) dict_keys(['new_dag']) retrieved from /opt/airflow/dags/new_day.py
[2023-04-23T00:57:00.655+0000] {logging_mixin.py:137} INFO - [2023-04-23T00:57:00.655+0000] {dag.py:2705} INFO - Sync 1 DAGs
[2023-04-23T00:57:00.690+0000] {logging_mixin.py:137} INFO - [2023-04-23T00:57:00.689+0000] {dag.py:3456} INFO - Setting next_dagrun for new_dag to 2023-03-01T00:00:00+00:00, run_after=2023-03-02T00:00:00+00:00
[2023-04-23T00:57:00.712+0000] {processor.py:175} INFO - Processing /opt/airflow/dags/new_day.py took 0.108 seconds
[2023-04-23T00:57:31.034+0000] {processor.py:153} INFO - Started process (PID=196) to work on /opt/airflow/dags/new_day.py
[2023-04-23T00:57:31.060+0000] {processor.py:743} INFO - Processing file /opt/airflow/dags/new_day.py for tasks to queue
[2023-04-23T00:57:31.061+0000] {logging_mixin.py:137} INFO - [2023-04-23T00:57:31.060+0000] {dagbag.py:532} INFO - Filling up the DagBag from /opt/airflow/dags/new_day.py
[2023-04-23T00:57:31.078+0000] {processor.py:753} INFO - DAG(s) dict_keys(['new_dag']) retrieved from /opt/airflow/dags/new_day.py
[2023-04-23T00:57:31.104+0000] {logging_mixin.py:137} INFO - [2023-04-23T00:57:31.104+0000] {dag.py:2705} INFO - Sync 1 DAGs
[2023-04-23T00:57:31.134+0000] {logging_mixin.py:137} INFO - [2023-04-23T00:57:31.134+0000] {dag.py:3456} INFO - Setting next_dagrun for new_dag to 2023-03-01T00:00:00+00:00, run_after=2023-03-02T00:00:00+00:00
[2023-04-23T00:57:31.155+0000] {processor.py:175} INFO - Processing /opt/airflow/dags/new_day.py took 0.128 seconds
[2023-04-23T00:58:01.279+0000] {processor.py:153} INFO - Started process (PID=206) to work on /opt/airflow/dags/new_day.py
[2023-04-23T00:58:01.280+0000] {processor.py:743} INFO - Processing file /opt/airflow/dags/new_day.py for tasks to queue
[2023-04-23T00:58:01.282+0000] {logging_mixin.py:137} INFO - [2023-04-23T00:58:01.281+0000] {dagbag.py:532} INFO - Filling up the DagBag from /opt/airflow/dags/new_day.py
[2023-04-23T00:58:01.330+0000] {processor.py:753} INFO - DAG(s) dict_keys(['new_dag']) retrieved from /opt/airflow/dags/new_day.py
[2023-04-23T00:58:01.353+0000] {logging_mixin.py:137} INFO - [2023-04-23T00:58:01.353+0000] {dag.py:2705} INFO - Sync 1 DAGs
[2023-04-23T00:58:01.379+0000] {logging_mixin.py:137} INFO - [2023-04-23T00:58:01.379+0000] {dag.py:3456} INFO - Setting next_dagrun for new_dag to 2023-03-01T00:00:00+00:00, run_after=2023-03-02T00:00:00+00:00
[2023-04-23T00:58:01.397+0000] {processor.py:175} INFO - Processing /opt/airflow/dags/new_day.py took 0.128 seconds
[2023-04-23T00:58:31.623+0000] {processor.py:153} INFO - Started process (PID=216) to work on /opt/airflow/dags/new_day.py
[2023-04-23T00:58:31.632+0000] {processor.py:743} INFO - Processing file /opt/airflow/dags/new_day.py for tasks to queue
[2023-04-23T00:58:31.633+0000] {logging_mixin.py:137} INFO - [2023-04-23T00:58:31.633+0000] {dagbag.py:532} INFO - Filling up the DagBag from /opt/airflow/dags/new_day.py
[2023-04-23T00:58:31.648+0000] {processor.py:753} INFO - DAG(s) dict_keys(['new_dag']) retrieved from /opt/airflow/dags/new_day.py
[2023-04-23T00:58:31.674+0000] {logging_mixin.py:137} INFO - [2023-04-23T00:58:31.674+0000] {dag.py:2705} INFO - Sync 1 DAGs
[2023-04-23T00:58:31.706+0000] {logging_mixin.py:137} INFO - [2023-04-23T00:58:31.706+0000] {dag.py:3456} INFO - Setting next_dagrun for new_dag to 2023-03-01T00:00:00+00:00, run_after=2023-03-02T00:00:00+00:00
[2023-04-23T00:58:31.726+0000] {processor.py:175} INFO - Processing /opt/airflow/dags/new_day.py took 0.107 seconds
[2023-04-23T00:59:02.173+0000] {processor.py:153} INFO - Started process (PID=229) to work on /opt/airflow/dags/new_day.py
[2023-04-23T00:59:02.175+0000] {processor.py:743} INFO - Processing file /opt/airflow/dags/new_day.py for tasks to queue
[2023-04-23T00:59:02.177+0000] {logging_mixin.py:137} INFO - [2023-04-23T00:59:02.177+0000] {dagbag.py:532} INFO - Filling up the DagBag from /opt/airflow/dags/new_day.py
[2023-04-23T00:59:02.205+0000] {processor.py:753} INFO - DAG(s) dict_keys(['new_dag']) retrieved from /opt/airflow/dags/new_day.py
[2023-04-23T00:59:02.235+0000] {logging_mixin.py:137} INFO - [2023-04-23T00:59:02.235+0000] {dag.py:2705} INFO - Sync 1 DAGs
[2023-04-23T00:59:02.269+0000] {logging_mixin.py:137} INFO - [2023-04-23T00:59:02.269+0000] {dag.py:3456} INFO - Setting next_dagrun for new_dag to 2023-03-01T00:00:00+00:00, run_after=2023-03-02T00:00:00+00:00
[2023-04-23T00:59:02.289+0000] {processor.py:175} INFO - Processing /opt/airflow/dags/new_day.py took 0.129 seconds
[2023-04-23T00:59:32.552+0000] {processor.py:153} INFO - Started process (PID=238) to work on /opt/airflow/dags/new_day.py
[2023-04-23T00:59:32.553+0000] {processor.py:743} INFO - Processing file /opt/airflow/dags/new_day.py for tasks to queue
[2023-04-23T00:59:32.554+0000] {logging_mixin.py:137} INFO - [2023-04-23T00:59:32.554+0000] {dagbag.py:532} INFO - Filling up the DagBag from /opt/airflow/dags/new_day.py
[2023-04-23T00:59:32.574+0000] {processor.py:753} INFO - DAG(s) dict_keys(['new_dag']) retrieved from /opt/airflow/dags/new_day.py
[2023-04-23T00:59:32.598+0000] {logging_mixin.py:137} INFO - [2023-04-23T00:59:32.597+0000] {dag.py:2705} INFO - Sync 1 DAGs
[2023-04-23T00:59:32.624+0000] {logging_mixin.py:137} INFO - [2023-04-23T00:59:32.624+0000] {dag.py:3456} INFO - Setting next_dagrun for new_dag to 2023-03-01T00:00:00+00:00, run_after=2023-03-02T00:00:00+00:00
[2023-04-23T00:59:32.642+0000] {processor.py:175} INFO - Processing /opt/airflow/dags/new_day.py took 0.095 seconds
[2023-04-23T01:00:02.946+0000] {processor.py:153} INFO - Started process (PID=247) to work on /opt/airflow/dags/new_day.py
[2023-04-23T01:00:02.962+0000] {processor.py:743} INFO - Processing file /opt/airflow/dags/new_day.py for tasks to queue
[2023-04-23T01:00:02.964+0000] {logging_mixin.py:137} INFO - [2023-04-23T01:00:02.964+0000] {dagbag.py:532} INFO - Filling up the DagBag from /opt/airflow/dags/new_day.py
[2023-04-23T01:00:02.987+0000] {processor.py:753} INFO - DAG(s) dict_keys(['new_dag']) retrieved from /opt/airflow/dags/new_day.py
[2023-04-23T01:00:03.017+0000] {logging_mixin.py:137} INFO - [2023-04-23T01:00:03.016+0000] {dag.py:2705} INFO - Sync 1 DAGs
[2023-04-23T01:00:03.051+0000] {logging_mixin.py:137} INFO - [2023-04-23T01:00:03.051+0000] {dag.py:3456} INFO - Setting next_dagrun for new_dag to 2023-03-01T00:00:00+00:00, run_after=2023-03-02T00:00:00+00:00
[2023-04-23T01:00:03.072+0000] {processor.py:175} INFO - Processing /opt/airflow/dags/new_day.py took 0.135 seconds
[2023-04-23T01:00:33.282+0000] {processor.py:153} INFO - Started process (PID=257) to work on /opt/airflow/dags/new_day.py
[2023-04-23T01:00:33.284+0000] {processor.py:743} INFO - Processing file /opt/airflow/dags/new_day.py for tasks to queue
[2023-04-23T01:00:33.285+0000] {logging_mixin.py:137} INFO - [2023-04-23T01:00:33.285+0000] {dagbag.py:532} INFO - Filling up the DagBag from /opt/airflow/dags/new_day.py
[2023-04-23T01:00:33.304+0000] {processor.py:753} INFO - DAG(s) dict_keys(['new_dag']) retrieved from /opt/airflow/dags/new_day.py
[2023-04-23T01:00:33.327+0000] {logging_mixin.py:137} INFO - [2023-04-23T01:00:33.326+0000] {dag.py:2705} INFO - Sync 1 DAGs
[2023-04-23T01:00:33.355+0000] {logging_mixin.py:137} INFO - [2023-04-23T01:00:33.355+0000] {dag.py:3456} INFO - Setting next_dagrun for new_dag to 2023-03-01T00:00:00+00:00, run_after=2023-03-02T00:00:00+00:00
[2023-04-23T01:00:33.378+0000] {processor.py:175} INFO - Processing /opt/airflow/dags/new_day.py took 0.105 seconds
[2023-04-23T01:01:03.687+0000] {processor.py:153} INFO - Started process (PID=267) to work on /opt/airflow/dags/new_day.py
[2023-04-23T01:01:03.730+0000] {processor.py:743} INFO - Processing file /opt/airflow/dags/new_day.py for tasks to queue
[2023-04-23T01:01:03.733+0000] {logging_mixin.py:137} INFO - [2023-04-23T01:01:03.733+0000] {dagbag.py:532} INFO - Filling up the DagBag from /opt/airflow/dags/new_day.py
[2023-04-23T01:01:03.773+0000] {processor.py:753} INFO - DAG(s) dict_keys(['new_dag']) retrieved from /opt/airflow/dags/new_day.py
[2023-04-23T01:01:03.799+0000] {logging_mixin.py:137} INFO - [2023-04-23T01:01:03.799+0000] {dag.py:2705} INFO - Sync 1 DAGs
[2023-04-23T01:01:03.829+0000] {logging_mixin.py:137} INFO - [2023-04-23T01:01:03.828+0000] {dag.py:3456} INFO - Setting next_dagrun for new_dag to 2023-03-01T00:00:00+00:00, run_after=2023-03-02T00:00:00+00:00
[2023-04-23T01:01:03.849+0000] {processor.py:175} INFO - Processing /opt/airflow/dags/new_day.py took 0.172 seconds
[2023-04-23T01:01:34.025+0000] {processor.py:153} INFO - Started process (PID=276) to work on /opt/airflow/dags/new_day.py
[2023-04-23T01:01:34.026+0000] {processor.py:743} INFO - Processing file /opt/airflow/dags/new_day.py for tasks to queue
[2023-04-23T01:01:34.028+0000] {logging_mixin.py:137} INFO - [2023-04-23T01:01:34.028+0000] {dagbag.py:532} INFO - Filling up the DagBag from /opt/airflow/dags/new_day.py
[2023-04-23T01:01:34.046+0000] {processor.py:753} INFO - DAG(s) dict_keys(['new_dag']) retrieved from /opt/airflow/dags/new_day.py
[2023-04-23T01:01:34.073+0000] {logging_mixin.py:137} INFO - [2023-04-23T01:01:34.073+0000] {dag.py:2705} INFO - Sync 1 DAGs
[2023-04-23T01:01:34.105+0000] {logging_mixin.py:137} INFO - [2023-04-23T01:01:34.104+0000] {dag.py:3456} INFO - Setting next_dagrun for new_dag to 2023-03-01T00:00:00+00:00, run_after=2023-03-02T00:00:00+00:00
[2023-04-23T01:01:34.126+0000] {processor.py:175} INFO - Processing /opt/airflow/dags/new_day.py took 0.108 seconds
[2023-04-23T01:02:04.377+0000] {processor.py:153} INFO - Started process (PID=285) to work on /opt/airflow/dags/new_day.py
[2023-04-23T01:02:04.379+0000] {processor.py:743} INFO - Processing file /opt/airflow/dags/new_day.py for tasks to queue
[2023-04-23T01:02:04.380+0000] {logging_mixin.py:137} INFO - [2023-04-23T01:02:04.380+0000] {dagbag.py:532} INFO - Filling up the DagBag from /opt/airflow/dags/new_day.py
[2023-04-23T01:02:04.394+0000] {processor.py:753} INFO - DAG(s) dict_keys(['new_dag']) retrieved from /opt/airflow/dags/new_day.py
[2023-04-23T01:02:04.418+0000] {logging_mixin.py:137} INFO - [2023-04-23T01:02:04.418+0000] {dag.py:2705} INFO - Sync 1 DAGs
[2023-04-23T01:02:04.448+0000] {logging_mixin.py:137} INFO - [2023-04-23T01:02:04.448+0000] {dag.py:3456} INFO - Setting next_dagrun for new_dag to 2023-03-01T00:00:00+00:00, run_after=2023-03-02T00:00:00+00:00
[2023-04-23T01:02:04.470+0000] {processor.py:175} INFO - Processing /opt/airflow/dags/new_day.py took 0.096 seconds
[2023-04-23T01:02:34.807+0000] {processor.py:153} INFO - Started process (PID=298) to work on /opt/airflow/dags/new_day.py
[2023-04-23T01:02:34.808+0000] {processor.py:743} INFO - Processing file /opt/airflow/dags/new_day.py for tasks to queue
[2023-04-23T01:02:34.808+0000] {logging_mixin.py:137} INFO - [2023-04-23T01:02:34.808+0000] {dagbag.py:532} INFO - Filling up the DagBag from /opt/airflow/dags/new_day.py
[2023-04-23T01:02:34.821+0000] {processor.py:753} INFO - DAG(s) dict_keys(['new_dag']) retrieved from /opt/airflow/dags/new_day.py
[2023-04-23T01:02:34.854+0000] {logging_mixin.py:137} INFO - [2023-04-23T01:02:34.854+0000] {dag.py:2705} INFO - Sync 1 DAGs
[2023-04-23T01:02:34.895+0000] {logging_mixin.py:137} INFO - [2023-04-23T01:02:34.895+0000] {dag.py:3456} INFO - Setting next_dagrun for new_dag to 2023-03-01T00:00:00+00:00, run_after=2023-03-02T00:00:00+00:00
[2023-04-23T01:02:34.920+0000] {processor.py:175} INFO - Processing /opt/airflow/dags/new_day.py took 0.117 seconds
[2023-04-23T01:03:05.336+0000] {processor.py:153} INFO - Started process (PID=310) to work on /opt/airflow/dags/new_day.py
[2023-04-23T01:03:05.360+0000] {processor.py:743} INFO - Processing file /opt/airflow/dags/new_day.py for tasks to queue
[2023-04-23T01:03:05.364+0000] {logging_mixin.py:137} INFO - [2023-04-23T01:03:05.363+0000] {dagbag.py:532} INFO - Filling up the DagBag from /opt/airflow/dags/new_day.py
[2023-04-23T01:03:05.394+0000] {processor.py:753} INFO - DAG(s) dict_keys(['new_dag']) retrieved from /opt/airflow/dags/new_day.py
[2023-04-23T01:03:05.420+0000] {logging_mixin.py:137} INFO - [2023-04-23T01:03:05.420+0000] {dag.py:2705} INFO - Sync 1 DAGs
[2023-04-23T01:03:05.448+0000] {logging_mixin.py:137} INFO - [2023-04-23T01:03:05.448+0000] {dag.py:3456} INFO - Setting next_dagrun for new_dag to 2023-03-01T00:00:00+00:00, run_after=2023-03-02T00:00:00+00:00
[2023-04-23T01:03:05.470+0000] {processor.py:175} INFO - Processing /opt/airflow/dags/new_day.py took 0.158 seconds
[2023-04-23T01:03:35.655+0000] {processor.py:153} INFO - Started process (PID=320) to work on /opt/airflow/dags/new_day.py
[2023-04-23T01:03:35.656+0000] {processor.py:743} INFO - Processing file /opt/airflow/dags/new_day.py for tasks to queue
[2023-04-23T01:03:35.657+0000] {logging_mixin.py:137} INFO - [2023-04-23T01:03:35.657+0000] {dagbag.py:532} INFO - Filling up the DagBag from /opt/airflow/dags/new_day.py
[2023-04-23T01:03:35.677+0000] {processor.py:753} INFO - DAG(s) dict_keys(['new_dag']) retrieved from /opt/airflow/dags/new_day.py
[2023-04-23T01:03:35.706+0000] {logging_mixin.py:137} INFO - [2023-04-23T01:03:35.705+0000] {dag.py:2705} INFO - Sync 1 DAGs
[2023-04-23T01:03:35.735+0000] {logging_mixin.py:137} INFO - [2023-04-23T01:03:35.735+0000] {dag.py:3456} INFO - Setting next_dagrun for new_dag to 2023-03-01T00:00:00+00:00, run_after=2023-03-02T00:00:00+00:00
[2023-04-23T01:03:35.753+0000] {processor.py:175} INFO - Processing /opt/airflow/dags/new_day.py took 0.104 seconds
[2023-04-23T01:04:06.004+0000] {processor.py:153} INFO - Started process (PID=329) to work on /opt/airflow/dags/new_day.py
[2023-04-23T01:04:06.006+0000] {processor.py:743} INFO - Processing file /opt/airflow/dags/new_day.py for tasks to queue
[2023-04-23T01:04:06.007+0000] {logging_mixin.py:137} INFO - [2023-04-23T01:04:06.007+0000] {dagbag.py:532} INFO - Filling up the DagBag from /opt/airflow/dags/new_day.py
[2023-04-23T01:04:06.030+0000] {processor.py:753} INFO - DAG(s) dict_keys(['new_dag']) retrieved from /opt/airflow/dags/new_day.py
[2023-04-23T01:04:06.057+0000] {logging_mixin.py:137} INFO - [2023-04-23T01:04:06.057+0000] {dag.py:2705} INFO - Sync 1 DAGs
[2023-04-23T01:04:06.086+0000] {logging_mixin.py:137} INFO - [2023-04-23T01:04:06.086+0000] {dag.py:3456} INFO - Setting next_dagrun for new_dag to 2023-03-01T00:00:00+00:00, run_after=2023-03-02T00:00:00+00:00
[2023-04-23T01:04:06.108+0000] {processor.py:175} INFO - Processing /opt/airflow/dags/new_day.py took 0.108 seconds
[2023-04-23T01:04:36.320+0000] {processor.py:153} INFO - Started process (PID=337) to work on /opt/airflow/dags/new_day.py
[2023-04-23T01:04:36.320+0000] {processor.py:743} INFO - Processing file /opt/airflow/dags/new_day.py for tasks to queue
[2023-04-23T01:04:36.321+0000] {logging_mixin.py:137} INFO - [2023-04-23T01:04:36.321+0000] {dagbag.py:532} INFO - Filling up the DagBag from /opt/airflow/dags/new_day.py
[2023-04-23T01:04:36.338+0000] {processor.py:753} INFO - DAG(s) dict_keys(['new_dag']) retrieved from /opt/airflow/dags/new_day.py
[2023-04-23T01:04:36.364+0000] {logging_mixin.py:137} INFO - [2023-04-23T01:04:36.364+0000] {dag.py:2705} INFO - Sync 1 DAGs
[2023-04-23T01:04:36.391+0000] {logging_mixin.py:137} INFO - [2023-04-23T01:04:36.391+0000] {dag.py:3456} INFO - Setting next_dagrun for new_dag to 2023-03-01T00:00:00+00:00, run_after=2023-03-02T00:00:00+00:00
[2023-04-23T01:04:36.409+0000] {processor.py:175} INFO - Processing /opt/airflow/dags/new_day.py took 0.092 seconds
[2023-04-23T01:05:06.740+0000] {processor.py:153} INFO - Started process (PID=347) to work on /opt/airflow/dags/new_day.py
[2023-04-23T01:05:06.743+0000] {processor.py:743} INFO - Processing file /opt/airflow/dags/new_day.py for tasks to queue
[2023-04-23T01:05:06.745+0000] {logging_mixin.py:137} INFO - [2023-04-23T01:05:06.744+0000] {dagbag.py:532} INFO - Filling up the DagBag from /opt/airflow/dags/new_day.py
[2023-04-23T01:05:06.768+0000] {processor.py:753} INFO - DAG(s) dict_keys(['new_dag']) retrieved from /opt/airflow/dags/new_day.py
[2023-04-23T01:05:06.799+0000] {logging_mixin.py:137} INFO - [2023-04-23T01:05:06.799+0000] {dag.py:2705} INFO - Sync 1 DAGs
[2023-04-23T01:05:06.850+0000] {logging_mixin.py:137} INFO - [2023-04-23T01:05:06.849+0000] {dag.py:3456} INFO - Setting next_dagrun for new_dag to 2023-03-01T00:00:00+00:00, run_after=2023-03-02T00:00:00+00:00
[2023-04-23T01:05:06.873+0000] {processor.py:175} INFO - Processing /opt/airflow/dags/new_day.py took 0.142 seconds
[2023-04-23T01:05:37.262+0000] {processor.py:153} INFO - Started process (PID=357) to work on /opt/airflow/dags/new_day.py
[2023-04-23T01:05:37.263+0000] {processor.py:743} INFO - Processing file /opt/airflow/dags/new_day.py for tasks to queue
[2023-04-23T01:05:37.264+0000] {logging_mixin.py:137} INFO - [2023-04-23T01:05:37.263+0000] {dagbag.py:532} INFO - Filling up the DagBag from /opt/airflow/dags/new_day.py
[2023-04-23T01:05:37.280+0000] {processor.py:753} INFO - DAG(s) dict_keys(['new_dag']) retrieved from /opt/airflow/dags/new_day.py
[2023-04-23T01:05:37.302+0000] {logging_mixin.py:137} INFO - [2023-04-23T01:05:37.302+0000] {dag.py:2705} INFO - Sync 1 DAGs
[2023-04-23T01:05:37.333+0000] {logging_mixin.py:137} INFO - [2023-04-23T01:05:37.333+0000] {dag.py:3456} INFO - Setting next_dagrun for new_dag to 2023-03-01T00:00:00+00:00, run_after=2023-03-02T00:00:00+00:00
[2023-04-23T01:05:37.354+0000] {processor.py:175} INFO - Processing /opt/airflow/dags/new_day.py took 0.100 seconds
[2023-04-23T01:06:07.678+0000] {processor.py:153} INFO - Started process (PID=367) to work on /opt/airflow/dags/new_day.py
[2023-04-23T01:06:07.705+0000] {processor.py:743} INFO - Processing file /opt/airflow/dags/new_day.py for tasks to queue
[2023-04-23T01:06:07.708+0000] {logging_mixin.py:137} INFO - [2023-04-23T01:06:07.708+0000] {dagbag.py:532} INFO - Filling up the DagBag from /opt/airflow/dags/new_day.py
[2023-04-23T01:06:07.750+0000] {processor.py:753} INFO - DAG(s) dict_keys(['new_dag']) retrieved from /opt/airflow/dags/new_day.py
[2023-04-23T01:06:07.776+0000] {logging_mixin.py:137} INFO - [2023-04-23T01:06:07.776+0000] {dag.py:2705} INFO - Sync 1 DAGs
[2023-04-23T01:06:07.803+0000] {logging_mixin.py:137} INFO - [2023-04-23T01:06:07.803+0000] {dag.py:3456} INFO - Setting next_dagrun for new_dag to 2023-03-01T00:00:00+00:00, run_after=2023-03-02T00:00:00+00:00
[2023-04-23T01:06:07.821+0000] {processor.py:175} INFO - Processing /opt/airflow/dags/new_day.py took 0.159 seconds
[2023-04-23T01:06:38.042+0000] {processor.py:153} INFO - Started process (PID=377) to work on /opt/airflow/dags/new_day.py
[2023-04-23T01:06:38.043+0000] {processor.py:743} INFO - Processing file /opt/airflow/dags/new_day.py for tasks to queue
[2023-04-23T01:06:38.044+0000] {logging_mixin.py:137} INFO - [2023-04-23T01:06:38.044+0000] {dagbag.py:532} INFO - Filling up the DagBag from /opt/airflow/dags/new_day.py
[2023-04-23T01:06:38.061+0000] {processor.py:753} INFO - DAG(s) dict_keys(['new_dag']) retrieved from /opt/airflow/dags/new_day.py
[2023-04-23T01:06:38.084+0000] {logging_mixin.py:137} INFO - [2023-04-23T01:06:38.084+0000] {dag.py:2705} INFO - Sync 1 DAGs
[2023-04-23T01:06:38.111+0000] {logging_mixin.py:137} INFO - [2023-04-23T01:06:38.111+0000] {dag.py:3456} INFO - Setting next_dagrun for new_dag to 2023-03-01T00:00:00+00:00, run_after=2023-03-02T00:00:00+00:00
[2023-04-23T01:06:38.131+0000] {processor.py:175} INFO - Processing /opt/airflow/dags/new_day.py took 0.095 seconds
[2023-04-23T01:07:08.418+0000] {processor.py:153} INFO - Started process (PID=385) to work on /opt/airflow/dags/new_day.py
[2023-04-23T01:07:08.463+0000] {processor.py:743} INFO - Processing file /opt/airflow/dags/new_day.py for tasks to queue
[2023-04-23T01:07:08.465+0000] {logging_mixin.py:137} INFO - [2023-04-23T01:07:08.464+0000] {dagbag.py:532} INFO - Filling up the DagBag from /opt/airflow/dags/new_day.py
[2023-04-23T01:07:08.490+0000] {processor.py:753} INFO - DAG(s) dict_keys(['new_dag']) retrieved from /opt/airflow/dags/new_day.py
[2023-04-23T01:07:08.531+0000] {logging_mixin.py:137} INFO - [2023-04-23T01:07:08.530+0000] {dag.py:2705} INFO - Sync 1 DAGs
[2023-04-23T01:07:08.585+0000] {logging_mixin.py:137} INFO - [2023-04-23T01:07:08.584+0000] {dag.py:3456} INFO - Setting next_dagrun for new_dag to 2023-03-01T00:00:00+00:00, run_after=2023-03-02T00:00:00+00:00
[2023-04-23T01:07:08.616+0000] {processor.py:175} INFO - Processing /opt/airflow/dags/new_day.py took 0.204 seconds
[2023-04-23T01:07:38.753+0000] {processor.py:153} INFO - Started process (PID=396) to work on /opt/airflow/dags/new_day.py
[2023-04-23T01:07:38.754+0000] {processor.py:743} INFO - Processing file /opt/airflow/dags/new_day.py for tasks to queue
[2023-04-23T01:07:38.755+0000] {logging_mixin.py:137} INFO - [2023-04-23T01:07:38.755+0000] {dagbag.py:532} INFO - Filling up the DagBag from /opt/airflow/dags/new_day.py
[2023-04-23T01:07:38.780+0000] {processor.py:753} INFO - DAG(s) dict_keys(['new_dag']) retrieved from /opt/airflow/dags/new_day.py
[2023-04-23T01:07:38.821+0000] {logging_mixin.py:137} INFO - [2023-04-23T01:07:38.821+0000] {dag.py:2705} INFO - Sync 1 DAGs
[2023-04-23T01:07:38.875+0000] {logging_mixin.py:137} INFO - [2023-04-23T01:07:38.873+0000] {dag.py:3456} INFO - Setting next_dagrun for new_dag to 2023-03-01T00:00:00+00:00, run_after=2023-03-02T00:00:00+00:00
[2023-04-23T01:07:38.910+0000] {processor.py:175} INFO - Processing /opt/airflow/dags/new_day.py took 0.162 seconds
[2023-04-23T01:08:09.202+0000] {processor.py:153} INFO - Started process (PID=405) to work on /opt/airflow/dags/new_day.py
[2023-04-23T01:08:09.205+0000] {processor.py:743} INFO - Processing file /opt/airflow/dags/new_day.py for tasks to queue
[2023-04-23T01:08:09.206+0000] {logging_mixin.py:137} INFO - [2023-04-23T01:08:09.205+0000] {dagbag.py:532} INFO - Filling up the DagBag from /opt/airflow/dags/new_day.py
[2023-04-23T01:08:09.225+0000] {processor.py:753} INFO - DAG(s) dict_keys(['new_dag']) retrieved from /opt/airflow/dags/new_day.py
[2023-04-23T01:08:09.251+0000] {logging_mixin.py:137} INFO - [2023-04-23T01:08:09.251+0000] {dag.py:2705} INFO - Sync 1 DAGs
[2023-04-23T01:08:09.278+0000] {logging_mixin.py:137} INFO - [2023-04-23T01:08:09.278+0000] {dag.py:3456} INFO - Setting next_dagrun for new_dag to 2023-03-01T00:00:00+00:00, run_after=2023-03-02T00:00:00+00:00
[2023-04-23T01:08:09.297+0000] {processor.py:175} INFO - Processing /opt/airflow/dags/new_day.py took 0.104 seconds
[2023-04-23T01:08:39.622+0000] {processor.py:153} INFO - Started process (PID=418) to work on /opt/airflow/dags/new_day.py
[2023-04-23T01:08:39.623+0000] {processor.py:743} INFO - Processing file /opt/airflow/dags/new_day.py for tasks to queue
[2023-04-23T01:08:39.624+0000] {logging_mixin.py:137} INFO - [2023-04-23T01:08:39.624+0000] {dagbag.py:532} INFO - Filling up the DagBag from /opt/airflow/dags/new_day.py
[2023-04-23T01:08:39.641+0000] {processor.py:753} INFO - DAG(s) dict_keys(['new_dag']) retrieved from /opt/airflow/dags/new_day.py
[2023-04-23T01:08:39.665+0000] {logging_mixin.py:137} INFO - [2023-04-23T01:08:39.665+0000] {dag.py:2705} INFO - Sync 1 DAGs
[2023-04-23T01:08:39.692+0000] {logging_mixin.py:137} INFO - [2023-04-23T01:08:39.692+0000] {dag.py:3456} INFO - Setting next_dagrun for new_dag to 2023-03-01T00:00:00+00:00, run_after=2023-03-02T00:00:00+00:00
[2023-04-23T01:08:39.710+0000] {processor.py:175} INFO - Processing /opt/airflow/dags/new_day.py took 0.095 seconds
[2023-04-23T01:09:09.999+0000] {processor.py:153} INFO - Started process (PID=427) to work on /opt/airflow/dags/new_day.py
[2023-04-23T01:09:10.015+0000] {processor.py:743} INFO - Processing file /opt/airflow/dags/new_day.py for tasks to queue
[2023-04-23T01:09:10.018+0000] {logging_mixin.py:137} INFO - [2023-04-23T01:09:10.017+0000] {dagbag.py:532} INFO - Filling up the DagBag from /opt/airflow/dags/new_day.py
[2023-04-23T01:09:10.049+0000] {processor.py:753} INFO - DAG(s) dict_keys(['new_dag']) retrieved from /opt/airflow/dags/new_day.py
[2023-04-23T01:09:10.075+0000] {logging_mixin.py:137} INFO - [2023-04-23T01:09:10.075+0000] {dag.py:2705} INFO - Sync 1 DAGs
[2023-04-23T01:09:10.105+0000] {logging_mixin.py:137} INFO - [2023-04-23T01:09:10.104+0000] {dag.py:3456} INFO - Setting next_dagrun for new_dag to 2023-03-01T00:00:00+00:00, run_after=2023-03-02T00:00:00+00:00
[2023-04-23T01:09:10.124+0000] {processor.py:175} INFO - Processing /opt/airflow/dags/new_day.py took 0.138 seconds
[2023-04-23T01:09:40.314+0000] {processor.py:153} INFO - Started process (PID=436) to work on /opt/airflow/dags/new_day.py
[2023-04-23T01:09:40.315+0000] {processor.py:743} INFO - Processing file /opt/airflow/dags/new_day.py for tasks to queue
[2023-04-23T01:09:40.317+0000] {logging_mixin.py:137} INFO - [2023-04-23T01:09:40.317+0000] {dagbag.py:532} INFO - Filling up the DagBag from /opt/airflow/dags/new_day.py
[2023-04-23T01:09:40.356+0000] {processor.py:753} INFO - DAG(s) dict_keys(['new_dag']) retrieved from /opt/airflow/dags/new_day.py
[2023-04-23T01:09:40.384+0000] {logging_mixin.py:137} INFO - [2023-04-23T01:09:40.384+0000] {dag.py:2705} INFO - Sync 1 DAGs
[2023-04-23T01:09:40.415+0000] {logging_mixin.py:137} INFO - [2023-04-23T01:09:40.415+0000] {dag.py:3456} INFO - Setting next_dagrun for new_dag to 2023-03-01T00:00:00+00:00, run_after=2023-03-02T00:00:00+00:00
[2023-04-23T01:09:40.435+0000] {processor.py:175} INFO - Processing /opt/airflow/dags/new_day.py took 0.128 seconds
[2023-04-23T01:10:10.688+0000] {processor.py:153} INFO - Started process (PID=445) to work on /opt/airflow/dags/new_day.py
[2023-04-23T01:10:10.691+0000] {processor.py:743} INFO - Processing file /opt/airflow/dags/new_day.py for tasks to queue
[2023-04-23T01:10:10.694+0000] {logging_mixin.py:137} INFO - [2023-04-23T01:10:10.693+0000] {dagbag.py:532} INFO - Filling up the DagBag from /opt/airflow/dags/new_day.py
[2023-04-23T01:10:10.720+0000] {processor.py:753} INFO - DAG(s) dict_keys(['new_dag']) retrieved from /opt/airflow/dags/new_day.py
[2023-04-23T01:10:10.743+0000] {logging_mixin.py:137} INFO - [2023-04-23T01:10:10.743+0000] {dag.py:2705} INFO - Sync 1 DAGs
[2023-04-23T01:10:10.770+0000] {logging_mixin.py:137} INFO - [2023-04-23T01:10:10.770+0000] {dag.py:3456} INFO - Setting next_dagrun for new_dag to 2023-03-01T00:00:00+00:00, run_after=2023-03-02T00:00:00+00:00
[2023-04-23T01:10:10.796+0000] {processor.py:175} INFO - Processing /opt/airflow/dags/new_day.py took 0.118 seconds
[2023-04-23T01:10:41.149+0000] {processor.py:153} INFO - Started process (PID=457) to work on /opt/airflow/dags/new_day.py
[2023-04-23T01:10:41.184+0000] {processor.py:743} INFO - Processing file /opt/airflow/dags/new_day.py for tasks to queue
[2023-04-23T01:10:41.185+0000] {logging_mixin.py:137} INFO - [2023-04-23T01:10:41.185+0000] {dagbag.py:532} INFO - Filling up the DagBag from /opt/airflow/dags/new_day.py
[2023-04-23T01:10:41.206+0000] {processor.py:753} INFO - DAG(s) dict_keys(['new_dag']) retrieved from /opt/airflow/dags/new_day.py
[2023-04-23T01:10:41.242+0000] {logging_mixin.py:137} INFO - [2023-04-23T01:10:41.242+0000] {dag.py:2705} INFO - Sync 1 DAGs
[2023-04-23T01:10:41.290+0000] {logging_mixin.py:137} INFO - [2023-04-23T01:10:41.290+0000] {dag.py:3456} INFO - Setting next_dagrun for new_dag to 2023-03-01T00:00:00+00:00, run_after=2023-03-02T00:00:00+00:00
[2023-04-23T01:10:41.317+0000] {processor.py:175} INFO - Processing /opt/airflow/dags/new_day.py took 0.172 seconds
[2023-04-23T01:11:11.626+0000] {processor.py:153} INFO - Started process (PID=468) to work on /opt/airflow/dags/new_day.py
[2023-04-23T01:11:11.628+0000] {processor.py:743} INFO - Processing file /opt/airflow/dags/new_day.py for tasks to queue
[2023-04-23T01:11:11.630+0000] {logging_mixin.py:137} INFO - [2023-04-23T01:11:11.630+0000] {dagbag.py:532} INFO - Filling up the DagBag from /opt/airflow/dags/new_day.py
[2023-04-23T01:11:11.656+0000] {processor.py:753} INFO - DAG(s) dict_keys(['new_dag']) retrieved from /opt/airflow/dags/new_day.py
[2023-04-23T01:11:11.683+0000] {logging_mixin.py:137} INFO - [2023-04-23T01:11:11.683+0000] {dag.py:2705} INFO - Sync 1 DAGs
[2023-04-23T01:11:11.726+0000] {logging_mixin.py:137} INFO - [2023-04-23T01:11:11.725+0000] {dag.py:3456} INFO - Setting next_dagrun for new_dag to 2023-03-01T00:00:00+00:00, run_after=2023-03-02T00:00:00+00:00
[2023-04-23T01:11:11.753+0000] {processor.py:175} INFO - Processing /opt/airflow/dags/new_day.py took 0.145 seconds
[2023-04-23T01:11:41.893+0000] {processor.py:153} INFO - Started process (PID=477) to work on /opt/airflow/dags/new_day.py
[2023-04-23T01:11:41.944+0000] {processor.py:743} INFO - Processing file /opt/airflow/dags/new_day.py for tasks to queue
[2023-04-23T01:11:41.947+0000] {logging_mixin.py:137} INFO - [2023-04-23T01:11:41.946+0000] {dagbag.py:532} INFO - Filling up the DagBag from /opt/airflow/dags/new_day.py
[2023-04-23T01:11:42.011+0000] {processor.py:753} INFO - DAG(s) dict_keys(['new_dag']) retrieved from /opt/airflow/dags/new_day.py
[2023-04-23T01:11:42.052+0000] {logging_mixin.py:137} INFO - [2023-04-23T01:11:42.052+0000] {dag.py:2705} INFO - Sync 1 DAGs
[2023-04-23T01:11:42.093+0000] {logging_mixin.py:137} INFO - [2023-04-23T01:11:42.093+0000] {dag.py:3456} INFO - Setting next_dagrun for new_dag to 2023-03-01T00:00:00+00:00, run_after=2023-03-02T00:00:00+00:00
[2023-04-23T01:11:42.118+0000] {processor.py:175} INFO - Processing /opt/airflow/dags/new_day.py took 0.231 seconds
[2023-04-23T01:12:12.267+0000] {processor.py:153} INFO - Started process (PID=486) to work on /opt/airflow/dags/new_day.py
[2023-04-23T01:12:12.268+0000] {processor.py:743} INFO - Processing file /opt/airflow/dags/new_day.py for tasks to queue
[2023-04-23T01:12:12.268+0000] {logging_mixin.py:137} INFO - [2023-04-23T01:12:12.268+0000] {dagbag.py:532} INFO - Filling up the DagBag from /opt/airflow/dags/new_day.py
[2023-04-23T01:12:12.281+0000] {processor.py:753} INFO - DAG(s) dict_keys(['new_dag']) retrieved from /opt/airflow/dags/new_day.py
[2023-04-23T01:12:12.305+0000] {logging_mixin.py:137} INFO - [2023-04-23T01:12:12.305+0000] {dag.py:2705} INFO - Sync 1 DAGs
[2023-04-23T01:12:12.336+0000] {logging_mixin.py:137} INFO - [2023-04-23T01:12:12.336+0000] {dag.py:3456} INFO - Setting next_dagrun for new_dag to 2023-03-01T00:00:00+00:00, run_after=2023-03-02T00:00:00+00:00
[2023-04-23T01:12:12.357+0000] {processor.py:175} INFO - Processing /opt/airflow/dags/new_day.py took 0.093 seconds
[2023-04-23T01:12:42.781+0000] {processor.py:153} INFO - Started process (PID=496) to work on /opt/airflow/dags/new_day.py
[2023-04-23T01:12:42.827+0000] {processor.py:743} INFO - Processing file /opt/airflow/dags/new_day.py for tasks to queue
[2023-04-23T01:12:42.828+0000] {logging_mixin.py:137} INFO - [2023-04-23T01:12:42.828+0000] {dagbag.py:532} INFO - Filling up the DagBag from /opt/airflow/dags/new_day.py
[2023-04-23T01:12:42.856+0000] {processor.py:753} INFO - DAG(s) dict_keys(['new_dag']) retrieved from /opt/airflow/dags/new_day.py
[2023-04-23T01:12:42.891+0000] {logging_mixin.py:137} INFO - [2023-04-23T01:12:42.890+0000] {dag.py:2705} INFO - Sync 1 DAGs
[2023-04-23T01:12:42.925+0000] {logging_mixin.py:137} INFO - [2023-04-23T01:12:42.925+0000] {dag.py:3456} INFO - Setting next_dagrun for new_dag to 2023-03-01T00:00:00+00:00, run_after=2023-03-02T00:00:00+00:00
[2023-04-23T01:12:42.945+0000] {processor.py:175} INFO - Processing /opt/airflow/dags/new_day.py took 0.175 seconds
[2023-04-23T01:13:13.134+0000] {processor.py:153} INFO - Started process (PID=505) to work on /opt/airflow/dags/new_day.py
[2023-04-23T01:13:13.137+0000] {processor.py:743} INFO - Processing file /opt/airflow/dags/new_day.py for tasks to queue
[2023-04-23T01:13:13.141+0000] {logging_mixin.py:137} INFO - [2023-04-23T01:13:13.141+0000] {dagbag.py:532} INFO - Filling up the DagBag from /opt/airflow/dags/new_day.py
[2023-04-23T01:13:13.203+0000] {processor.py:753} INFO - DAG(s) dict_keys(['new_dag']) retrieved from /opt/airflow/dags/new_day.py
[2023-04-23T01:13:13.241+0000] {logging_mixin.py:137} INFO - [2023-04-23T01:13:13.241+0000] {dag.py:2705} INFO - Sync 1 DAGs
[2023-04-23T01:13:13.288+0000] {logging_mixin.py:137} INFO - [2023-04-23T01:13:13.288+0000] {dag.py:3456} INFO - Setting next_dagrun for new_dag to 2023-03-01T00:00:00+00:00, run_after=2023-03-02T00:00:00+00:00
[2023-04-23T01:13:13.314+0000] {processor.py:175} INFO - Processing /opt/airflow/dags/new_day.py took 0.194 seconds
[2023-04-23T01:13:43.650+0000] {processor.py:153} INFO - Started process (PID=515) to work on /opt/airflow/dags/new_day.py
[2023-04-23T01:13:43.711+0000] {processor.py:743} INFO - Processing file /opt/airflow/dags/new_day.py for tasks to queue
[2023-04-23T01:13:43.714+0000] {logging_mixin.py:137} INFO - [2023-04-23T01:13:43.714+0000] {dagbag.py:532} INFO - Filling up the DagBag from /opt/airflow/dags/new_day.py
[2023-04-23T01:13:43.738+0000] {processor.py:753} INFO - DAG(s) dict_keys(['new_dag']) retrieved from /opt/airflow/dags/new_day.py
[2023-04-23T01:13:43.769+0000] {logging_mixin.py:137} INFO - [2023-04-23T01:13:43.769+0000] {dag.py:2705} INFO - Sync 1 DAGs
[2023-04-23T01:13:43.802+0000] {logging_mixin.py:137} INFO - [2023-04-23T01:13:43.802+0000] {dag.py:3456} INFO - Setting next_dagrun for new_dag to 2023-03-01T00:00:00+00:00, run_after=2023-03-02T00:00:00+00:00
[2023-04-23T01:13:43.824+0000] {processor.py:175} INFO - Processing /opt/airflow/dags/new_day.py took 0.180 seconds
[2023-04-23T01:14:13.981+0000] {processor.py:153} INFO - Started process (PID=524) to work on /opt/airflow/dags/new_day.py
[2023-04-23T01:14:13.981+0000] {processor.py:743} INFO - Processing file /opt/airflow/dags/new_day.py for tasks to queue
[2023-04-23T01:14:13.983+0000] {logging_mixin.py:137} INFO - [2023-04-23T01:14:13.982+0000] {dagbag.py:532} INFO - Filling up the DagBag from /opt/airflow/dags/new_day.py
[2023-04-23T01:14:13.996+0000] {processor.py:753} INFO - DAG(s) dict_keys(['new_dag']) retrieved from /opt/airflow/dags/new_day.py
[2023-04-23T01:14:14.022+0000] {logging_mixin.py:137} INFO - [2023-04-23T01:14:14.022+0000] {dag.py:2705} INFO - Sync 1 DAGs
[2023-04-23T01:14:14.058+0000] {logging_mixin.py:137} INFO - [2023-04-23T01:14:14.058+0000] {dag.py:3456} INFO - Setting next_dagrun for new_dag to 2023-03-01T00:00:00+00:00, run_after=2023-03-02T00:00:00+00:00
[2023-04-23T01:14:14.080+0000] {processor.py:175} INFO - Processing /opt/airflow/dags/new_day.py took 0.103 seconds
[2023-04-23T01:14:44.379+0000] {processor.py:153} INFO - Started process (PID=533) to work on /opt/airflow/dags/new_day.py
[2023-04-23T01:14:44.407+0000] {processor.py:743} INFO - Processing file /opt/airflow/dags/new_day.py for tasks to queue
[2023-04-23T01:14:44.408+0000] {logging_mixin.py:137} INFO - [2023-04-23T01:14:44.408+0000] {dagbag.py:532} INFO - Filling up the DagBag from /opt/airflow/dags/new_day.py
[2023-04-23T01:14:44.422+0000] {processor.py:753} INFO - DAG(s) dict_keys(['new_dag']) retrieved from /opt/airflow/dags/new_day.py
[2023-04-23T01:14:44.454+0000] {logging_mixin.py:137} INFO - [2023-04-23T01:14:44.454+0000] {dag.py:2705} INFO - Sync 1 DAGs
[2023-04-23T01:14:44.484+0000] {logging_mixin.py:137} INFO - [2023-04-23T01:14:44.483+0000] {dag.py:3456} INFO - Setting next_dagrun for new_dag to 2023-03-01T00:00:00+00:00, run_after=2023-03-02T00:00:00+00:00
[2023-04-23T01:14:44.507+0000] {processor.py:175} INFO - Processing /opt/airflow/dags/new_day.py took 0.138 seconds
[2023-04-23T01:15:14.670+0000] {processor.py:153} INFO - Started process (PID=542) to work on /opt/airflow/dags/new_day.py
[2023-04-23T01:15:14.671+0000] {processor.py:743} INFO - Processing file /opt/airflow/dags/new_day.py for tasks to queue
[2023-04-23T01:15:14.672+0000] {logging_mixin.py:137} INFO - [2023-04-23T01:15:14.672+0000] {dagbag.py:532} INFO - Filling up the DagBag from /opt/airflow/dags/new_day.py
[2023-04-23T01:15:14.688+0000] {processor.py:753} INFO - DAG(s) dict_keys(['new_dag']) retrieved from /opt/airflow/dags/new_day.py
[2023-04-23T01:15:14.711+0000] {logging_mixin.py:137} INFO - [2023-04-23T01:15:14.710+0000] {dag.py:2705} INFO - Sync 1 DAGs
[2023-04-23T01:15:14.739+0000] {logging_mixin.py:137} INFO - [2023-04-23T01:15:14.739+0000] {dag.py:3456} INFO - Setting next_dagrun for new_dag to 2023-03-01T00:00:00+00:00, run_after=2023-03-02T00:00:00+00:00
[2023-04-23T01:15:14.758+0000] {processor.py:175} INFO - Processing /opt/airflow/dags/new_day.py took 0.094 seconds
[2023-04-23T01:15:45.045+0000] {processor.py:153} INFO - Started process (PID=550) to work on /opt/airflow/dags/new_day.py
[2023-04-23T01:15:45.071+0000] {processor.py:743} INFO - Processing file /opt/airflow/dags/new_day.py for tasks to queue
[2023-04-23T01:15:45.072+0000] {logging_mixin.py:137} INFO - [2023-04-23T01:15:45.071+0000] {dagbag.py:532} INFO - Filling up the DagBag from /opt/airflow/dags/new_day.py
[2023-04-23T01:15:45.084+0000] {processor.py:753} INFO - DAG(s) dict_keys(['new_dag']) retrieved from /opt/airflow/dags/new_day.py
[2023-04-23T01:15:45.119+0000] {logging_mixin.py:137} INFO - [2023-04-23T01:15:45.119+0000] {dag.py:2705} INFO - Sync 1 DAGs
[2023-04-23T01:15:45.167+0000] {logging_mixin.py:137} INFO - [2023-04-23T01:15:45.167+0000] {dag.py:3456} INFO - Setting next_dagrun for new_dag to 2023-03-01T00:00:00+00:00, run_after=2023-03-02T00:00:00+00:00
[2023-04-23T01:15:45.193+0000] {processor.py:175} INFO - Processing /opt/airflow/dags/new_day.py took 0.160 seconds
[2023-04-23T01:16:15.328+0000] {processor.py:153} INFO - Started process (PID=567) to work on /opt/airflow/dags/new_day.py
[2023-04-23T01:16:15.329+0000] {processor.py:743} INFO - Processing file /opt/airflow/dags/new_day.py for tasks to queue
[2023-04-23T01:16:15.330+0000] {logging_mixin.py:137} INFO - [2023-04-23T01:16:15.330+0000] {dagbag.py:532} INFO - Filling up the DagBag from /opt/airflow/dags/new_day.py
[2023-04-23T01:16:15.355+0000] {processor.py:753} INFO - DAG(s) dict_keys(['new_dag']) retrieved from /opt/airflow/dags/new_day.py
[2023-04-23T01:16:15.388+0000] {logging_mixin.py:137} INFO - [2023-04-23T01:16:15.388+0000] {dag.py:2705} INFO - Sync 1 DAGs
[2023-04-23T01:16:15.416+0000] {logging_mixin.py:137} INFO - [2023-04-23T01:16:15.416+0000] {dag.py:3456} INFO - Setting next_dagrun for new_dag to 2023-03-01T00:00:00+00:00, run_after=2023-03-02T00:00:00+00:00
[2023-04-23T01:16:15.437+0000] {processor.py:175} INFO - Processing /opt/airflow/dags/new_day.py took 0.115 seconds
[2023-04-23T01:16:45.816+0000] {processor.py:153} INFO - Started process (PID=578) to work on /opt/airflow/dags/new_day.py
[2023-04-23T01:16:45.844+0000] {processor.py:743} INFO - Processing file /opt/airflow/dags/new_day.py for tasks to queue
[2023-04-23T01:16:45.845+0000] {logging_mixin.py:137} INFO - [2023-04-23T01:16:45.845+0000] {dagbag.py:532} INFO - Filling up the DagBag from /opt/airflow/dags/new_day.py
[2023-04-23T01:16:45.866+0000] {processor.py:753} INFO - DAG(s) dict_keys(['new_dag']) retrieved from /opt/airflow/dags/new_day.py
[2023-04-23T01:16:45.892+0000] {logging_mixin.py:137} INFO - [2023-04-23T01:16:45.891+0000] {dag.py:2705} INFO - Sync 1 DAGs
[2023-04-23T01:16:45.920+0000] {logging_mixin.py:137} INFO - [2023-04-23T01:16:45.919+0000] {dag.py:3456} INFO - Setting next_dagrun for new_dag to 2023-03-01T00:00:00+00:00, run_after=2023-03-02T00:00:00+00:00
[2023-04-23T01:16:45.938+0000] {processor.py:175} INFO - Processing /opt/airflow/dags/new_day.py took 0.130 seconds
[2023-04-23T01:17:16.123+0000] {processor.py:153} INFO - Started process (PID=589) to work on /opt/airflow/dags/new_day.py
[2023-04-23T01:17:16.124+0000] {processor.py:743} INFO - Processing file /opt/airflow/dags/new_day.py for tasks to queue
[2023-04-23T01:17:16.125+0000] {logging_mixin.py:137} INFO - [2023-04-23T01:17:16.125+0000] {dagbag.py:532} INFO - Filling up the DagBag from /opt/airflow/dags/new_day.py
[2023-04-23T01:17:16.140+0000] {processor.py:753} INFO - DAG(s) dict_keys(['new_dag']) retrieved from /opt/airflow/dags/new_day.py
[2023-04-23T01:17:16.170+0000] {logging_mixin.py:137} INFO - [2023-04-23T01:17:16.170+0000] {dag.py:2705} INFO - Sync 1 DAGs
[2023-04-23T01:17:16.213+0000] {logging_mixin.py:137} INFO - [2023-04-23T01:17:16.213+0000] {dag.py:3456} INFO - Setting next_dagrun for new_dag to 2023-03-01T00:00:00+00:00, run_after=2023-03-02T00:00:00+00:00
[2023-04-23T01:17:16.239+0000] {processor.py:175} INFO - Processing /opt/airflow/dags/new_day.py took 0.119 seconds
[2023-04-23T01:17:46.532+0000] {processor.py:153} INFO - Started process (PID=600) to work on /opt/airflow/dags/new_day.py
[2023-04-23T01:17:46.533+0000] {processor.py:743} INFO - Processing file /opt/airflow/dags/new_day.py for tasks to queue
[2023-04-23T01:17:46.534+0000] {logging_mixin.py:137} INFO - [2023-04-23T01:17:46.534+0000] {dagbag.py:532} INFO - Filling up the DagBag from /opt/airflow/dags/new_day.py
[2023-04-23T01:17:46.553+0000] {processor.py:753} INFO - DAG(s) dict_keys(['new_dag']) retrieved from /opt/airflow/dags/new_day.py
[2023-04-23T01:17:46.597+0000] {logging_mixin.py:137} INFO - [2023-04-23T01:17:46.597+0000] {dag.py:2705} INFO - Sync 1 DAGs
[2023-04-23T01:17:46.638+0000] {logging_mixin.py:137} INFO - [2023-04-23T01:17:46.637+0000] {dag.py:3456} INFO - Setting next_dagrun for new_dag to 2023-03-01T00:00:00+00:00, run_after=2023-03-02T00:00:00+00:00
[2023-04-23T01:17:46.658+0000] {processor.py:175} INFO - Processing /opt/airflow/dags/new_day.py took 0.129 seconds
[2023-04-23T01:18:17.134+0000] {processor.py:153} INFO - Started process (PID=613) to work on /opt/airflow/dags/new_day.py
[2023-04-23T01:18:17.230+0000] {processor.py:743} INFO - Processing file /opt/airflow/dags/new_day.py for tasks to queue
[2023-04-23T01:18:17.235+0000] {logging_mixin.py:137} INFO - [2023-04-23T01:18:17.234+0000] {dagbag.py:532} INFO - Filling up the DagBag from /opt/airflow/dags/new_day.py
[2023-04-23T01:18:17.317+0000] {processor.py:753} INFO - DAG(s) dict_keys(['new_dag']) retrieved from /opt/airflow/dags/new_day.py
[2023-04-23T01:18:17.361+0000] {logging_mixin.py:137} INFO - [2023-04-23T01:18:17.360+0000] {dag.py:2705} INFO - Sync 1 DAGs
[2023-04-23T01:18:17.410+0000] {logging_mixin.py:137} INFO - [2023-04-23T01:18:17.410+0000] {dag.py:3456} INFO - Setting next_dagrun for new_dag to 2023-03-01T00:00:00+00:00, run_after=2023-03-02T00:00:00+00:00
[2023-04-23T01:18:17.437+0000] {processor.py:175} INFO - Processing /opt/airflow/dags/new_day.py took 0.311 seconds
[2023-04-23T01:18:48.026+0000] {processor.py:153} INFO - Started process (PID=624) to work on /opt/airflow/dags/new_day.py
[2023-04-23T01:18:48.027+0000] {processor.py:743} INFO - Processing file /opt/airflow/dags/new_day.py for tasks to queue
[2023-04-23T01:18:48.028+0000] {logging_mixin.py:137} INFO - [2023-04-23T01:18:48.027+0000] {dagbag.py:532} INFO - Filling up the DagBag from /opt/airflow/dags/new_day.py
[2023-04-23T01:18:48.042+0000] {processor.py:753} INFO - DAG(s) dict_keys(['new_dag']) retrieved from /opt/airflow/dags/new_day.py
[2023-04-23T01:18:48.067+0000] {logging_mixin.py:137} INFO - [2023-04-23T01:18:48.067+0000] {dag.py:2705} INFO - Sync 1 DAGs
[2023-04-23T01:18:48.098+0000] {logging_mixin.py:137} INFO - [2023-04-23T01:18:48.098+0000] {dag.py:3456} INFO - Setting next_dagrun for new_dag to 2023-03-01T00:00:00+00:00, run_after=2023-03-02T00:00:00+00:00
[2023-04-23T01:18:48.119+0000] {processor.py:175} INFO - Processing /opt/airflow/dags/new_day.py took 0.098 seconds
[2023-04-23T01:19:18.427+0000] {processor.py:153} INFO - Started process (PID=632) to work on /opt/airflow/dags/new_day.py
[2023-04-23T01:19:18.454+0000] {processor.py:743} INFO - Processing file /opt/airflow/dags/new_day.py for tasks to queue
[2023-04-23T01:19:18.455+0000] {logging_mixin.py:137} INFO - [2023-04-23T01:19:18.455+0000] {dagbag.py:532} INFO - Filling up the DagBag from /opt/airflow/dags/new_day.py
[2023-04-23T01:19:18.471+0000] {processor.py:753} INFO - DAG(s) dict_keys(['new_dag']) retrieved from /opt/airflow/dags/new_day.py
[2023-04-23T01:19:18.510+0000] {logging_mixin.py:137} INFO - [2023-04-23T01:19:18.510+0000] {dag.py:2705} INFO - Sync 1 DAGs
[2023-04-23T01:19:18.565+0000] {logging_mixin.py:137} INFO - [2023-04-23T01:19:18.565+0000] {dag.py:3456} INFO - Setting next_dagrun for new_dag to 2023-03-01T00:00:00+00:00, run_after=2023-03-02T00:00:00+00:00
[2023-04-23T01:19:18.604+0000] {processor.py:175} INFO - Processing /opt/airflow/dags/new_day.py took 0.181 seconds
[2023-04-23T01:19:49.128+0000] {processor.py:153} INFO - Started process (PID=643) to work on /opt/airflow/dags/new_day.py
[2023-04-23T01:19:49.129+0000] {processor.py:743} INFO - Processing file /opt/airflow/dags/new_day.py for tasks to queue
[2023-04-23T01:19:49.129+0000] {logging_mixin.py:137} INFO - [2023-04-23T01:19:49.129+0000] {dagbag.py:532} INFO - Filling up the DagBag from /opt/airflow/dags/new_day.py
[2023-04-23T01:19:49.152+0000] {processor.py:753} INFO - DAG(s) dict_keys(['new_dag']) retrieved from /opt/airflow/dags/new_day.py
[2023-04-23T01:19:49.212+0000] {logging_mixin.py:137} INFO - [2023-04-23T01:19:49.212+0000] {dag.py:2705} INFO - Sync 1 DAGs
[2023-04-23T01:19:49.280+0000] {logging_mixin.py:137} INFO - [2023-04-23T01:19:49.280+0000] {dag.py:3456} INFO - Setting next_dagrun for new_dag to 2023-03-01T00:00:00+00:00, run_after=2023-03-02T00:00:00+00:00
[2023-04-23T01:19:49.319+0000] {processor.py:175} INFO - Processing /opt/airflow/dags/new_day.py took 0.196 seconds
